Parameter Count: 930114
8750
Training with 8750 image pairs
[   100,  0.0000223]     0.0006,     0.0074,    24.3903,    12h35m20s
[   200,  0.0000287]     0.0011,     0.0069,    24.8201,    12h37m25s
[   300,  0.0000351]     0.0013,     0.0064,    24.2538,    12h41m01s
[   400,  0.0000415]     0.0008,     0.0072,    24.0715,    12h43m39s
[   500,  0.0000479]     0.0008,     0.0095,    23.0759,    12h45m02s
[   600,  0.0000543]     0.0011,     0.0138,    21.0121,    13h03m51s
[   700,  0.0000607]     0.0022,     0.0203,    18.9913,    13h02m02s
[   800,  0.0000671]     0.0031,     0.0255,    17.1666,    13h14m45s
[   900,  0.0000735]     0.0050,     0.0358,    15.4731,    13h08m56s
[  1000,  0.0000799]     0.0069,     0.0533,    14.0224,    13h08m05s
[  1100,  0.0000863]     0.0084,     0.0705,    13.0280,    13h07m02s
[  1200,  0.0000927]     0.0127,     0.0953,    11.9288,    13h05m22s
[  1300,  0.0000991]     0.0166,     0.1187,    11.0897,    13h11m03s
[  1400,  0.0001055]     0.0214,     0.1484,    10.2932,    13h06m08s
[  1500,  0.0001119]     0.0197,     0.1647,     9.8913,    13h06m28s
[  1600,  0.0001183]     0.0236,     0.1895,     9.1492,    13h03m58s
[  1700,  0.0001247]     0.0247,     0.2010,     8.5000,    13h03m26s
[  1800,  0.0001311]     0.0267,     0.2089,     8.4770,    13h02m12s
[  1900,  0.0001375]     0.0284,     0.2247,     7.7332,    13h02m33s
[  2000,  0.0001439]     0.0278,     0.2186,     7.4978,    12h57m35s
[  2100,  0.0001502]     0.0277,     0.2198,     7.6013,    13h00m18s
[  2200,  0.0001566]     0.0293,     0.2247,     7.0999,    12h57m39s
[  2300,  0.0001630]     0.0288,     0.2369,     6.7961,    12h57m50s
[  2400,  0.0001694]     0.0291,     0.2455,     6.7198,    12h58m08s
[  2500,  0.0001758]     0.0339,     0.2728,     6.3222,    12h59m46s
[  2600,  0.0001822]     0.0406,     0.3055,     5.9231,    12h55m08s
[  2700,  0.0001886]     0.0522,     0.3483,     5.9106,    12h58m55s
[  2800,  0.0001950]     0.0622,     0.3992,     5.3883,    12h55m11s
[  2900,  0.0002014]     0.0741,     0.4323,     5.1187,    12h56m35s
[  3000,  0.0002078]     0.0866,     0.4425,     5.2261,    12h55m41s
[  3100,  0.0002142]     0.0905,     0.4645,     5.1581,    12h53m50s
[  3200,  0.0002206]     0.0973,     0.4769,     4.8654,    12h55m10s
[  3300,  0.0002270]     0.1169,     0.4971,     4.7427,    12h51m27s
[  3400,  0.0002334]     0.1231,     0.5328,     4.5071,    12h55m09s
[  3500,  0.0002398]     0.1342,     0.5403,     4.5938,    12h50m52s
[  3600,  0.0002462]     0.1444,     0.5422,     4.5002,    12h48m35s
[  3700,  0.0002526]     0.1458,     0.5605,     4.2923,    12h49m15s
[  3800,  0.0002590]     0.1623,     0.5825,     4.2436,    12h49m44s
[  3900,  0.0002654]     0.1823,     0.6179,     3.6920,    12h52m41s
[  4000,  0.0002718]     0.1737,     0.6136,     4.2308,    12h43m58s
[  4100,  0.0002782]     0.2045,     0.6397,     3.7073,    12h50m59s
[  4200,  0.0002846]     0.2000,     0.6366,     3.6768,    12h47m08s
[  4300,  0.0002910]     0.1888,     0.6197,     3.9600,    12h45m44s
[  4400,  0.0002973]     0.2152,     0.6786,     3.5194,    12h47m42s
[  4500,  0.0003037]     0.2345,     0.6909,     3.3164,    12h45m39s
[  4600,  0.0003101]     0.2062,     0.6517,     3.7813,    12h48m23s
[  4700,  0.0003165]     0.2127,     0.6687,     3.3958,    12h44m56s
[  4800,  0.0003229]     0.2417,     0.7114,     3.1997,    12h43m50s
[  4900,  0.0003293]     0.2294,     0.6847,     3.5454,    12h43m10s
[  5000,  0.0003357]     0.2410,     0.7075,     3.3105,    12h44m04s
[  5100,  0.0003421]     0.2548,     0.7205,     3.1575,    12h39m26s
[  5200,  0.0003485]     0.2477,     0.7113,     3.1660,    12h41m30s
[  5300,  0.0003549]     0.2633,     0.7137,     3.2791,    12h45m00s
[  5400,  0.0003613]     0.2541,     0.7081,     3.4786,    12h43m58s
[  5500,  0.0003677]     0.2632,     0.7175,     3.2388,    12h39m00s
[  5600,  0.0003741]     0.2764,     0.7333,     3.0315,    12h36m38s
[  5700,  0.0003805]     0.2602,     0.7453,     2.9952,    12h36m02s
[  5800,  0.0003869]     0.2661,     0.7294,     3.1276,    12h37m26s
[  5900,  0.0003933]     0.2614,     0.7367,     3.2430,    12h36m23s
[  6000,  0.0003997]     0.2889,     0.7597,     2.8700,    12h35m59s
[  6100,  0.0003997]     0.2975,     0.7590,     2.7971,    12h37m15s
[  6200,  0.0003993]     0.2845,     0.7647,     2.7851,    12h38m38s
[  6300,  0.0003990]     0.2714,     0.7336,     3.2011,    12h34m02s
[  6400,  0.0003986]     0.2770,     0.7467,     3.0991,    12h34m15s
[  6500,  0.0003983]     0.3044,     0.7661,     2.7990,    12h32m10s
[  6600,  0.0003979]     0.3238,     0.7846,     2.5967,    12h31m28s
[  6700,  0.0003976]     0.3397,     0.7887,     2.5879,    12h32m37s
[  6800,  0.0003972]     0.3255,     0.7903,     2.5714,    12h32m27s
[  6900,  0.0003969]     0.3359,     0.7900,     2.5524,    12h35m43s
[  7000,  0.0003965]     0.3373,     0.7814,     2.7214,    12h29m50s
[  7100,  0.0003962]     0.3303,     0.7809,     2.6522,    12h29m01s
[  7200,  0.0003958]     0.3579,     0.8190,     2.3583,    12h26m06s
[  7300,  0.0003955]     0.3669,     0.8106,     2.5249,    12h28m58s
[  7400,  0.0003951]     0.3541,     0.8055,     2.4703,    12h27m10s
[  7500,  0.0003948]     0.3422,     0.7969,     2.4948,    12h25m25s
[  7600,  0.0003944]     0.3773,     0.8170,     2.2892,    12h26m49s
[  7700,  0.0003941]     0.3680,     0.8152,     2.4199,    12h22m26s
[  7800,  0.0003937]     0.3795,     0.8205,     2.3383,    12h24m18s
[  7900,  0.0003934]     0.3680,     0.8098,     2.4123,    12h23m54s
[  8000,  0.0003930]     0.3713,     0.8173,     2.3859,    12h20m27s
[  8100,  0.0003927]     0.3781,     0.8184,     2.2359,    12h21m01s
[  8200,  0.0003923]     0.3797,     0.8194,     2.3415,    12h21m25s
[  8300,  0.0003920]     0.4065,     0.8450,     2.0511,    12h17m36s
[  8400,  0.0003916]     0.4213,     0.8434,     2.1384,    12h19m15s
[  8500,  0.0003913]     0.3998,     0.8420,     2.0632,    12h19m09s
[  8600,  0.0003909]     0.4091,     0.8364,     2.2406,    12h16m16s
[  8700,  0.0003906]     0.3839,     0.8241,     2.2916,    12h17m59s
[  8800,  0.0003902]     0.4093,     0.8340,     2.1014,    12h17m35s
[  8900,  0.0003899]     0.4281,     0.8461,     1.9839,    12h14m40s
[  9000,  0.0003895]     0.4325,     0.8547,     2.0379,    12h15m42s
[  9100,  0.0003891]     0.4294,     0.8472,     1.9795,    12h15m16s
[  9200,  0.0003888]     0.4153,     0.8466,     2.1503,    12h13m46s
[  9300,  0.0003884]     0.4003,     0.8338,     2.2234,    12h10m22s
[  9400,  0.0003881]     0.4333,     0.8459,     2.0580,    12h13m22s
[  9500,  0.0003877]     0.4534,     0.8584,     1.9737,    12h11m44s
[  9600,  0.0003874]     0.4173,     0.8522,     2.0163,    12h12m41s
[  9700,  0.0003870]     0.4288,     0.8545,     1.9911,    12h10m58s
[  9800,  0.0003867]     0.4350,     0.8545,     2.0634,    12h09m06s
[  9900,  0.0003863]     0.4532,     0.8574,     1.9532,    12h09m35s
[ 10000,  0.0003860]     0.4608,     0.8822,     1.7263,    12h08m26s
org_dataset
850
Training with 850 image pairs
Validation MACE: 1.532477
[ 10100,  0.0003856]     0.4664,     0.8723,     1.7984,    12h04m15s
[ 10200,  0.0003853]     0.4317,     0.8542,     1.9739,    12h05m15s
[ 10300,  0.0003849]     0.4520,     0.8580,     1.9682,    12h06m21s
[ 10400,  0.0003846]     0.4428,     0.8611,     1.9372,    12h06m53s
[ 10500,  0.0003842]     0.4725,     0.8717,     1.8384,    12h07m51s
[ 10600,  0.0003839]     0.4720,     0.8716,     1.7789,    12h09m27s
[ 10700,  0.0003835]     0.4781,     0.8700,     1.8650,    12h05m30s
[ 10800,  0.0003832]     0.4786,     0.8689,     1.8020,    12h03m59s
[ 10900,  0.0003828]     0.4681,     0.8794,     1.7557,    12h04m32s
[ 11000,  0.0003825]     0.4893,     0.8817,     1.7131,    12h00m25s
[ 11100,  0.0003821]     0.4920,     0.8891,     1.6963,    12h01m34s
[ 11200,  0.0003818]     0.4805,     0.8727,     1.7447,    12h01m09s
[ 11300,  0.0003814]     0.4786,     0.8781,     1.8038,    12h01m15s
[ 11400,  0.0003811]     0.4839,     0.8688,     1.8424,    12h00m59s
[ 11500,  0.0003807]     0.4893,     0.8745,     1.7812,    11h59m10s
[ 11600,  0.0003804]     0.4953,     0.8817,     1.7488,    11h57m49s
[ 11700,  0.0003800]     0.5014,     0.8955,     1.5725,    12h00m53s
[ 11800,  0.0003797]     0.4992,     0.8830,     1.7175,    11h59m38s
[ 11900,  0.0003793]     0.5041,     0.8847,     1.7410,    11h56m53s
[ 12000,  0.0003790]     0.4911,     0.8833,     1.6866,    11h53m17s
[ 12100,  0.0003786]     0.5224,     0.8854,     1.7742,    11h53m07s
[ 12200,  0.0003783]     0.5203,     0.8967,     1.5997,    11h57m31s
[ 12300,  0.0003779]     0.5252,     0.8897,     1.6030,    11h54m01s
[ 12400,  0.0003776]     0.4964,     0.8905,     1.6620,    11h56m24s
[ 12500,  0.0003772]     0.5083,     0.8919,     1.6626,    11h53m54s
[ 12600,  0.0003769]     0.5180,     0.8868,     1.6577,    11h49m52s
[ 12700,  0.0003765]     0.5188,     0.8908,     1.6014,    11h54m30s
[ 12800,  0.0003762]     0.5289,     0.9022,     1.5783,    11h53m43s
[ 12900,  0.0003758]     0.5312,     0.8948,     1.5643,    11h48m52s
[ 13000,  0.0003755]     0.5352,     0.8908,     1.5928,    11h50m00s
[ 13100,  0.0003751]     0.5266,     0.8945,     1.5626,    11h46m56s
[ 13200,  0.0003748]     0.5388,     0.8971,     1.5904,    11h47m46s
[ 13300,  0.0003744]     0.5400,     0.8903,     1.6449,    11h46m03s
[ 13400,  0.0003741]     0.5387,     0.9061,     1.4910,    11h47m40s
[ 13500,  0.0003737]     0.5398,     0.9048,     1.4570,    11h45m27s
[ 13600,  0.0003734]     0.5516,     0.9131,     1.4702,    11h44m13s
[ 13700,  0.0003730]     0.5367,     0.8929,     1.5694,    11h44m06s
[ 13800,  0.0003727]     0.5659,     0.9058,     1.4916,    11h44m17s
[ 13900,  0.0003723]     0.5541,     0.9055,     1.5015,    11h43m55s
[ 14000,  0.0003720]     0.5486,     0.9038,     1.5171,    11h45m32s
[ 14100,  0.0003716]     0.5363,     0.9042,     1.4947,    11h43m40s
[ 14200,  0.0003713]     0.5516,     0.9034,     1.4817,    11h40m28s
[ 14300,  0.0003709]     0.5724,     0.9155,     1.3892,    11h40m54s
[ 14400,  0.0003706]     0.5625,     0.9131,     1.4209,    11h39m13s
[ 14500,  0.0003702]     0.5650,     0.9156,     1.3965,    11h38m19s
[ 14600,  0.0003699]     0.5581,     0.9095,     1.4759,    11h36m25s
[ 14700,  0.0003695]     0.5467,     0.9098,     1.4424,    11h38m06s
[ 14800,  0.0003692]     0.5669,     0.9072,     1.4271,    11h38m08s
[ 14900,  0.0003688]     0.5641,     0.9080,     1.5182,    11h37m37s
[ 15000,  0.0003685]     0.5941,     0.9155,     1.3937,    11h37m14s
[ 15100,  0.0003681]     0.5641,     0.9114,     1.4383,    11h34m24s
[ 15200,  0.0003678]     0.5870,     0.9170,     1.3424,    11h32m22s
[ 15300,  0.0003674]     0.5647,     0.9128,     1.4227,    11h33m42s
[ 15400,  0.0003671]     0.5884,     0.9180,     1.3532,    11h36m43s
[ 15500,  0.0003667]     0.5752,     0.9147,     1.3795,    11h32m54s
[ 15600,  0.0003664]     0.5775,     0.9195,     1.3934,    11h33m53s
[ 15700,  0.0003660]     0.5797,     0.9173,     1.3625,    11h33m48s
[ 15800,  0.0003657]     0.5747,     0.9214,     1.3660,    11h30m18s
[ 15900,  0.0003653]     0.5771,     0.9105,     1.4071,    11h30m05s
[ 16000,  0.0003650]     0.5872,     0.9156,     1.3564,    11h30m27s
[ 16100,  0.0003646]     0.5775,     0.9137,     1.4022,    11h30m48s
[ 16200,  0.0003643]     0.5764,     0.9200,     1.3973,    11h29m01s
[ 16300,  0.0003639]     0.5733,     0.9255,     1.3507,    11h27m51s
[ 16400,  0.0003636]     0.5697,     0.9163,     1.3981,    11h25m36s
[ 16500,  0.0003632]     0.6071,     0.9263,     1.2596,    11h25m47s
[ 16600,  0.0003629]     0.5891,     0.9187,     1.3522,    11h27m32s
[ 16700,  0.0003625]     0.5822,     0.9163,     1.3674,    11h24m15s
[ 16800,  0.0003622]     0.5909,     0.9170,     1.3587,    11h22m49s
[ 16900,  0.0003618]     0.6030,     0.9256,     1.2578,    11h24m43s
[ 17000,  0.0003615]     0.6115,     0.9208,     1.3518,    11h22m02s
[ 17100,  0.0003611]     0.6036,     0.9225,     1.2756,    11h21m49s
[ 17200,  0.0003608]     0.5969,     0.9255,     1.3063,    11h22m15s
[ 17300,  0.0003604]     0.5952,     0.9248,     1.2833,    11h23m21s
[ 17400,  0.0003601]     0.5850,     0.9208,     1.3381,    11h21m34s
[ 17500,  0.0003597]     0.5966,     0.9267,     1.2495,    11h20m56s
[ 17600,  0.0003593]     0.6079,     0.9313,     1.2496,    11h20m41s
[ 17700,  0.0003590]     0.6086,     0.9292,     1.2788,    11h20m19s
[ 17800,  0.0003586]     0.5956,     0.9237,     1.2923,    11h17m44s
[ 17900,  0.0003583]     0.6095,     0.9295,     1.2458,    11h16m55s
[ 18000,  0.0003579]     0.6047,     0.9222,     1.3057,    11h19m14s
[ 18100,  0.0003576]     0.6066,     0.9259,     1.2465,    11h16m19s
[ 18200,  0.0003572]     0.6220,     0.9267,     1.2536,    11h16m41s
[ 18300,  0.0003569]     0.6030,     0.9223,     1.3169,    11h13m17s
[ 18400,  0.0003565]     0.5994,     0.9275,     1.2783,    11h12m52s
[ 18500,  0.0003562]     0.6253,     0.9269,     1.2487,    11h14m45s
[ 18600,  0.0003558]     0.5877,     0.9213,     1.3336,    11h14m19s
[ 18700,  0.0003555]     0.6255,     0.9378,     1.1722,    11h13m39s
[ 18800,  0.0003551]     0.6206,     0.9334,     1.2196,    11h10m35s
[ 18900,  0.0003548]     0.6052,     0.9248,     1.2874,    11h14m48s
[ 19000,  0.0003544]     0.6031,     0.9233,     1.2966,    11h11m56s
[ 19100,  0.0003541]     0.6356,     0.9352,     1.1827,    11h11m16s
[ 19200,  0.0003537]     0.6175,     0.9279,     1.2531,    11h11m59s
[ 19300,  0.0003534]     0.6292,     0.9322,     1.1908,    11h09m09s
[ 19400,  0.0003530]     0.6252,     0.9345,     1.1940,    11h10m18s
[ 19500,  0.0003527]     0.6209,     0.9322,     1.2367,    11h08m59s
[ 19600,  0.0003523]     0.6191,     0.9266,     1.2408,    11h07m44s
[ 19700,  0.0003520]     0.6176,     0.9249,     1.2546,    11h03m11s
[ 19800,  0.0003516]     0.6334,     0.9344,     1.2078,    11h06m48s
[ 19900,  0.0003513]     0.6391,     0.9375,     1.1756,    11h04m45s
[ 20000,  0.0003509]     0.6331,     0.9331,     1.2038,    11h05m38s
org_dataset
850
Training with 850 image pairs
Validation MACE: 1.451890
[ 20100,  0.0003506]     0.6206,     0.9325,     1.2379,    11h00m05s
[ 20200,  0.0003502]     0.6375,     0.9386,     1.1870,    11h02m13s
[ 20300,  0.0003499]     0.6363,     0.9425,     1.1354,    11h05m11s
[ 20400,  0.0003495]     0.6456,     0.9373,     1.1467,    11h02m18s
[ 20500,  0.0003492]     0.6312,     0.9347,     1.1735,    11h04m15s
[ 20600,  0.0003488]     0.6280,     0.9398,     1.1625,    11h01m49s
[ 20700,  0.0003485]     0.6419,     0.9431,     1.1292,    11h00m08s
[ 20800,  0.0003481]     0.6373,     0.9297,     1.2240,    11h01m34s
[ 20900,  0.0003478]     0.6566,     0.9431,     1.1292,    11h00m15s
[ 21000,  0.0003474]     0.6475,     0.9375,     1.1287,    11h00m02s
[ 21100,  0.0003471]     0.6352,     0.9334,     1.2125,    10h58m11s
[ 21200,  0.0003467]     0.6409,     0.9359,     1.1714,    10h58m50s
[ 21300,  0.0003464]     0.6400,     0.9447,     1.1257,    10h59m12s
[ 21400,  0.0003460]     0.6423,     0.9394,     1.1549,    10h56m43s
[ 21500,  0.0003457]     0.6480,     0.9377,     1.1380,    10h54m54s
[ 21600,  0.0003453]     0.6430,     0.9397,     1.1466,    10h51m57s
[ 21700,  0.0003450]     0.6320,     0.9342,     1.1910,    10h57m45s
[ 21800,  0.0003446]     0.6564,     0.9428,     1.0996,    10h53m39s
[ 21900,  0.0003443]     0.6437,     0.9400,     1.1595,    10h53m45s
[ 22000,  0.0003439]     0.6580,     0.9442,     1.1048,    10h52m24s
[ 22100,  0.0003436]     0.6758,     0.9498,     1.0568,    10h51m53s
[ 22200,  0.0003432]     0.6584,     0.9372,     1.1204,    10h51m34s
[ 22300,  0.0003429]     0.6461,     0.9403,     1.1322,    10h50m54s
[ 22400,  0.0003425]     0.6573,     0.9463,     1.0799,    10h49m37s
[ 22500,  0.0003422]     0.6463,     0.9349,     1.1347,    10h49m45s
[ 22600,  0.0003418]     0.6567,     0.9414,     1.1115,    10h46m47s
[ 22700,  0.0003415]     0.6495,     0.9425,     1.1218,    10h46m16s
[ 22800,  0.0003411]     0.6681,     0.9480,     1.0730,    10h48m58s
[ 22900,  0.0003408]     0.6602,     0.9416,     1.1207,    10h45m24s
[ 23000,  0.0003404]     0.6688,     0.9502,     1.0478,    10h45m36s
[ 23100,  0.0003401]     0.6722,     0.9433,     1.0988,    10h48m13s
[ 23200,  0.0003397]     0.6598,     0.9397,     1.1301,    10h44m43s
[ 23300,  0.0003394]     0.6530,     0.9445,     1.1079,    10h48m00s
[ 23400,  0.0003390]     0.6517,     0.9414,     1.1298,    10h44m27s
[ 23500,  0.0003387]     0.6736,     0.9509,     1.0572,    10h43m41s
[ 23600,  0.0003383]     0.6801,     0.9459,     1.0605,    10h39m07s
[ 23700,  0.0003380]     0.6723,     0.9498,     1.0490,    10h40m54s
[ 23800,  0.0003376]     0.6661,     0.9525,     1.0508,    10h38m03s
[ 23900,  0.0003373]     0.6666,     0.9436,     1.0828,    10h37m47s
[ 24000,  0.0003369]     0.6650,     0.9487,     1.0730,    10h38m26s
[ 24100,  0.0003366]     0.6697,     0.9493,     1.0581,    10h36m06s
[ 24200,  0.0003362]     0.6745,     0.9477,     1.0525,    10h35m08s
[ 24300,  0.0003359]     0.6763,     0.9472,     1.0485,    10h36m19s
[ 24400,  0.0003355]     0.6488,     0.9431,     1.1084,    10h36m07s
[ 24500,  0.0003352]     0.6764,     0.9480,     1.0362,    10h33m58s
[ 24600,  0.0003348]     0.6684,     0.9483,     1.0632,    10h33m29s
[ 24700,  0.0003345]     0.6698,     0.9417,     1.0892,    10h32m19s
[ 24800,  0.0003341]     0.6752,     0.9423,     1.0783,    10h33m25s
[ 24900,  0.0003338]     0.6681,     0.9469,     1.0548,    10h29m42s
[ 25000,  0.0003334]     0.6887,     0.9566,     1.0110,    10h29m29s
[ 25100,  0.0003331]     0.6611,     0.9403,     1.0835,    10h31m18s
[ 25200,  0.0003327]     0.6898,     0.9561,     0.9957,    10h28m04s
[ 25300,  0.0003324]     0.6964,     0.9561,     0.9951,    10h27m17s
[ 25400,  0.0003320]     0.6866,     0.9495,     1.0296,    10h29m05s
[ 25500,  0.0003317]     0.6928,     0.9552,     0.9998,    10h29m41s
[ 25600,  0.0003313]     0.6733,     0.9447,     1.0792,    10h24m25s
[ 25700,  0.0003310]     0.6581,     0.9525,     1.0600,    10h23m01s
[ 25800,  0.0003306]     0.6848,     0.9513,     1.0034,    10h26m57s
[ 25900,  0.0003303]     0.6864,     0.9545,     1.0133,    10h23m11s
[ 26000,  0.0003299]     0.7042,     0.9528,     0.9800,    10h23m25s
[ 26100,  0.0003296]     0.6791,     0.9467,     1.0568,    10h23m12s
[ 26200,  0.0003292]     0.6853,     0.9525,     1.0122,    10h23m51s
[ 26300,  0.0003288]     0.6866,     0.9556,     1.0005,    10h24m00s
[ 26400,  0.0003285]     0.7031,     0.9569,     0.9735,    10h20m56s
[ 26500,  0.0003281]     0.6872,     0.9525,     1.0225,    10h21m52s
[ 26600,  0.0003278]     0.6902,     0.9539,     1.0127,    10h17m23s
[ 26700,  0.0003274]     0.6822,     0.9509,     1.0361,    10h17m44s
[ 26800,  0.0003271]     0.6872,     0.9591,     0.9817,    10h16m19s
[ 26900,  0.0003267]     0.7045,     0.9601,     0.9448,    10h18m09s
[ 27000,  0.0003264]     0.7002,     0.9578,     0.9693,    10h19m21s
[ 27100,  0.0003260]     0.6841,     0.9537,     1.0049,    10h19m50s
[ 27200,  0.0003257]     0.6714,     0.9509,     1.0426,    10h15m35s
[ 27300,  0.0003253]     0.6842,     0.9537,     0.9967,    10h17m07s
[ 27400,  0.0003250]     0.7065,     0.9604,     0.9819,    10h13m49s
[ 27500,  0.0003246]     0.7023,     0.9509,     0.9990,    10h16m37s
[ 27600,  0.0003243]     0.7083,     0.9553,     0.9710,    10h13m51s
[ 27700,  0.0003239]     0.7022,     0.9563,     0.9791,    10h09m48s
[ 27800,  0.0003236]     0.6853,     0.9531,     1.0065,    10h12m05s
[ 27900,  0.0003232]     0.7004,     0.9528,     0.9965,    10h12m52s
[ 28000,  0.0003229]     0.7058,     0.9611,     0.9578,    10h07m49s
[ 28100,  0.0003225]     0.6986,     0.9511,     0.9989,    10h08m52s
[ 28200,  0.0003222]     0.7066,     0.9603,     0.9567,    10h09m39s
[ 28300,  0.0003218]     0.6944,     0.9570,     0.9773,    10h07m20s
[ 28400,  0.0003215]     0.7022,     0.9583,     0.9800,    10h06m12s
[ 28500,  0.0003211]     0.7102,     0.9603,     0.9522,    10h06m48s
[ 28600,  0.0003208]     0.7014,     0.9586,     0.9570,    10h04m47s
[ 28700,  0.0003204]     0.7136,     0.9611,     0.9375,    10h04m26s
[ 28800,  0.0003201]     0.7037,     0.9553,     0.9605,    10h02m15s
[ 28900,  0.0003197]     0.6992,     0.9584,     0.9803,    10h04m27s
[ 29000,  0.0003194]     0.6975,     0.9499,     0.9929,    10h02m14s
[ 29100,  0.0003190]     0.7233,     0.9658,     0.9082,    10h04m15s
[ 29200,  0.0003187]     0.7212,     0.9567,     0.9422,    10h00m59s
[ 29300,  0.0003183]     0.7211,     0.9648,     0.9245,    10h02m13s
[ 29400,  0.0003180]     0.6927,     0.9602,     0.9749,    10h00m47s
[ 29500,  0.0003176]     0.6987,     0.9550,     0.9708,    10h00m29s
[ 29600,  0.0003173]     0.7174,     0.9614,     0.9242,    10h00m47s
[ 29700,  0.0003169]     0.7064,     0.9539,     0.9745,    10h01m13s
[ 29800,  0.0003166]     0.7166,     0.9623,     0.9334,    09h58m05s
[ 29900,  0.0003162]     0.7177,     0.9627,     0.9299,    09h57m41s
[ 30000,  0.0003159]     0.7059,     0.9566,     0.9644,    09h57m10s
org_dataset
850
Training with 850 image pairs
Validation MACE: 1.564886
[ 30100,  0.0003155]     0.7087,     0.9608,     0.9451,    09h55m21s
[ 30200,  0.0003152]     0.7273,     0.9653,     0.9076,    09h55m47s
[ 30300,  0.0003148]     0.7302,     0.9650,     0.8968,    09h54m42s
[ 30400,  0.0003145]     0.7037,     0.9586,     0.9602,    09h52m21s
[ 30500,  0.0003141]     0.7052,     0.9591,     0.9402,    09h51m50s
[ 30600,  0.0003138]     0.7200,     0.9592,     0.9362,    09h53m56s
[ 30700,  0.0003134]     0.7412,     0.9697,     0.8802,    09h54m03s
[ 30800,  0.0003131]     0.7258,     0.9591,     0.9267,    09h51m58s
[ 30900,  0.0003127]     0.7055,     0.9595,     0.9502,    09h50m48s
[ 31000,  0.0003124]     0.7152,     0.9613,     0.9236,    09h49m42s
[ 31100,  0.0003120]     0.7369,     0.9700,     0.8663,    09h53m30s
[ 31200,  0.0003117]     0.7071,     0.9627,     0.9427,    09h46m24s
[ 31300,  0.0003113]     0.7309,     0.9608,     0.9145,    09h47m48s
[ 31400,  0.0003110]     0.7214,     0.9653,     0.9114,    09h47m09s
[ 31500,  0.0003106]     0.7316,     0.9691,     0.8961,    09h48m11s
[ 31600,  0.0003103]     0.7134,     0.9598,     0.9284,    09h47m18s
[ 31700,  0.0003099]     0.7203,     0.9602,     0.9189,    09h44m10s
[ 31800,  0.0003096]     0.7328,     0.9636,     0.8985,    09h44m20s
[ 31900,  0.0003092]     0.7422,     0.9614,     0.9148,    09h44m18s
[ 32000,  0.0003089]     0.7328,     0.9720,     0.8579,    09h44m19s
[ 32100,  0.0003085]     0.7150,     0.9614,     0.9327,    09h40m50s
[ 32200,  0.0003082]     0.7214,     0.9658,     0.8953,    09h44m03s
[ 32300,  0.0003078]     0.7329,     0.9661,     0.8881,    09h42m49s
[ 32400,  0.0003075]     0.7322,     0.9644,     0.9070,    09h41m05s
[ 32500,  0.0003071]     0.7325,     0.9661,     0.8863,    09h42m02s
[ 32600,  0.0003068]     0.7225,     0.9595,     0.9286,    09h39m12s
[ 32700,  0.0003064]     0.7347,     0.9673,     0.8689,    09h39m34s
[ 32800,  0.0003061]     0.7248,     0.9666,     0.8996,    09h37m15s
[ 32900,  0.0003057]     0.7498,     0.9693,     0.8426,    09h35m49s
[ 33000,  0.0003054]     0.7403,     0.9667,     0.8725,    09h34m59s
[ 33100,  0.0003050]     0.7339,     0.9672,     0.8772,    09h35m59s
[ 33200,  0.0003047]     0.7400,     0.9675,     0.8854,    09h33m49s
[ 33300,  0.0003043]     0.7170,     0.9656,     0.9071,    09h34m01s
[ 33400,  0.0003040]     0.7309,     0.9678,     0.8788,    09h32m08s
[ 33500,  0.0003036]     0.7288,     0.9639,     0.9058,    09h34m37s
[ 33600,  0.0003033]     0.7428,     0.9709,     0.8561,    09h30m59s
[ 33700,  0.0003029]     0.7561,     0.9667,     0.8584,    09h32m06s
[ 33800,  0.0003026]     0.7458,     0.9700,     0.8464,    09h31m37s
[ 33900,  0.0003022]     0.7311,     0.9673,     0.8826,    09h30m33s
[ 34000,  0.0003019]     0.7577,     0.9657,     0.8597,    09h28m52s
[ 34100,  0.0003015]     0.7372,     0.9698,     0.8542,    09h29m13s
[ 34200,  0.0003012]     0.7459,     0.9681,     0.8658,    09h28m54s
[ 34300,  0.0003008]     0.7519,     0.9698,     0.8430,    09h28m21s
[ 34400,  0.0003005]     0.7466,     0.9656,     0.8785,    09h26m49s
[ 34500,  0.0003001]     0.7497,     0.9694,     0.8674,    09h27m52s
[ 34600,  0.0002998]     0.7555,     0.9739,     0.8222,    09h29m31s
[ 34700,  0.0002994]     0.7495,     0.9723,     0.8366,    09h25m13s
[ 34800,  0.0002990]     0.7588,     0.9703,     0.8404,    09h25m18s
[ 34900,  0.0002987]     0.7456,     0.9667,     0.8614,    09h24m43s
[ 35000,  0.0002983]     0.7433,     0.9625,     0.8770,    09h24m39s
[ 35100,  0.0002980]     0.7480,     0.9681,     0.8530,    09h24m17s
[ 35200,  0.0002976]     0.7539,     0.9672,     0.8534,    09h21m53s
[ 35300,  0.0002973]     0.7402,     0.9709,     0.8635,    09h22m20s
[ 35400,  0.0002969]     0.7570,     0.9734,     0.8347,    09h21m39s
[ 35500,  0.0002966]     0.7430,     0.9661,     0.8604,    09h24m45s
[ 35600,  0.0002962]     0.7653,     0.9726,     0.8199,    09h18m17s
[ 35700,  0.0002959]     0.7670,     0.9683,     0.8249,    09h21m21s
[ 35800,  0.0002955]     0.7592,     0.9702,     0.8243,    09h17m52s
[ 35900,  0.0002952]     0.7577,     0.9709,     0.8319,    09h19m40s
[ 36000,  0.0002948]     0.7523,     0.9728,     0.8319,    09h16m14s
[ 36100,  0.0002945]     0.7525,     0.9678,     0.8659,    09h15m51s
[ 36200,  0.0002941]     0.7560,     0.9714,     0.8275,    09h14m47s
[ 36300,  0.0002938]     0.7694,     0.9728,     0.8220,    09h15m38s
[ 36400,  0.0002934]     0.7552,     0.9694,     0.8329,    09h13m16s
[ 36500,  0.0002931]     0.7703,     0.9750,     0.8014,    09h13m39s
[ 36600,  0.0002927]     0.7580,     0.9725,     0.8269,    09h15m56s
[ 36700,  0.0002924]     0.7658,     0.9707,     0.8217,    09h10m11s
[ 36800,  0.0002920]     0.7798,     0.9723,     0.7959,    09h10m04s
[ 36900,  0.0002917]     0.7702,     0.9745,     0.8085,    09h10m01s
[ 37000,  0.0002913]     0.7591,     0.9720,     0.8306,    09h10m10s
[ 37100,  0.0002910]     0.7633,     0.9736,     0.8214,    09h11m50s
[ 37200,  0.0002906]     0.7540,     0.9669,     0.8425,    09h07m23s
[ 37300,  0.0002903]     0.7631,     0.9683,     0.8316,    09h08m43s
[ 37400,  0.0002899]     0.7741,     0.9738,     0.7977,    09h07m10s
[ 37500,  0.0002896]     0.7689,     0.9752,     0.7888,    09h07m52s
[ 37600,  0.0002892]     0.7483,     0.9694,     0.8359,    09h03m17s
[ 37700,  0.0002889]     0.7677,     0.9727,     0.8082,    09h04m36s
[ 37800,  0.0002885]     0.7570,     0.9737,     0.8164,    09h03m18s
[ 37900,  0.0002882]     0.7766,     0.9706,     0.8010,    09h04m36s
[ 38000,  0.0002878]     0.7683,     0.9738,     0.8085,    09h05m33s
[ 38100,  0.0002875]     0.7773,     0.9709,     0.7945,    09h01m34s
[ 38200,  0.0002871]     0.7605,     0.9745,     0.8054,    09h04m17s
[ 38300,  0.0002868]     0.7722,     0.9716,     0.8129,    09h01m56s
[ 38400,  0.0002864]     0.7656,     0.9731,     0.8038,    09h00m45s
[ 38500,  0.0002861]     0.7755,     0.9762,     0.7763,    09h00m10s
[ 38600,  0.0002857]     0.7739,     0.9755,     0.7956,    08h58m20s
[ 38700,  0.0002854]     0.7769,     0.9716,     0.8059,    08h57m16s
[ 38800,  0.0002850]     0.7767,     0.9731,     0.7877,    08h58m37s
[ 38900,  0.0002847]     0.7859,     0.9772,     0.7627,    08h54m56s
[ 39000,  0.0002843]     0.7836,     0.9733,     0.7770,    08h58m55s
[ 39100,  0.0002840]     0.7728,     0.9783,     0.7887,    08h56m37s
[ 39200,  0.0002836]     0.7783,     0.9753,     0.7848,    08h54m34s
[ 39300,  0.0002833]     0.7644,     0.9730,     0.8250,    08h54m51s
[ 39400,  0.0002829]     0.7785,     0.9784,     0.7719,    08h53m42s
[ 39500,  0.0002826]     0.7959,     0.9775,     0.7598,    08h55m29s
[ 39600,  0.0002822]     0.7903,     0.9769,     0.7581,    08h54m01s
[ 39700,  0.0002819]     0.7603,     0.9675,     0.8334,    08h56m49s
[ 39800,  0.0002815]     0.7781,     0.9722,     0.7952,    08h54m27s
[ 39900,  0.0002812]     0.7722,     0.9784,     0.7844,    08h50m37s
[ 40000,  0.0002808]     0.7772,     0.9745,     0.7906,    08h49m01s
org_dataset
850
Training with 850 image pairs
Validation MACE: 1.628711
[ 40100,  0.0002805]     0.7809,     0.9711,     0.7879,    08h47m08s
[ 40200,  0.0002801]     0.7884,     0.9756,     0.7629,    08h49m41s
[ 40300,  0.0002798]     0.7880,     0.9786,     0.7472,    08h50m11s
[ 40400,  0.0002794]     0.7773,     0.9723,     0.8021,    08h49m26s
[ 40500,  0.0002791]     0.7846,     0.9772,     0.7659,    08h47m28s
[ 40600,  0.0002787]     0.7822,     0.9795,     0.7598,    08h45m46s
[ 40700,  0.0002784]     0.7828,     0.9770,     0.7723,    08h44m40s
[ 40800,  0.0002780]     0.7969,     0.9777,     0.7555,    08h45m37s
[ 40900,  0.0002777]     0.7858,     0.9792,     0.7549,    08h44m21s
[ 41000,  0.0002773]     0.7828,     0.9786,     0.7638,    08h46m56s
[ 41100,  0.0002770]     0.7736,     0.9748,     0.7908,    08h42m54s
[ 41200,  0.0002766]     0.7873,     0.9752,     0.7753,    08h43m26s
[ 41300,  0.0002763]     0.7922,     0.9767,     0.7522,    08h40m52s
[ 41400,  0.0002759]     0.7937,     0.9773,     0.7444,    08h41m13s
[ 41500,  0.0002756]     0.7913,     0.9784,     0.7471,    08h39m18s
[ 41600,  0.0002752]     0.7923,     0.9750,     0.7682,    08h40m35s
[ 41700,  0.0002749]     0.7966,     0.9830,     0.7282,    08h39m44s
[ 41800,  0.0002745]     0.7892,     0.9770,     0.7563,    08h37m11s
[ 41900,  0.0002742]     0.7927,     0.9805,     0.7399,    08h37m23s
[ 42000,  0.0002738]     0.7958,     0.9794,     0.7497,    08h36m27s
[ 42100,  0.0002735]     0.7867,     0.9744,     0.7778,    08h34m08s
[ 42200,  0.0002731]     0.8085,     0.9820,     0.7149,    08h34m51s
[ 42300,  0.0002728]     0.7919,     0.9781,     0.7443,    08h35m26s
[ 42400,  0.0002724]     0.7898,     0.9788,     0.7538,    08h35m01s
[ 42500,  0.0002721]     0.8025,     0.9758,     0.7381,    08h34m30s
[ 42600,  0.0002717]     0.7967,     0.9798,     0.7414,    08h32m17s
[ 42700,  0.0002714]     0.8027,     0.9798,     0.7276,    08h32m25s
[ 42800,  0.0002710]     0.7906,     0.9762,     0.7588,    08h35m21s
[ 42900,  0.0002707]     0.7969,     0.9767,     0.7522,    08h31m20s
[ 43000,  0.0002703]     0.7925,     0.9811,     0.7356,    08h30m58s
[ 43100,  0.0002700]     0.7914,     0.9778,     0.7476,    08h32m55s
[ 43200,  0.0002696]     0.7925,     0.9833,     0.7325,    08h29m59s
[ 43300,  0.0002692]     0.7852,     0.9798,     0.7597,    08h28m06s
[ 43400,  0.0002689]     0.8073,     0.9833,     0.7132,    08h28m05s
[ 43500,  0.0002685]     0.7920,     0.9744,     0.7574,    08h28m41s
[ 43600,  0.0002682]     0.8052,     0.9786,     0.7242,    08h28m41s
[ 43700,  0.0002678]     0.7900,     0.9783,     0.7416,    08h28m05s
[ 43800,  0.0002675]     0.7876,     0.9761,     0.7575,    08h27m44s
[ 43900,  0.0002671]     0.7956,     0.9805,     0.7270,    08h28m55s
[ 44000,  0.0002668]     0.8034,     0.9809,     0.7281,    08h29m51s
[ 44100,  0.0002664]     0.7986,     0.9820,     0.7294,    08h24m00s
[ 44200,  0.0002661]     0.8059,     0.9822,     0.7097,    08h21m00s
[ 44300,  0.0002657]     0.8016,     0.9739,     0.7513,    08h21m13s
[ 44400,  0.0002654]     0.8090,     0.9834,     0.7091,    08h20m41s
[ 44500,  0.0002650]     0.8045,     0.9811,     0.7225,    08h22m37s
[ 44600,  0.0002647]     0.8034,     0.9762,     0.7456,    08h18m39s
[ 44700,  0.0002643]     0.8192,     0.9820,     0.6925,    08h17m29s
[ 44800,  0.0002640]     0.8005,     0.9773,     0.7359,    08h17m23s
[ 44900,  0.0002636]     0.7958,     0.9809,     0.7284,    08h16m56s
[ 45000,  0.0002633]     0.8061,     0.9820,     0.7128,    08h16m46s
[ 45100,  0.0002629]     0.8019,     0.9777,     0.7369,    08h16m38s
[ 45200,  0.0002626]     0.8106,     0.9794,     0.7116,    08h17m04s
[ 45300,  0.0002622]     0.8137,     0.9833,     0.6937,    08h14m46s
[ 45400,  0.0002619]     0.8069,     0.9834,     0.7050,    08h13m47s
[ 45500,  0.0002615]     0.8138,     0.9825,     0.6940,    08h15m38s
[ 45600,  0.0002612]     0.8114,     0.9803,     0.7080,    08h12m37s
[ 45700,  0.0002608]     0.8070,     0.9784,     0.7254,    08h12m06s
[ 45800,  0.0002605]     0.8064,     0.9833,     0.7040,    08h12m48s
[ 45900,  0.0002601]     0.8092,     0.9817,     0.7139,    08h11m18s
[ 46000,  0.0002598]     0.8171,     0.9838,     0.6966,    08h08m59s
[ 46100,  0.0002594]     0.8233,     0.9847,     0.6778,    08h08m45s
[ 46200,  0.0002591]     0.8225,     0.9828,     0.6862,    08h08m39s
[ 46300,  0.0002587]     0.8134,     0.9806,     0.7011,    08h10m23s
[ 46400,  0.0002584]     0.8142,     0.9841,     0.6916,    08h09m33s
[ 46500,  0.0002580]     0.7995,     0.9782,     0.7253,    08h06m19s
[ 46600,  0.0002577]     0.8148,     0.9816,     0.7108,    08h06m42s
[ 46700,  0.0002573]     0.8181,     0.9819,     0.6969,    08h07m48s
[ 46800,  0.0002570]     0.8139,     0.9808,     0.7061,    08h05m37s
[ 46900,  0.0002566]     0.8141,     0.9781,     0.7169,    08h05m48s
[ 47000,  0.0002563]     0.8117,     0.9834,     0.7022,    08h03m02s
[ 47100,  0.0002559]     0.8149,     0.9820,     0.6882,    08h04m12s
[ 47200,  0.0002556]     0.8083,     0.9816,     0.7089,    08h01m59s
[ 47300,  0.0002552]     0.8120,     0.9819,     0.6982,    08h01m38s
[ 47400,  0.0002549]     0.8213,     0.9825,     0.6936,    07h59m42s
[ 47500,  0.0002545]     0.8275,     0.9820,     0.6761,    07h59m19s
[ 47600,  0.0002542]     0.8184,     0.9802,     0.6967,    07h59m37s
[ 47700,  0.0002538]     0.8239,     0.9833,     0.6939,    07h59m55s
[ 47800,  0.0002535]     0.8256,     0.9856,     0.6686,    07h59m27s
[ 47900,  0.0002531]     0.8320,     0.9844,     0.6673,    07h57m22s
[ 48000,  0.0002528]     0.8130,     0.9805,     0.6975,    07h58m42s
[ 48100,  0.0002524]     0.8155,     0.9831,     0.6907,    07h57m19s
[ 48200,  0.0002521]     0.8150,     0.9850,     0.6886,    07h54m36s
[ 48300,  0.0002517]     0.8302,     0.9848,     0.6643,    07h56m23s
[ 48400,  0.0002514]     0.8217,     0.9820,     0.6840,    07h53m57s
[ 48500,  0.0002510]     0.8291,     0.9853,     0.6756,    07h56m29s
[ 48600,  0.0002507]     0.8303,     0.9819,     0.6749,    07h53m02s
[ 48700,  0.0002503]     0.8152,     0.9834,     0.6833,    07h51m51s
[ 48800,  0.0002500]     0.8344,     0.9892,     0.6499,    07h50m55s
[ 48900,  0.0002496]     0.8205,     0.9828,     0.6863,    07h51m22s
[ 49000,  0.0002493]     0.8247,     0.9858,     0.6713,    07h51m10s
[ 49100,  0.0002489]     0.8213,     0.9809,     0.6906,    07h51m54s
[ 49200,  0.0002486]     0.8327,     0.9820,     0.6653,    07h50m24s
[ 49300,  0.0002482]     0.8299,     0.9844,     0.6700,    07h49m22s
[ 49400,  0.0002479]     0.8231,     0.9833,     0.6767,    07h45m35s
[ 49500,  0.0002475]     0.8294,     0.9808,     0.6811,    07h49m42s
[ 49600,  0.0002472]     0.8353,     0.9872,     0.6469,    07h45m57s
[ 49700,  0.0002468]     0.8273,     0.9869,     0.6629,    07h44m26s
[ 49800,  0.0002465]     0.8371,     0.9848,     0.6550,    07h46m13s
[ 49900,  0.0002461]     0.8389,     0.9855,     0.6400,    07h46m43s
[ 50000,  0.0002458]     0.8216,     0.9827,     0.6801,    07h44m52s
org_dataset
850
Training with 850 image pairs
Validation MACE: 1.587788
[ 50100,  0.0002454]     0.8323,     0.9873,     0.6483,    07h39m30s
[ 50200,  0.0002451]     0.8342,     0.9858,     0.6603,    07h42m36s
[ 50300,  0.0002447]     0.8313,     0.9845,     0.6626,    07h43m06s
[ 50400,  0.0002444]     0.8253,     0.9862,     0.6614,    07h43m48s
[ 50500,  0.0002440]     0.8413,     0.9856,     0.6447,    07h40m08s
[ 50600,  0.0002437]     0.8383,     0.9856,     0.6528,    07h39m42s
[ 50700,  0.0002433]     0.8302,     0.9827,     0.6696,    07h40m09s
[ 50800,  0.0002430]     0.8434,     0.9859,     0.6464,    07h37m53s
[ 50900,  0.0002426]     0.8356,     0.9857,     0.6550,    07h37m31s
[ 51000,  0.0002423]     0.8400,     0.9823,     0.6469,    07h39m05s
[ 51100,  0.0002419]     0.8361,     0.9864,     0.6501,    07h37m04s
[ 51200,  0.0002416]     0.8519,     0.9903,     0.6153,    07h35m06s
[ 51300,  0.0002412]     0.8255,     0.9842,     0.6735,    07h33m51s
[ 51400,  0.0002409]     0.8352,     0.9875,     0.6506,    07h37m11s
[ 51500,  0.0002405]     0.8437,     0.9850,     0.6433,    07h33m46s
[ 51600,  0.0002402]     0.8417,     0.9875,     0.6353,    07h32m57s
[ 51700,  0.0002398]     0.8512,     0.9872,     0.6249,    07h32m35s
[ 51800,  0.0002395]     0.8263,     0.9820,     0.6748,    07h33m51s
[ 51900,  0.0002391]     0.8363,     0.9836,     0.6523,    07h32m13s
[ 52000,  0.0002387]     0.8493,     0.9897,     0.6163,    07h31m01s
[ 52100,  0.0002384]     0.8517,     0.9889,     0.6197,    07h28m27s
[ 52200,  0.0002380]     0.8391,     0.9875,     0.6397,    07h29m25s
[ 52300,  0.0002377]     0.8311,     0.9823,     0.6889,    07h28m50s
[ 52400,  0.0002373]     0.8448,     0.9861,     0.6380,    07h29m16s
[ 52500,  0.0002370]     0.8356,     0.9869,     0.6452,    07h26m13s
[ 52600,  0.0002366]     0.8423,     0.9864,     0.6426,    07h25m04s
[ 52700,  0.0002363]     0.8544,     0.9884,     0.6154,    07h27m52s
[ 52800,  0.0002359]     0.8422,     0.9858,     0.6367,    07h26m23s
[ 52900,  0.0002356]     0.8405,     0.9836,     0.6490,    07h25m04s
[ 53000,  0.0002352]     0.8411,     0.9850,     0.6507,    07h25m03s
[ 53100,  0.0002349]     0.8459,     0.9884,     0.6297,    07h21m54s
[ 53200,  0.0002345]     0.8289,     0.9836,     0.6685,    07h20m50s
[ 53300,  0.0002342]     0.8597,     0.9892,     0.6015,    07h21m59s
[ 53400,  0.0002338]     0.8453,     0.9892,     0.6180,    07h26m46s
[ 53500,  0.0002335]     0.8480,     0.9881,     0.6269,    07h22m55s
[ 53600,  0.0002331]     0.8408,     0.9880,     0.6370,    07h19m26s
[ 53700,  0.0002328]     0.8471,     0.9866,     0.6264,    07h20m06s
[ 53800,  0.0002324]     0.8572,     0.9886,     0.6159,    07h19m10s
[ 53900,  0.0002321]     0.8545,     0.9881,     0.6165,    07h18m49s
[ 54000,  0.0002317]     0.8558,     0.9878,     0.6157,    07h17m40s
[ 54100,  0.0002314]     0.8445,     0.9883,     0.6305,    07h17m07s
[ 54200,  0.0002310]     0.8387,     0.9847,     0.6416,    07h15m28s
[ 54300,  0.0002307]     0.8536,     0.9875,     0.6120,    07h16m04s
[ 54400,  0.0002303]     0.8505,     0.9848,     0.6294,    07h16m17s
[ 54500,  0.0002300]     0.8530,     0.9888,     0.6140,    07h14m01s
[ 54600,  0.0002296]     0.8519,     0.9900,     0.6041,    07h14m17s
[ 54700,  0.0002293]     0.8569,     0.9889,     0.6069,    07h12m27s
[ 54800,  0.0002289]     0.8585,     0.9894,     0.6022,    07h14m14s
[ 54900,  0.0002286]     0.8523,     0.9836,     0.6200,    07h12m24s
[ 55000,  0.0002282]     0.8519,     0.9888,     0.6191,    07h10m55s
[ 55100,  0.0002279]     0.8562,     0.9881,     0.6109,    07h11m33s
[ 55200,  0.0002275]     0.8469,     0.9869,     0.6198,    07h11m50s
[ 55300,  0.0002272]     0.8493,     0.9886,     0.6177,    07h07m52s
[ 55400,  0.0002268]     0.8652,     0.9873,     0.5967,    07h08m50s
[ 55500,  0.0002265]     0.8525,     0.9866,     0.6164,    07h06m39s
[ 55600,  0.0002261]     0.8597,     0.9869,     0.6122,    07h09m20s
[ 55700,  0.0002258]     0.8555,     0.9892,     0.6003,    07h08m05s
[ 55800,  0.0002254]     0.8478,     0.9852,     0.6299,    07h04m16s
[ 55900,  0.0002251]     0.8650,     0.9867,     0.5994,    07h06m42s
[ 56000,  0.0002247]     0.8517,     0.9880,     0.6181,    07h03m37s
[ 56100,  0.0002244]     0.8558,     0.9897,     0.6173,    07h04m10s
[ 56200,  0.0002240]     0.8606,     0.9867,     0.5951,    07h02m17s
[ 56300,  0.0002237]     0.8572,     0.9919,     0.6009,    07h03m01s
[ 56400,  0.0002233]     0.8576,     0.9928,     0.5934,    07h01m13s
[ 56500,  0.0002230]     0.8656,     0.9895,     0.5855,    07h01m39s
[ 56600,  0.0002226]     0.8636,     0.9900,     0.5911,    07h01m03s
[ 56700,  0.0002223]     0.8641,     0.9895,     0.5942,    07h00m14s
[ 56800,  0.0002219]     0.8636,     0.9894,     0.5926,    06h59m30s
[ 56900,  0.0002216]     0.8569,     0.9894,     0.6049,    06h57m33s
[ 57000,  0.0002212]     0.8681,     0.9892,     0.5861,    06h58m00s
[ 57100,  0.0002209]     0.8659,     0.9872,     0.5905,    06h57m48s
[ 57200,  0.0002205]     0.8667,     0.9914,     0.5812,    06h58m24s
[ 57300,  0.0002202]     0.8631,     0.9886,     0.5954,    06h56m16s
[ 57400,  0.0002198]     0.8597,     0.9881,     0.5956,    06h54m20s
[ 57500,  0.0002195]     0.8647,     0.9908,     0.5833,    06h52m49s
[ 57600,  0.0002191]     0.8605,     0.9897,     0.5977,    06h54m33s
[ 57700,  0.0002188]     0.8597,     0.9883,     0.5960,    06h53m53s
[ 57800,  0.0002184]     0.8722,     0.9919,     0.5775,    06h53m35s
[ 57900,  0.0002181]     0.8611,     0.9895,     0.5903,    06h54m16s
[ 58000,  0.0002177]     0.8758,     0.9917,     0.5682,    06h51m29s
[ 58100,  0.0002174]     0.8673,     0.9892,     0.5896,    06h49m39s
[ 58200,  0.0002170]     0.8794,     0.9894,     0.5656,    06h49m50s
[ 58300,  0.0002167]     0.8672,     0.9873,     0.5947,    06h49m40s
[ 58400,  0.0002163]     0.8684,     0.9898,     0.5853,    06h48m16s
[ 58500,  0.0002160]     0.8720,     0.9925,     0.5683,    06h47m38s
[ 58600,  0.0002156]     0.8675,     0.9903,     0.5831,    06h46m43s
[ 58700,  0.0002153]     0.8708,     0.9914,     0.5772,    06h57m39s
[ 58800,  0.0002149]     0.8661,     0.9870,     0.5963,    06h57m25s
[ 58900,  0.0002146]     0.8722,     0.9919,     0.5685,    06h55m22s
[ 59000,  0.0002142]     0.8692,     0.9875,     0.5872,    06h54m09s
[ 59100,  0.0002139]     0.8828,     0.9923,     0.5455,    06h47m12s
[ 59200,  0.0002135]     0.8666,     0.9914,     0.5862,    06h42m25s
[ 59300,  0.0002132]     0.8714,     0.9912,     0.5754,    06h42m15s
[ 59400,  0.0002128]     0.8744,     0.9911,     0.5721,    06h42m02s
[ 59500,  0.0002125]     0.8700,     0.9895,     0.5838,    06h39m38s
[ 59600,  0.0002121]     0.8788,     0.9914,     0.5558,    06h40m41s
[ 59700,  0.0002118]     0.8671,     0.9866,     0.5910,    06h41m45s
[ 59800,  0.0002114]     0.8698,     0.9902,     0.5758,    06h38m03s
[ 59900,  0.0002111]     0.8888,     0.9947,     0.5366,    06h37m50s
[ 60000,  0.0002107]     0.8808,     0.9894,     0.5702,    06h39m20s
org_dataset
850
Training with 850 image pairs
Validation MACE: 1.397934
[ 60100,  0.0002104]     0.8784,     0.9919,     0.5580,    06h35m04s
[ 60200,  0.0002100]     0.8700,     0.9895,     0.5798,    06h39m38s
[ 60300,  0.0002097]     0.8800,     0.9925,     0.5545,    06h41m43s
[ 60400,  0.0002093]     0.8767,     0.9908,     0.5659,    06h35m54s
[ 60500,  0.0002089]     0.8822,     0.9914,     0.5583,    06h35m01s
[ 60600,  0.0002086]     0.8756,     0.9934,     0.5552,    06h34m45s
[ 60700,  0.0002082]     0.8770,     0.9925,     0.5535,    06h33m57s
[ 60800,  0.0002079]     0.8825,     0.9908,     0.5599,    06h32m51s
[ 60900,  0.0002075]     0.8761,     0.9916,     0.5593,    06h33m38s
[ 61000,  0.0002072]     0.8791,     0.9897,     0.5655,    06h32m34s
[ 61100,  0.0002068]     0.8786,     0.9881,     0.5678,    06h31m29s
[ 61200,  0.0002065]     0.8767,     0.9897,     0.5717,    06h31m07s
[ 61300,  0.0002061]     0.8753,     0.9901,     0.5631,    06h29m10s
[ 61400,  0.0002058]     0.8731,     0.9909,     0.5612,    06h29m39s
[ 61500,  0.0002054]     0.8828,     0.9914,     0.5568,    06h29m57s
[ 61600,  0.0002051]     0.8798,     0.9911,     0.5518,    07h23m21s
[ 61700,  0.0002047]     0.8845,     0.9934,     0.5355,    07h23m40s
[ 61800,  0.0002044]     0.8762,     0.9928,     0.5607,    06h25m20s
[ 61900,  0.0002040]     0.8816,     0.9934,     0.5425,    06h27m52s
[ 62000,  0.0002037]     0.8914,     0.9933,     0.5292,    09h26m07s
[ 62100,  0.0002033]     0.8797,     0.9931,     0.5534,    08h39m28s
[ 62200,  0.0002030]     0.8783,     0.9906,     0.5612,    06h39m24s
[ 62300,  0.0002026]     0.8845,     0.9919,     0.5454,    09h12m13s
[ 62400,  0.0002023]     0.8835,     0.9926,     0.5428,    09h05m43s
[ 62500,  0.0002019]     0.8828,     0.9914,     0.5407,    09h11m52s
[ 62600,  0.0002016]     0.8833,     0.9923,     0.5370,    08h58m26s
[ 62700,  0.0002012]     0.8803,     0.9912,     0.5473,    08h27m46s
[ 62800,  0.0002009]     0.8906,     0.9902,     0.5486,    06h19m01s
[ 62900,  0.0002005]     0.8786,     0.9933,     0.5517,    06h19m25s
[ 63000,  0.0002002]     0.8914,     0.9925,     0.5325,    06h19m49s
[ 63100,  0.0001998]     0.8788,     0.9895,     0.5535,    06h16m36s
[ 63200,  0.0001995]     0.8861,     0.9912,     0.5476,    06h17m48s
[ 63300,  0.0001991]     0.8825,     0.9941,     0.5422,    06h14m38s
[ 63400,  0.0001988]     0.8830,     0.9925,     0.5501,    06h14m26s
[ 63500,  0.0001984]     0.8830,     0.9919,     0.5439,    06h14m25s
[ 63600,  0.0001981]     0.8897,     0.9912,     0.5411,    06h14m32s
[ 63700,  0.0001977]     0.8891,     0.9941,     0.5294,    06h14m02s
[ 63800,  0.0001974]     0.8916,     0.9942,     0.5325,    06h17m30s
[ 63900,  0.0001970]     0.8811,     0.9925,     0.5521,    06h15m20s
[ 64000,  0.0001967]     0.8877,     0.9919,     0.5366,    06h10m06s
[ 64100,  0.0001963]     0.8945,     0.9931,     0.5278,    06h12m26s
[ 64200,  0.0001960]     0.8969,     0.9928,     0.5220,    06h09m33s
[ 64300,  0.0001956]     0.8892,     0.9916,     0.5347,    06h09m18s
[ 64400,  0.0001953]     0.8867,     0.9942,     0.5326,    06h09m29s
[ 64500,  0.0001949]     0.8964,     0.9938,     0.5150,    06h08m19s
[ 64600,  0.0001946]     0.8896,     0.9917,     0.5282,    06h07m46s
[ 64700,  0.0001942]     0.8950,     0.9920,     0.5265,    06h06m59s
[ 64800,  0.0001939]     0.9020,     0.9936,     0.5092,    06h06m08s
[ 64900,  0.0001935]     0.8906,     0.9938,     0.5228,    06h05m42s
[ 65000,  0.0001932]     0.8911,     0.9923,     0.5285,    06h05m43s
[ 65100,  0.0001928]     0.8975,     0.9944,     0.5182,    06h04m52s
[ 65200,  0.0001925]     0.8955,     0.9928,     0.5189,    06h04m25s
[ 65300,  0.0001921]     0.8891,     0.9930,     0.5261,    06h03m24s
[ 65400,  0.0001918]     0.9028,     0.9936,     0.5057,    06h02m05s
[ 65500,  0.0001914]     0.8903,     0.9938,     0.5236,    06h01m20s
[ 65600,  0.0001911]     0.8950,     0.9955,     0.5149,    05h59m51s
[ 65700,  0.0001907]     0.8916,     0.9928,     0.5283,    05h59m06s
[ 65800,  0.0001904]     0.8888,     0.9911,     0.5342,    05h58m17s
[ 65900,  0.0001900]     0.9000,     0.9920,     0.5151,    05h58m52s
[ 66000,  0.0001897]     0.8962,     0.9928,     0.5127,    05h59m00s
[ 66100,  0.0001893]     0.9003,     0.9938,     0.5095,    05h58m42s
[ 66200,  0.0001890]     0.9006,     0.9938,     0.5141,    05h56m55s
[ 66300,  0.0001886]     0.9000,     0.9939,     0.5126,    05h56m49s
[ 66400,  0.0001883]     0.8969,     0.9922,     0.5204,    05h56m50s
[ 66500,  0.0001879]     0.8969,     0.9947,     0.5079,    05h55m09s
[ 66600,  0.0001876]     0.8961,     0.9942,     0.5180,    05h53m23s
[ 66700,  0.0001872]     0.8934,     0.9934,     0.5284,    05h53m32s
[ 66800,  0.0001869]     0.9031,     0.9934,     0.4935,    05h53m01s
[ 66900,  0.0001865]     0.8898,     0.9927,     0.5229,    05h52m31s
[ 67000,  0.0001862]     0.8959,     0.9923,     0.5136,    05h51m13s
[ 67100,  0.0001858]     0.9066,     0.9961,     0.4921,    05h50m52s
[ 67200,  0.0001855]     0.8923,     0.9942,     0.5201,    05h49m57s
[ 67300,  0.0001851]     0.9021,     0.9942,     0.4982,    05h50m07s
[ 67400,  0.0001848]     0.9028,     0.9934,     0.5061,    05h49m22s
[ 67500,  0.0001844]     0.9038,     0.9961,     0.4984,    05h49m02s
[ 67600,  0.0001841]     0.8950,     0.9919,     0.5163,    05h47m25s
[ 67700,  0.0001837]     0.9116,     0.9962,     0.4845,    05h47m06s
[ 67800,  0.0001834]     0.9103,     0.9961,     0.4881,    05h46m42s
[ 67900,  0.0001830]     0.8926,     0.9920,     0.5139,    05h45m59s
[ 68000,  0.0001827]     0.9109,     0.9953,     0.4855,    05h44m32s
[ 68100,  0.0001823]     0.9012,     0.9941,     0.4946,    05h45m06s
[ 68200,  0.0001820]     0.9044,     0.9945,     0.4967,    05h45m19s
[ 68300,  0.0001816]     0.9042,     0.9947,     0.4989,    05h42m30s
[ 68400,  0.0001813]     0.9060,     0.9952,     0.4935,    05h42m27s
[ 68500,  0.0001809]     0.9011,     0.9927,     0.5011,    05h40m54s
[ 68600,  0.0001806]     0.9005,     0.9947,     0.4977,    05h40m31s
[ 68700,  0.0001802]     0.9019,     0.9939,     0.4990,    05h41m40s
[ 68800,  0.0001799]     0.9180,     0.9945,     0.4774,    05h40m22s
[ 68900,  0.0001795]     0.9061,     0.9938,     0.4990,    05h39m44s
[ 69000,  0.0001791]     0.9038,     0.9931,     0.4985,    05h37m22s
[ 69100,  0.0001788]     0.9041,     0.9944,     0.5006,    05h36m36s
[ 69200,  0.0001784]     0.9095,     0.9945,     0.4897,    05h36m21s
[ 69300,  0.0001781]     0.9148,     0.9953,     0.4840,    05h37m11s
[ 69400,  0.0001777]     0.9002,     0.9942,     0.5032,    05h34m59s
[ 69500,  0.0001774]     0.9058,     0.9952,     0.4908,    05h35m56s
[ 69600,  0.0001770]     0.9081,     0.9948,     0.4895,    05h34m31s
[ 69700,  0.0001767]     0.9069,     0.9950,     0.4882,    05h33m47s
[ 69800,  0.0001763]     0.9070,     0.9961,     0.4921,    05h32m08s
[ 69900,  0.0001760]     0.9133,     0.9956,     0.4747,    05h33m13s
[ 70000,  0.0001756]     0.9091,     0.9938,     0.4890,    05h31m25s
org_dataset
850
Training with 850 image pairs
Validation MACE: 1.751119
[ 70100,  0.0001753]     0.9077,     0.9945,     0.4933,    05h30m10s
[ 70200,  0.0001749]     0.9033,     0.9952,     0.4894,    05h30m47s
[ 70300,  0.0001746]     0.9128,     0.9956,     0.4721,    05h30m48s
[ 70400,  0.0001742]     0.9169,     0.9958,     0.4697,    05h29m20s
[ 70500,  0.0001739]     0.9152,     0.9948,     0.4832,    05h28m45s
[ 70600,  0.0001735]     0.9105,     0.9955,     0.4771,    05h28m10s
[ 70700,  0.0001732]     0.9091,     0.9938,     0.4859,    05h27m52s
[ 70800,  0.0001728]     0.9150,     0.9970,     0.4605,    05h26m34s
[ 70900,  0.0001725]     0.9050,     0.9947,     0.4902,    05h25m03s
[ 71000,  0.0001721]     0.9152,     0.9970,     0.4677,    05h26m21s
[ 71100,  0.0001718]     0.9006,     0.9955,     0.4947,    05h23m18s
[ 71200,  0.0001714]     0.9075,     0.9944,     0.4870,    05h23m31s
[ 71300,  0.0001711]     0.9198,     0.9952,     0.4690,    05h22m21s
[ 71400,  0.0001707]     0.9087,     0.9933,     0.4858,    05h22m07s
[ 71500,  0.0001704]     0.9184,     0.9961,     0.4586,    05h21m22s
[ 71600,  0.0001700]     0.9116,     0.9962,     0.4814,    05h22m16s
[ 71700,  0.0001697]     0.9228,     0.9948,     0.4619,    05h19m25s
[ 71800,  0.0001693]     0.9186,     0.9962,     0.4634,    05h19m56s
[ 71900,  0.0001690]     0.9136,     0.9962,     0.4672,    05h19m56s
[ 72000,  0.0001686]     0.9181,     0.9970,     0.4632,    05h18m38s
[ 72100,  0.0001683]     0.9095,     0.9950,     0.4798,    05h17m51s
[ 72200,  0.0001679]     0.9169,     0.9953,     0.4695,    05h17m44s
[ 72300,  0.0001676]     0.9156,     0.9951,     0.4693,    05h21m04s
[ 72400,  0.0001672]     0.9261,     0.9969,     0.4476,    05h17m57s
[ 72500,  0.0001669]     0.9180,     0.9956,     0.4636,    05h14m11s
[ 72600,  0.0001665]     0.9202,     0.9973,     0.4579,    05h14m04s
[ 72700,  0.0001662]     0.9131,     0.9955,     0.4694,    05h13m27s
[ 72800,  0.0001658]     0.9192,     0.9972,     0.4541,    05h11m50s
[ 72900,  0.0001655]     0.9242,     0.9964,     0.4540,    05h12m25s
[ 73000,  0.0001651]     0.9208,     0.9964,     0.4560,    05h11m52s
[ 73100,  0.0001648]     0.9173,     0.9964,     0.4662,    05h11m45s
[ 73200,  0.0001644]     0.9059,     0.9931,     0.4860,    05h10m56s
[ 73300,  0.0001641]     0.9260,     0.9972,     0.4421,    05h09m01s
[ 73400,  0.0001637]     0.9186,     0.9955,     0.4595,    05h10m07s
[ 73500,  0.0001634]     0.9273,     0.9966,     0.4396,    05h09m13s
[ 73600,  0.0001630]     0.9223,     0.9950,     0.4595,    05h07m11s
[ 73700,  0.0001627]     0.9203,     0.9947,     0.4562,    05h06m48s
[ 73800,  0.0001623]     0.9302,     0.9973,     0.4454,    05h07m34s
[ 73900,  0.0001620]     0.9242,     0.9956,     0.4565,    05h05m30s
[ 74000,  0.0001616]     0.9253,     0.9973,     0.4516,    05h07m31s
[ 74100,  0.0001613]     0.9158,     0.9942,     0.4687,    05h04m23s
[ 74200,  0.0001609]     0.9230,     0.9962,     0.4466,    05h03m30s
[ 74300,  0.0001606]     0.9308,     0.9978,     0.4351,    05h03m36s
[ 74400,  0.0001602]     0.9307,     0.9972,     0.4409,    05h02m20s
[ 74500,  0.0001599]     0.9284,     0.9970,     0.4332,    05h03m07s
[ 74600,  0.0001595]     0.9200,     0.9945,     0.4539,    05h02m15s
[ 74700,  0.0001592]     0.9164,     0.9970,     0.4557,    04h59m56s
[ 74800,  0.0001588]     0.9231,     0.9955,     0.4499,    05h00m16s
[ 74900,  0.0001585]     0.9241,     0.9969,     0.4469,    04h58m42s
[ 75000,  0.0001581]     0.9268,     0.9953,     0.4497,    04h58m49s
[ 75100,  0.0001578]     0.9206,     0.9962,     0.4460,    04h58m31s
[ 75200,  0.0001574]     0.9245,     0.9969,     0.4428,    04h57m01s
[ 75300,  0.0001571]     0.9314,     0.9973,     0.4330,    04h56m18s
[ 75400,  0.0001567]     0.9309,     0.9972,     0.4352,    04h56m18s
[ 75500,  0.0001564]     0.9218,     0.9966,     0.4531,    04h54m56s
[ 75600,  0.0001560]     0.9291,     0.9973,     0.4324,    04h54m47s
[ 75700,  0.0001557]     0.9278,     0.9966,     0.4415,    04h54m05s
[ 75800,  0.0001553]     0.9247,     0.9970,     0.4381,    04h53m00s
[ 75900,  0.0001550]     0.9323,     0.9969,     0.4323,    04h53m51s
[ 76000,  0.0001546]     0.9278,     0.9972,     0.4358,    04h52m17s
[ 76100,  0.0001543]     0.9326,     0.9967,     0.4313,    04h50m52s
[ 76200,  0.0001539]     0.9298,     0.9967,     0.4367,    04h50m44s
[ 76300,  0.0001536]     0.9341,     0.9966,     0.4251,    04h49m40s
[ 76400,  0.0001532]     0.9300,     0.9980,     0.4306,    04h50m00s
[ 76500,  0.0001529]     0.9266,     0.9977,     0.4446,    04h49m26s
[ 76600,  0.0001525]     0.9201,     0.9959,     0.4488,    04h47m29s
[ 76700,  0.0001522]     0.9322,     0.9977,     0.4291,    04h48m46s
[ 76800,  0.0001518]     0.9384,     0.9969,     0.4184,    04h46m48s
[ 76900,  0.0001515]     0.9331,     0.9973,     0.4352,    04h46m05s
[ 77000,  0.0001511]     0.9278,     0.9966,     0.4383,    04h45m14s
[ 77100,  0.0001508]     0.9328,     0.9970,     0.4222,    04h44m17s
[ 77200,  0.0001504]     0.9272,     0.9962,     0.4431,    04h42m59s
[ 77300,  0.0001501]     0.9308,     0.9978,     0.4299,    04h42m49s
[ 77400,  0.0001497]     0.9386,     0.9977,     0.4214,    04h44m47s
[ 77500,  0.0001494]     0.9373,     0.9969,     0.4214,    04h41m33s
[ 77600,  0.0001490]     0.9364,     0.9964,     0.4273,    04h40m57s
[ 77700,  0.0001486]     0.9354,     0.9975,     0.4186,    04h40m56s
[ 77800,  0.0001483]     0.9333,     0.9972,     0.4255,    04h39m58s
[ 77900,  0.0001479]     0.9261,     0.9977,     0.4339,    04h38m13s
[ 78000,  0.0001476]     0.9323,     0.9972,     0.4238,    04h38m57s
[ 78100,  0.0001472]     0.9384,     0.9972,     0.4183,    04h37m39s
[ 78200,  0.0001469]     0.9325,     0.9973,     0.4175,    04h36m48s
[ 78300,  0.0001465]     0.9357,     0.9975,     0.4131,    04h36m59s
[ 78400,  0.0001462]     0.9378,     0.9973,     0.4121,    04h35m45s
[ 78500,  0.0001458]     0.9298,     0.9969,     0.4318,    04h35m27s
[ 78600,  0.0001455]     0.9356,     0.9986,     0.4142,    04h34m47s
[ 78700,  0.0001451]     0.9408,     0.9980,     0.4054,    04h34m05s
[ 78800,  0.0001448]     0.9329,     0.9969,     0.4254,    04h32m07s
[ 78900,  0.0001444]     0.9283,     0.9973,     0.4263,    04h33m18s
[ 79000,  0.0001441]     0.9373,     0.9966,     0.4182,    04h31m09s
[ 79100,  0.0001437]     0.9380,     0.9991,     0.4154,    04h32m17s
[ 79200,  0.0001434]     0.9409,     0.9975,     0.4090,    04h31m08s
[ 79300,  0.0001430]     0.9419,     0.9977,     0.4020,    04h31m09s
[ 79400,  0.0001427]     0.9427,     0.9977,     0.4037,    04h29m56s
[ 79500,  0.0001423]     0.9378,     0.9961,     0.4126,    04h29m09s
[ 79600,  0.0001420]     0.9387,     0.9981,     0.4082,    04h34m49s
[ 79700,  0.0001416]     0.9384,     0.9966,     0.4126,    04h28m56s
[ 79800,  0.0001413]     0.9395,     0.9978,     0.4095,    04h26m29s
[ 79900,  0.0001409]     0.9407,     0.9984,     0.3998,    04h26m03s
[ 80000,  0.0001406]     0.9431,     0.9973,     0.3980,    04h25m53s
org_dataset
850
Training with 850 image pairs
Validation MACE: 1.623340
[ 80100,  0.0001402]     0.9367,     0.9970,     0.4145,    04h24m20s
[ 80200,  0.0001399]     0.9383,     0.9961,     0.4173,    04h23m04s
[ 80300,  0.0001395]     0.9436,     0.9977,     0.4006,    04h23m19s
[ 80400,  0.0001392]     0.9375,     0.9986,     0.4022,    04h23m14s
[ 80500,  0.0001388]     0.9425,     0.9977,     0.4056,    04h22m25s
[ 80600,  0.0001385]     0.9481,     0.9986,     0.3933,    04h21m31s
[ 80700,  0.0001381]     0.9377,     0.9984,     0.4112,    04h21m08s
[ 80800,  0.0001378]     0.9469,     0.9975,     0.3953,    04h20m25s
[ 80900,  0.0001374]     0.9380,     0.9988,     0.4083,    04h19m39s
[ 81000,  0.0001371]     0.9431,     0.9969,     0.4032,    04h18m31s
[ 81100,  0.0001367]     0.9419,     0.9978,     0.3978,    04h18m35s
[ 81200,  0.0001364]     0.9441,     0.9988,     0.3970,    04h17m56s
[ 81300,  0.0001360]     0.9448,     0.9980,     0.3985,    04h17m22s
[ 81400,  0.0001357]     0.9423,     0.9966,     0.3960,    04h15m39s
[ 81500,  0.0001353]     0.9483,     0.9975,     0.3926,    04h14m58s
[ 81600,  0.0001350]     0.9452,     0.9981,     0.3938,    04h15m53s
[ 81700,  0.0001346]     0.9487,     0.9980,     0.3837,    04h15m21s
[ 81800,  0.0001343]     0.9445,     0.9973,     0.4007,    04h15m38s
[ 81900,  0.0001339]     0.9463,     0.9975,     0.3942,    04h13m41s
[ 82000,  0.0001336]     0.9448,     0.9981,     0.3960,    04h12m54s
[ 82100,  0.0001332]     0.9440,     0.9973,     0.4024,    04h11m01s
[ 82200,  0.0001329]     0.9450,     0.9967,     0.3961,    04h11m17s
[ 82300,  0.0001325]     0.9445,     0.9983,     0.3922,    04h10m50s
[ 82400,  0.0001322]     0.9458,     0.9991,     0.3890,    04h10m02s
[ 82500,  0.0001318]     0.9517,     0.9991,     0.3813,    04h08m34s
[ 82600,  0.0001315]     0.9464,     0.9981,     0.3886,    04h08m26s
[ 82700,  0.0001311]     0.9481,     0.9980,     0.3922,    04h07m10s
[ 82800,  0.0001308]     0.9509,     0.9981,     0.3768,    04h06m52s
[ 82900,  0.0001304]     0.9450,     0.9980,     0.3885,    04h06m13s
[ 83000,  0.0001301]     0.9508,     0.9986,     0.3811,    04h04m37s
[ 83100,  0.0001297]     0.9534,     0.9983,     0.3844,    04h05m49s
[ 83200,  0.0001294]     0.9474,     0.9981,     0.3814,    04h04m29s
[ 83300,  0.0001290]     0.9500,     0.9984,     0.3837,    04h02m41s
[ 83400,  0.0001287]     0.9467,     0.9977,     0.3871,    04h02m55s
[ 83500,  0.0001283]     0.9461,     0.9981,     0.3845,    04h03m56s
[ 83600,  0.0001280]     0.9467,     0.9978,     0.3875,    04h00m46s
[ 83700,  0.0001276]     0.9515,     0.9988,     0.3725,    04h02m19s
[ 83800,  0.0001273]     0.9513,     0.9986,     0.3769,    04h00m45s
[ 83900,  0.0001269]     0.9425,     0.9977,     0.3892,    03h59m16s
[ 84000,  0.0001266]     0.9534,     0.9986,     0.3765,    03h59m09s
[ 84100,  0.0001262]     0.9516,     0.9991,     0.3750,    03h57m14s
[ 84200,  0.0001259]     0.9455,     0.9983,     0.3783,    03h57m08s
[ 84300,  0.0001255]     0.9507,     0.9981,     0.3746,    03h57m12s
[ 84400,  0.0001252]     0.9536,     0.9989,     0.3702,    03h56m05s
[ 84500,  0.0001248]     0.9522,     0.9989,     0.3735,    03h55m14s
[ 84600,  0.0001245]     0.9487,     0.9977,     0.3771,    03h54m59s
[ 84700,  0.0001241]     0.9491,     0.9986,     0.3791,    03h54m24s
[ 84800,  0.0001238]     0.9571,     0.9983,     0.3632,    03h53m46s
[ 84900,  0.0001234]     0.9505,     0.9983,     0.3766,    03h52m40s
[ 85000,  0.0001231]     0.9516,     0.9984,     0.3726,    03h52m07s
[ 85100,  0.0001227]     0.9520,     0.9980,     0.3755,    03h52m02s
[ 85200,  0.0001224]     0.9514,     0.9975,     0.3781,    03h51m54s
[ 85300,  0.0001220]     0.9564,     0.9988,     0.3634,    03h50m32s
[ 85400,  0.0001217]     0.9510,     0.9988,     0.3750,    03h51m28s
[ 85500,  0.0001213]     0.9541,     0.9984,     0.3687,    03h49m49s
[ 85600,  0.0001210]     0.9545,     0.9986,     0.3646,    03h47m26s
[ 85700,  0.0001206]     0.9550,     0.9983,     0.3617,    03h47m07s
[ 85800,  0.0001203]     0.9581,     0.9997,     0.3572,    03h46m46s
[ 85900,  0.0001199]     0.9564,     0.9988,     0.3697,    03h45m36s
[ 86000,  0.0001196]     0.9573,     0.9973,     0.3585,    03h45m55s
[ 86100,  0.0001192]     0.9572,     0.9991,     0.3564,    03h45m20s
[ 86200,  0.0001188]     0.9533,     0.9991,     0.3671,    03h43m51s
[ 86300,  0.0001185]     0.9555,     0.9986,     0.3660,    03h42m45s
[ 86400,  0.0001181]     0.9536,     0.9981,     0.3688,    03h42m49s
[ 86500,  0.0001178]     0.9579,     0.9994,     0.3590,    03h42m43s
[ 86600,  0.0001174]     0.9583,     0.9988,     0.3525,    03h41m27s
[ 86700,  0.0001171]     0.9550,     0.9989,     0.3616,    03h41m43s
[ 86800,  0.0001167]     0.9639,     0.9988,     0.3535,    03h40m24s
[ 86900,  0.0001164]     0.9602,     0.9984,     0.3608,    03h40m03s
[ 87000,  0.0001160]     0.9580,     0.9981,     0.3577,    03h39m11s
[ 87100,  0.0001157]     0.9598,     0.9988,     0.3578,    03h37m19s
[ 87200,  0.0001153]     0.9578,     0.9988,     0.3611,    03h37m59s
[ 87300,  0.0001150]     0.9592,     0.9984,     0.3509,    03h36m56s
[ 87400,  0.0001146]     0.9592,     0.9989,     0.3521,    03h37m21s
[ 87500,  0.0001143]     0.9622,     0.9991,     0.3492,    03h36m05s
[ 87600,  0.0001139]     0.9614,     0.9994,     0.3375,    03h35m39s
[ 87700,  0.0001136]     0.9613,     0.9998,     0.3510,    03h34m40s
[ 87800,  0.0001132]     0.9600,     0.9988,     0.3563,    03h33m43s
[ 87900,  0.0001129]     0.9578,     0.9992,     0.3612,    03h33m49s
[ 88000,  0.0001125]     0.9623,     0.9992,     0.3425,    03h32m10s
[ 88100,  0.0001122]     0.9602,     0.9978,     0.3515,    03h31m17s
[ 88200,  0.0001118]     0.9659,     0.9988,     0.3456,    03h30m08s
[ 88300,  0.0001115]     0.9578,     0.9988,     0.3468,    03h30m18s
[ 88400,  0.0001111]     0.9648,     0.9991,     0.3365,    03h30m40s
[ 88500,  0.0001108]     0.9606,     0.9989,     0.3467,    03h28m12s
[ 88600,  0.0001104]     0.9637,     0.9995,     0.3430,    03h28m22s
[ 88700,  0.0001101]     0.9589,     0.9986,     0.3487,    03h27m51s
[ 88800,  0.0001097]     0.9642,     0.9989,     0.3369,    03h27m28s
[ 88900,  0.0001094]     0.9620,     0.9994,     0.3413,    03h26m31s
[ 89000,  0.0001090]     0.9595,     0.9992,     0.3447,    03h25m15s
[ 89100,  0.0001087]     0.9630,     0.9984,     0.3464,    03h26m19s
[ 89200,  0.0001083]     0.9665,     0.9991,     0.3369,    03h23m54s
[ 89300,  0.0001080]     0.9627,     0.9984,     0.3381,    03h24m06s
[ 89400,  0.0001076]     0.9667,     0.9992,     0.3327,    03h23m33s
[ 89500,  0.0001073]     0.9642,     0.9997,     0.3381,    03h22m04s
[ 89600,  0.0001069]     0.9622,     0.9992,     0.3474,    03h21m27s
[ 89700,  0.0001066]     0.9659,     0.9986,     0.3350,    03h20m40s
[ 89800,  0.0001062]     0.9644,     0.9992,     0.3344,    03h20m32s
[ 89900,  0.0001059]     0.9666,     0.9994,     0.3325,    03h19m37s
[ 90000,  0.0001055]     0.9636,     0.9994,     0.3357,    03h19m30s
org_dataset
850
Training with 850 image pairs
Validation MACE: 1.731301
[ 90100,  0.0001052]     0.9719,     0.9995,     0.3265,    03h17m07s
[ 90200,  0.0001048]     0.9636,     0.9994,     0.3334,    03h18m26s
[ 90300,  0.0001045]     0.9628,     0.9995,     0.3360,    03h16m59s
[ 90400,  0.0001041]     0.9659,     0.9997,     0.3297,    03h16m27s
[ 90500,  0.0001038]     0.9673,     0.9991,     0.3256,    03h16m21s
[ 90600,  0.0001034]     0.9652,     0.9991,     0.3259,    03h14m40s
[ 90700,  0.0001031]     0.9670,     0.9992,     0.3273,    03h14m56s
[ 90800,  0.0001027]     0.9692,     0.9994,     0.3289,    03h13m15s
[ 90900,  0.0001024]     0.9631,     0.9991,     0.3305,    03h12m52s
[ 91000,  0.0001020]     0.9716,     0.9991,     0.3225,    03h12m10s
[ 91100,  0.0001017]     0.9664,     0.9997,     0.3248,    03h12m45s
[ 91200,  0.0001013]     0.9703,     0.9992,     0.3188,    03h11m09s
[ 91300,  0.0001010]     0.9716,     0.9998,     0.3224,    03h10m28s
[ 91400,  0.0001006]     0.9671,     0.9988,     0.3262,    03h09m37s
[ 91500,  0.0001003]     0.9698,     0.9997,     0.3225,    03h09m40s
[ 91600,  0.0000999]     0.9745,     0.9994,     0.3149,    03h08m13s
[ 91700,  0.0000996]     0.9680,     0.9992,     0.3248,    03h07m56s
[ 91800,  0.0000992]     0.9694,     0.9995,     0.3239,    03h07m16s
[ 91900,  0.0000989]     0.9685,     0.9992,     0.3161,    03h06m02s
[ 92000,  0.0000985]     0.9692,     0.9989,     0.3146,    03h05m15s
[ 92100,  0.0000982]     0.9637,     0.9989,     0.3244,    03h05m53s
[ 92200,  0.0000978]     0.9702,     0.9994,     0.3190,    03h04m20s
[ 92300,  0.0000975]     0.9677,     0.9994,     0.3217,    03h04m19s
[ 92400,  0.0000971]     0.9706,     0.9995,     0.3192,    03h02m54s
[ 92500,  0.0000968]     0.9708,     0.9998,     0.3087,    03h02m25s
[ 92600,  0.0000964]     0.9684,     0.9991,     0.3206,    03h01m34s
[ 92700,  0.0000961]     0.9719,     1.0000,     0.3093,    03h00m51s
[ 92800,  0.0000957]     0.9700,     0.9989,     0.3172,    02h59m55s
[ 92900,  0.0000954]     0.9728,     0.9998,     0.3117,    03h00m39s
[ 93000,  0.0000950]     0.9722,     0.9998,     0.3082,    02h58m22s
[ 93100,  0.0000947]     0.9677,     0.9991,     0.3207,    02h58m23s
[ 93200,  0.0000943]     0.9688,     0.9991,     0.3163,    02h57m39s
[ 93300,  0.0000940]     0.9753,     0.9998,     0.2989,    02h57m45s
[ 93400,  0.0000936]     0.9748,     0.9998,     0.3123,    02h56m11s
[ 93500,  0.0000933]     0.9791,     0.9998,     0.2970,    02h55m53s
[ 93600,  0.0000929]     0.9712,     0.9997,     0.3121,    02h54m36s
[ 93700,  0.0000926]     0.9734,     0.9995,     0.3042,    02h54m24s
[ 93800,  0.0000922]     0.9727,     0.9994,     0.3083,    02h53m36s
[ 93900,  0.0000919]     0.9750,     0.9991,     0.2970,    02h52m59s
[ 94000,  0.0000915]     0.9736,     0.9994,     0.3056,    02h52m34s
[ 94100,  0.0000912]     0.9740,     0.9994,     0.3085,    02h51m52s
[ 94200,  0.0000908]     0.9702,     0.9998,     0.3043,    02h50m50s
[ 94300,  0.0000905]     0.9748,     0.9995,     0.2986,    02h50m23s
[ 94400,  0.0000901]     0.9766,     0.9995,     0.3067,    02h49m23s
[ 94500,  0.0000898]     0.9753,     0.9995,     0.2990,    02h49m13s
[ 94600,  0.0000894]     0.9741,     1.0000,     0.2965,    02h47m52s
[ 94700,  0.0000890]     0.9734,     0.9994,     0.3021,    02h47m27s
[ 94800,  0.0000887]     0.9759,     0.9997,     0.2928,    02h46m43s
[ 94900,  0.0000883]     0.9739,     0.9992,     0.2980,    02h46m18s
[ 95000,  0.0000880]     0.9762,     0.9995,     0.2941,    02h44m57s
[ 95100,  0.0000876]     0.9764,     1.0000,     0.2926,    02h45m52s
[ 95200,  0.0000873]     0.9769,     0.9997,     0.2964,    02h44m07s
[ 95300,  0.0000869]     0.9756,     0.9997,     0.2932,    02h43m36s
[ 95400,  0.0000866]     0.9731,     0.9991,     0.3019,    02h43m26s
[ 95500,  0.0000862]     0.9803,     0.9997,     0.2842,    02h42m30s
[ 95600,  0.0000859]     0.9816,     0.9995,     0.2853,    02h41m12s
[ 95700,  0.0000855]     0.9766,     0.9997,     0.2944,    02h41m17s
[ 95800,  0.0000852]     0.9801,     0.9997,     0.2854,    02h40m31s
[ 95900,  0.0000848]     0.9791,     0.9997,     0.2879,    02h40m03s
[ 96000,  0.0000845]     0.9798,     1.0000,     0.2832,    02h39m49s
[ 96100,  0.0000841]     0.9739,     0.9991,     0.2996,    02h38m23s
[ 96200,  0.0000838]     0.9795,     0.9997,     0.2846,    02h37m47s
[ 96300,  0.0000834]     0.9762,     0.9994,     0.2864,    02h35m59s
[ 96400,  0.0000831]     0.9819,     0.9998,     0.2716,    02h36m27s
[ 96500,  0.0000827]     0.9772,     0.9997,     0.2883,    02h36m13s
[ 96600,  0.0000824]     0.9739,     0.9998,     0.2982,    02h35m43s
[ 96700,  0.0000820]     0.9802,     0.9997,     0.2763,    02h34m47s
[ 96800,  0.0000817]     0.9792,     0.9997,     0.2859,    02h34m19s
[ 96900,  0.0000813]     0.9778,     0.9998,     0.2806,    02h32m42s
[ 97000,  0.0000810]     0.9798,     0.9995,     0.2861,    02h32m16s
[ 97100,  0.0000806]     0.9755,     0.9998,     0.2843,    02h31m50s
[ 97200,  0.0000803]     0.9808,     0.9998,     0.2755,    02h31m00s
[ 97300,  0.0000799]     0.9802,     1.0000,     0.2810,    02h30m33s
[ 97400,  0.0000796]     0.9805,     0.9998,     0.2750,    02h29m37s
[ 97500,  0.0000792]     0.9850,     1.0000,     0.2636,    02h29m48s
[ 97600,  0.0000789]     0.9789,     0.9997,     0.2810,    02h28m32s
[ 97700,  0.0000785]     0.9809,     0.9998,     0.2792,    02h27m43s
[ 97800,  0.0000782]     0.9816,     0.9995,     0.2778,    02h28m10s
[ 97900,  0.0000778]     0.9808,     1.0000,     0.2712,    02h26m31s
[ 98000,  0.0000775]     0.9785,     0.9998,     0.2783,    02h25m44s
[ 98100,  0.0000771]     0.9812,     0.9998,     0.2752,    02h25m12s
[ 98200,  0.0000768]     0.9811,     0.9997,     0.2650,    02h24m27s
[ 98300,  0.0000764]     0.9858,     0.9997,     0.2659,    02h24m01s
[ 98400,  0.0000761]     0.9816,     1.0000,     0.2666,    02h23m21s
[ 98500,  0.0000757]     0.9798,     0.9998,     0.2711,    02h23m11s
[ 98600,  0.0000754]     0.9789,     0.9997,     0.2781,    02h21m43s
[ 98700,  0.0000750]     0.9844,     1.0000,     0.2610,    02h21m59s
[ 98800,  0.0000747]     0.9817,     0.9995,     0.2693,    02h20m31s
[ 98900,  0.0000743]     0.9847,     0.9997,     0.2656,    02h19m58s
[ 99000,  0.0000740]     0.9836,     0.9997,     0.2653,    02h19m13s
[ 99100,  0.0000736]     0.9862,     0.9998,     0.2607,    02h19m21s
[ 99200,  0.0000733]     0.9798,     0.9998,     0.2723,    02h18m06s
[ 99300,  0.0000729]     0.9811,     0.9994,     0.2675,    02h17m39s
[ 99400,  0.0000726]     0.9834,     1.0000,     0.2612,    02h16m27s
[ 99500,  0.0000722]     0.9847,     1.0000,     0.2642,    02h16m22s
[ 99600,  0.0000719]     0.9866,     1.0000,     0.2548,    02h15m24s
[ 99700,  0.0000715]     0.9841,     1.0000,     0.2579,    02h15m10s
[ 99800,  0.0000712]     0.9830,     0.9998,     0.2580,    02h13m54s
[ 99900,  0.0000708]     0.9873,     1.0000,     0.2558,    02h13m26s
[100000,  0.0000705]     0.9845,     0.9997,     0.2600,    02h12m26s
org_dataset
850
Training with 850 image pairs
Validation MACE: 1.781564
[100100,  0.0000701]     0.9858,     0.9997,     0.2592,    02h10m42s
[100200,  0.0000698]     0.9858,     1.0000,     0.2548,    02h11m16s
[100300,  0.0000694]     0.9864,     0.9998,     0.2536,    02h11m00s
[100400,  0.0000691]     0.9842,     0.9994,     0.2599,    02h10m48s
[100500,  0.0000687]     0.9845,     1.0000,     0.2552,    02h09m34s
[100600,  0.0000684]     0.9867,     0.9998,     0.2470,    02h08m38s
[100700,  0.0000680]     0.9848,     1.0000,     0.2551,    03h52m53s
[100800,  0.0000677]     0.9861,     0.9997,     0.2555,    03h24m09s
[100900,  0.0000673]     0.9866,     1.0000,     0.2431,    02h07m41s
[101000,  0.0000670]     0.9872,     0.9995,     0.2523,    02h06m35s
[101100,  0.0000666]     0.9873,     1.0000,     0.2456,    02h05m53s
[101200,  0.0000663]     0.9881,     1.0000,     0.2493,    02h04m52s
[101300,  0.0000659]     0.9905,     0.9998,     0.2384,    02h03m43s
[101400,  0.0000656]     0.9884,     1.0000,     0.2460,    03h21m13s
[101500,  0.0000652]     0.9912,     0.9998,     0.2413,    04h07m00s
[101600,  0.0000649]     0.9873,     0.9997,     0.2453,    03h38m50s
[101700,  0.0000645]     0.9883,     1.0000,     0.2466,    02h25m33s
[101800,  0.0000642]     0.9880,     0.9998,     0.2460,    02h02m06s
[101900,  0.0000638]     0.9858,     0.9992,     0.2422,    02h01m06s
[102000,  0.0000635]     0.9884,     0.9998,     0.2351,    01h59m13s
[102100,  0.0000631]     0.9873,     0.9998,     0.2406,    01h58m26s
[102200,  0.0000628]     0.9875,     1.0000,     0.2429,    01h57m53s
[102300,  0.0000624]     0.9895,     0.9998,     0.2386,    01h58m45s
[102400,  0.0000621]     0.9859,     0.9997,     0.2419,    01h56m26s
[102500,  0.0000617]     0.9867,     1.0000,     0.2449,    01h57m21s
[102600,  0.0000614]     0.9903,     0.9998,     0.2287,    01h55m25s
[102700,  0.0000610]     0.9897,     1.0000,     0.2390,    01h54m38s
[102800,  0.0000607]     0.9889,     1.0000,     0.2367,    01h54m13s
[102900,  0.0000603]     0.9895,     1.0000,     0.2345,    01h53m11s
[103000,  0.0000600]     0.9895,     1.0000,     0.2315,    01h52m12s
[103100,  0.0000596]     0.9881,     1.0000,     0.2349,    01h52m23s
[103200,  0.0000593]     0.9912,     1.0000,     0.2272,    01h51m17s
[103300,  0.0000589]     0.9881,     0.9997,     0.2324,    01h51m08s
[103400,  0.0000585]     0.9883,     1.0000,     0.2332,    01h51m29s
[103500,  0.0000582]     0.9883,     1.0000,     0.2243,    01h49m44s
[103600,  0.0000578]     0.9898,     0.9998,     0.2292,    01h48m31s
[103700,  0.0000575]     0.9912,     0.9998,     0.2261,    01h49m26s
[103800,  0.0000571]     0.9903,     1.0000,     0.2246,    01h48m33s
[103900,  0.0000568]     0.9903,     1.0000,     0.2201,    02h09m33s
[104000,  0.0000564]     0.9892,     1.0000,     0.2249,    02h34m30s
[104100,  0.0000561]     0.9906,     0.9998,     0.2238,    03h22m21s
[104200,  0.0000557]     0.9931,     1.0000,     0.2147,    04h34m01s
[104300,  0.0000554]     0.9911,     0.9997,     0.2212,    04h33m42s
[104400,  0.0000550]     0.9898,     0.9998,     0.2227,    04h31m05s
[104500,  0.0000547]     0.9933,     0.9998,     0.2188,    04h28m49s
[104600,  0.0000543]     0.9912,     0.9998,     0.2155,    04h26m00s
[104700,  0.0000540]     0.9925,     1.0000,     0.2211,    04h25m57s
[104800,  0.0000536]     0.9917,     0.9998,     0.2168,    04h28m03s
[104900,  0.0000533]     0.9930,     1.0000,     0.2190,    04h22m08s
[105000,  0.0000529]     0.9920,     0.9998,     0.2193,    04h19m58s
[105100,  0.0000526]     0.9936,     0.9998,     0.2149,    04h17m33s
[105200,  0.0000522]     0.9922,     0.9998,     0.2133,    04h16m37s
[105300,  0.0000519]     0.9931,     1.0000,     0.2128,    04h15m16s
[105400,  0.0000515]     0.9909,     0.9998,     0.2134,    04h14m13s
[105500,  0.0000512]     0.9934,     1.0000,     0.2127,    04h11m41s
[105600,  0.0000508]     0.9941,     0.9998,     0.2099,    04h08m29s
[105700,  0.0000505]     0.9933,     0.9998,     0.2042,    04h06m50s
[105800,  0.0000501]     0.9948,     1.0000,     0.2120,    04h05m57s
[105900,  0.0000498]     0.9938,     1.0000,     0.2107,    04h04m27s
[106000,  0.0000494]     0.9936,     1.0000,     0.2067,    04h04m03s
[106100,  0.0000491]     0.9922,     0.9998,     0.2107,    04h01m18s
[106200,  0.0000487]     0.9932,     0.9998,     0.2046,    04h00m43s
[106300,  0.0000484]     0.9933,     1.0000,     0.2060,    03h58m00s
[106400,  0.0000480]     0.9947,     1.0000,     0.2078,    03h54m44s
[106500,  0.0000477]     0.9934,     0.9998,     0.2062,    03h53m07s
[106600,  0.0000473]     0.9942,     1.0000,     0.2034,    03h52m07s
[106700,  0.0000470]     0.9934,     1.0000,     0.2011,    03h50m02s
[106800,  0.0000466]     0.9939,     1.0000,     0.1970,    03h50m07s
[106900,  0.0000463]     0.9948,     1.0000,     0.1965,    03h46m39s
[107000,  0.0000459]     0.9912,     0.9998,     0.2012,    03h44m56s
[107100,  0.0000456]     0.9942,     0.9995,     0.2009,    03h44m35s
[107200,  0.0000452]     0.9944,     1.0000,     0.1954,    03h42m09s
[107300,  0.0000449]     0.9948,     1.0000,     0.1964,    03h40m47s
[107400,  0.0000445]     0.9944,     0.9998,     0.1957,    03h37m33s
[107500,  0.0000442]     0.9966,     1.0000,     0.1978,    03h37m24s
[107600,  0.0000438]     0.9945,     1.0000,     0.1915,    03h35m17s
[107700,  0.0000435]     0.9945,     1.0000,     0.1998,    03h33m07s
[107800,  0.0000431]     0.9938,     1.0000,     0.1924,    03h32m12s
[107900,  0.0000428]     0.9955,     1.0000,     0.1933,    03h30m13s
[108000,  0.0000424]     0.9961,     1.0000,     0.1884,    03h28m21s
[108100,  0.0000421]     0.9970,     1.0000,     0.1856,    03h26m38s
[108200,  0.0000417]     0.9942,     1.0000,     0.1920,    03h23m52s
[108300,  0.0000414]     0.9970,     0.9998,     0.1850,    03h22m42s
[108400,  0.0000410]     0.9933,     1.0000,     0.1905,    03h21m20s
[108500,  0.0000407]     0.9945,     1.0000,     0.1883,    03h18m51s
[108600,  0.0000403]     0.9944,     0.9997,     0.1870,    03h16m58s
[108700,  0.0000400]     0.9970,     1.0000,     0.1868,    03h16m40s
[108800,  0.0000396]     0.9967,     1.0000,     0.1826,    03h13m15s
[108900,  0.0000393]     0.9956,     0.9998,     0.1840,    03h12m38s
[109000,  0.0000389]     0.9973,     1.0000,     0.1791,    03h12m07s
[109100,  0.0000386]     0.9969,     1.0000,     0.1786,    03h10m19s
[109200,  0.0000382]     0.9962,     0.9998,     0.1796,    03h08m07s
[109300,  0.0000379]     0.9973,     1.0000,     0.1782,    03h05m57s
[109400,  0.0000375]     0.9966,     1.0000,     0.1792,    03h04m02s
[109500,  0.0000372]     0.9958,     1.0000,     0.1798,    03h02m01s
[109600,  0.0000368]     0.9970,     1.0000,     0.1734,    03h01m49s
[109700,  0.0000365]     0.9967,     1.0000,     0.1781,    03h38m30s
[109800,  0.0000361]     0.9969,     0.9998,     0.1720,    02h56m55s
[109900,  0.0000358]     0.9969,     0.9998,     0.1768,    02h55m42s
[110000,  0.0000354]     0.9973,     1.0000,     0.1713,    02h53m35s
org_dataset
850
Training with 850 image pairs
Validation MACE: 2.018291
[110100,  0.0000351]     0.9977,     0.9998,     0.1683,    02h51m59s
[110200,  0.0000347]     0.9961,     1.0000,     0.1749,    02h49m45s
[110300,  0.0000344]     0.9969,     1.0000,     0.1699,    02h47m47s
[110400,  0.0000340]     0.9981,     1.0000,     0.1717,    02h47m04s
[110500,  0.0000337]     0.9975,     1.0000,     0.1686,    02h44m42s
[110600,  0.0000333]     0.9981,     1.0000,     0.1645,    02h43m03s
[110700,  0.0000330]     0.9973,     0.9998,     0.1692,    01h52m19s
[110800,  0.0000326]     0.9981,     1.0000,     0.1638,    01h00m49s
[110900,  0.0000323]     0.9978,     1.0000,     0.1653,    01h00m21s
[111000,  0.0000319]     0.9978,     1.0000,     0.1642,    00h59m53s
[111100,  0.0000316]     0.9973,     0.9998,     0.1676,    00h59m00s
[111200,  0.0000312]     0.9981,     1.0000,     0.1620,    00h58m18s
[111300,  0.0000309]     0.9969,     1.0000,     0.1616,    01h08m27s
[111400,  0.0000305]     0.9980,     1.0000,     0.1622,    01h09m21s
[111500,  0.0000302]     0.9978,     0.9998,     0.1626,    00h56m33s
[111600,  0.0000298]     0.9977,     0.9998,     0.1597,    00h55m31s
[111700,  0.0000295]     0.9975,     1.0000,     0.1564,    00h55m02s
[111800,  0.0000291]     0.9975,     1.0000,     0.1589,    00h54m33s
[111900,  0.0000287]     0.9981,     0.9997,     0.1538,    00h53m49s
[112000,  0.0000284]     0.9983,     1.0000,     0.1532,    00h52m58s
[112100,  0.0000280]     0.9989,     1.0000,     0.1515,    00h52m30s
[112200,  0.0000277]     0.9981,     1.0000,     0.1533,    00h51m36s
[112300,  0.0000273]     0.9988,     1.0000,     0.1513,    00h51m00s
[112400,  0.0000270]     0.9975,     0.9998,     0.1496,    01h41m54s
[112500,  0.0000266]     0.9989,     0.9998,     0.1501,    02h10m59s
[112600,  0.0000263]     0.9983,     1.0000,     0.1524,    02h07m53s
[112700,  0.0000259]     0.9995,     1.0000,     0.1473,    02h06m25s
[112800,  0.0000256]     0.9986,     1.0000,     0.1432,    02h04m52s
[112900,  0.0000252]     0.9986,     1.0000,     0.1464,    02h02m40s
[113000,  0.0000249]     0.9991,     1.0000,     0.1435,    02h01m13s
[113100,  0.0000245]     0.9988,     1.0000,     0.1450,    02h00m18s
[113200,  0.0000242]     0.9978,     0.9998,     0.1461,    01h58m05s
[113300,  0.0000238]     0.9994,     1.0000,     0.1404,    01h55m46s
[113400,  0.0000235]     0.9989,     1.0000,     0.1417,    01h54m50s
[113500,  0.0000231]     0.9988,     1.0000,     0.1397,    01h52m40s
[113600,  0.0000228]     0.9989,     1.0000,     0.1387,    01h50m48s
[113700,  0.0000224]     0.9997,     1.0000,     0.1408,    01h49m04s
[113800,  0.0000221]     0.9989,     0.9998,     0.1368,    01h48m20s
[113900,  0.0000217]     0.9989,     1.0000,     0.1323,    01h45m50s
[114000,  0.0000214]     0.9984,     1.0000,     0.1348,    01h43m48s
[114100,  0.0000210]     0.9989,     1.0000,     0.1364,    01h43m05s
[114200,  0.0000207]     0.9997,     1.0000,     0.1334,    01h40m33s
[114300,  0.0000203]     0.9989,     0.9998,     0.1362,    01h38m32s
[114400,  0.0000200]     0.9995,     1.0000,     0.1359,    01h36m46s
[114500,  0.0000196]     0.9989,     1.0000,     0.1287,    01h35m31s
[114600,  0.0000193]     0.9994,     1.0000,     0.1289,    01h33m27s
[114700,  0.0000189]     0.9989,     1.0000,     0.1314,    01h32m04s
[114800,  0.0000186]     0.9997,     1.0000,     0.1271,    01h30m21s
[114900,  0.0000182]     0.9992,     1.0000,     0.1278,    01h28m33s
[115000,  0.0000179]     0.9991,     1.0000,     0.1262,    01h26m36s
[115100,  0.0000175]     0.9994,     1.0000,     0.1251,    01h24m38s
[115200,  0.0000172]     0.9995,     1.0000,     0.1236,    01h23m12s
[115300,  0.0000168]     0.9995,     1.0000,     0.1246,    01h21m23s
[115400,  0.0000165]     0.9992,     1.0000,     0.1250,    01h20m20s
[115500,  0.0000161]     0.9994,     1.0000,     0.1181,    01h18m12s
[115600,  0.0000158]     0.9988,     0.9998,     0.1225,    01h16m22s
[115700,  0.0000154]     0.9998,     1.0000,     0.1167,    01h14m18s
[115800,  0.0000151]     0.9998,     1.0000,     0.1172,    01h12m31s
[115900,  0.0000147]     1.0000,     1.0000,     0.1195,    01h11m21s
[116000,  0.0000144]     0.9998,     1.0000,     0.1148,    01h09m02s
[116100,  0.0000140]     0.9997,     1.0000,     0.1125,    01h08m41s
[116200,  0.0000137]     0.9998,     1.0000,     0.1147,    01h05m41s
[116300,  0.0000133]     0.9994,     1.0000,     0.1161,    01h03m58s
[116400,  0.0000130]     0.9995,     1.0000,     0.1146,    01h02m42s
[116500,  0.0000126]     0.9998,     1.0000,     0.1128,    01h00m39s
[116600,  0.0000123]     0.9992,     1.0000,     0.1102,    00h58m43s
[116700,  0.0000119]     0.9994,     1.0000,     0.1101,    00h57m18s
[116800,  0.0000116]     0.9992,     1.0000,     0.1103,    00h55m24s
[116900,  0.0000112]     0.9997,     1.0000,     0.1082,    00h53m51s
[117000,  0.0000109]     1.0000,     1.0000,     0.1082,    00h51m49s
[117100,  0.0000105]     0.9998,     1.0000,     0.1048,    00h50m13s
[117200,  0.0000102]     0.9994,     1.0000,     0.1056,    00h48m44s
[117300,  0.0000098]     0.9998,     1.0000,     0.1025,    00h46m55s
[117400,  0.0000095]     0.9992,     1.0000,     0.1057,    00h45m14s
[117500,  0.0000091]     0.9998,     1.0000,     0.1037,    00h43m07s
[117600,  0.0000088]     0.9997,     1.0000,     0.1063,    00h41m52s
[117700,  0.0000084]     0.9998,     1.0000,     0.0982,    00h39m41s
[117800,  0.0000081]     0.9997,     1.0000,     0.0993,    00h37m59s
[117900,  0.0000077]     0.9998,     1.0000,     0.0986,    00h36m22s
[118000,  0.0000074]     0.9995,     1.0000,     0.0993,    00h34m37s
[118100,  0.0000070]     0.9995,     1.0000,     0.1001,    00h32m54s
[118200,  0.0000067]     0.9997,     1.0000,     0.0977,    00h31m21s
[118300,  0.0000063]     0.9998,     1.0000,     0.0940,    00h29m26s
[118400,  0.0000060]     0.9997,     1.0000,     0.0968,    00h27m37s
[118500,  0.0000056]     0.9995,     1.0000,     0.0946,    00h25m54s
[118600,  0.0000053]     0.9998,     1.0000,     0.0911,    00h24m20s
[118700,  0.0000049]     0.9997,     1.0000,     0.0939,    00h22m35s
[118800,  0.0000046]     0.9998,     1.0000,     0.0899,    00h20m57s
[118900,  0.0000042]     0.9998,     1.0000,     0.0903,    00h19m02s
[119000,  0.0000039]     0.9998,     1.0000,     0.0887,    00h17m19s
[119100,  0.0000035]     0.9995,     1.0000,     0.0903,    00h08m50s
[119200,  0.0000032]     0.9995,     1.0000,     0.0899,    00h05m17s
[119300,  0.0000028]     0.9998,     1.0000,     0.0892,    00h04m39s
[119400,  0.0000025]     0.9998,     1.0000,     0.0873,    00h03m58s
[119500,  0.0000021]     0.9995,     1.0000,     0.0870,    00h03m18s
[119600,  0.0000018]     0.9997,     1.0000,     0.0873,    00h02m39s
[119700,  0.0000014]     0.9998,     1.0000,     0.0847,    00h01m59s
[119800,  0.0000011]     0.9997,     1.0000,     0.0866,    00h01m19s
[119900,  0.0000007]     0.9991,     1.0000,     0.0868,    00h00m39s
[120000,  0.0000004]     0.9998,     1.0000,     0.0838,    00h00m00s
org_dataset
850
Training with 850 image pairs
Validation MACE: 2.317194
