Parameter Count: 1292868
Training with 118287 image pairs
[   100,  0.0000223]     0.0009,     0.0054,    24.8918,    34h20m26s
[   200,  0.0000287]     0.0008,     0.0072,    24.5547,    34h25m35s
[   300,  0.0000351]     0.0013,     0.0098,    22.3208,    34h26m26s
[   400,  0.0000415]     0.0022,     0.0167,    19.5852,    34h25m57s
[   500,  0.0000479]     0.0039,     0.0273,    16.7015,    34h25m49s
[   600,  0.0000543]     0.0058,     0.0534,    14.6418,    34h24m18s
[   700,  0.0000607]     0.0108,     0.0800,    12.9049,    34h24m58s
[   800,  0.0000671]     0.0150,     0.1172,    11.4522,    34h22m00s
[   900,  0.0000735]     0.0266,     0.1748,    10.1208,    34h17m47s
[  1000,  0.0000799]     0.0411,     0.2344,     8.9452,    34h15m17s
[  1100,  0.0000863]     0.0498,     0.2995,     7.8740,    34h19m29s
[  1200,  0.0000927]     0.0470,     0.2867,     8.0474,    34h16m27s
[  1300,  0.0000991]     0.0652,     0.3641,     6.7961,    34h13m30s
[  1400,  0.0001055]     0.0584,     0.3533,     6.9786,    34h08m12s
[  1500,  0.0001119]     0.0675,     0.3980,     6.1692,    34h10m15s
[  1600,  0.0001183]     0.0780,     0.4152,     6.1524,    34h07m23s
[  1700,  0.0001247]     0.0708,     0.4034,     6.3006,    34h03m11s
[  1800,  0.0001311]     0.0745,     0.4269,     5.9543,    34h02m17s
[  1900,  0.0001375]     0.0791,     0.4363,     5.8182,    34h03m25s
[  2000,  0.0001439]     0.0758,     0.4223,     6.2496,    34h00m28s
[  2100,  0.0001502]     0.0839,     0.4544,     5.5740,    33h55m26s
[  2200,  0.0001566]     0.0850,     0.4747,     4.9358,    33h58m45s
[  2300,  0.0001630]     0.0814,     0.4556,     5.7555,    33h53m28s
[  2400,  0.0001694]     0.0906,     0.4802,     5.4433,    33h51m43s
[  2500,  0.0001758]     0.0955,     0.5103,     4.6613,    33h51m22s
[  2600,  0.0001822]     0.0798,     0.4869,     5.0709,    33h49m25s
[  2700,  0.0001886]     0.1011,     0.5222,     4.7876,    33h45m53s
[  2800,  0.0001950]     0.0892,     0.4958,     4.9410,    33h43m37s
[  2900,  0.0002014]     0.1027,     0.5306,     4.7448,    33h45m21s
[  3000,  0.0002078]     0.1069,     0.5373,     4.4562,    33h39m34s
[  3100,  0.0002142]     0.1020,     0.5425,     4.4329,    33h40m23s
[  3200,  0.0002206]     0.1005,     0.5323,     4.4258,    33h37m47s
[  3300,  0.0002270]     0.1077,     0.5552,     4.2693,    33h33m55s
[  3400,  0.0002334]     0.1087,     0.5534,     4.3922,    33h34m06s
[  3500,  0.0002398]     0.1178,     0.5909,     3.9816,    33h35m57s
[  3600,  0.0002462]     0.1123,     0.5630,     4.4278,    33h30m28s
[  3700,  0.0002526]     0.1113,     0.5700,     4.1898,    33h27m35s
[  3800,  0.0002590]     0.1158,     0.5605,     4.4658,    33h27m33s
[  3900,  0.0002654]     0.1066,     0.5437,     4.5945,    33h24m45s
[  4000,  0.0002718]     0.1142,     0.5602,     4.2421,    33h25m38s
[  4100,  0.0002782]     0.1202,     0.5631,     4.4765,    33h22m26s
[  4200,  0.0002846]     0.1223,     0.5978,     3.7495,    33h17m56s
[  4300,  0.0002910]     0.1270,     0.5914,     4.0208,    33h18m19s
[  4400,  0.0002973]     0.1320,     0.6275,     3.5597,    33h19m21s
[  4500,  0.0003037]     0.1453,     0.6283,     3.7218,    33h11m34s
[  4600,  0.0003101]     0.1388,     0.6150,     3.6502,    33h13m38s
[  4700,  0.0003165]     0.1380,     0.6327,     3.5440,    33h16m01s
[  4800,  0.0003229]     0.1436,     0.6356,     3.6386,    33h13m18s
[  4900,  0.0003293]     0.1308,     0.6073,     3.8504,    33h08m51s
[  5000,  0.0003357]     0.1319,     0.6139,     3.9418,    33h08m59s
[  5100,  0.0003421]     0.1384,     0.6411,     3.4619,    33h04m05s
[  5200,  0.0003485]     0.1539,     0.6419,     3.5261,    33h04m07s
[  5300,  0.0003549]     0.1441,     0.6394,     3.5331,    33h01m23s
[  5400,  0.0003613]     0.1566,     0.6458,     3.4431,    33h02m13s
[  5500,  0.0003677]     0.1358,     0.6369,     3.5237,    32h59m22s
[  5600,  0.0003741]     0.1562,     0.6545,     3.4564,    33h02m05s
[  5700,  0.0003805]     0.1481,     0.6445,     3.6214,    32h54m52s
[  5800,  0.0003869]     0.1595,     0.6583,     3.4174,    32h57m14s
[  5900,  0.0003933]     0.1616,     0.6714,     3.4427,    32h51m07s
[  6000,  0.0003997]     0.1592,     0.6623,     3.4448,    32h51m27s
[  6100,  0.0003997]     0.1514,     0.6389,     3.6620,    32h47m17s
[  6200,  0.0003993]     0.1502,     0.6469,     3.6964,    32h46m49s
[  6300,  0.0003990]     0.1638,     0.6775,     3.3160,    32h45m41s
[  6400,  0.0003986]     0.1622,     0.6505,     3.7555,    32h43m02s
[  6500,  0.0003983]     0.1328,     0.6188,     3.7328,    32h44m26s
[  6600,  0.0003979]     0.1706,     0.6827,     3.2365,    32h42m31s
[  6700,  0.0003976]     0.1631,     0.6741,     3.3843,    32h37m21s
[  6800,  0.0003972]     0.1702,     0.6898,     3.1870,    32h37m27s
[  6900,  0.0003969]     0.1780,     0.7002,     3.0352,    32h34m02s
[  7000,  0.0003965]     0.1837,     0.7039,     3.0361,    32h33m18s
[  7100,  0.0003962]     0.1847,     0.7159,     2.9020,    32h30m47s
[  7200,  0.0003958]     0.1663,     0.6637,     3.4366,    32h28m25s
[  7300,  0.0003955]     0.1797,     0.6894,     3.0292,    32h41m29s
[  7400,  0.0003951]     0.1817,     0.7052,     2.9963,    32h22m39s
[  7500,  0.0003948]     0.1969,     0.7248,     2.8789,    32h22m01s
[  7600,  0.0003944]     0.1959,     0.7208,     2.8930,    32h22m24s
[  7700,  0.0003941]     0.1933,     0.7103,     2.9200,    32h17m44s
[  7800,  0.0003937]     0.1964,     0.7156,     3.0374,    32h21m37s
[  7900,  0.0003934]     0.2117,     0.7327,     2.8355,    32h16m31s
[  8000,  0.0003930]     0.2006,     0.7283,     2.8884,    32h16m07s
[  8100,  0.0003927]     0.2037,     0.7163,     3.0396,    32h16m32s
[  8200,  0.0003923]     0.2156,     0.7292,     2.8895,    32h11m53s
[  8300,  0.0003920]     0.1953,     0.7330,     2.8096,    32h11m52s
[  8400,  0.0003916]     0.2108,     0.7347,     2.8636,    32h06m27s
[  8500,  0.0003913]     0.2091,     0.7377,     2.7384,    32h03m29s
[  8600,  0.0003909]     0.2106,     0.7362,     2.8582,    32h07m12s
[  8700,  0.0003906]     0.1877,     0.7262,     3.0671,    32h02m19s
[  8800,  0.0003902]     0.2225,     0.7538,     2.5501,    32h00m30s
[  8900,  0.0003899]     0.2200,     0.7378,     2.8059,    32h01m31s
[  9000,  0.0003895]     0.2066,     0.7516,     2.7154,    31h56m27s
[  9100,  0.0003891]     0.2228,     0.7492,     2.7020,    31h54m25s
[  9200,  0.0003888]     0.2156,     0.7444,     2.8472,    31h55m54s
[  9300,  0.0003884]     0.2141,     0.7414,     2.8364,    31h49m21s
[  9400,  0.0003881]     0.2175,     0.7339,     3.0240,    31h51m44s
[  9500,  0.0003877]     0.2211,     0.7409,     2.6925,    31h53m33s
[  9600,  0.0003874]     0.2317,     0.7605,     2.6301,    31h47m13s
[  9700,  0.0003870]     0.2373,     0.7688,     2.5990,    31h46m00s
[  9800,  0.0003867]     0.2170,     0.7514,     2.7506,    31h43m31s
[  9900,  0.0003863]     0.2311,     0.7631,     2.7393,    31h43m50s
[ 10000,  0.0003860]     0.2347,     0.7605,     2.7196,    32h15m43s
Validation MACE: 2.407538
[ 10100,  0.0003856]     0.2686,     0.7927,     2.3649,    31h38m06s
[ 10200,  0.0003853]     0.2530,     0.7886,     2.5665,    31h42m52s
[ 10300,  0.0003849]     0.2192,     0.7589,     2.6169,    31h37m49s
[ 10400,  0.0003846]     0.2364,     0.7766,     2.6230,    31h34m11s
[ 10500,  0.0003842]     0.2297,     0.7742,     2.6072,    31h31m39s
[ 10600,  0.0003839]     0.2519,     0.7712,     2.5502,    31h29m36s
[ 10700,  0.0003835]     0.2516,     0.7822,     2.5755,    31h27m46s
[ 10800,  0.0003832]     0.2475,     0.7723,     2.8457,    31h26m06s
[ 10900,  0.0003828]     0.2598,     0.7848,     2.4948,    31h28m19s
[ 11000,  0.0003825]     0.2367,     0.7555,     2.7523,    31h24m24s
[ 11100,  0.0003821]     0.2569,     0.7947,     2.5189,    31h25m57s
[ 11200,  0.0003818]     0.2619,     0.7877,     2.4395,    31h21m31s
[ 11300,  0.0003814]     0.2627,     0.7977,     2.3295,    31h19m33s
[ 11400,  0.0003811]     0.2633,     0.7966,     2.4128,    31h18m11s
[ 11500,  0.0003807]     0.2730,     0.8084,     2.3268,    32h37m08s
[ 11600,  0.0003804]     0.2850,     0.8094,     2.2259,    31h13m32s
[ 11700,  0.0003800]     0.2833,     0.7997,     2.3790,    31h12m13s
[ 11800,  0.0003797]     0.2895,     0.8127,     2.2904,    31h11m09s
[ 11900,  0.0003793]     0.2866,     0.8067,     2.3223,    31h08m55s
[ 12000,  0.0003790]     0.3011,     0.8180,     2.3386,    31h07m03s
[ 12100,  0.0003786]     0.2797,     0.8028,     2.4047,    31h03m26s
[ 12200,  0.0003783]     0.3017,     0.8303,     2.1746,    31h05m52s
[ 12300,  0.0003779]     0.3141,     0.8220,     2.3414,    31h03m45s
[ 12400,  0.0003776]     0.3158,     0.8263,     2.2337,    32h10m27s
[ 12500,  0.0003772]     0.2998,     0.8172,     2.3696,    31h30m01s
[ 12600,  0.0003769]     0.3208,     0.8347,     2.1863,    31h01m13s
[ 12700,  0.0003765]     0.3250,     0.8344,     2.1485,    30h55m55s
[ 12800,  0.0003762]     0.3283,     0.8425,     2.0913,    30h52m13s
[ 12900,  0.0003758]     0.2986,     0.8095,     2.4206,    30h50m17s
[ 13000,  0.0003755]     0.2897,     0.8175,     2.3220,    30h50m42s
[ 13100,  0.0003751]     0.3117,     0.8303,     2.3114,    30h46m44s
[ 13200,  0.0003748]     0.3275,     0.8356,     2.1952,    30h48m26s
[ 13300,  0.0003744]     0.3294,     0.8472,     2.0881,    30h48m49s
[ 13400,  0.0003741]     0.3198,     0.8384,     2.1952,    30h45m34s
[ 13500,  0.0003737]     0.3172,     0.8352,     2.2724,    30h42m29s
[ 13600,  0.0003734]     0.3333,     0.8498,     2.0669,    30h39m12s
[ 13700,  0.0003730]     0.3423,     0.8475,     2.0701,    30h36m32s
[ 13800,  0.0003727]     0.3081,     0.8195,     2.3284,    30h34m42s
[ 13900,  0.0003723]     0.3278,     0.8525,     2.1570,    30h31m52s
[ 14000,  0.0003720]     0.3422,     0.8498,     2.0298,    30h34m19s
[ 14100,  0.0003716]     0.3400,     0.8470,     2.1063,    30h29m22s
[ 14200,  0.0003713]     0.3353,     0.8503,     2.0554,    30h30m09s
[ 14300,  0.0003709]     0.3558,     0.8539,     2.0569,    30h27m12s
[ 14400,  0.0003706]     0.3567,     0.8611,     2.0406,    30h24m54s
[ 14500,  0.0003702]     0.3500,     0.8561,     2.1874,    30h27m01s
[ 14600,  0.0003699]     0.3878,     0.8684,     1.9668,    30h22m42s
[ 14700,  0.0003695]     0.3725,     0.8678,     1.9320,    30h28m53s
[ 14800,  0.0003692]     0.3582,     0.8571,     2.0344,    30h22m30s
[ 14900,  0.0003688]     0.3719,     0.8727,     1.8885,    30h18m18s
[ 15000,  0.0003685]     0.3886,     0.8683,     2.0471,    30h16m57s
[ 15100,  0.0003681]     0.3862,     0.8769,     1.8834,    30h15m27s
[ 15200,  0.0003678]     0.3759,     0.8822,     1.9014,    30h13m18s
[ 15300,  0.0003674]     0.3727,     0.8667,     2.0772,    30h09m23s
[ 15400,  0.0003671]     0.3720,     0.8719,     1.8787,    30h07m17s
[ 15500,  0.0003667]     0.3773,     0.8775,     1.9631,    30h06m22s
[ 15600,  0.0003664]     0.3803,     0.8778,     1.8976,    30h05m52s
[ 15700,  0.0003660]     0.3850,     0.8648,     1.9891,    30h02m40s
[ 15800,  0.0003657]     0.3764,     0.8538,     2.0798,    30h03m02s
[ 15900,  0.0003653]     0.4113,     0.8794,     1.8588,    29h58m02s
[ 16000,  0.0003650]     0.3912,     0.8761,     1.8660,    29h55m20s
[ 16100,  0.0003646]     0.4055,     0.8808,     1.8358,    29h56m26s
[ 16200,  0.0003643]     0.4012,     0.8802,     1.8792,    29h55m08s
[ 16300,  0.0003639]     0.4152,     0.8870,     1.7569,    29h51m10s
[ 16400,  0.0003636]     0.4123,     0.8858,     1.8435,    29h52m47s
[ 16500,  0.0003632]     0.3944,     0.8772,     1.9211,    29h50m36s
[ 16600,  0.0003629]     0.4152,     0.8844,     1.8064,    29h44m57s
[ 16700,  0.0003625]     0.4180,     0.8878,     1.9327,    29h45m00s
[ 16800,  0.0003622]     0.4017,     0.8870,     1.8444,    29h45m41s
[ 16900,  0.0003618]     0.4130,     0.8864,     1.8595,    29h41m36s
[ 17000,  0.0003615]     0.4036,     0.8856,     1.7838,    29h40m04s
[ 17100,  0.0003611]     0.4095,     0.8858,     1.8920,    29h36m50s
[ 17200,  0.0003608]     0.3956,     0.8975,     1.7491,    29h39m34s
[ 17300,  0.0003604]     0.4255,     0.8919,     1.8113,    29h37m05s
[ 17400,  0.0003601]     0.4183,     0.8875,     1.8099,    29h36m26s
[ 17500,  0.0003597]     0.4088,     0.8906,     1.8309,    29h36m35s
[ 17600,  0.0003593]     0.4253,     0.8919,     1.7689,    29h28m31s
[ 17700,  0.0003590]     0.4470,     0.9078,     1.7053,    29h26m48s
[ 17800,  0.0003586]     0.4298,     0.9009,     1.6733,    29h26m23s
[ 17900,  0.0003583]     0.4556,     0.9130,     1.5494,    29h23m26s
[ 18000,  0.0003579]     0.4406,     0.9078,     1.6349,    29h23m03s
[ 18100,  0.0003576]     0.4439,     0.9042,     1.6792,    29h21m08s
[ 18200,  0.0003572]     0.4428,     0.9139,     1.6334,    29h17m20s
[ 18300,  0.0003569]     0.4548,     0.9111,     1.6425,    29h18m54s
[ 18400,  0.0003565]     0.4270,     0.9014,     1.7632,    29h16m04s
[ 18500,  0.0003562]     0.4444,     0.8975,     1.7127,    29h18m15s
[ 18600,  0.0003558]     0.4492,     0.9148,     1.6166,    29h13m49s
[ 18700,  0.0003555]     0.4478,     0.9012,     1.7838,    29h11m12s
[ 18800,  0.0003551]     0.4586,     0.9091,     1.7013,    29h12m09s
[ 18900,  0.0003548]     0.4289,     0.8981,     1.8356,    29h09m13s
[ 19000,  0.0003544]     0.4622,     0.9069,     1.7233,    29h07m33s
[ 19100,  0.0003541]     0.4469,     0.9128,     1.6025,    29h04m12s
[ 19200,  0.0003537]     0.4689,     0.9141,     1.5819,    29h05m19s
[ 19300,  0.0003534]     0.4497,     0.9047,     1.7753,    29h02m05s
[ 19400,  0.0003530]     0.4720,     0.9131,     1.6364,    28h57m32s
[ 19500,  0.0003527]     0.4606,     0.9077,     1.7011,    28h56m52s
[ 19600,  0.0003523]     0.4586,     0.9186,     1.5584,    28h56m28s
[ 19700,  0.0003520]     0.4900,     0.9227,     1.4734,    28h55m45s
[ 19800,  0.0003516]     0.4780,     0.9066,     1.6303,    28h51m14s
[ 19900,  0.0003513]     0.4855,     0.9203,     1.5474,    28h50m09s
[ 20000,  0.0003509]     0.4659,     0.9158,     1.6525,    29h20m29s
Validation MACE: 1.640600
[ 20100,  0.0003506]     0.4625,     0.9120,     1.6392,    29h05m03s
[ 20200,  0.0003502]     0.4589,     0.9083,     1.5989,    28h53m42s
[ 20300,  0.0003499]     0.4372,     0.9008,     1.7290,    28h46m11s
[ 20400,  0.0003495]     0.4934,     0.9216,     1.5398,    28h55m06s
[ 20500,  0.0003492]     0.5103,     0.9194,     1.6837,    28h39m37s
[ 20600,  0.0003488]     0.4689,     0.9056,     1.7025,    28h40m11s
[ 20700,  0.0003485]     0.4691,     0.9202,     1.5772,    28h35m48s
[ 20800,  0.0003481]     0.4802,     0.9286,     1.4960,    28h36m02s
[ 20900,  0.0003478]     0.4767,     0.9116,     1.6316,    28h32m36s
[ 21000,  0.0003474]     0.4955,     0.9180,     1.6055,    28h31m43s
[ 21100,  0.0003471]     0.5027,     0.9313,     1.3943,    28h33m57s
[ 21200,  0.0003467]     0.4881,     0.9183,     1.6053,    28h31m32s
[ 21300,  0.0003464]     0.4895,     0.9250,     1.4792,    28h28m37s
[ 21400,  0.0003460]     0.4788,     0.9156,     1.5738,    28h24m24s
[ 21500,  0.0003457]     0.4906,     0.9194,     1.5330,    28h34m39s
[ 21600,  0.0003453]     0.4981,     0.9219,     1.5188,    28h21m09s
[ 21700,  0.0003450]     0.5103,     0.9189,     1.5326,    28h17m59s
[ 21800,  0.0003446]     0.4953,     0.9202,     1.5211,    28h36m52s
[ 21900,  0.0003443]     0.5259,     0.9392,     1.3817,    28h20m01s
[ 22000,  0.0003439]     0.5061,     0.9245,     1.5131,    28h12m05s
[ 22100,  0.0003436]     0.5042,     0.9184,     1.5157,    28h24m39s
[ 22200,  0.0003432]     0.5019,     0.9209,     1.5386,    28h15m12s
[ 22300,  0.0003429]     0.4864,     0.9228,     1.6141,    28h07m00s
[ 22400,  0.0003425]     0.5161,     0.9261,     1.5139,    28h06m30s
[ 22500,  0.0003422]     0.5180,     0.9319,     1.4297,    28h05m02s
[ 22600,  0.0003418]     0.5098,     0.9217,     1.5236,    28h01m58s
[ 22700,  0.0003415]     0.5184,     0.9311,     1.4430,    27h58m40s
[ 22800,  0.0003411]     0.5067,     0.9181,     1.5149,    28h00m47s
[ 22900,  0.0003408]     0.4906,     0.9153,     1.5822,    27h58m55s
[ 23000,  0.0003404]     0.5017,     0.9303,     1.4870,    27h56m59s
[ 23100,  0.0003401]     0.4878,     0.9192,     1.4721,    27h54m30s
[ 23200,  0.0003397]     0.5003,     0.9248,     1.5108,    27h53m40s
[ 23300,  0.0003394]     0.5255,     0.9298,     1.4794,    27h51m38s
[ 23400,  0.0003390]     0.5117,     0.9267,     1.5715,    27h53m19s
[ 23500,  0.0003387]     0.5322,     0.9344,     1.4484,    27h47m49s
[ 23600,  0.0003383]     0.5197,     0.9341,     1.4658,    27h46m02s
[ 23700,  0.0003380]     0.5220,     0.9308,     1.3999,    27h43m00s
[ 23800,  0.0003376]     0.5189,     0.9236,     1.4423,    27h41m43s
[ 23900,  0.0003373]     0.5144,     0.9269,     1.4786,    27h40m54s
[ 24000,  0.0003369]     0.5209,     0.9283,     1.5331,    27h41m35s
[ 24100,  0.0003366]     0.5258,     0.9372,     1.3921,    27h38m45s
[ 24200,  0.0003362]     0.5327,     0.9339,     1.3795,    27h35m38s
[ 24300,  0.0003359]     0.5363,     0.9369,     1.3556,    27h35m08s
[ 24400,  0.0003355]     0.5394,     0.9395,     1.3650,    27h33m20s
[ 24500,  0.0003352]     0.5481,     0.9452,     1.3547,    27h32m03s
[ 24600,  0.0003348]     0.5350,     0.9364,     1.4299,    27h31m12s
[ 24700,  0.0003345]     0.5450,     0.9372,     1.3748,    27h25m56s
[ 24800,  0.0003341]     0.5361,     0.9389,     1.3478,    27h24m47s
[ 24900,  0.0003338]     0.5406,     0.9350,     1.4705,    27h23m12s
[ 25000,  0.0003334]     0.5339,     0.9366,     1.4301,    27h23m54s
[ 25100,  0.0003331]     0.5311,     0.9359,     1.3636,    27h19m53s
[ 25200,  0.0003327]     0.5563,     0.9425,     1.3295,    27h17m15s
[ 25300,  0.0003324]     0.5420,     0.9387,     1.3578,    27h15m27s
[ 25400,  0.0003320]     0.5509,     0.9344,     1.3459,    27h15m45s
[ 25500,  0.0003317]     0.5503,     0.9400,     1.3154,    27h15m39s
[ 25600,  0.0003313]     0.5458,     0.9339,     1.4805,    27h12m36s
[ 25700,  0.0003310]     0.5439,     0.9420,     1.3625,    27h07m59s
[ 25800,  0.0003306]     0.5597,     0.9427,     1.3394,    27h09m52s
[ 25900,  0.0003303]     0.5544,     0.9391,     1.3518,    27h08m54s
[ 26000,  0.0003299]     0.5573,     0.9308,     1.4820,    27h04m16s
[ 26100,  0.0003296]     0.5328,     0.9319,     1.4230,    27h05m28s
[ 26200,  0.0003292]     0.5567,     0.9427,     1.4075,    26h59m25s
[ 26300,  0.0003288]     0.5539,     0.9391,     1.3715,    26h59m23s
[ 26400,  0.0003285]     0.5558,     0.9344,     1.4064,    27h00m07s
[ 26500,  0.0003281]     0.5678,     0.9469,     1.3231,    26h53m45s
[ 26600,  0.0003278]     0.5713,     0.9406,     1.3502,    26h53m02s
[ 26700,  0.0003274]     0.5497,     0.9347,     1.3589,    26h55m02s
[ 26800,  0.0003271]     0.5594,     0.9439,     1.2763,    26h50m09s
[ 26900,  0.0003267]     0.5645,     0.9453,     1.3572,    26h48m12s
[ 27000,  0.0003264]     0.5725,     0.9433,     1.3484,    26h48m34s
[ 27100,  0.0003260]     0.5825,     0.9448,     1.3205,    26h48m22s
[ 27200,  0.0003257]     0.5636,     0.9447,     1.3155,    26h43m17s
[ 27300,  0.0003253]     0.5545,     0.9403,     1.3881,    26h43m37s
[ 27400,  0.0003250]     0.5548,     0.9413,     1.3675,    26h41m00s
[ 27500,  0.0003246]     0.5702,     0.9494,     1.2428,    26h38m23s
[ 27600,  0.0003243]     0.5819,     0.9475,     1.3390,    26h37m12s
[ 27700,  0.0003239]     0.5752,     0.9406,     1.3336,    26h35m28s
[ 27800,  0.0003236]     0.5622,     0.9347,     1.3678,    26h35m44s
[ 27900,  0.0003232]     0.5639,     0.9458,     1.3632,    26h32m06s
[ 28000,  0.0003229]     0.5723,     0.9427,     1.4099,    26h28m03s
[ 28100,  0.0003225]     0.5569,     0.9466,     1.2930,    26h30m38s
[ 28200,  0.0003222]     0.5759,     0.9441,     1.3919,    26h25m29s
[ 28300,  0.0003218]     0.5806,     0.9473,     1.2601,    26h24m02s
[ 28400,  0.0003215]     0.5930,     0.9525,     1.2160,    26h23m09s
[ 28500,  0.0003211]     0.5772,     0.9517,     1.2191,    26h20m30s
[ 28600,  0.0003208]     0.5891,     0.9430,     1.3328,    26h20m10s
[ 28700,  0.0003204]     0.5400,     0.9367,     1.4302,    26h19m25s
[ 28800,  0.0003201]     0.5813,     0.9489,     1.2745,    26h15m35s
[ 28900,  0.0003197]     0.5872,     0.9470,     1.3407,    26h16m22s
[ 29000,  0.0003194]     0.5959,     0.9480,     1.2532,    26h11m17s
[ 29100,  0.0003190]     0.5816,     0.9466,     1.2995,    26h11m58s
[ 29200,  0.0003187]     0.5908,     0.9486,     1.2861,    26h10m18s
[ 29300,  0.0003183]     0.5852,     0.9505,     1.2532,    26h08m12s
[ 29400,  0.0003180]     0.5692,     0.9433,     1.3918,    26h04m56s
[ 29500,  0.0003176]     0.5814,     0.9509,     1.2382,    26h11m04s
[ 29600,  0.0003173]     0.5948,     0.9485,     1.3200,    26h04m47s
[ 29700,  0.0003169]     0.5814,     0.9525,     1.2718,    26h00m25s
[ 29800,  0.0003166]     0.5934,     0.9484,     1.3055,    26h00m13s
[ 29900,  0.0003162]     0.5992,     0.9494,     1.2459,    25h56m47s
[ 30000,  0.0003159]     0.5955,     0.9545,     1.2181,    26h34m00s
Validation MACE: 1.349944
[ 30100,  0.0003155]     0.5980,     0.9463,     1.2763,    25h51m24s
[ 30200,  0.0003152]     0.6103,     0.9528,     1.2123,    25h52m22s
[ 30300,  0.0003148]     0.6020,     0.9441,     1.2550,    25h54m23s
[ 30400,  0.0003145]     0.5864,     0.9473,     1.2520,    25h48m38s
[ 30500,  0.0003141]     0.6084,     0.9563,     1.1741,    25h46m02s
[ 30600,  0.0003138]     0.6144,     0.9570,     1.1601,    25h46m32s
[ 30700,  0.0003134]     0.6070,     0.9552,     1.2557,    25h43m17s
[ 30800,  0.0003131]     0.5944,     0.9495,     1.2557,    25h42m58s
[ 30900,  0.0003127]     0.5833,     0.9441,     1.3451,    25h41m20s
[ 31000,  0.0003124]     0.5936,     0.9492,     1.2739,    25h36m10s
[ 31100,  0.0003120]     0.6012,     0.9505,     1.3068,    25h38m23s
[ 31200,  0.0003117]     0.6220,     0.9567,     1.1360,    25h35m41s
[ 31300,  0.0003113]     0.6070,     0.9509,     1.2236,    25h31m31s
[ 31400,  0.0003110]     0.6181,     0.9567,     1.1988,    25h34m25s
[ 31500,  0.0003106]     0.6067,     0.9494,     1.2227,    25h28m17s
[ 31600,  0.0003103]     0.6181,     0.9516,     1.2214,    25h29m04s
[ 31700,  0.0003099]     0.5984,     0.9442,     1.2376,    25h27m09s
[ 31800,  0.0003096]     0.6080,     0.9508,     1.2267,    25h24m40s
[ 31900,  0.0003092]     0.6214,     0.9522,     1.2091,    25h20m12s
[ 32000,  0.0003089]     0.5988,     0.9475,     1.2965,    25h23m35s
[ 32100,  0.0003085]     0.6083,     0.9598,     1.1327,    25h20m20s
[ 32200,  0.0003082]     0.6188,     0.9633,     1.1629,    25h18m09s
[ 32300,  0.0003078]     0.6278,     0.9602,     1.1888,    25h17m15s
[ 32400,  0.0003075]     0.6312,     0.9547,     1.2230,    25h16m27s
[ 32500,  0.0003071]     0.6159,     0.9508,     1.2333,    25h13m44s
[ 32600,  0.0003068]     0.6083,     0.9545,     1.2173,    25h10m30s
[ 32700,  0.0003064]     0.6155,     0.9467,     1.2835,    25h06m36s
[ 32800,  0.0003061]     0.6330,     0.9583,     1.1661,    25h06m30s
[ 32900,  0.0003057]     0.6120,     0.9536,     1.2188,    25h04m02s
[ 33000,  0.0003054]     0.6038,     0.9489,     1.3388,    25h04m32s
[ 33100,  0.0003050]     0.6186,     0.9553,     1.1761,    25h01m33s
[ 33200,  0.0003047]     0.6230,     0.9530,     1.2763,    25h01m29s
[ 33300,  0.0003043]     0.6253,     0.9586,     1.1841,    24h58m49s
[ 33400,  0.0003040]     0.6416,     0.9592,     1.1467,    24h56m30s
[ 33500,  0.0003036]     0.6470,     0.9637,     1.0860,    24h55m27s
[ 33600,  0.0003033]     0.6173,     0.9495,     1.3183,    24h52m27s
[ 33700,  0.0003029]     0.6328,     0.9523,     1.2379,    24h53m42s
[ 33800,  0.0003026]     0.6202,     0.9591,     1.1669,    24h49m21s
[ 33900,  0.0003022]     0.6127,     0.9577,     1.1736,    24h48m47s
[ 34000,  0.0003019]     0.6375,     0.9583,     1.1682,    24h45m44s
[ 34100,  0.0003015]     0.6097,     0.9516,     1.2443,    24h47m24s
[ 34200,  0.0003012]     0.6277,     0.9513,     1.2083,    24h43m18s
[ 34300,  0.0003008]     0.6152,     0.9600,     1.1716,    24h40m47s
[ 34400,  0.0003005]     0.6077,     0.9492,     1.2860,    24h38m48s
[ 34500,  0.0003001]     0.6408,     0.9594,     1.1587,    24h37m26s
[ 34600,  0.0002998]     0.6277,     0.9552,     1.1679,    24h36m33s
[ 34700,  0.0002994]     0.6164,     0.9648,     1.1382,    24h34m26s
[ 34800,  0.0002990]     0.6231,     0.9609,     1.1692,    24h33m38s
[ 34900,  0.0002987]     0.6341,     0.9537,     1.1862,    24h35m11s
[ 35000,  0.0002983]     0.6322,     0.9597,     1.1592,    24h32m29s
[ 35100,  0.0002980]     0.6233,     0.9556,     1.2016,    24h24m09s
[ 35200,  0.0002976]     0.6255,     0.9558,     1.1569,    24h26m17s
[ 35300,  0.0002973]     0.6414,     0.9542,     1.1809,    24h24m14s
[ 35400,  0.0002969]     0.6158,     0.9552,     1.2600,    24h21m28s
[ 35500,  0.0002966]     0.6489,     0.9650,     1.0869,    24h20m31s
[ 35600,  0.0002962]     0.6423,     0.9628,     1.1346,    24h18m43s
[ 35700,  0.0002959]     0.6222,     0.9520,     1.1996,    24h17m14s
[ 35800,  0.0002955]     0.6344,     0.9598,     1.1340,    24h16m26s
[ 35900,  0.0002952]     0.6419,     0.9655,     1.1280,    24h15m38s
[ 36000,  0.0002948]     0.6420,     0.9628,     1.0829,    24h13m03s
[ 36100,  0.0002945]     0.6341,     0.9630,     1.1328,    24h11m52s
[ 36200,  0.0002941]     0.6362,     0.9581,     1.1554,    24h06m07s
[ 36300,  0.0002938]     0.6397,     0.9598,     1.1175,    24h07m38s
[ 36400,  0.0002934]     0.6417,     0.9656,     1.0984,    24h02m09s
[ 36500,  0.0002931]     0.6406,     0.9555,     1.1480,    24h06m45s
[ 36600,  0.0002927]     0.6380,     0.9606,     1.1213,    24h02m49s
[ 36700,  0.0002924]     0.6409,     0.9619,     1.0825,    24h01m12s
[ 36800,  0.0002920]     0.6552,     0.9673,     1.0472,    23h58m03s
[ 36900,  0.0002917]     0.6409,     0.9609,     1.1141,    24h05m26s
[ 37000,  0.0002913]     0.6228,     0.9634,     1.1432,    23h55m08s
[ 37100,  0.0002910]     0.6275,     0.9609,     1.1152,    23h52m03s
[ 37200,  0.0002906]     0.6497,     0.9637,     1.2170,    23h51m02s
[ 37300,  0.0002903]     0.6406,     0.9600,     1.1166,    23h48m11s
[ 37400,  0.0002899]     0.6444,     0.9653,     1.1083,    23h47m36s
[ 37500,  0.0002896]     0.6512,     0.9587,     1.1210,    23h45m57s
[ 37600,  0.0002892]     0.6495,     0.9641,     1.0853,    23h42m37s
[ 37700,  0.0002889]     0.6559,     0.9598,     1.1553,    23h43m32s
[ 37800,  0.0002885]     0.6461,     0.9605,     1.1519,    23h41m07s
[ 37900,  0.0002882]     0.6558,     0.9613,     1.1143,    23h39m22s
[ 38000,  0.0002878]     0.6703,     0.9647,     1.1092,    23h37m43s
[ 38100,  0.0002875]     0.6538,     0.9623,     1.1477,    23h35m44s
[ 38200,  0.0002871]     0.6455,     0.9633,     1.0835,    23h34m11s
[ 38300,  0.0002868]     0.6453,     0.9603,     1.1227,    23h31m46s
[ 38400,  0.0002864]     0.6670,     0.9628,     1.0616,    23h29m22s
[ 38500,  0.0002861]     0.6598,     0.9619,     1.1213,    23h31m55s
[ 38600,  0.0002857]     0.6609,     0.9636,     1.0779,    23h27m37s
[ 38700,  0.0002854]     0.6475,     0.9637,     1.1209,    23h26m53s
[ 38800,  0.0002850]     0.6725,     0.9666,     1.1091,    23h22m47s
[ 38900,  0.0002847]     0.6583,     0.9656,     1.0735,    23h23m39s
[ 39000,  0.0002843]     0.6658,     0.9642,     1.0803,    23h17m12s
[ 39100,  0.0002840]     0.6622,     0.9620,     1.1344,    23h20m48s
[ 39200,  0.0002836]     0.6622,     0.9650,     1.1038,    23h15m29s
[ 39300,  0.0002833]     0.6752,     0.9623,     1.1565,    23h16m03s
[ 39400,  0.0002829]     0.6734,     0.9717,     1.0061,    23h13m03s
[ 39500,  0.0002826]     0.6709,     0.9717,     1.0465,    23h08m22s
[ 39600,  0.0002822]     0.6709,     0.9692,     1.0969,    23h09m16s
[ 39700,  0.0002819]     0.6644,     0.9691,     1.0355,    23h08m44s
[ 39800,  0.0002815]     0.6652,     0.9655,     1.0731,    23h06m49s
[ 39900,  0.0002812]     0.6708,     0.9659,     1.1064,    23h05m38s
[ 40000,  0.0002808]     0.6742,     0.9642,     1.0630,    23h29m35s
Validation MACE: 1.108477
[ 40100,  0.0002805]     0.6608,     0.9675,     1.0299,    22h59m31s
[ 40200,  0.0002801]     0.6534,     0.9655,     1.0854,    23h00m13s
[ 40300,  0.0002798]     0.6617,     0.9645,     1.1268,    23h01m46s
[ 40400,  0.0002794]     0.6680,     0.9661,     1.0563,    22h55m50s
[ 40500,  0.0002791]     0.6598,     0.9659,     1.0796,    22h55m57s
[ 40600,  0.0002787]     0.6341,     0.9600,     1.1808,    22h51m48s
[ 40700,  0.0002784]     0.6666,     0.9666,     1.0675,    22h52m38s
[ 40800,  0.0002780]     0.6592,     0.9613,     1.1681,    22h49m36s
[ 40900,  0.0002777]     0.6763,     0.9683,     1.0720,    22h46m58s
[ 41000,  0.0002773]     0.6639,     0.9642,     1.1292,    22h49m30s
[ 41100,  0.0002770]     0.6717,     0.9716,     1.0419,    22h46m08s
[ 41200,  0.0002766]     0.6778,     0.9716,     1.0114,    22h43m49s
[ 41300,  0.0002763]     0.6913,     0.9705,     1.0158,    22h42m43s
[ 41400,  0.0002759]     0.6864,     0.9747,     0.9741,    22h38m08s
[ 41500,  0.0002756]     0.6719,     0.9600,     1.1288,    22h36m46s
[ 41600,  0.0002752]     0.6748,     0.9652,     1.0606,    22h36m03s
[ 41700,  0.0002749]     0.6795,     0.9691,     1.0373,    22h35m50s
[ 41800,  0.0002745]     0.6766,     0.9644,     1.0739,    22h31m52s
[ 41900,  0.0002742]     0.6809,     0.9692,     0.9973,    22h31m12s
[ 42000,  0.0002738]     0.6625,     0.9636,     1.1428,    22h27m22s
[ 42100,  0.0002735]     0.6958,     0.9675,     1.0088,    22h26m40s
[ 42200,  0.0002731]     0.6736,     0.9683,     1.0746,    22h25m14s
[ 42300,  0.0002728]     0.6798,     0.9664,     1.0527,    22h25m03s
[ 42400,  0.0002724]     0.6781,     0.9644,     1.0652,    22h23m02s
[ 42500,  0.0002721]     0.6827,     0.9664,     1.0747,    22h18m04s
[ 42600,  0.0002717]     0.6777,     0.9667,     1.0453,    22h19m31s
[ 42700,  0.0002714]     0.6870,     0.9703,     1.0007,    22h19m10s
[ 42800,  0.0002710]     0.6831,     0.9681,     1.0443,    22h16m05s
[ 42900,  0.0002707]     0.6844,     0.9677,     1.0537,    22h13m18s
[ 43000,  0.0002703]     0.6955,     0.9736,     1.0085,    22h11m13s
[ 43100,  0.0002700]     0.6845,     0.9694,     1.0058,    22h07m57s
[ 43200,  0.0002696]     0.6794,     0.9670,     1.0472,    22h06m31s
[ 43300,  0.0002692]     0.6858,     0.9669,     1.0307,    22h06m49s
[ 43400,  0.0002689]     0.6658,     0.9602,     1.0719,    22h05m16s
[ 43500,  0.0002685]     0.6683,     0.9569,     1.1582,    22h03m07s
[ 43600,  0.0002682]     0.6666,     0.9689,     1.0442,    22h00m48s
[ 43700,  0.0002678]     0.6973,     0.9686,     1.0386,    21h58m22s
[ 43800,  0.0002675]     0.6914,     0.9748,     0.9508,    21h57m20s
[ 43900,  0.0002671]     0.6831,     0.9686,     1.0096,    21h55m22s
[ 44000,  0.0002668]     0.6980,     0.9741,     0.9501,    21h54m51s
[ 44100,  0.0002664]     0.6852,     0.9683,     1.0789,    21h53m12s
[ 44200,  0.0002661]     0.6855,     0.9683,     0.9976,    21h49m33s
[ 44300,  0.0002657]     0.6833,     0.9648,     1.0989,    21h54m37s
[ 44400,  0.0002654]     0.6956,     0.9722,     1.0396,    21h46m31s
[ 44500,  0.0002650]     0.6983,     0.9695,     1.0293,    21h46m25s
[ 44600,  0.0002647]     0.6970,     0.9712,     0.9960,    21h43m41s
[ 44700,  0.0002643]     0.6913,     0.9661,     1.0910,    21h43m45s
[ 44800,  0.0002640]     0.6928,     0.9755,     0.9439,    21h42m06s
[ 44900,  0.0002636]     0.6969,     0.9719,     1.0126,    21h39m32s
[ 45000,  0.0002633]     0.6906,     0.9736,     0.9922,    21h33m26s
[ 45100,  0.0002629]     0.6961,     0.9753,     0.9418,    21h37m22s
[ 45200,  0.0002626]     0.7070,     0.9705,     0.9823,    21h32m38s
[ 45300,  0.0002622]     0.6917,     0.9695,     0.9897,    21h31m57s
[ 45400,  0.0002619]     0.7030,     0.9692,     1.0351,    21h29m35s
[ 45500,  0.0002615]     0.7134,     0.9791,     0.9197,    21h28m15s
[ 45600,  0.0002612]     0.6795,     0.9613,     1.0825,    21h27m09s
[ 45700,  0.0002608]     0.6914,     0.9723,     1.0588,    21h24m44s
[ 45800,  0.0002605]     0.6978,     0.9689,     0.9814,    21h23m58s
[ 45900,  0.0002601]     0.6931,     0.9708,     0.9869,    21h21m51s
[ 46000,  0.0002598]     0.7064,     0.9697,     1.0019,    21h20m43s
[ 46100,  0.0002594]     0.6991,     0.9712,     1.0440,    21h20m43s
[ 46200,  0.0002591]     0.6837,     0.9692,     1.0222,    21h20m29s
[ 46300,  0.0002587]     0.7120,     0.9697,     0.9987,    21h15m14s
[ 46400,  0.0002584]     0.6903,     0.9723,     0.9798,    21h14m26s
[ 46500,  0.0002580]     0.7019,     0.9698,     0.9961,    21h12m27s
[ 46600,  0.0002577]     0.6937,     0.9702,     1.0148,    21h08m43s
[ 46700,  0.0002573]     0.7202,     0.9770,     0.9545,    21h07m20s
[ 46800,  0.0002570]     0.6950,     0.9752,     0.9712,    21h04m51s
[ 46900,  0.0002566]     0.6980,     0.9719,     0.9557,    21h03m54s
[ 47000,  0.0002563]     0.6913,     0.9708,     0.9740,    21h06m17s
[ 47100,  0.0002559]     0.7031,     0.9673,     1.0125,    21h10m07s
[ 47200,  0.0002556]     0.7031,     0.9734,     0.9314,    21h06m39s
[ 47300,  0.0002552]     0.6937,     0.9705,     1.0436,    20h57m21s
[ 47400,  0.0002549]     0.7078,     0.9705,     0.9535,    20h56m29s
[ 47500,  0.0002545]     0.7058,     0.9750,     0.9650,    20h54m35s
[ 47600,  0.0002542]     0.7236,     0.9755,     0.9752,    20h51m00s
[ 47700,  0.0002538]     0.6973,     0.9745,     0.9758,    20h49m38s
[ 47800,  0.0002535]     0.7191,     0.9734,     1.0153,    20h48m49s
[ 47900,  0.0002531]     0.7027,     0.9739,     0.9767,    20h48m53s
[ 48000,  0.0002528]     0.7131,     0.9714,     1.0116,    20h45m48s
[ 48100,  0.0002524]     0.7091,     0.9778,     0.9302,    20h43m00s
[ 48200,  0.0002521]     0.6983,     0.9756,     0.9169,    20h41m43s
[ 48300,  0.0002517]     0.7041,     0.9720,     0.9847,    20h42m37s
[ 48400,  0.0002514]     0.6963,     0.9748,     0.9583,    20h37m56s
[ 48500,  0.0002510]     0.7242,     0.9683,     1.0500,    20h36m42s
[ 48600,  0.0002507]     0.7142,     0.9761,     0.9245,    20h35m51s
[ 48700,  0.0002503]     0.7106,     0.9742,     0.9791,    20h34m31s
[ 48800,  0.0002500]     0.7019,     0.9716,     0.9868,    20h32m09s
[ 48900,  0.0002496]     0.7159,     0.9702,     0.9545,    20h30m03s
[ 49000,  0.0002493]     0.7262,     0.9812,     0.8835,    20h38m35s
[ 49100,  0.0002489]     0.7087,     0.9772,     0.9368,    20h25m57s
[ 49200,  0.0002486]     0.7105,     0.9750,     0.9221,    20h24m34s
[ 49300,  0.0002482]     0.7036,     0.9738,     0.9590,    20h23m04s
[ 49400,  0.0002479]     0.7097,     0.9709,     1.0410,    20h22m46s
[ 49500,  0.0002475]     0.7083,     0.9719,     0.9885,    20h18m40s
[ 49600,  0.0002472]     0.7148,     0.9734,     0.9524,    20h18m38s
[ 49700,  0.0002468]     0.7091,     0.9727,     0.9848,    20h14m55s
[ 49800,  0.0002465]     0.6939,     0.9669,     1.0361,    20h14m23s
[ 49900,  0.0002461]     0.7141,     0.9730,     0.9438,    20h09m32s
[ 50000,  0.0002458]     0.7034,     0.9712,     1.0160,    20h35m52s
Validation MACE: 1.059105
[ 50100,  0.0002454]     0.7212,     0.9714,     0.9234,    20h06m37s
[ 50200,  0.0002451]     0.7195,     0.9764,     0.9059,    20h12m37s
[ 50300,  0.0002447]     0.6963,     0.9722,     1.0346,    20h07m28s
[ 50400,  0.0002444]     0.7166,     0.9758,     0.9587,    20h07m07s
[ 50500,  0.0002440]     0.7297,     0.9747,     0.9740,    20h02m45s
[ 50600,  0.0002437]     0.7205,     0.9744,     0.9829,    20h01m21s
[ 50700,  0.0002433]     0.6961,     0.9675,     1.0114,    19h59m33s
[ 50800,  0.0002430]     0.7144,     0.9758,     0.9011,    19h58m38s
[ 50900,  0.0002426]     0.7087,     0.9667,     1.1198,    19h54m48s
[ 51000,  0.0002423]     0.7175,     0.9764,     0.9774,    19h54m00s
[ 51100,  0.0002419]     0.7148,     0.9775,     0.9398,    19h50m36s
[ 51200,  0.0002416]     0.7206,     0.9795,     0.9017,    19h51m07s
[ 51300,  0.0002412]     0.7117,     0.9703,     1.0267,    20h05m05s
[ 51400,  0.0002409]     0.7278,     0.9727,     0.9304,    19h49m00s
[ 51500,  0.0002405]     0.7300,     0.9759,     0.9737,    19h45m17s
[ 51600,  0.0002402]     0.7158,     0.9728,     0.9751,    19h44m16s
[ 51700,  0.0002398]     0.7270,     0.9702,     0.9734,    19h48m53s
[ 51800,  0.0002395]     0.7297,     0.9769,     0.9438,    19h42m02s
[ 51900,  0.0002391]     0.7156,     0.9758,     0.9451,    19h37m06s
[ 52000,  0.0002387]     0.7153,     0.9717,     1.0021,    19h35m37s
[ 52100,  0.0002384]     0.7130,     0.9745,     0.9738,    19h33m41s
[ 52200,  0.0002380]     0.7352,     0.9789,     0.9041,    19h32m30s
[ 52300,  0.0002377]     0.7139,     0.9756,     0.9673,    19h31m54s
[ 52400,  0.0002373]     0.7114,     0.9736,     0.9492,    19h28m50s
[ 52500,  0.0002370]     0.7392,     0.9781,     0.9100,    19h27m49s
[ 52600,  0.0002366]     0.7170,     0.9733,     0.9362,    19h25m22s
[ 52700,  0.0002363]     0.7102,     0.9716,     0.9540,    19h25m51s
[ 52800,  0.0002359]     0.7239,     0.9705,     0.9589,    19h21m38s
[ 52900,  0.0002356]     0.7159,     0.9747,     0.9298,    19h21m29s
[ 53000,  0.0002352]     0.7333,     0.9778,     0.8805,    19h21m20s
[ 53100,  0.0002349]     0.7348,     0.9736,     0.9755,    19h18m21s
[ 53200,  0.0002345]     0.7369,     0.9766,     0.9364,    19h16m41s
[ 53300,  0.0002342]     0.7264,     0.9730,     0.9707,    19h15m55s
[ 53400,  0.0002338]     0.7289,     0.9759,     0.9122,    19h12m19s
[ 53500,  0.0002335]     0.7169,     0.9756,     0.9627,    19h11m11s
[ 53600,  0.0002331]     0.7377,     0.9731,     0.9625,    19h08m29s
[ 53700,  0.0002328]     0.7259,     0.9764,     0.9565,    19h29m56s
[ 53800,  0.0002324]     0.7238,     0.9756,     0.9643,    19h29m11s
[ 53900,  0.0002321]     0.7292,     0.9764,     0.9217,    19h26m10s
[ 54000,  0.0002317]     0.7294,     0.9778,     0.8886,    19h36m42s
[ 54100,  0.0002314]     0.7373,     0.9759,     0.9167,    19h03m22s
[ 54200,  0.0002310]     0.7252,     0.9705,     1.0455,    18h59m40s
[ 54300,  0.0002307]     0.7359,     0.9747,     0.9444,    18h58m26s
[ 54400,  0.0002303]     0.7359,     0.9786,     0.8843,    19h02m26s
[ 54500,  0.0002300]     0.7297,     0.9741,     0.9305,    18h55m43s
[ 54600,  0.0002296]     0.7259,     0.9766,     0.9059,    18h51m14s
[ 54700,  0.0002293]     0.7275,     0.9778,     0.9126,    18h50m12s
[ 54800,  0.0002289]     0.7464,     0.9744,     0.9928,    18h47m00s
[ 54900,  0.0002286]     0.7261,     0.9739,     0.9038,    18h45m30s
[ 55000,  0.0002282]     0.7234,     0.9752,     0.9952,    18h44m20s
[ 55100,  0.0002279]     0.7377,     0.9778,     0.9037,    18h43m20s
[ 55200,  0.0002275]     0.7262,     0.9750,     0.9433,    18h40m50s
[ 55300,  0.0002272]     0.7383,     0.9784,     0.8805,    18h38m34s
[ 55400,  0.0002268]     0.7355,     0.9778,     0.8872,    18h38m00s
[ 55500,  0.0002265]     0.7236,     0.9806,     0.8942,    18h36m13s
[ 55600,  0.0002261]     0.7409,     0.9762,     0.9606,    18h34m42s
[ 55700,  0.0002258]     0.7239,     0.9756,     0.8891,    18h34m23s
[ 55800,  0.0002254]     0.7312,     0.9773,     0.9233,    18h29m09s
[ 55900,  0.0002251]     0.7367,     0.9814,     0.8514,    18h28m53s
[ 56000,  0.0002247]     0.7400,     0.9766,     0.8852,    18h25m57s
[ 56100,  0.0002244]     0.7347,     0.9784,     0.8993,    18h26m05s
[ 56200,  0.0002240]     0.7348,     0.9733,     0.9941,    18h23m47s
[ 56300,  0.0002237]     0.7252,     0.9727,     0.9577,    18h22m47s
[ 56400,  0.0002233]     0.7320,     0.9797,     0.8525,    18h19m42s
[ 56500,  0.0002230]     0.7352,     0.9795,     0.8917,    18h19m34s
[ 56600,  0.0002226]     0.7377,     0.9769,     0.8857,    18h18m58s
[ 56700,  0.0002223]     0.7378,     0.9777,     0.8760,    18h16m49s
[ 56800,  0.0002219]     0.7339,     0.9773,     0.8832,    18h14m12s
[ 56900,  0.0002216]     0.7319,     0.9761,     0.9399,    18h09m57s
[ 57000,  0.0002212]     0.7283,     0.9761,     0.9296,    18h10m29s
[ 57100,  0.0002209]     0.7553,     0.9795,     0.8960,    18h08m37s
[ 57200,  0.0002205]     0.7420,     0.9769,     0.9408,    18h07m13s
[ 57300,  0.0002202]     0.7338,     0.9756,     0.9284,    18h04m57s
[ 57400,  0.0002198]     0.7491,     0.9788,     0.8548,    18h04m08s
[ 57500,  0.0002195]     0.7364,     0.9794,     0.9133,    18h00m49s
[ 57600,  0.0002191]     0.7342,     0.9786,     0.9109,    17h58m50s
[ 57700,  0.0002188]     0.7498,     0.9798,     0.8982,    17h57m37s
[ 57800,  0.0002184]     0.7427,     0.9809,     0.8503,    17h56m24s
[ 57900,  0.0002181]     0.7455,     0.9748,     0.9138,    17h53m51s
[ 58000,  0.0002177]     0.7395,     0.9805,     0.8779,    17h51m29s
[ 58100,  0.0002174]     0.7511,     0.9783,     0.8800,    17h50m51s
[ 58200,  0.0002170]     0.7523,     0.9781,     0.9063,    17h49m25s
[ 58300,  0.0002167]     0.7377,     0.9789,     0.8959,    17h46m03s
[ 58400,  0.0002163]     0.7325,     0.9795,     0.8830,    17h44m20s
[ 58500,  0.0002160]     0.7539,     0.9758,     0.9216,    17h44m44s
[ 58600,  0.0002156]     0.7445,     0.9791,     0.8985,    17h43m19s
[ 58700,  0.0002153]     0.7411,     0.9770,     0.9495,    17h39m37s
[ 58800,  0.0002149]     0.7480,     0.9786,     0.9092,    17h37m45s
[ 58900,  0.0002146]     0.7428,     0.9814,     0.8409,    17h37m41s
[ 59000,  0.0002142]     0.7345,     0.9780,     0.8951,    17h34m53s
[ 59100,  0.0002139]     0.7478,     0.9755,     0.9334,    17h42m18s
[ 59200,  0.0002135]     0.7515,     0.9758,     0.9133,    17h30m44s
[ 59300,  0.0002132]     0.7473,     0.9767,     0.8738,    17h29m06s
[ 59400,  0.0002128]     0.7544,     0.9762,     0.9244,    17h28m57s
[ 59500,  0.0002125]     0.7420,     0.9797,     0.8812,    17h27m00s
[ 59600,  0.0002121]     0.7512,     0.9758,     0.9272,    17h24m57s
[ 59700,  0.0002118]     0.7494,     0.9777,     0.8545,    17h23m04s
[ 59800,  0.0002114]     0.7564,     0.9816,     0.8698,    17h23m24s
[ 59900,  0.0002111]     0.7434,     0.9783,     0.9062,    17h21m21s
[ 60000,  0.0002107]     0.7572,     0.9803,     0.8710,    17h39m54s
Validation MACE: 0.757901
[ 60100,  0.0002104]     0.7541,     0.9817,     0.8232,    17h13m37s
[ 60200,  0.0002100]     0.7462,     0.9758,     0.8911,    17h14m35s
[ 60300,  0.0002097]     0.7534,     0.9803,     0.8607,    17h11m39s
[ 60400,  0.0002093]     0.7575,     0.9809,     0.8654,    17h11m00s
[ 60500,  0.0002089]     0.7547,     0.9797,     0.8665,    17h09m42s
[ 60600,  0.0002086]     0.7533,     0.9805,     0.8727,    17h06m39s
[ 60700,  0.0002082]     0.7597,     0.9803,     0.8596,    17h06m33s
[ 60800,  0.0002079]     0.7584,     0.9783,     0.8596,    17h02m54s
[ 60900,  0.0002075]     0.7575,     0.9800,     0.8521,    17h01m47s
[ 61000,  0.0002072]     0.7488,     0.9769,     0.8920,    17h02m10s
[ 61100,  0.0002068]     0.7544,     0.9775,     0.8734,    17h00m18s
[ 61200,  0.0002065]     0.7594,     0.9756,     0.9011,    16h57m43s
[ 61300,  0.0002061]     0.7494,     0.9812,     0.8580,    16h56m20s
[ 61400,  0.0002058]     0.7550,     0.9752,     0.8793,    16h52m36s
[ 61500,  0.0002054]     0.7455,     0.9772,     0.9010,    16h51m58s
[ 61600,  0.0002051]     0.7552,     0.9850,     0.8446,    16h49m56s
[ 61700,  0.0002047]     0.7589,     0.9814,     0.8118,    16h49m36s
[ 61800,  0.0002044]     0.7492,     0.9817,     0.8363,    16h47m27s
[ 61900,  0.0002040]     0.7425,     0.9770,     0.9345,    16h47m30s
[ 62000,  0.0002037]     0.7683,     0.9778,     0.8888,    16h44m48s
[ 62100,  0.0002033]     0.7473,     0.9838,     0.8539,    16h42m30s
[ 62200,  0.0002030]     0.7555,     0.9788,     0.8981,    16h38m54s
[ 62300,  0.0002026]     0.7591,     0.9805,     0.9209,    16h40m25s
[ 62400,  0.0002023]     0.7609,     0.9847,     0.8286,    16h36m30s
[ 62500,  0.0002019]     0.7620,     0.9834,     0.8570,    16h34m16s
[ 62600,  0.0002016]     0.7584,     0.9791,     0.8833,    16h32m19s
[ 62700,  0.0002012]     0.7464,     0.9736,     0.9397,    16h30m23s
[ 62800,  0.0002009]     0.7692,     0.9830,     0.8408,    16h29m23s
[ 62900,  0.0002005]     0.7598,     0.9817,     0.8403,    16h28m04s
[ 63000,  0.0002002]     0.7566,     0.9839,     0.8309,    16h27m01s
[ 63100,  0.0001998]     0.7723,     0.9819,     0.8305,    16h25m01s
[ 63200,  0.0001995]     0.7619,     0.9809,     0.8790,    16h23m43s
[ 63300,  0.0001991]     0.7567,     0.9816,     0.8250,    16h18m31s
[ 63400,  0.0001988]     0.7434,     0.9839,     0.8501,    16h21m42s
[ 63500,  0.0001984]     0.7536,     0.9811,     0.8480,    16h16m40s
[ 63600,  0.0001981]     0.7688,     0.9858,     0.8078,    16h15m33s
[ 63700,  0.0001977]     0.7558,     0.9788,     0.8723,    16h13m24s
[ 63800,  0.0001974]     0.7708,     0.9823,     0.8464,    16h13m19s
[ 63900,  0.0001970]     0.7605,     0.9805,     0.8562,    16h09m00s
[ 64000,  0.0001967]     0.7488,     0.9795,     0.8650,    16h09m33s
[ 64100,  0.0001963]     0.7636,     0.9784,     0.9192,    16h08m25s
[ 64200,  0.0001960]     0.7477,     0.9786,     0.8916,    16h03m13s
[ 64300,  0.0001956]     0.7634,     0.9806,     0.8158,    16h03m16s
[ 64400,  0.0001953]     0.7652,     0.9800,     0.9037,    16h00m46s
[ 64500,  0.0001949]     0.7673,     0.9811,     0.8928,    15h58m17s
[ 64600,  0.0001946]     0.7470,     0.9777,     0.9003,    15h56m53s
[ 64700,  0.0001942]     0.7673,     0.9795,     0.9001,    15h56m34s
[ 64800,  0.0001939]     0.7553,     0.9792,     0.8823,    15h55m06s
[ 64900,  0.0001935]     0.7600,     0.9812,     0.8202,    15h53m17s
[ 65000,  0.0001932]     0.7564,     0.9819,     0.8551,    15h51m15s
[ 65100,  0.0001928]     0.7542,     0.9856,     0.8177,    15h52m03s
[ 65200,  0.0001925]     0.7638,     0.9830,     0.8351,    15h48m32s
[ 65300,  0.0001921]     0.7633,     0.9827,     0.8082,    15h47m14s
[ 65400,  0.0001918]     0.7700,     0.9828,     0.8186,    15h45m55s
[ 65500,  0.0001914]     0.7622,     0.9809,     0.8086,    15h41m35s
[ 65600,  0.0001911]     0.7550,     0.9783,     0.9127,    15h40m46s
[ 65700,  0.0001907]     0.7686,     0.9803,     0.8447,    15h38m34s
[ 65800,  0.0001904]     0.7705,     0.9828,     0.8275,    15h36m48s
[ 65900,  0.0001900]     0.7695,     0.9795,     0.8353,    15h34m39s
[ 66000,  0.0001897]     0.7466,     0.9797,     0.8513,    15h34m46s
[ 66100,  0.0001893]     0.7681,     0.9806,     0.8593,    15h31m00s
[ 66200,  0.0001890]     0.7667,     0.9841,     0.7910,    15h30m52s
[ 66300,  0.0001886]     0.7773,     0.9847,     0.8318,    15h29m48s
[ 66400,  0.0001883]     0.7648,     0.9847,     0.8183,    15h26m44s
[ 66500,  0.0001879]     0.7669,     0.9825,     0.9037,    15h30m52s
[ 66600,  0.0001876]     0.7665,     0.9841,     0.8206,    15h25m48s
[ 66700,  0.0001872]     0.7675,     0.9788,     0.9082,    15h21m20s
[ 66800,  0.0001869]     0.7639,     0.9766,     0.8997,    15h19m51s
[ 66900,  0.0001865]     0.7686,     0.9797,     0.8208,    15h17m08s
[ 67000,  0.0001862]     0.7666,     0.9800,     0.8691,    15h16m13s
[ 67100,  0.0001858]     0.7712,     0.9855,     0.8102,    15h14m43s
[ 67200,  0.0001855]     0.7600,     0.9797,     0.8783,    15h12m24s
[ 67300,  0.0001851]     0.7584,     0.9838,     0.8183,    15h12m00s
[ 67400,  0.0001848]     0.7677,     0.9795,     0.8290,    15h09m48s
[ 67500,  0.0001844]     0.7814,     0.9862,     0.7885,    15h09m03s
[ 67600,  0.0001841]     0.7734,     0.9805,     0.8384,    15h06m18s
[ 67700,  0.0001837]     0.7667,     0.9828,     0.8565,    15h05m26s
[ 67800,  0.0001834]     0.7806,     0.9845,     0.8077,    15h02m52s
[ 67900,  0.0001830]     0.7797,     0.9808,     0.8295,    15h01m36s
[ 68000,  0.0001827]     0.7620,     0.9838,     0.8079,    14h58m23s
[ 68100,  0.0001823]     0.7742,     0.9809,     0.8670,    14h56m26s
[ 68200,  0.0001820]     0.7748,     0.9814,     0.8408,    14h55m34s
[ 68300,  0.0001816]     0.7703,     0.9830,     0.8156,    14h55m15s
[ 68400,  0.0001813]     0.7780,     0.9853,     0.7997,    14h51m57s
[ 68500,  0.0001809]     0.7708,     0.9814,     0.8249,    14h49m51s
[ 68600,  0.0001806]     0.7594,     0.9795,     0.8523,    14h47m44s
[ 68700,  0.0001802]     0.7659,     0.9825,     0.8148,    14h46m55s
[ 68800,  0.0001799]     0.7780,     0.9852,     0.8110,    14h45m28s
[ 68900,  0.0001795]     0.7861,     0.9828,     0.8250,    14h44m16s
[ 69000,  0.0001791]     0.7675,     0.9800,     0.8688,    14h40m55s
[ 69100,  0.0001788]     0.7716,     0.9834,     0.8097,    14h39m03s
[ 69200,  0.0001784]     0.7775,     0.9862,     0.8061,    14h37m53s
[ 69300,  0.0001781]     0.7645,     0.9816,     0.8857,    14h36m04s
[ 69400,  0.0001777]     0.7698,     0.9841,     0.8106,    14h35m40s
[ 69500,  0.0001774]     0.7855,     0.9841,     0.8236,    14h31m54s
[ 69600,  0.0001770]     0.7861,     0.9811,     0.8323,    14h31m06s
[ 69700,  0.0001767]     0.7733,     0.9848,     0.8270,    14h29m52s
[ 69800,  0.0001763]     0.7748,     0.9822,     0.8275,    14h27m19s
[ 69900,  0.0001760]     0.7806,     0.9820,     0.8616,    14h25m54s
[ 70000,  0.0001756]     0.7780,     0.9858,     0.8291,    14h44m08s
Validation MACE: 0.797701
[ 70100,  0.0001753]     0.7703,     0.9811,     0.8566,    14h22m17s
[ 70200,  0.0001749]     0.7734,     0.9825,     0.8315,    14h21m03s
[ 70300,  0.0001746]     0.7905,     0.9852,     0.7733,    14h19m52s
[ 70400,  0.0001742]     0.7766,     0.9820,     0.8337,    14h18m58s
[ 70500,  0.0001739]     0.7683,     0.9844,     0.8308,    14h16m37s
[ 70600,  0.0001735]     0.7792,     0.9858,     0.7615,    14h13m45s
[ 70700,  0.0001732]     0.7812,     0.9828,     0.8161,    14h13m00s
[ 70800,  0.0001728]     0.7717,     0.9841,     0.8144,    14h09m15s
[ 70900,  0.0001725]     0.7733,     0.9858,     0.8258,    14h08m54s
[ 71000,  0.0001721]     0.7655,     0.9800,     0.8729,    14h06m26s
[ 71100,  0.0001718]     0.7775,     0.9831,     0.8063,    14h04m37s
[ 71200,  0.0001714]     0.7664,     0.9780,     0.8442,    14h03m08s
[ 71300,  0.0001711]     0.7828,     0.9855,     0.7841,    14h02m11s
[ 71400,  0.0001707]     0.7762,     0.9827,     0.8212,    14h00m08s
[ 71500,  0.0001704]     0.7719,     0.9798,     0.8667,    13h57m25s
[ 71600,  0.0001700]     0.7672,     0.9809,     0.8444,    13h57m10s
[ 71700,  0.0001697]     0.7803,     0.9866,     0.7667,    13h55m09s
[ 71800,  0.0001693]     0.7939,     0.9839,     0.7971,    13h52m39s
[ 71900,  0.0001690]     0.7789,     0.9844,     0.8083,    13h51m28s
[ 72000,  0.0001686]     0.7817,     0.9838,     0.8170,    13h50m04s
[ 72100,  0.0001683]     0.7914,     0.9842,     0.8001,    13h48m22s
[ 72200,  0.0001679]     0.7805,     0.9809,     0.8570,    13h44m49s
[ 72300,  0.0001676]     0.7781,     0.9791,     0.8917,    13h44m33s
[ 72400,  0.0001672]     0.7756,     0.9827,     0.8230,    13h43m38s
[ 72500,  0.0001669]     0.7891,     0.9859,     0.7644,    13h41m34s
[ 72600,  0.0001665]     0.7837,     0.9833,     0.8072,    13h40m00s
[ 72700,  0.0001662]     0.7789,     0.9812,     0.8063,    13h37m33s
[ 72800,  0.0001658]     0.7761,     0.9844,     0.8031,    13h36m02s
[ 72900,  0.0001655]     0.7780,     0.9858,     0.7990,    13h34m24s
[ 73000,  0.0001651]     0.7809,     0.9819,     0.8550,    13h30m40s
[ 73100,  0.0001648]     0.7742,     0.9800,     0.8222,    13h31m13s
[ 73200,  0.0001644]     0.7881,     0.9866,     0.7602,    13h29m13s
[ 73300,  0.0001641]     0.7753,     0.9872,     0.7500,    13h27m02s
[ 73400,  0.0001637]     0.7805,     0.9836,     0.7774,    13h26m13s
[ 73500,  0.0001634]     0.7814,     0.9859,     0.7666,    13h23m44s
[ 73600,  0.0001630]     0.7906,     0.9834,     0.8112,    13h22m51s
[ 73700,  0.0001627]     0.7967,     0.9894,     0.7567,    13h21m03s
[ 73800,  0.0001623]     0.7917,     0.9862,     0.7739,    13h19m02s
[ 73900,  0.0001620]     0.7844,     0.9806,     0.8140,    13h21m35s
[ 74000,  0.0001616]     0.7901,     0.9858,     0.7744,    13h17m36s
[ 74100,  0.0001613]     0.7777,     0.9828,     0.8434,    13h12m57s
[ 74200,  0.0001609]     0.7827,     0.9862,     0.7691,    13h11m34s
[ 74300,  0.0001606]     0.7986,     0.9875,     0.7535,    13h11m17s
[ 74400,  0.0001602]     0.7911,     0.9844,     0.7673,    13h09m15s
[ 74500,  0.0001599]     0.7866,     0.9825,     0.8146,    13h06m53s
[ 74600,  0.0001595]     0.7800,     0.9836,     0.7920,    13h03m46s
[ 74700,  0.0001592]     0.7798,     0.9856,     0.7871,    13h01m52s
[ 74800,  0.0001588]     0.7848,     0.9819,     0.8336,    13h01m52s
[ 74900,  0.0001585]     0.7992,     0.9856,     0.7593,    13h00m24s
[ 75000,  0.0001581]     0.7823,     0.9864,     0.7989,    12h57m25s
[ 75100,  0.0001578]     0.7908,     0.9819,     0.7999,    12h55m54s
[ 75200,  0.0001574]     0.7845,     0.9841,     0.7671,    12h54m15s
[ 75300,  0.0001571]     0.7934,     0.9861,     0.8092,    12h52m54s
[ 75400,  0.0001567]     0.7786,     0.9877,     0.8106,    12h50m48s
[ 75500,  0.0001564]     0.7859,     0.9842,     0.7926,    12h48m49s
[ 75600,  0.0001560]     0.7981,     0.9869,     0.7373,    12h46m44s
[ 75700,  0.0001557]     0.7814,     0.9852,     0.8002,    12h45m42s
[ 75800,  0.0001553]     0.7758,     0.9842,     0.8051,    12h44m41s
[ 75900,  0.0001550]     0.7772,     0.9873,     0.7954,    12h41m47s
[ 76000,  0.0001546]     0.7855,     0.9858,     0.7938,    12h39m19s
[ 76100,  0.0001543]     0.7958,     0.9870,     0.7522,    12h39m12s
[ 76200,  0.0001539]     0.7995,     0.9878,     0.7661,    12h36m15s
[ 76300,  0.0001536]     0.7922,     0.9858,     0.7965,    12h34m30s
[ 76400,  0.0001532]     0.7952,     0.9856,     0.7898,    12h34m33s
[ 76500,  0.0001529]     0.7780,     0.9830,     0.8124,    12h31m17s
[ 76600,  0.0001525]     0.7853,     0.9820,     0.8110,    12h29m22s
[ 76700,  0.0001522]     0.7923,     0.9867,     0.7661,    12h27m48s
[ 76800,  0.0001518]     0.7792,     0.9866,     0.7762,    12h27m20s
[ 76900,  0.0001515]     0.7947,     0.9833,     0.7510,    12h24m17s
[ 77000,  0.0001511]     0.7897,     0.9820,     0.8108,    12h23m12s
[ 77100,  0.0001508]     0.7925,     0.9881,     0.7399,    12h20m44s
[ 77200,  0.0001504]     0.7880,     0.9844,     0.7684,    12h19m06s
[ 77300,  0.0001501]     0.7986,     0.9862,     0.7869,    12h17m33s
[ 77400,  0.0001497]     0.7853,     0.9847,     0.7769,    12h16m02s
[ 77500,  0.0001494]     0.7920,     0.9844,     0.8151,    12h14m08s
[ 77600,  0.0001490]     0.8034,     0.9888,     0.7134,    12h13m03s
[ 77700,  0.0001486]     0.7953,     0.9847,     0.7976,    12h10m58s
[ 77800,  0.0001483]     0.7884,     0.9859,     0.7542,    12h08m43s
[ 77900,  0.0001479]     0.7947,     0.9856,     0.7605,    12h07m20s
[ 78000,  0.0001476]     0.7995,     0.9903,     0.7435,    12h05m24s
[ 78100,  0.0001472]     0.7866,     0.9853,     0.7703,    12h04m25s
[ 78200,  0.0001469]     0.7947,     0.9884,     0.7428,    12h01m37s
[ 78300,  0.0001465]     0.7933,     0.9856,     0.7629,    12h00m41s
[ 78400,  0.0001462]     0.7963,     0.9845,     0.8270,    11h59m13s
[ 78500,  0.0001458]     0.7967,     0.9831,     0.7830,    11h57m08s
[ 78600,  0.0001455]     0.7977,     0.9877,     0.7368,    11h55m20s
[ 78700,  0.0001451]     0.7898,     0.9838,     0.7889,    11h54m40s
[ 78800,  0.0001448]     0.7917,     0.9834,     0.7873,    11h54m15s
[ 78900,  0.0001444]     0.8023,     0.9859,     0.7501,    11h49m57s
[ 79000,  0.0001441]     0.8063,     0.9873,     0.7378,    11h47m44s
[ 79100,  0.0001437]     0.7992,     0.9872,     0.7453,    11h46m44s
[ 79200,  0.0001434]     0.8017,     0.9844,     0.7779,    11h44m33s
[ 79300,  0.0001430]     0.8014,     0.9895,     0.7025,    11h42m59s
[ 79400,  0.0001427]     0.7972,     0.9859,     0.7598,    11h41m30s
[ 79500,  0.0001423]     0.7913,     0.9836,     0.7882,    11h40m52s
[ 79600,  0.0001420]     0.7894,     0.9831,     0.7863,    11h37m30s
[ 79700,  0.0001416]     0.7870,     0.9822,     0.8295,    11h35m32s
[ 79800,  0.0001413]     0.8008,     0.9848,     0.8182,    11h33m44s
[ 79900,  0.0001409]     0.8058,     0.9867,     0.7238,    11h31m46s
[ 80000,  0.0001406]     0.7986,     0.9830,     0.8253,    11h46m21s
Validation MACE: 0.644064
[ 80100,  0.0001402]     0.7970,     0.9861,     0.7378,    11h29m12s
[ 80200,  0.0001399]     0.7991,     0.9847,     0.7503,    11h27m54s
[ 80300,  0.0001395]     0.8055,     0.9873,     0.7570,    11h26m02s
[ 80400,  0.0001392]     0.8020,     0.9848,     0.7552,    11h23m46s
[ 80500,  0.0001388]     0.7877,     0.9820,     0.8238,    11h21m22s
[ 80600,  0.0001385]     0.7908,     0.9834,     0.7899,    11h20m03s
[ 80700,  0.0001381]     0.7878,     0.9852,     0.7956,    11h18m15s
[ 80800,  0.0001378]     0.7975,     0.9877,     0.7501,    11h17m43s
[ 80900,  0.0001374]     0.8020,     0.9875,     0.7569,    11h15m18s
[ 81000,  0.0001371]     0.7961,     0.9877,     0.7272,    11h12m41s
[ 81100,  0.0001367]     0.8055,     0.9886,     0.7339,    11h11m44s
[ 81200,  0.0001364]     0.7947,     0.9845,     0.7908,    11h10m43s
[ 81300,  0.0001360]     0.7952,     0.9844,     0.7554,    11h13m52s
[ 81400,  0.0001357]     0.8038,     0.9859,     0.7350,    11h08m04s
[ 81500,  0.0001353]     0.8027,     0.9877,     0.7417,    11h05m42s
[ 81600,  0.0001350]     0.8022,     0.9841,     0.7418,    11h03m41s
[ 81700,  0.0001346]     0.7944,     0.9825,     0.7976,    11h01m03s
[ 81800,  0.0001343]     0.7969,     0.9848,     0.7425,    10h59m36s
[ 81900,  0.0001339]     0.8084,     0.9861,     0.7411,    10h58m33s
[ 82000,  0.0001336]     0.7978,     0.9856,     0.7736,    10h55m48s
[ 82100,  0.0001332]     0.7973,     0.9869,     0.7879,    10h55m03s
[ 82200,  0.0001329]     0.8120,     0.9889,     0.6957,    10h52m04s
[ 82300,  0.0001325]     0.8050,     0.9861,     0.7492,    10h51m32s
[ 82400,  0.0001322]     0.8067,     0.9859,     0.7597,    10h49m07s
[ 82500,  0.0001318]     0.8011,     0.9862,     0.7684,    10h48m32s
[ 82600,  0.0001315]     0.8019,     0.9869,     0.7715,    10h46m38s
[ 82700,  0.0001311]     0.8108,     0.9889,     0.7039,    10h44m42s
[ 82800,  0.0001308]     0.8105,     0.9886,     0.7389,    10h43m21s
[ 82900,  0.0001304]     0.8072,     0.9884,     0.7327,    10h41m36s
[ 83000,  0.0001301]     0.8252,     0.9911,     0.6679,    10h38m50s
[ 83100,  0.0001297]     0.8122,     0.9859,     0.7665,    10h37m37s
[ 83200,  0.0001294]     0.8059,     0.9870,     0.7618,    10h37m41s
[ 83300,  0.0001290]     0.8008,     0.9852,     0.7420,    10h34m11s
[ 83400,  0.0001287]     0.7973,     0.9856,     0.7568,    10h32m56s
[ 83500,  0.0001283]     0.8155,     0.9905,     0.7099,    10h30m33s
[ 83600,  0.0001280]     0.7981,     0.9825,     0.7911,    10h28m35s
[ 83700,  0.0001276]     0.8181,     0.9892,     0.7333,    10h27m54s
[ 83800,  0.0001273]     0.7998,     0.9838,     0.7961,    10h27m10s
[ 83900,  0.0001269]     0.8147,     0.9870,     0.7222,    10h23m17s
[ 84000,  0.0001266]     0.8092,     0.9841,     0.7625,    10h21m58s
[ 84100,  0.0001262]     0.8073,     0.9856,     0.7598,    10h20m30s
[ 84200,  0.0001259]     0.7905,     0.9845,     0.7959,    10h18m29s
[ 84300,  0.0001255]     0.8030,     0.9869,     0.7458,    10h17m00s
[ 84400,  0.0001252]     0.8008,     0.9825,     0.7732,    10h14m25s
[ 84500,  0.0001248]     0.8073,     0.9853,     0.7659,    10h13m59s
[ 84600,  0.0001245]     0.8055,     0.9872,     0.7761,    10h12m18s
[ 84700,  0.0001241]     0.8237,     0.9883,     0.7085,    10h10m52s
[ 84800,  0.0001238]     0.8106,     0.9889,     0.7249,    10h08m38s
[ 84900,  0.0001234]     0.8102,     0.9848,     0.7873,    10h06m19s
[ 85000,  0.0001231]     0.8081,     0.9862,     0.7817,    10h04m53s
[ 85100,  0.0001227]     0.8197,     0.9880,     0.7264,    10h03m08s
[ 85200,  0.0001224]     0.8100,     0.9864,     0.7300,    10h02m25s
[ 85300,  0.0001220]     0.8053,     0.9872,     0.7248,    10h00m09s
[ 85400,  0.0001217]     0.8103,     0.9889,     0.6903,    09h58m25s
[ 85500,  0.0001213]     0.7889,     0.9806,     0.8351,    09h56m46s
[ 85600,  0.0001210]     0.8020,     0.9869,     0.7514,    09h54m38s
[ 85700,  0.0001206]     0.7975,     0.9859,     0.7547,    09h53m18s
[ 85800,  0.0001203]     0.8105,     0.9861,     0.7303,    09h51m26s
[ 85900,  0.0001199]     0.8231,     0.9912,     0.7006,    09h48m14s
[ 86000,  0.0001196]     0.8033,     0.9858,     0.7440,    09h47m59s
[ 86100,  0.0001192]     0.8022,     0.9870,     0.7609,    09h45m53s
[ 86200,  0.0001188]     0.8148,     0.9872,     0.7270,    09h43m58s
[ 86300,  0.0001185]     0.8100,     0.9892,     0.7271,    09h42m44s
[ 86400,  0.0001181]     0.8117,     0.9898,     0.7034,    09h39m42s
[ 86500,  0.0001178]     0.8023,     0.9866,     0.7191,    09h39m18s
[ 86600,  0.0001174]     0.8234,     0.9883,     0.7388,    09h37m28s
[ 86700,  0.0001171]     0.8014,     0.9856,     0.7555,    09h36m51s
[ 86800,  0.0001167]     0.8166,     0.9902,     0.6922,    09h33m43s
[ 86900,  0.0001164]     0.8092,     0.9903,     0.7148,    09h32m20s
[ 87000,  0.0001160]     0.8128,     0.9877,     0.7323,    09h30m11s
[ 87100,  0.0001157]     0.8167,     0.9850,     0.7497,    09h28m24s
[ 87200,  0.0001153]     0.8144,     0.9850,     0.7479,    09h26m31s
[ 87300,  0.0001150]     0.8127,     0.9864,     0.7336,    09h24m21s
[ 87400,  0.0001146]     0.8186,     0.9864,     0.7584,    09h23m45s
[ 87500,  0.0001143]     0.8022,     0.9869,     0.7888,    09h22m36s
[ 87600,  0.0001139]     0.8075,     0.9880,     0.7403,    09h19m29s
[ 87700,  0.0001136]     0.8153,     0.9883,     0.7163,    09h18m29s
[ 87800,  0.0001132]     0.8116,     0.9883,     0.7018,    09h16m35s
[ 87900,  0.0001129]     0.8067,     0.9873,     0.7276,    09h14m18s
[ 88000,  0.0001125]     0.8181,     0.9841,     0.7503,    09h12m32s
[ 88100,  0.0001122]     0.8159,     0.9866,     0.7389,    09h11m58s
[ 88200,  0.0001118]     0.8158,     0.9880,     0.7349,    09h09m44s
[ 88300,  0.0001115]     0.8192,     0.9866,     0.7345,    09h07m59s
[ 88400,  0.0001111]     0.8175,     0.9859,     0.7190,    09h06m35s
[ 88500,  0.0001108]     0.8158,     0.9866,     0.7492,    09h03m40s
[ 88600,  0.0001104]     0.8191,     0.9861,     0.7401,    09h02m26s
[ 88700,  0.0001101]     0.8178,     0.9861,     0.7490,    09h03m54s
[ 88800,  0.0001097]     0.8134,     0.9877,     0.7385,    09h02m25s
[ 88900,  0.0001094]     0.8209,     0.9864,     0.7315,    08h57m42s
[ 89000,  0.0001090]     0.8206,     0.9888,     0.7329,    08h55m38s
[ 89100,  0.0001087]     0.8092,     0.9867,     0.7368,    08h53m56s
[ 89200,  0.0001083]     0.8094,     0.9905,     0.6860,    08h53m40s
[ 89300,  0.0001080]     0.8111,     0.9867,     0.7479,    08h49m28s
[ 89400,  0.0001076]     0.8105,     0.9853,     0.7629,    08h49m24s
[ 89500,  0.0001073]     0.8148,     0.9859,     0.7250,    08h46m39s
[ 89600,  0.0001069]     0.8116,     0.9833,     0.7498,    08h45m27s
[ 89700,  0.0001066]     0.8145,     0.9870,     0.7518,    08h43m50s
[ 89800,  0.0001062]     0.8087,     0.9875,     0.7417,    08h43m33s
[ 89900,  0.0001059]     0.8153,     0.9900,     0.6918,    08h40m24s
[ 90000,  0.0001055]     0.8223,     0.9881,     0.7183,    08h48m32s
Validation MACE: 0.700860
[ 90100,  0.0001052]     0.8105,     0.9875,     0.7331,    08h36m38s
[ 90200,  0.0001048]     0.8163,     0.9883,     0.7129,    08h35m28s
[ 90300,  0.0001045]     0.8259,     0.9892,     0.7129,    08h33m50s
[ 90400,  0.0001041]     0.8197,     0.9894,     0.7059,    08h31m23s
[ 90500,  0.0001038]     0.8164,     0.9883,     0.7351,    08h31m15s
[ 90600,  0.0001034]     0.8253,     0.9912,     0.6796,    08h28m23s
[ 90700,  0.0001031]     0.8150,     0.9859,     0.7512,    08h25m59s
[ 90800,  0.0001027]     0.8106,     0.9891,     0.7243,    08h24m15s
[ 90900,  0.0001024]     0.8150,     0.9877,     0.7509,    08h23m22s
[ 91000,  0.0001020]     0.8139,     0.9902,     0.6960,    08h21m31s
[ 91100,  0.0001017]     0.8194,     0.9892,     0.7044,    08h19m44s
[ 91200,  0.0001013]     0.8194,     0.9873,     0.7073,    08h18m40s
[ 91300,  0.0001010]     0.8233,     0.9919,     0.6775,    08h16m25s
[ 91400,  0.0001006]     0.8209,     0.9867,     0.7300,    08h14m55s
[ 91500,  0.0001003]     0.8164,     0.9891,     0.6950,    08h13m35s
[ 91600,  0.0000999]     0.8141,     0.9897,     0.6910,    08h11m21s
[ 91700,  0.0000996]     0.8197,     0.9888,     0.7047,    08h09m39s
[ 91800,  0.0000992]     0.8289,     0.9897,     0.7086,    08h08m40s
[ 91900,  0.0000989]     0.8086,     0.9853,     0.7787,    08h05m30s
[ 92000,  0.0000985]     0.8058,     0.9891,     0.7120,    08h03m59s
[ 92100,  0.0000982]     0.8231,     0.9883,     0.7036,    08h01m47s
[ 92200,  0.0000978]     0.8144,     0.9897,     0.7208,    08h00m07s
[ 92300,  0.0000975]     0.8197,     0.9873,     0.7201,    07h58m52s
[ 92400,  0.0000971]     0.8209,     0.9894,     0.7054,    07h57m35s
[ 92500,  0.0000968]     0.8283,     0.9878,     0.7042,    07h55m41s
[ 92600,  0.0000964]     0.8144,     0.9852,     0.7276,    07h53m33s
[ 92700,  0.0000961]     0.8161,     0.9902,     0.7217,    07h52m29s
[ 92800,  0.0000957]     0.8209,     0.9883,     0.7081,    07h49m51s
[ 92900,  0.0000954]     0.8216,     0.9888,     0.6934,    07h48m49s
[ 93000,  0.0000950]     0.8227,     0.9894,     0.6801,    07h46m51s
[ 93100,  0.0000947]     0.8263,     0.9883,     0.7112,    07h45m12s
[ 93200,  0.0000943]     0.8206,     0.9930,     0.6592,    07h42m17s
[ 93300,  0.0000940]     0.8089,     0.9867,     0.7605,    07h42m00s
[ 93400,  0.0000936]     0.8286,     0.9875,     0.6979,    07h39m24s
[ 93500,  0.0000933]     0.8273,     0.9880,     0.7112,    07h38m38s
[ 93600,  0.0000929]     0.8222,     0.9900,     0.6861,    07h36m37s
[ 93700,  0.0000926]     0.8247,     0.9864,     0.7239,    07h35m03s
[ 93800,  0.0000922]     0.8231,     0.9878,     0.6952,    07h32m44s
[ 93900,  0.0000919]     0.8222,     0.9900,     0.7002,    07h30m55s
[ 94000,  0.0000915]     0.8173,     0.9917,     0.6879,    07h30m35s
[ 94100,  0.0000912]     0.8192,     0.9864,     0.7613,    07h27m47s
[ 94200,  0.0000908]     0.8328,     0.9909,     0.6622,    07h26m33s
[ 94300,  0.0000905]     0.8130,     0.9886,     0.7070,    07h29m04s
[ 94400,  0.0000901]     0.8141,     0.9880,     0.7304,    07h25m41s
[ 94500,  0.0000898]     0.8286,     0.9906,     0.6824,    07h24m29s
[ 94600,  0.0000894]     0.8234,     0.9902,     0.6720,    07h20m11s
[ 94700,  0.0000890]     0.8183,     0.9919,     0.6824,    07h18m16s
[ 94800,  0.0000887]     0.8172,     0.9886,     0.7097,    07h16m38s
[ 94900,  0.0000883]     0.8142,     0.9855,     0.7570,    07h17m09s
[ 95000,  0.0000880]     0.8287,     0.9898,     0.6928,    07h16m09s
[ 95100,  0.0000876]     0.8269,     0.9895,     0.7233,    07h16m06s
[ 95200,  0.0000873]     0.8242,     0.9880,     0.7147,    07h12m51s
[ 95300,  0.0000869]     0.8197,     0.9872,     0.7356,    07h08m14s
[ 95400,  0.0000866]     0.8244,     0.9908,     0.6792,    07h06m45s
[ 95500,  0.0000862]     0.8263,     0.9884,     0.7101,    07h04m01s
[ 95600,  0.0000859]     0.8114,     0.9875,     0.7504,    07h02m40s
[ 95700,  0.0000855]     0.8195,     0.9892,     0.7107,    07h00m37s
[ 95800,  0.0000852]     0.8281,     0.9892,     0.6974,    06h59m10s
[ 95900,  0.0000848]     0.8264,     0.9883,     0.6713,    06h56m29s
[ 96000,  0.0000845]     0.8170,     0.9873,     0.6991,    06h54m48s
[ 96100,  0.0000841]     0.8122,     0.9873,     0.7298,    06h55m15s
[ 96200,  0.0000838]     0.8157,     0.9911,     0.6781,    06h54m28s
[ 96300,  0.0000834]     0.8148,     0.9870,     0.7281,    06h54m23s
[ 96400,  0.0000831]     0.8197,     0.9883,     0.7150,    06h51m47s
[ 96500,  0.0000827]     0.8300,     0.9933,     0.6495,    06h50m33s
[ 96600,  0.0000824]     0.8250,     0.9883,     0.7015,    06h46m13s
[ 96700,  0.0000820]     0.8322,     0.9880,     0.7011,    06h43m55s
[ 96800,  0.0000817]     0.8280,     0.9925,     0.6519,    06h42m37s
[ 96900,  0.0000813]     0.8292,     0.9897,     0.6922,    06h39m08s
[ 97000,  0.0000810]     0.8203,     0.9883,     0.7333,    06h38m11s
[ 97100,  0.0000806]     0.8280,     0.9881,     0.7039,    06h36m35s
[ 97200,  0.0000803]     0.8341,     0.9931,     0.6588,    06h34m24s
[ 97300,  0.0000799]     0.8328,     0.9902,     0.7288,    06h32m50s
[ 97400,  0.0000796]     0.8308,     0.9922,     0.6656,    06h31m32s
[ 97500,  0.0000792]     0.8261,     0.9859,     0.7210,    06h29m35s
[ 97600,  0.0000789]     0.8330,     0.9877,     0.7024,    06h27m28s
[ 97700,  0.0000785]     0.8353,     0.9909,     0.6852,    06h25m29s
[ 97800,  0.0000782]     0.8181,     0.9889,     0.7384,    06h24m16s
[ 97900,  0.0000778]     0.8219,     0.9894,     0.7253,    06h22m52s
[ 98000,  0.0000775]     0.8306,     0.9916,     0.6603,    06h20m17s
[ 98100,  0.0000771]     0.8259,     0.9900,     0.6834,    06h19m43s
[ 98200,  0.0000768]     0.8247,     0.9898,     0.6842,    06h17m32s
[ 98300,  0.0000764]     0.8291,     0.9898,     0.6928,    06h16m03s
[ 98400,  0.0000761]     0.8294,     0.9900,     0.6793,    06h13m58s
[ 98500,  0.0000757]     0.8269,     0.9895,     0.6958,    06h11m24s
[ 98600,  0.0000754]     0.8277,     0.9900,     0.6674,    06h10m41s
[ 98700,  0.0000750]     0.8228,     0.9888,     0.6951,    06h12m08s
[ 98800,  0.0000747]     0.8378,     0.9906,     0.6640,    06h06m57s
[ 98900,  0.0000743]     0.8314,     0.9888,     0.6899,    06h06m59s
[ 99000,  0.0000740]     0.8278,     0.9917,     0.6671,    06h03m25s
[ 99100,  0.0000736]     0.8348,     0.9894,     0.7024,    06h01m32s
[ 99200,  0.0000733]     0.8308,     0.9889,     0.7035,    05h59m11s
[ 99300,  0.0000729]     0.8187,     0.9892,     0.6875,    05h57m35s
[ 99400,  0.0000726]     0.8323,     0.9892,     0.7080,    05h56m05s
[ 99500,  0.0000722]     0.8242,     0.9883,     0.7371,    05h55m01s
[ 99600,  0.0000719]     0.8258,     0.9898,     0.7113,    05h53m33s
[ 99700,  0.0000715]     0.8386,     0.9922,     0.6506,    05h51m37s
[ 99800,  0.0000712]     0.8269,     0.9873,     0.7037,    05h49m27s
[ 99900,  0.0000708]     0.8284,     0.9927,     0.6635,    05h48m44s
[100000,  0.0000705]     0.8247,     0.9892,     0.7160,    05h54m11s
Validation MACE: 0.670866
[100100,  0.0000701]     0.8336,     0.9909,     0.6595,    05h44m26s
[100200,  0.0000698]     0.8344,     0.9912,     0.6734,    05h43m13s
[100300,  0.0000694]     0.8325,     0.9922,     0.6506,    05h40m54s
[100400,  0.0000691]     0.8250,     0.9856,     0.7386,    05h39m14s
[100500,  0.0000687]     0.8303,     0.9920,     0.6551,    05h37m43s
[100600,  0.0000684]     0.8308,     0.9920,     0.6456,    05h36m23s
[100700,  0.0000680]     0.8330,     0.9883,     0.6857,    05h34m06s
[100800,  0.0000677]     0.8247,     0.9897,     0.7417,    05h32m37s
[100900,  0.0000673]     0.8269,     0.9891,     0.6700,    05h30m44s
[101000,  0.0000670]     0.8184,     0.9875,     0.7147,    05h28m53s
[101100,  0.0000666]     0.8211,     0.9884,     0.7348,    05h26m50s
[101200,  0.0000663]     0.8314,     0.9889,     0.6728,    05h25m15s
[101300,  0.0000659]     0.8289,     0.9903,     0.6778,    05h23m34s
[101400,  0.0000656]     0.8327,     0.9897,     0.6879,    05h21m44s
[101500,  0.0000652]     0.8366,     0.9889,     0.6944,    05h20m37s
[101600,  0.0000649]     0.8194,     0.9898,     0.7384,    05h18m41s
[101700,  0.0000645]     0.8366,     0.9922,     0.6534,    05h16m23s
[101800,  0.0000642]     0.8339,     0.9898,     0.6641,    05h14m23s
[101900,  0.0000638]     0.8309,     0.9883,     0.6981,    05h13m23s
[102000,  0.0000635]     0.8417,     0.9909,     0.6648,    05h11m42s
[102100,  0.0000631]     0.8322,     0.9895,     0.6912,    05h10m01s
[102200,  0.0000628]     0.8336,     0.9912,     0.6881,    05h08m06s
[102300,  0.0000624]     0.8297,     0.9906,     0.6783,    05h06m13s
[102400,  0.0000621]     0.8353,     0.9906,     0.6590,    05h05m33s
[102500,  0.0000617]     0.8347,     0.9916,     0.6640,    05h02m49s
[102600,  0.0000614]     0.8383,     0.9916,     0.6447,    05h01m58s
[102700,  0.0000610]     0.8398,     0.9888,     0.6645,    05h01m32s
[102800,  0.0000607]     0.8302,     0.9905,     0.6737,    04h59m37s
[102900,  0.0000603]     0.8387,     0.9900,     0.6515,    04h57m09s
[103000,  0.0000600]     0.8384,     0.9909,     0.6646,    04h56m09s
[103100,  0.0000596]     0.8313,     0.9900,     0.6943,    04h53m53s
[103200,  0.0000593]     0.8402,     0.9898,     0.6895,    04h56m15s
[103300,  0.0000589]     0.8433,     0.9895,     0.6714,    04h53m37s
[103400,  0.0000585]     0.8387,     0.9892,     0.6770,    04h51m39s
[103500,  0.0000582]     0.8381,     0.9889,     0.7131,    04h46m50s
[103600,  0.0000578]     0.8334,     0.9920,     0.6409,    04h44m57s
[103700,  0.0000575]     0.8328,     0.9891,     0.7005,    04h42m04s
[103800,  0.0000571]     0.8359,     0.9884,     0.7063,    04h40m33s
[103900,  0.0000568]     0.8378,     0.9892,     0.6511,    04h39m29s
[104000,  0.0000564]     0.8283,     0.9894,     0.6751,    04h37m16s
[104100,  0.0000561]     0.8378,     0.9922,     0.6666,    04h35m05s
[104200,  0.0000557]     0.8377,     0.9906,     0.6650,    04h33m09s
[104300,  0.0000554]     0.8330,     0.9892,     0.6934,    04h31m43s
[104400,  0.0000550]     0.8387,     0.9881,     0.7039,    04h29m41s
[104500,  0.0000547]     0.8320,     0.9900,     0.6747,    04h27m51s
[104600,  0.0000543]     0.8400,     0.9909,     0.6595,    04h26m16s
[104700,  0.0000540]     0.8369,     0.9922,     0.6524,    04h24m33s
[104800,  0.0000536]     0.8350,     0.9912,     0.6885,    04h22m42s
[104900,  0.0000533]     0.8387,     0.9905,     0.6439,    04h20m55s
[105000,  0.0000529]     0.8313,     0.9906,     0.6883,    04h19m54s
[105100,  0.0000526]     0.8369,     0.9908,     0.6509,    04h17m56s
[105200,  0.0000522]     0.8339,     0.9891,     0.6850,    04h15m57s
[105300,  0.0000519]     0.8364,     0.9903,     0.6961,    04h14m18s
[105400,  0.0000515]     0.8378,     0.9898,     0.7046,    04h12m39s
[105500,  0.0000512]     0.8359,     0.9914,     0.6647,    04h10m55s
[105600,  0.0000508]     0.8355,     0.9919,     0.6502,    04h09m51s
[105700,  0.0000505]     0.8406,     0.9911,     0.6807,    04h07m58s
[105800,  0.0000501]     0.8377,     0.9894,     0.6794,    04h05m34s
[105900,  0.0000498]     0.8375,     0.9880,     0.6792,    04h03m55s
[106000,  0.0000494]     0.8341,     0.9927,     0.6439,    04h02m39s
[106100,  0.0000491]     0.8408,     0.9914,     0.6473,    04h00m28s
[106200,  0.0000487]     0.8348,     0.9922,     0.6463,    03h58m54s
[106300,  0.0000484]     0.8436,     0.9891,     0.6717,    03h57m39s
[106400,  0.0000480]     0.8331,     0.9908,     0.6568,    03h56m43s
[106500,  0.0000477]     0.8363,     0.9897,     0.6851,    03h54m40s
[106600,  0.0000473]     0.8475,     0.9909,     0.6582,    03h52m01s
[106700,  0.0000470]     0.8348,     0.9914,     0.6812,    03h50m40s
[106800,  0.0000466]     0.8430,     0.9908,     0.6541,    03h50m13s
[106900,  0.0000463]     0.8337,     0.9892,     0.6905,    03h47m51s
[107000,  0.0000459]     0.8342,     0.9903,     0.6801,    03h46m03s
[107100,  0.0000456]     0.8389,     0.9912,     0.6898,    03h45m38s
[107200,  0.0000452]     0.8402,     0.9919,     0.6993,    03h43m01s
[107300,  0.0000449]     0.8414,     0.9877,     0.7240,    03h41m36s
[107400,  0.0000445]     0.8395,     0.9922,     0.6341,    03h38m59s
[107500,  0.0000442]     0.8409,     0.9894,     0.7065,    03h36m11s
[107600,  0.0000438]     0.8333,     0.9919,     0.6681,    03h34m29s
[107700,  0.0000435]     0.8313,     0.9930,     0.6376,    03h32m55s
[107800,  0.0000431]     0.8452,     0.9895,     0.6685,    03h31m08s
[107900,  0.0000428]     0.8377,     0.9941,     0.6343,    03h29m11s
[108000,  0.0000424]     0.8314,     0.9906,     0.6660,    03h29m46s
[108100,  0.0000421]     0.8352,     0.9892,     0.6588,    03h27m01s
[108200,  0.0000417]     0.8452,     0.9925,     0.6369,    03h25m49s
[108300,  0.0000414]     0.8359,     0.9870,     0.7210,    03h24m44s
[108400,  0.0000410]     0.8488,     0.9933,     0.6524,    03h21m39s
[108500,  0.0000407]     0.8350,     0.9869,     0.7178,    03h20m55s
[108600,  0.0000403]     0.8427,     0.9903,     0.6701,    03h18m49s
[108700,  0.0000400]     0.8400,     0.9886,     0.7044,    03h15m44s
[108800,  0.0000396]     0.8450,     0.9923,     0.6359,    03h13m38s
[108900,  0.0000393]     0.8378,     0.9908,     0.6595,    03h12m47s
[109000,  0.0000389]     0.8439,     0.9916,     0.6521,    03h11m34s
[109100,  0.0000386]     0.8417,     0.9911,     0.6531,    03h08m30s
[109200,  0.0000382]     0.8344,     0.9920,     0.6505,    03h06m55s
[109300,  0.0000379]     0.8350,     0.9886,     0.6945,    03h05m20s
[109400,  0.0000375]     0.8438,     0.9927,     0.6532,    03h03m04s
[109500,  0.0000372]     0.8330,     0.9902,     0.6800,    03h01m30s
[109600,  0.0000368]     0.8381,     0.9866,     0.6905,    02h59m58s
[109700,  0.0000365]     0.8488,     0.9912,     0.6391,    02h59m07s
[109800,  0.0000361]     0.8306,     0.9900,     0.6778,    02h57m59s
[109900,  0.0000358]     0.8305,     0.9889,     0.6852,    02h56m09s
[110000,  0.0000354]     0.8303,     0.9933,     0.6532,    02h59m09s
Validation MACE: 0.621821
[110100,  0.0000351]     0.8380,     0.9928,     0.6547,    02h52m30s
[110200,  0.0000347]     0.8405,     0.9905,     0.6637,    02h49m59s
[110300,  0.0000344]     0.8409,     0.9909,     0.6734,    02h49m39s
[110400,  0.0000340]     0.8302,     0.9891,     0.6808,    02h47m31s
[110500,  0.0000337]     0.8488,     0.9923,     0.6371,    02h47m21s
[110600,  0.0000333]     0.8381,     0.9916,     0.6397,    02h42m53s
[110700,  0.0000330]     0.8409,     0.9905,     0.6657,    02h41m40s
[110800,  0.0000326]     0.8358,     0.9922,     0.6371,    02h39m57s
[110900,  0.0000323]     0.8411,     0.9923,     0.6343,    02h39m04s
[111000,  0.0000319]     0.8380,     0.9923,     0.6546,    02h38m27s
[111100,  0.0000316]     0.8277,     0.9888,     0.6773,    02h35m55s
[111200,  0.0000312]     0.8453,     0.9902,     0.6539,    02h33m26s
[111300,  0.0000309]     0.8484,     0.9897,     0.6604,    02h33m16s
[111400,  0.0000305]     0.8386,     0.9922,     0.6524,    02h29m57s
[111500,  0.0000302]     0.8367,     0.9892,     0.6703,    02h27m26s
[111600,  0.0000298]     0.8459,     0.9909,     0.6903,    02h25m41s
[111700,  0.0000295]     0.8466,     0.9917,     0.6367,    02h23m55s
[111800,  0.0000291]     0.8442,     0.9948,     0.6102,    02h22m03s
[111900,  0.0000287]     0.8336,     0.9908,     0.6687,    02h20m27s
[112000,  0.0000284]     0.8488,     0.9959,     0.6143,    02h18m36s
[112100,  0.0000280]     0.8409,     0.9909,     0.6390,    02h16m33s
[112200,  0.0000277]     0.8456,     0.9936,     0.6200,    02h15m12s
[112300,  0.0000273]     0.8442,     0.9930,     0.6279,    02h13m09s
[112400,  0.0000270]     0.8392,     0.9886,     0.6969,    02h11m36s
[112500,  0.0000266]     0.8420,     0.9908,     0.6592,    02h09m58s
[112600,  0.0000263]     0.8441,     0.9936,     0.6289,    02h08m00s
[112700,  0.0000259]     0.8477,     0.9922,     0.6652,    02h06m40s
[112800,  0.0000256]     0.8416,     0.9903,     0.6589,    02h04m48s
[112900,  0.0000252]     0.8337,     0.9881,     0.6754,    02h02m44s
[113000,  0.0000249]     0.8445,     0.9908,     0.6864,    02h01m01s
[113100,  0.0000245]     0.8483,     0.9917,     0.7035,    01h59m22s
[113200,  0.0000242]     0.8572,     0.9948,     0.6029,    01h58m02s
[113300,  0.0000238]     0.8397,     0.9922,     0.6569,    01h55m57s
[113400,  0.0000235]     0.8439,     0.9933,     0.6354,    01h54m24s
[113500,  0.0000231]     0.8341,     0.9909,     0.6632,    01h53m01s
[113600,  0.0000228]     0.8495,     0.9928,     0.6369,    01h52m00s
[113700,  0.0000224]     0.8420,     0.9894,     0.6660,    01h49m47s
[113800,  0.0000221]     0.8377,     0.9898,     0.6655,    01h48m21s
[113900,  0.0000217]     0.8408,     0.9919,     0.6576,    01h46m42s
[114000,  0.0000214]     0.8511,     0.9936,     0.6209,    01h44m58s
[114100,  0.0000210]     0.8400,     0.9912,     0.6766,    01h43m00s
[114200,  0.0000207]     0.8381,     0.9903,     0.6823,    01h43m39s
[114300,  0.0000203]     0.8439,     0.9923,     0.6407,    01h40m44s
[114400,  0.0000200]     0.8462,     0.9914,     0.6547,    01h37m23s
[114500,  0.0000196]     0.8383,     0.9922,     0.6648,    01h35m59s
[114600,  0.0000193]     0.8491,     0.9939,     0.6251,    01h34m37s
[114700,  0.0000189]     0.8408,     0.9897,     0.6828,    01h31m57s
[114800,  0.0000186]     0.8419,     0.9908,     0.6681,    01h30m12s
[114900,  0.0000182]     0.8383,     0.9911,     0.6558,    01h28m57s
[115000,  0.0000179]     0.8434,     0.9916,     0.6752,    01h26m49s
[115100,  0.0000175]     0.8498,     0.9906,     0.6307,    01h25m03s
[115200,  0.0000172]     0.8459,     0.9953,     0.6141,    01h23m55s
[115300,  0.0000168]     0.8431,     0.9906,     0.6374,    01h22m15s
[115400,  0.0000165]     0.8438,     0.9927,     0.6430,    01h20m18s
[115500,  0.0000161]     0.8456,     0.9891,     0.6581,    01h18m25s
[115600,  0.0000158]     0.8462,     0.9908,     0.6690,    01h16m54s
[115700,  0.0000154]     0.8527,     0.9950,     0.6096,    01h15m05s
[115800,  0.0000151]     0.8475,     0.9920,     0.6474,    01h14m06s
[115900,  0.0000147]     0.8486,     0.9892,     0.6571,    01h11m25s
[116000,  0.0000144]     0.8464,     0.9892,     0.6497,    01h09m35s
[116100,  0.0000140]     0.8483,     0.9905,     0.6700,    01h08m04s
[116200,  0.0000137]     0.8389,     0.9872,     0.6929,    01h06m15s
[116300,  0.0000133]     0.8447,     0.9909,     0.6509,    01h04m31s
[116400,  0.0000130]     0.8444,     0.9905,     0.6838,    01h02m51s
[116500,  0.0000126]     0.8552,     0.9900,     0.6655,    01h00m43s
[116600,  0.0000123]     0.8506,     0.9912,     0.6506,    00h58m51s
[116700,  0.0000119]     0.8494,     0.9931,     0.6338,    00h57m10s
[116800,  0.0000116]     0.8480,     0.9917,     0.6366,    00h55m26s
[116900,  0.0000112]     0.8475,     0.9917,     0.6596,    00h53m37s
[117000,  0.0000109]     0.8506,     0.9933,     0.6387,    00h51m57s
[117100,  0.0000105]     0.8461,     0.9894,     0.6765,    00h50m11s
[117200,  0.0000102]     0.8497,     0.9933,     0.6187,    00h48m28s
[117300,  0.0000098]     0.8470,     0.9930,     0.6314,    00h46m42s
[117400,  0.0000095]     0.8423,     0.9930,     0.6546,    00h45m00s
[117500,  0.0000091]     0.8497,     0.9945,     0.6198,    00h43m15s
[117600,  0.0000088]     0.8320,     0.9892,     0.6968,    00h41m31s
[117700,  0.0000084]     0.8442,     0.9914,     0.6403,    00h39m50s
[117800,  0.0000081]     0.8538,     0.9912,     0.6487,    00h38m03s
[117900,  0.0000077]     0.8522,     0.9950,     0.6114,    00h36m18s
[118000,  0.0000074]     0.8503,     0.9920,     0.6300,    00h34m40s
[118100,  0.0000070]     0.8419,     0.9898,     0.6790,    00h32m50s
[118200,  0.0000067]     0.8464,     0.9931,     0.6226,    00h31m09s
[118300,  0.0000063]     0.8570,     0.9939,     0.6046,    00h29m47s
[118400,  0.0000060]     0.8488,     0.9927,     0.6235,    00h27m36s
[118500,  0.0000056]     0.8527,     0.9903,     0.6971,    00h25m58s
[118600,  0.0000053]     0.8450,     0.9911,     0.6272,    00h24m14s
[118700,  0.0000049]     0.8570,     0.9925,     0.6489,    00h22m29s
[118800,  0.0000046]     0.8534,     0.9919,     0.6377,    00h20m44s
[118900,  0.0000042]     0.8433,     0.9933,     0.6263,    00h19m03s
[119000,  0.0000039]     0.8494,     0.9912,     0.6422,    00h17m19s
[119100,  0.0000035]     0.8503,     0.9941,     0.6245,    00h15m35s
[119200,  0.0000032]     0.8450,     0.9905,     0.6354,    00h13m49s
[119300,  0.0000028]     0.8411,     0.9881,     0.6855,    00h12m08s
[119400,  0.0000025]     0.8548,     0.9911,     0.6630,    00h10m28s
[119500,  0.0000021]     0.8536,     0.9914,     0.6569,    00h08m44s
[119600,  0.0000018]     0.8495,     0.9908,     0.6407,    00h06m58s
[119700,  0.0000014]     0.8495,     0.9917,     0.6451,    00h05m14s
[119800,  0.0000011]     0.8363,     0.9916,     0.6483,    00h03m29s
[119900,  0.0000007]     0.8414,     0.9917,     0.6482,    00h01m44s
[120000,  0.0000004]     0.8505,     0.9923,     0.6495,    00h00m00s
Validation MACE: 0.704461
