Parameter Count: 930114
Training with 118287 image pairs
[   100,  0.0000223]     0.0009,     0.0076,    25.0415,    12h49m34s
[   200,  0.0000287]     0.0009,     0.0070,    24.5397,    12h48m28s
[   300,  0.0000351]     0.0009,     0.0084,    22.9110,    13h41m06s
[   400,  0.0000415]     0.0017,     0.0158,    19.9851,    13h42m13s
[   500,  0.0000479]     0.0014,     0.0180,    18.2055,    13h45m40s
[   600,  0.0000543]     0.0027,     0.0288,    16.2157,    13h44m12s
[   700,  0.0000607]     0.0028,     0.0459,    14.4207,    13h47m53s
[   800,  0.0000671]     0.0106,     0.0720,    12.7770,    13h41m40s
[   900,  0.0000735]     0.0158,     0.1022,    11.5869,    13h39m14s
[  1000,  0.0000799]     0.0206,     0.1458,    10.1741,    13h45m29s
[  1100,  0.0000863]     0.0270,     0.1914,     9.4920,    13h44m18s
[  1200,  0.0000927]     0.0342,     0.2311,     8.3009,    13h56m16s
[  1300,  0.0000991]     0.0398,     0.2639,     7.6348,    13h44m39s
[  1400,  0.0001055]     0.0445,     0.2756,     7.4036,    13h44m30s
[  1500,  0.0001119]     0.0417,     0.2933,     6.9517,    13h40m47s
[  1600,  0.0001183]     0.0448,     0.3139,     6.4473,    13h41m53s
[  1700,  0.0001247]     0.0495,     0.3425,     5.7329,    13h37m50s
[  1800,  0.0001311]     0.0489,     0.3231,     5.8605,    13h40m52s
[  1900,  0.0001375]     0.0561,     0.3613,     5.3102,    13h42m14s
[  2000,  0.0001439]     0.0733,     0.4336,     4.8834,    13h37m37s
[  2100,  0.0001502]     0.0830,     0.4475,     4.7905,    13h35m51s
[  2200,  0.0001566]     0.0920,     0.4895,     4.4372,    13h40m32s
[  2300,  0.0001630]     0.0992,     0.4952,     4.3236,    13h38m26s
[  2400,  0.0001694]     0.1408,     0.5697,     3.8528,    13h32m23s
[  2500,  0.0001758]     0.1370,     0.5616,     3.9108,    13h35m15s
[  2600,  0.0001822]     0.1658,     0.6012,     3.7840,    13h36m05s
[  2700,  0.0001886]     0.1819,     0.6244,     3.6183,    13h33m01s
[  2800,  0.0001950]     0.1806,     0.6336,     3.5991,    13h35m29s
[  2900,  0.0002014]     0.2139,     0.6625,     3.4584,    13h32m09s
[  3000,  0.0002078]     0.2153,     0.6658,     3.3374,    13h30m53s
[  3100,  0.0002142]     0.2439,     0.6981,     3.0596,    13h33m11s
[  3200,  0.0002206]     0.2431,     0.7055,     3.0060,    13h26m34s
[  3300,  0.0002270]     0.2478,     0.7036,     2.9339,    13h33m35s
[  3400,  0.0002334]     0.2592,     0.7220,     2.9107,    13h28m09s
[  3500,  0.0002398]     0.2787,     0.7433,     2.7182,    13h31m32s
[  3600,  0.0002462]     0.2994,     0.7639,     2.6616,    13h23m42s
[  3700,  0.0002526]     0.3136,     0.7736,     2.6391,    13h25m24s
[  3800,  0.0002590]     0.3447,     0.7837,     2.6475,    13h25m43s
[  3900,  0.0002654]     0.3405,     0.7927,     2.5481,    13h25m51s
[  4000,  0.0002718]     0.3470,     0.7906,     2.4462,    13h23m38s
[  4100,  0.0002782]     0.3395,     0.7825,     2.4943,    13h23m19s
[  4200,  0.0002846]     0.3898,     0.8281,     2.1288,    13h21m43s
[  4300,  0.0002910]     0.3747,     0.8125,     2.4566,    13h21m20s
[  4400,  0.0002973]     0.3603,     0.8056,     2.2923,    13h26m10s
[  4500,  0.0003037]     0.3628,     0.8020,     2.4797,    13h24m53s
[  4600,  0.0003101]     0.3898,     0.8428,     2.1645,    13h18m38s
[  4700,  0.0003165]     0.3852,     0.8270,     2.2243,    13h17m06s
[  4800,  0.0003229]     0.4050,     0.8409,     2.1857,    13h17m38s
[  4900,  0.0003293]     0.3959,     0.8431,     2.1971,    13h12m22s
[  5000,  0.0003357]     0.3900,     0.8402,     2.3185,    13h15m22s
[  5100,  0.0003421]     0.3859,     0.8444,     2.0947,    13h16m03s
[  5200,  0.0003485]     0.4077,     0.8561,     1.8922,    13h16m17s
[  5300,  0.0003549]     0.3728,     0.8213,     2.2653,    13h19m44s
[  5400,  0.0003613]     0.4580,     0.8783,     1.8730,    13h15m46s
[  5500,  0.0003677]     0.4248,     0.8611,     2.0161,    13h20m16s
[  5600,  0.0003741]     0.4564,     0.8823,     1.8017,    13h20m36s
[  5700,  0.0003805]     0.4472,     0.8794,     1.8623,    13h17m12s
[  5800,  0.0003869]     0.4503,     0.8759,     1.8813,    13h09m13s
[  5900,  0.0003933]     0.4364,     0.8658,     1.9330,    13h13m11s
[  6000,  0.0003997]     0.4575,     0.8812,     1.8278,    13h09m13s
[  6100,  0.0003997]     0.4558,     0.8775,     1.8485,    13h11m05s
[  6200,  0.0003993]     0.4569,     0.8803,     1.8911,    13h09m01s
[  6300,  0.0003990]     0.4688,     0.8830,     1.7914,    13h08m50s
[  6400,  0.0003986]     0.4820,     0.8906,     1.7938,    13h08m29s
[  6500,  0.0003983]     0.4978,     0.8958,     1.7611,    13h01m59s
[  6600,  0.0003979]     0.4880,     0.8939,     1.7166,    13h02m58s
[  6700,  0.0003976]     0.5337,     0.9123,     1.5156,    13h07m51s
[  6800,  0.0003972]     0.5069,     0.8952,     1.8049,    13h05m04s
[  6900,  0.0003969]     0.5123,     0.9066,     1.5514,    13h00m25s
[  7000,  0.0003965]     0.5203,     0.9098,     1.5142,    13h02m18s
[  7100,  0.0003962]     0.4672,     0.9056,     1.6366,    13h07m34s
[  7200,  0.0003958]     0.5269,     0.9080,     1.5617,    13h01m54s
[  7300,  0.0003955]     0.5419,     0.9181,     1.5807,    12h58m24s
[  7400,  0.0003951]     0.5563,     0.9222,     1.4776,    13h03m55s
[  7500,  0.0003948]     0.5533,     0.9264,     1.4629,    12h59m07s
[  7600,  0.0003944]     0.5683,     0.9284,     1.4148,    13h01m00s
[  7700,  0.0003941]     0.5456,     0.9189,     1.5768,    13h03m30s
[  7800,  0.0003937]     0.5822,     0.9383,     1.2595,    13h01m27s
[  7900,  0.0003934]     0.5595,     0.9341,     1.3928,    12h56m01s
[  8000,  0.0003930]     0.5709,     0.9328,     1.4249,    12h59m05s
[  8100,  0.0003927]     0.5534,     0.9178,     1.5401,    12h51m22s
[  8200,  0.0003923]     0.5906,     0.9387,     1.3095,    12h58m19s
[  8300,  0.0003920]     0.5691,     0.9284,     1.4005,    12h53m06s
[  8400,  0.0003916]     0.5827,     0.9359,     1.3129,    12h50m38s
[  8500,  0.0003913]     0.5742,     0.9223,     1.4209,    12h51m47s
[  8600,  0.0003909]     0.5894,     0.9373,     1.3690,    12h53m39s
[  8700,  0.0003906]     0.5980,     0.9413,     1.2201,    12h52m32s
[  8800,  0.0003902]     0.5998,     0.9484,     1.2865,    12h53m38s
[  8900,  0.0003899]     0.6120,     0.9406,     1.2738,    12h49m04s
[  9000,  0.0003895]     0.6055,     0.9325,     1.3276,    12h48m00s
[  9100,  0.0003891]     0.6108,     0.9413,     1.2676,    12h47m11s
[  9200,  0.0003888]     0.6372,     0.9536,     1.1298,    12h47m14s
[  9300,  0.0003884]     0.6058,     0.9448,     1.2399,    12h50m27s
[  9400,  0.0003881]     0.6338,     0.9494,     1.2404,    12h43m15s
[  9500,  0.0003877]     0.6206,     0.9437,     1.2948,    12h46m33s
[  9600,  0.0003874]     0.6045,     0.9405,     1.2986,    12h47m26s
[  9700,  0.0003870]     0.6431,     0.9508,     1.1446,    12h46m20s
[  9800,  0.0003867]     0.6475,     0.9569,     1.1228,    12h46m34s
[  9900,  0.0003863]     0.6281,     0.9520,     1.1589,    12h43m27s
[ 10000,  0.0003860]     0.6592,     0.9528,     1.1072,    12h43m16s
Validation MACE: 1.024994
[ 10100,  0.0003856]     0.6388,     0.9552,     1.1040,    12h37m58s
[ 10200,  0.0003853]     0.6473,     0.9555,     1.1058,    12h42m41s
[ 10300,  0.0003849]     0.6444,     0.9519,     1.1365,    12h42m09s
[ 10400,  0.0003846]     0.6459,     0.9527,     1.1191,    12h43m52s
[ 10500,  0.0003842]     0.6489,     0.9567,     1.1816,    12h39m44s
[ 10600,  0.0003839]     0.6462,     0.9573,     1.1447,    12h40m48s
[ 10700,  0.0003835]     0.6525,     0.9536,     1.0937,    12h40m34s
[ 10800,  0.0003832]     0.6522,     0.9520,     1.2215,    12h43m17s
[ 10900,  0.0003828]     0.6462,     0.9545,     1.1022,    12h36m57s
[ 11000,  0.0003825]     0.6567,     0.9539,     1.1099,    12h34m42s
[ 11100,  0.0003821]     0.6697,     0.9642,     1.0827,    12h37m50s
[ 11200,  0.0003818]     0.6608,     0.9575,     1.1287,    12h35m39s
[ 11300,  0.0003814]     0.6736,     0.9592,     1.0943,    12h31m48s
[ 11400,  0.0003811]     0.6586,     0.9575,     1.1249,    12h29m39s
[ 11500,  0.0003807]     0.6652,     0.9627,     1.1319,    12h33m08s
[ 11600,  0.0003804]     0.6661,     0.9570,     1.0968,    12h35m41s
[ 11700,  0.0003800]     0.6564,     0.9595,     1.1184,    12h31m33s
[ 11800,  0.0003797]     0.6859,     0.9528,     1.1368,    12h39m09s
[ 11900,  0.0003793]     0.6695,     0.9561,     1.1790,    12h31m30s
[ 12000,  0.0003790]     0.6816,     0.9686,     1.0332,    12h31m47s
[ 12100,  0.0003786]     0.7167,     0.9661,     0.9673,    12h29m21s
[ 12200,  0.0003783]     0.6837,     0.9548,     1.1560,    12h31m43s
[ 12300,  0.0003779]     0.6905,     0.9630,     1.0544,    12h23m25s
[ 12400,  0.0003776]     0.6867,     0.9648,     1.0514,    12h25m50s
[ 12500,  0.0003772]     0.6831,     0.9583,     1.1065,    12h27m14s
[ 12600,  0.0003769]     0.6631,     0.9566,     1.0965,    12h23m22s
[ 12700,  0.0003765]     0.7002,     0.9647,     1.0270,    12h21m44s
[ 12800,  0.0003762]     0.6945,     0.9688,     0.9846,    12h24m30s
[ 12900,  0.0003758]     0.6867,     0.9666,     1.0219,    12h25m02s
[ 13000,  0.0003755]     0.6966,     0.9680,     1.0169,    12h25m22s
[ 13100,  0.0003751]     0.6998,     0.9673,     1.0171,    12h23m07s
[ 13200,  0.0003748]     0.7108,     0.9667,     0.9871,    12h22m19s
[ 13300,  0.0003744]     0.7005,     0.9717,     1.0064,    12h20m44s
[ 13400,  0.0003741]     0.7114,     0.9688,     0.9590,    12h20m26s
[ 13500,  0.0003737]     0.6863,     0.9663,     0.9916,    12h22m57s
[ 13600,  0.0003734]     0.7117,     0.9681,     0.9392,    12h19m41s
[ 13700,  0.0003730]     0.7228,     0.9680,     1.0067,    12h21m28s
[ 13800,  0.0003727]     0.7127,     0.9630,     1.0445,    12h13m57s
[ 13900,  0.0003723]     0.7095,     0.9602,     1.0071,    12h17m04s
[ 14000,  0.0003720]     0.7153,     0.9670,     1.0644,    12h14m09s
[ 14100,  0.0003716]     0.7063,     0.9637,     1.0383,    12h14m53s
[ 14200,  0.0003713]     0.7067,     0.9622,     1.1320,    12h11m09s
[ 14300,  0.0003709]     0.7139,     0.9708,     0.9495,    12h11m24s
[ 14400,  0.0003706]     0.7094,     0.9689,     0.9565,    12h11m23s
[ 14500,  0.0003702]     0.7222,     0.9691,     0.9667,    12h15m14s
[ 14600,  0.0003699]     0.7289,     0.9773,     0.8809,    12h14m03s
[ 14700,  0.0003695]     0.7253,     0.9711,     1.0040,    12h12m06s
[ 14800,  0.0003692]     0.7140,     0.9656,     0.9809,    12h12m17s
[ 14900,  0.0003688]     0.7217,     0.9686,     0.9391,    12h14m18s
[ 15000,  0.0003685]     0.7325,     0.9733,     0.9050,    12h07m17s
[ 15100,  0.0003681]     0.7208,     0.9656,     1.0032,    12h19m00s
[ 15200,  0.0003678]     0.7356,     0.9739,     0.8871,    12h07m37s
[ 15300,  0.0003674]     0.7264,     0.9722,     0.9115,    12h08m00s
[ 15400,  0.0003671]     0.7216,     0.9725,     0.9773,    12h07m14s
[ 15500,  0.0003667]     0.7306,     0.9752,     0.9403,    12h02m59s
[ 15600,  0.0003664]     0.7403,     0.9758,     0.8945,    12h06m22s
[ 15700,  0.0003660]     0.7356,     0.9712,     0.9613,    12h03m06s
[ 15800,  0.0003657]     0.7339,     0.9736,     0.9273,    12h04m53s
[ 15900,  0.0003653]     0.7322,     0.9758,     0.9665,    12h01m42s
[ 16000,  0.0003650]     0.7328,     0.9716,     0.9581,    12h05m17s
[ 16100,  0.0003646]     0.7475,     0.9744,     0.9066,    12h01m04s
[ 16200,  0.0003643]     0.7327,     0.9720,     0.9812,    11h57m15s
[ 16300,  0.0003639]     0.7483,     0.9733,     0.9009,    12h01m08s
[ 16400,  0.0003636]     0.7342,     0.9758,     0.8882,    11h58m47s
[ 16500,  0.0003632]     0.7288,     0.9752,     0.8881,    11h59m21s
[ 16600,  0.0003629]     0.7453,     0.9734,     0.9055,    11h56m28s
[ 16700,  0.0003625]     0.7455,     0.9748,     0.8809,    12h03m28s
[ 16800,  0.0003622]     0.7541,     0.9812,     0.8665,    11h58m43s
[ 16900,  0.0003618]     0.7341,     0.9778,     0.8642,    11h54m18s
[ 17000,  0.0003615]     0.7480,     0.9808,     0.8754,    11h55m43s
[ 17100,  0.0003611]     0.7469,     0.9739,     0.8881,    11h55m19s
[ 17200,  0.0003608]     0.7459,     0.9761,     0.8655,    11h54m46s
[ 17300,  0.0003604]     0.7488,     0.9788,     0.8553,    11h53m51s
[ 17400,  0.0003601]     0.7456,     0.9744,     0.8905,    11h50m58s
[ 17500,  0.0003597]     0.7483,     0.9766,     0.8789,    11h50m44s
[ 17600,  0.0003593]     0.7581,     0.9738,     0.9080,    11h49m40s
[ 17700,  0.0003590]     0.7384,     0.9736,     0.8879,    11h50m40s
[ 17800,  0.0003586]     0.7591,     0.9819,     0.8518,    11h50m16s
[ 17900,  0.0003583]     0.7470,     0.9780,     0.8936,    11h47m55s
[ 18000,  0.0003579]     0.7578,     0.9772,     0.8597,    11h46m35s
[ 18100,  0.0003576]     0.7516,     0.9762,     0.9008,    11h48m30s
[ 18200,  0.0003572]     0.7725,     0.9767,     0.8542,    11h49m22s
[ 18300,  0.0003569]     0.7656,     0.9775,     0.8379,    11h43m26s
[ 18400,  0.0003565]     0.7630,     0.9817,     0.8359,    11h45m56s
[ 18500,  0.0003562]     0.7569,     0.9819,     0.8088,    11h42m14s
[ 18600,  0.0003558]     0.7675,     0.9794,     0.8407,    11h42m02s
[ 18700,  0.0003555]     0.7406,     0.9741,     0.9029,    11h40m53s
[ 18800,  0.0003551]     0.7655,     0.9789,     0.8437,    11h43m34s
[ 18900,  0.0003548]     0.7697,     0.9797,     0.8154,    11h42m06s
[ 19000,  0.0003544]     0.7534,     0.9761,     0.9025,    11h36m33s
[ 19100,  0.0003541]     0.7569,     0.9791,     0.9027,    11h41m57s
[ 19200,  0.0003537]     0.7630,     0.9744,     0.9162,    11h40m47s
[ 19300,  0.0003534]     0.7722,     0.9809,     0.7866,    11h40m04s
[ 19400,  0.0003530]     0.7780,     0.9850,     0.7929,    11h37m42s
[ 19500,  0.0003527]     0.7702,     0.9792,     0.8160,    11h35m49s
[ 19600,  0.0003523]     0.7750,     0.9808,     0.8559,    11h37m19s
[ 19700,  0.0003520]     0.7628,     0.9767,     0.8640,    11h42m36s
[ 19800,  0.0003516]     0.7556,     0.9772,     0.8730,    11h36m10s
[ 19900,  0.0003513]     0.7783,     0.9817,     0.8464,    11h34m20s
[ 20000,  0.0003509]     0.7678,     0.9769,     0.8858,    11h33m33s
Validation MACE: 0.786469
[ 20100,  0.0003506]     0.7792,     0.9809,     0.8068,    11h31m53s
[ 20200,  0.0003502]     0.7800,     0.9842,     0.8131,    11h42m26s
[ 20300,  0.0003499]     0.7700,     0.9800,     0.8428,    11h31m23s
[ 20400,  0.0003495]     0.7702,     0.9852,     0.7765,    11h34m08s
[ 20500,  0.0003492]     0.7841,     0.9873,     0.7567,    11h32m08s
[ 20600,  0.0003488]     0.7764,     0.9830,     0.7936,    11h32m57s
[ 20700,  0.0003485]     0.7922,     0.9869,     0.7522,    11h29m44s
[ 20800,  0.0003481]     0.7797,     0.9811,     0.8157,    11h29m55s
[ 20900,  0.0003478]     0.7780,     0.9784,     0.8372,    11h25m30s
[ 21000,  0.0003474]     0.7758,     0.9864,     0.7665,    11h29m13s
[ 21100,  0.0003471]     0.7711,     0.9834,     0.7712,    11h25m01s
[ 21200,  0.0003467]     0.7833,     0.9797,     0.8899,    11h22m32s
[ 21300,  0.0003464]     0.7727,     0.9797,     0.8158,    11h24m11s
[ 21400,  0.0003460]     0.7741,     0.9872,     0.7718,    11h20m39s
[ 21500,  0.0003457]     0.7797,     0.9841,     0.7629,    11h26m11s
[ 21600,  0.0003453]     0.7753,     0.9823,     0.8263,    11h24m31s
[ 21700,  0.0003450]     0.7856,     0.9802,     0.8357,    11h21m29s
[ 21800,  0.0003446]     0.7967,     0.9841,     0.7845,    11h18m17s
[ 21900,  0.0003443]     0.7889,     0.9803,     0.8186,    11h22m34s
[ 22000,  0.0003439]     0.7786,     0.9836,     0.7918,    11h23m23s
[ 22100,  0.0003436]     0.7786,     0.9833,     0.7852,    11h17m22s
[ 22200,  0.0003432]     0.7943,     0.9831,     0.7554,    11h16m51s
[ 22300,  0.0003429]     0.7937,     0.9884,     0.7464,    11h17m17s
[ 22400,  0.0003425]     0.7816,     0.9848,     0.7727,    11h15m26s
[ 22500,  0.0003422]     0.7706,     0.9838,     0.7834,    11h24m50s
[ 22600,  0.0003418]     0.7914,     0.9814,     0.8485,    11h12m08s
[ 22700,  0.0003415]     0.7853,     0.9812,     0.8020,    11h16m00s
[ 22800,  0.0003411]     0.7845,     0.9816,     0.7734,    11h17m00s
[ 22900,  0.0003408]     0.8019,     0.9862,     0.7468,    11h14m12s
[ 23000,  0.0003404]     0.7936,     0.9817,     0.7777,    11h12m24s
[ 23100,  0.0003401]     0.7944,     0.9814,     0.7904,    11h12m58s
[ 23200,  0.0003397]     0.7845,     0.9820,     0.7959,    11h09m56s
[ 23300,  0.0003394]     0.7897,     0.9855,     0.7487,    11h12m35s
[ 23400,  0.0003390]     0.7905,     0.9822,     0.7682,    11h11m10s
[ 23500,  0.0003387]     0.7944,     0.9850,     0.7628,    11h09m17s
[ 23600,  0.0003383]     0.7916,     0.9855,     0.7988,    11h04m25s
[ 23700,  0.0003380]     0.7903,     0.9855,     0.7701,    11h09m01s
[ 23800,  0.0003376]     0.7900,     0.9803,     0.8201,    11h05m57s
[ 23900,  0.0003373]     0.8041,     0.9867,     0.7465,    11h07m34s
[ 24000,  0.0003369]     0.7878,     0.9847,     0.7738,    11h07m46s
[ 24100,  0.0003366]     0.7944,     0.9859,     0.7758,    11h08m23s
[ 24200,  0.0003362]     0.7933,     0.9819,     0.8033,    11h06m18s
[ 24300,  0.0003359]     0.7986,     0.9809,     0.8254,    12h47m15s
[ 24400,  0.0003355]     0.7973,     0.9803,     0.7849,    12h41m38s
[ 24500,  0.0003352]     0.7956,     0.9833,     0.7990,    12h14m20s
[ 24600,  0.0003348]     0.7978,     0.9861,     0.7553,    12h58m51s
[ 24700,  0.0003345]     0.7961,     0.9906,     0.7268,    11h27m27s
[ 24800,  0.0003341]     0.7923,     0.9850,     0.7798,    10h59m40s
[ 24900,  0.0003338]     0.7797,     0.9822,     0.7874,    11h04m42s
[ 25000,  0.0003334]     0.7895,     0.9852,     0.7886,    11h01m40s
[ 25100,  0.0003331]     0.8078,     0.9891,     0.7011,    10h58m08s
[ 25200,  0.0003327]     0.8016,     0.9862,     0.7194,    10h57m08s
[ 25300,  0.0003324]     0.8045,     0.9834,     0.7723,    10h55m00s
[ 25400,  0.0003320]     0.8050,     0.9883,     0.7113,    10h57m50s
[ 25500,  0.0003317]     0.8058,     0.9884,     0.7750,    10h55m47s
[ 25600,  0.0003313]     0.8011,     0.9850,     0.7657,    10h50m39s
[ 25700,  0.0003310]     0.8034,     0.9858,     0.7262,    10h56m46s
[ 25800,  0.0003306]     0.8039,     0.9888,     0.7323,    10h54m06s
[ 25900,  0.0003303]     0.8047,     0.9850,     0.7613,    10h51m42s
[ 26000,  0.0003299]     0.7930,     0.9836,     0.8116,    10h53m28s
[ 26100,  0.0003296]     0.8039,     0.9850,     0.7287,    10h54m21s
[ 26200,  0.0003292]     0.7941,     0.9870,     0.7449,    10h49m49s
[ 26300,  0.0003288]     0.7911,     0.9822,     0.8618,    10h50m56s
[ 26400,  0.0003285]     0.8080,     0.9856,     0.7406,    10h52m37s
[ 26500,  0.0003281]     0.8033,     0.9864,     0.7814,    10h48m11s
[ 26600,  0.0003278]     0.7916,     0.9836,     0.7705,    10h49m38s
[ 26700,  0.0003274]     0.8030,     0.9861,     0.7612,    10h44m38s
[ 26800,  0.0003271]     0.8069,     0.9897,     0.7129,    10h50m14s
[ 26900,  0.0003267]     0.8067,     0.9875,     0.7101,    10h47m39s
[ 27000,  0.0003264]     0.8100,     0.9859,     0.7322,    10h49m15s
[ 27100,  0.0003260]     0.8123,     0.9856,     0.7286,    10h44m14s
[ 27200,  0.0003257]     0.8061,     0.9856,     0.7263,    10h44m40s
[ 27300,  0.0003253]     0.8034,     0.9864,     0.7923,    10h48m11s
[ 27400,  0.0003250]     0.8086,     0.9867,     0.7600,    10h43m44s
[ 27500,  0.0003246]     0.8041,     0.9884,     0.7182,    10h40m31s
[ 27600,  0.0003243]     0.7863,     0.9856,     0.7586,    10h44m13s
[ 27700,  0.0003239]     0.7923,     0.9850,     0.7639,    10h39m33s
[ 27800,  0.0003236]     0.8037,     0.9862,     0.7813,    10h39m42s
[ 27900,  0.0003232]     0.8077,     0.9875,     0.7465,    10h42m05s
[ 28000,  0.0003229]     0.8034,     0.9862,     0.7763,    10h39m27s
[ 28100,  0.0003225]     0.8008,     0.9858,     0.7664,    10h41m55s
[ 28200,  0.0003222]     0.8045,     0.9875,     0.7435,    10h38m11s
[ 28300,  0.0003218]     0.8136,     0.9894,     0.6935,    10h39m03s
[ 28400,  0.0003215]     0.8177,     0.9870,     0.7201,    10h37m08s
[ 28500,  0.0003211]     0.8094,     0.9888,     0.7373,    10h36m41s
[ 28600,  0.0003208]     0.8155,     0.9845,     0.7594,    10h43m21s
[ 28700,  0.0003204]     0.8156,     0.9895,     0.7058,    10h34m01s
[ 28800,  0.0003201]     0.8070,     0.9869,     0.7706,    10h33m03s
[ 28900,  0.0003197]     0.8144,     0.9856,     0.7633,    10h31m25s
[ 29000,  0.0003194]     0.8059,     0.9873,     0.7501,    10h34m40s
[ 29100,  0.0003190]     0.8139,     0.9856,     0.7173,    10h31m06s
[ 29200,  0.0003187]     0.8213,     0.9897,     0.6858,    10h32m52s
[ 29300,  0.0003183]     0.8067,     0.9858,     0.7420,    10h32m13s
[ 29400,  0.0003180]     0.8016,     0.9859,     0.7552,    10h33m22s
[ 29500,  0.0003176]     0.8139,     0.9844,     0.7786,    10h27m40s
[ 29600,  0.0003173]     0.8084,     0.9870,     0.7206,    10h27m34s
[ 29700,  0.0003169]     0.8159,     0.9867,     0.7739,    10h29m56s
[ 29800,  0.0003166]     0.8219,     0.9892,     0.7000,    10h20m24s
[ 29900,  0.0003162]     0.8048,     0.9895,     0.7252,    10h32m27s
[ 30000,  0.0003159]     0.8147,     0.9902,     0.6846,    10h25m06s
Validation MACE: 0.694944
[ 30100,  0.0003155]     0.8250,     0.9914,     0.6958,    10h21m56s
[ 30200,  0.0003152]     0.8122,     0.9883,     0.7328,    10h24m51s
[ 30300,  0.0003148]     0.8136,     0.9856,     0.7179,    10h23m06s
[ 30400,  0.0003145]     0.8184,     0.9881,     0.7233,    10h18m19s
[ 30500,  0.0003141]     0.8294,     0.9881,     0.7054,    10h21m59s
[ 30600,  0.0003138]     0.8202,     0.9878,     0.7377,    10h21m58s
[ 30700,  0.0003134]     0.8242,     0.9875,     0.7058,    10h22m57s
[ 30800,  0.0003131]     0.8167,     0.9853,     0.7419,    10h20m06s
[ 30900,  0.0003127]     0.8220,     0.9878,     0.7230,    10h18m48s
[ 31000,  0.0003124]     0.8169,     0.9877,     0.7358,    10h19m06s
[ 31100,  0.0003120]     0.8222,     0.9875,     0.7150,    10h22m23s
[ 31200,  0.0003117]     0.8180,     0.9862,     0.7253,    10h12m10s
[ 31300,  0.0003113]     0.8194,     0.9888,     0.7027,    10h14m04s
[ 31400,  0.0003110]     0.8177,     0.9908,     0.7211,    10h13m35s
[ 31500,  0.0003106]     0.8216,     0.9892,     0.6845,    10h19m07s
[ 31600,  0.0003103]     0.8177,     0.9884,     0.7034,    10h12m41s
[ 31700,  0.0003099]     0.8239,     0.9903,     0.6743,    10h15m52s
[ 31800,  0.0003096]     0.8216,     0.9905,     0.6810,    10h14m37s
[ 31900,  0.0003092]     0.8186,     0.9880,     0.7631,    10h14m28s
[ 32000,  0.0003089]     0.8237,     0.9920,     0.6689,    10h14m19s
[ 32100,  0.0003085]     0.8150,     0.9862,     0.7363,    10h14m33s
[ 32200,  0.0003082]     0.8359,     0.9914,     0.6811,    10h07m17s
[ 32300,  0.0003078]     0.8236,     0.9895,     0.6897,    10h12m16s
[ 32400,  0.0003075]     0.8287,     0.9892,     0.6878,    10h08m56s
[ 32500,  0.0003071]     0.8213,     0.9917,     0.6842,    10h07m06s
[ 32600,  0.0003068]     0.8277,     0.9898,     0.6866,    10h06m04s
[ 32700,  0.0003064]     0.8220,     0.9886,     0.7076,    10h04m54s
[ 32800,  0.0003061]     0.8242,     0.9892,     0.7206,    10h05m53s
[ 32900,  0.0003057]     0.8311,     0.9900,     0.6854,    10h08m22s
[ 33000,  0.0003054]     0.8277,     0.9898,     0.6737,    10h05m32s
[ 33100,  0.0003050]     0.8184,     0.9912,     0.6805,    10h05m01s
[ 33200,  0.0003047]     0.8236,     0.9884,     0.7032,    10h04m46s
[ 33300,  0.0003043]     0.8223,     0.9883,     0.6738,    10h02m37s
[ 33400,  0.0003040]     0.8292,     0.9902,     0.6937,    10h02m06s
[ 33500,  0.0003036]     0.8434,     0.9927,     0.6578,    10h00m41s
[ 33600,  0.0003033]     0.8198,     0.9889,     0.7310,    10h01m04s
[ 33700,  0.0003029]     0.8183,     0.9875,     0.7150,    09h56m04s
[ 33800,  0.0003026]     0.8347,     0.9905,     0.6764,    09h56m20s
[ 33900,  0.0003022]     0.8263,     0.9894,     0.7018,    10h00m01s
[ 34000,  0.0003019]     0.8291,     0.9897,     0.6856,    09h57m29s
[ 34100,  0.0003015]     0.8289,     0.9920,     0.6720,    09h54m51s
[ 34200,  0.0003012]     0.8259,     0.9880,     0.7157,    09h57m39s
[ 34300,  0.0003008]     0.8300,     0.9877,     0.6955,    09h54m03s
[ 34400,  0.0003005]     0.8277,     0.9914,     0.6716,    09h52m30s
[ 34500,  0.0003001]     0.8128,     0.9836,     0.7526,    09h52m24s
[ 34600,  0.0002998]     0.8352,     0.9914,     0.6549,    09h52m24s
[ 34700,  0.0002994]     0.8298,     0.9892,     0.7141,    09h53m24s
[ 34800,  0.0002990]     0.8275,     0.9906,     0.6809,    09h50m16s
[ 34900,  0.0002987]     0.8311,     0.9875,     0.6716,    09h52m28s
[ 35000,  0.0002983]     0.8202,     0.9905,     0.7306,    09h54m10s
[ 35100,  0.0002980]     0.8275,     0.9911,     0.6933,    09h50m27s
[ 35200,  0.0002976]     0.8311,     0.9916,     0.6809,    09h49m20s
[ 35300,  0.0002973]     0.8267,     0.9895,     0.6978,    09h50m28s
[ 35400,  0.0002969]     0.8163,     0.9897,     0.6747,    09h47m27s
[ 35500,  0.0002966]     0.8353,     0.9912,     0.7048,    09h47m46s
[ 35600,  0.0002962]     0.8302,     0.9912,     0.6750,    09h44m14s
[ 35700,  0.0002959]     0.8341,     0.9939,     0.6446,    09h47m48s
[ 35800,  0.0002955]     0.8334,     0.9914,     0.6661,    09h43m48s
[ 35900,  0.0002952]     0.8319,     0.9891,     0.6827,    09h43m02s
[ 36000,  0.0002948]     0.8303,     0.9900,     0.6784,    09h44m21s
[ 36100,  0.0002945]     0.8239,     0.9919,     0.6732,    09h44m13s
[ 36200,  0.0002941]     0.8270,     0.9914,     0.6657,    09h40m00s
[ 36300,  0.0002938]     0.8322,     0.9895,     0.6853,    09h42m33s
[ 36400,  0.0002934]     0.8261,     0.9878,     0.6982,    09h42m29s
[ 36500,  0.0002931]     0.8284,     0.9911,     0.6737,    09h34m57s
[ 36600,  0.0002927]     0.8409,     0.9920,     0.6863,    09h41m01s
[ 36700,  0.0002924]     0.8323,     0.9911,     0.7373,    09h38m31s
[ 36800,  0.0002920]     0.8383,     0.9905,     0.6583,    09h37m16s
[ 36900,  0.0002917]     0.8375,     0.9922,     0.6689,    09h38m02s
[ 37000,  0.0002913]     0.8393,     0.9928,     0.6450,    09h39m11s
[ 37100,  0.0002910]     0.8323,     0.9916,     0.6688,    09h32m55s
[ 37200,  0.0002906]     0.8453,     0.9948,     0.6337,    09h37m50s
[ 37300,  0.0002903]     0.8327,     0.9928,     0.6385,    09h36m30s
[ 37400,  0.0002899]     0.8383,     0.9917,     0.6550,    09h35m35s
[ 37500,  0.0002896]     0.8308,     0.9902,     0.6770,    09h32m08s
[ 37600,  0.0002892]     0.8375,     0.9939,     0.6282,    09h34m53s
[ 37700,  0.0002889]     0.8356,     0.9903,     0.6625,    09h31m43s
[ 37800,  0.0002885]     0.8333,     0.9930,     0.6741,    09h27m59s
[ 37900,  0.0002882]     0.8305,     0.9898,     0.6798,    09h29m14s
[ 38000,  0.0002878]     0.8395,     0.9933,     0.6710,    09h28m40s
[ 38100,  0.0002875]     0.8336,     0.9884,     0.7010,    09h27m50s
[ 38200,  0.0002871]     0.8291,     0.9900,     0.6778,    09h28m15s
[ 38300,  0.0002868]     0.8409,     0.9927,     0.6500,    09h26m57s
[ 38400,  0.0002864]     0.8322,     0.9903,     0.7231,    09h27m25s
[ 38500,  0.0002861]     0.8323,     0.9908,     0.6759,    09h28m21s
[ 38600,  0.0002857]     0.8402,     0.9902,     0.6587,    09h24m27s
[ 38700,  0.0002854]     0.8433,     0.9912,     0.6788,    09h25m42s
[ 38800,  0.0002850]     0.8456,     0.9930,     0.6578,    09h23m44s
[ 38900,  0.0002847]     0.8430,     0.9914,     0.7127,    09h23m05s
[ 39000,  0.0002843]     0.8309,     0.9922,     0.6944,    09h24m31s
[ 39100,  0.0002840]     0.8380,     0.9895,     0.6553,    09h22m40s
[ 39200,  0.0002836]     0.8337,     0.9920,     0.6461,    09h18m13s
[ 39300,  0.0002833]     0.8452,     0.9923,     0.6506,    09h20m31s
[ 39400,  0.0002829]     0.8325,     0.9897,     0.6937,    09h20m12s
[ 39500,  0.0002826]     0.8453,     0.9931,     0.6761,    09h19m47s
[ 39600,  0.0002822]     0.8341,     0.9916,     0.6535,    09h16m44s
[ 39700,  0.0002819]     0.8366,     0.9906,     0.6680,    09h19m58s
[ 39800,  0.0002815]     0.8464,     0.9903,     0.6763,    09h13m46s
[ 39900,  0.0002812]     0.8375,     0.9928,     0.6333,    09h14m52s
[ 40000,  0.0002808]     0.8330,     0.9900,     0.6732,    09h15m34s
Validation MACE: 0.645227
[ 40100,  0.0002805]     0.8469,     0.9938,     0.6121,    09h14m21s
[ 40200,  0.0002801]     0.8538,     0.9941,     0.6292,    09h16m26s
[ 40300,  0.0002798]     0.8395,     0.9916,     0.6617,    09h16m28s
[ 40400,  0.0002794]     0.8336,     0.9909,     0.6726,    09h10m31s
[ 40500,  0.0002791]     0.8372,     0.9912,     0.6581,    09h12m45s
[ 40600,  0.0002787]     0.8400,     0.9917,     0.6512,    09h12m27s
[ 40700,  0.0002784]     0.8483,     0.9922,     0.6423,    09h10m38s
[ 40800,  0.0002780]     0.8337,     0.9897,     0.6637,    09h10m38s
[ 40900,  0.0002777]     0.8358,     0.9908,     0.6659,    09h07m33s
[ 41000,  0.0002773]     0.8486,     0.9897,     0.6776,    09h12m14s
[ 41100,  0.0002770]     0.8384,     0.9916,     0.6404,    09h06m39s
[ 41200,  0.0002766]     0.8445,     0.9917,     0.6801,    09h08m36s
[ 41300,  0.0002763]     0.8498,     0.9927,     0.6292,    09h10m12s
[ 41400,  0.0002759]     0.8495,     0.9920,     0.6368,    09h05m34s
[ 41500,  0.0002756]     0.8422,     0.9944,     0.6308,    09h08m27s
[ 41600,  0.0002752]     0.8394,     0.9912,     0.6506,    09h01m13s
[ 41700,  0.0002749]     0.8553,     0.9928,     0.6344,    09h05m51s
[ 41800,  0.0002745]     0.8534,     0.9939,     0.6339,    09h02m32s
[ 41900,  0.0002742]     0.8427,     0.9955,     0.6304,    09h02m17s
[ 42000,  0.0002738]     0.8414,     0.9933,     0.6485,    08h58m43s
[ 42100,  0.0002735]     0.8387,     0.9917,     0.6724,    09h03m19s
[ 42200,  0.0002731]     0.8369,     0.9928,     0.6578,    08h59m12s
[ 42300,  0.0002728]     0.8364,     0.9888,     0.6862,    08h59m49s
[ 42400,  0.0002724]     0.8372,     0.9908,     0.6562,    08h57m38s
[ 42500,  0.0002721]     0.8409,     0.9917,     0.6667,    08h58m42s
[ 42600,  0.0002717]     0.8503,     0.9950,     0.6185,    08h57m04s
[ 42700,  0.0002714]     0.8530,     0.9922,     0.6456,    08h58m22s
[ 42800,  0.0002710]     0.8438,     0.9936,     0.6341,    08h55m14s
[ 42900,  0.0002707]     0.8511,     0.9909,     0.6446,    08h56m46s
[ 43000,  0.0002703]     0.8478,     0.9905,     0.6528,    08h53m40s
[ 43100,  0.0002700]     0.8398,     0.9908,     0.6807,    08h53m33s
[ 43200,  0.0002696]     0.8430,     0.9944,     0.6616,    08h51m30s
[ 43300,  0.0002692]     0.8447,     0.9933,     0.6488,    08h53m14s
[ 43400,  0.0002689]     0.8458,     0.9923,     0.6330,    08h50m56s
[ 43500,  0.0002685]     0.8459,     0.9931,     0.6490,    08h51m57s
[ 43600,  0.0002682]     0.8411,     0.9925,     0.6359,    08h52m07s
[ 43700,  0.0002678]     0.8456,     0.9927,     0.6332,    08h49m58s
[ 43800,  0.0002675]     0.8531,     0.9947,     0.6540,    08h51m42s
[ 43900,  0.0002671]     0.8489,     0.9903,     0.6434,    08h47m05s
[ 44000,  0.0002668]     0.8480,     0.9916,     0.6454,    08h45m23s
[ 44100,  0.0002664]     0.8431,     0.9912,     0.6564,    08h49m33s
[ 44200,  0.0002661]     0.8517,     0.9942,     0.6197,    08h46m52s
[ 44300,  0.0002657]     0.8519,     0.9927,     0.6201,    08h46m19s
[ 44400,  0.0002654]     0.8524,     0.9930,     0.6301,    08h46m18s
[ 44500,  0.0002650]     0.8558,     0.9925,     0.6375,    08h48m01s
[ 44600,  0.0002647]     0.8506,     0.9928,     0.6233,    08h51m42s
[ 44700,  0.0002643]     0.8492,     0.9925,     0.6283,    08h42m55s
[ 44800,  0.0002640]     0.8434,     0.9928,     0.6305,    08h46m18s
[ 44900,  0.0002636]     0.8562,     0.9945,     0.6041,    09h01m22s
[ 45000,  0.0002633]     0.8484,     0.9909,     0.6789,    08h40m58s
[ 45100,  0.0002629]     0.8522,     0.9945,     0.6142,    08h38m32s
[ 45200,  0.0002626]     0.8489,     0.9927,     0.6247,    08h42m54s
[ 45300,  0.0002622]     0.8577,     0.9955,     0.6132,    08h38m04s
[ 45400,  0.0002619]     0.8609,     0.9920,     0.6604,    08h40m32s
[ 45500,  0.0002615]     0.8530,     0.9947,     0.6234,    08h38m07s
[ 45600,  0.0002612]     0.8559,     0.9931,     0.6212,    08h36m48s
[ 45700,  0.0002608]     0.8484,     0.9923,     0.6233,    08h37m47s
[ 45800,  0.0002605]     0.8494,     0.9933,     0.6546,    08h55m25s
[ 45900,  0.0002601]     0.8634,     0.9958,     0.6292,    08h35m57s
[ 46000,  0.0002598]     0.8462,     0.9914,     0.6390,    08h32m24s
[ 46100,  0.0002594]     0.8600,     0.9942,     0.6113,    08h34m14s
[ 46200,  0.0002591]     0.8548,     0.9938,     0.6214,    08h31m37s
[ 46300,  0.0002587]     0.8577,     0.9950,     0.6072,    08h29m29s
[ 46400,  0.0002584]     0.8459,     0.9930,     0.6584,    08h33m52s
[ 46500,  0.0002580]     0.8572,     0.9933,     0.6199,    08h31m47s
[ 46600,  0.0002577]     0.8516,     0.9944,     0.6090,    08h31m53s
[ 46700,  0.0002573]     0.8583,     0.9939,     0.6061,    08h29m12s
[ 46800,  0.0002570]     0.8512,     0.9934,     0.6541,    08h25m48s
[ 46900,  0.0002566]     0.8475,     0.9956,     0.6131,    08h27m26s
[ 47000,  0.0002563]     0.8506,     0.9961,     0.5996,    08h28m33s
[ 47100,  0.0002559]     0.8536,     0.9939,     0.6144,    08h28m35s
[ 47200,  0.0002556]     0.8519,     0.9941,     0.6461,    08h25m45s
[ 47300,  0.0002552]     0.8544,     0.9948,     0.6314,    08h26m58s
[ 47400,  0.0002549]     0.8642,     0.9972,     0.5833,    08h24m25s
[ 47500,  0.0002545]     0.8556,     0.9933,     0.6190,    08h24m32s
[ 47600,  0.0002542]     0.8630,     0.9930,     0.6353,    08h23m57s
[ 47700,  0.0002538]     0.8464,     0.9936,     0.6383,    08h22m41s
[ 47800,  0.0002535]     0.8522,     0.9897,     0.7187,    08h22m17s
[ 47900,  0.0002531]     0.8534,     0.9941,     0.6170,    08h19m05s
[ 48000,  0.0002528]     0.8512,     0.9919,     0.6499,    08h19m29s
[ 48100,  0.0002524]     0.8503,     0.9956,     0.6057,    08h19m17s
[ 48200,  0.0002521]     0.8539,     0.9934,     0.6248,    08h19m36s
[ 48300,  0.0002517]     0.8544,     0.9927,     0.6269,    08h19m16s
[ 48400,  0.0002514]     0.8536,     0.9922,     0.6255,    08h18m07s
[ 48500,  0.0002510]     0.8475,     0.9941,     0.6256,    08h18m08s
[ 48600,  0.0002507]     0.8584,     0.9947,     0.5973,    08h15m37s
[ 48700,  0.0002503]     0.8522,     0.9922,     0.6557,    08h17m56s
[ 48800,  0.0002500]     0.8586,     0.9939,     0.6122,    08h16m29s
[ 48900,  0.0002496]     0.8542,     0.9931,     0.6268,    08h11m43s
[ 49000,  0.0002493]     0.8708,     0.9952,     0.5944,    08h13m30s
[ 49100,  0.0002489]     0.8575,     0.9917,     0.6507,    08h12m08s
[ 49200,  0.0002486]     0.8627,     0.9945,     0.6397,    08h12m13s
[ 49300,  0.0002482]     0.8669,     0.9936,     0.6133,    08h11m34s
[ 49400,  0.0002479]     0.8552,     0.9927,     0.6193,    08h14m33s
[ 49500,  0.0002475]     0.8570,     0.9900,     0.6738,    08h11m16s
[ 49600,  0.0002472]     0.8530,     0.9916,     0.6328,    08h11m55s
[ 49700,  0.0002468]     0.8583,     0.9955,     0.6192,    08h08m35s
[ 49800,  0.0002465]     0.8673,     0.9936,     0.5999,    08h08m23s
[ 49900,  0.0002461]     0.8625,     0.9959,     0.5985,    08h04m59s
[ 50000,  0.0002458]     0.8550,     0.9923,     0.6214,    08h06m42s
Validation MACE: 0.628284
[ 50100,  0.0002454]     0.8641,     0.9964,     0.5865,    08h02m57s
[ 50200,  0.0002451]     0.8591,     0.9953,     0.6112,    08h07m46s
[ 50300,  0.0002447]     0.8522,     0.9922,     0.6190,    08h02m50s
[ 50400,  0.0002444]     0.8605,     0.9947,     0.5970,    08h00m18s
[ 50500,  0.0002440]     0.8455,     0.9941,     0.6194,    08h03m00s
[ 50600,  0.0002437]     0.8580,     0.9939,     0.6367,    08h01m32s
[ 50700,  0.0002433]     0.8539,     0.9944,     0.6133,    07h59m42s
[ 50800,  0.0002430]     0.8583,     0.9948,     0.6234,    08h02m13s
[ 50900,  0.0002426]     0.8597,     0.9942,     0.6139,    08h02m26s
[ 51000,  0.0002423]     0.8577,     0.9920,     0.6251,    07h58m05s
[ 51100,  0.0002419]     0.8595,     0.9928,     0.6002,    07h57m45s
[ 51200,  0.0002416]     0.8556,     0.9950,     0.6182,    07h59m36s
[ 51300,  0.0002412]     0.8614,     0.9944,     0.5851,    07h57m09s
[ 51400,  0.0002409]     0.8656,     0.9953,     0.5880,    07h57m17s
[ 51500,  0.0002405]     0.8641,     0.9933,     0.5890,    07h55m25s
[ 51600,  0.0002402]     0.8630,     0.9938,     0.6273,    07h54m56s
[ 51700,  0.0002398]     0.8520,     0.9923,     0.6565,    07h54m11s
[ 51800,  0.0002395]     0.8623,     0.9938,     0.6058,    07h49m15s
[ 51900,  0.0002391]     0.8623,     0.9927,     0.6191,    07h52m45s
[ 52000,  0.0002387]     0.8609,     0.9917,     0.6211,    07h54m01s
[ 52100,  0.0002384]     0.8622,     0.9928,     0.6205,    07h51m50s
[ 52200,  0.0002380]     0.8597,     0.9925,     0.6066,    07h52m41s
[ 52300,  0.0002377]     0.8672,     0.9950,     0.5955,    07h49m19s
[ 52400,  0.0002373]     0.8697,     0.9950,     0.5818,    07h51m00s
[ 52500,  0.0002370]     0.8616,     0.9939,     0.6056,    07h46m51s
[ 52600,  0.0002366]     0.8589,     0.9925,     0.6079,    07h46m57s
[ 52700,  0.0002363]     0.8550,     0.9941,     0.6078,    07h48m13s
[ 52800,  0.0002359]     0.8552,     0.9933,     0.6237,    07h45m09s
[ 52900,  0.0002356]     0.8530,     0.9941,     0.6124,    07h46m30s
[ 53000,  0.0002352]     0.8648,     0.9941,     0.5864,    07h45m46s
[ 53100,  0.0002349]     0.8497,     0.9922,     0.6642,    07h43m42s
[ 53200,  0.0002345]     0.8641,     0.9948,     0.5953,    07h42m46s
[ 53300,  0.0002342]     0.8611,     0.9908,     0.6216,    07h45m05s
[ 53400,  0.0002338]     0.8550,     0.9942,     0.6316,    07h40m52s
[ 53500,  0.0002335]     0.8617,     0.9923,     0.6224,    07h43m25s
[ 53600,  0.0002331]     0.8566,     0.9941,     0.6020,    07h40m55s
[ 53700,  0.0002328]     0.8628,     0.9958,     0.5945,    07h43m37s
[ 53800,  0.0002324]     0.8566,     0.9931,     0.6528,    07h37m55s
[ 53900,  0.0002321]     0.8612,     0.9939,     0.6074,    07h37m23s
[ 54000,  0.0002317]     0.8561,     0.9934,     0.6257,    07h40m59s
[ 54100,  0.0002314]     0.8573,     0.9931,     0.6412,    07h52m26s
[ 54200,  0.0002310]     0.8656,     0.9959,     0.6016,    07h35m30s
[ 54300,  0.0002307]     0.8614,     0.9952,     0.5934,    07h37m57s
[ 54400,  0.0002303]     0.8525,     0.9928,     0.6601,    07h34m53s
[ 54500,  0.0002300]     0.8677,     0.9945,     0.6078,    07h37m41s
[ 54600,  0.0002296]     0.8644,     0.9920,     0.6290,    07h34m31s
[ 54700,  0.0002293]     0.8622,     0.9939,     0.6259,    07h34m55s
[ 54800,  0.0002289]     0.8695,     0.9944,     0.6009,    07h34m11s
[ 54900,  0.0002286]     0.8592,     0.9934,     0.6102,    07h31m51s
[ 55000,  0.0002282]     0.8617,     0.9959,     0.5904,    07h31m29s
[ 55100,  0.0002279]     0.8688,     0.9956,     0.5997,    07h31m23s
[ 55200,  0.0002275]     0.8725,     0.9952,     0.5820,    07h31m32s
[ 55300,  0.0002272]     0.8733,     0.9930,     0.6159,    07h27m37s
[ 55400,  0.0002268]     0.8634,     0.9914,     0.6433,    07h28m54s
[ 55500,  0.0002265]     0.8689,     0.9950,     0.5843,    07h26m19s
[ 55600,  0.0002261]     0.8734,     0.9945,     0.5822,    07h27m40s
[ 55700,  0.0002258]     0.8598,     0.9941,     0.6269,    07h26m44s
[ 55800,  0.0002254]     0.8736,     0.9964,     0.5770,    07h26m30s
[ 55900,  0.0002251]     0.8745,     0.9973,     0.5634,    07h25m24s
[ 56000,  0.0002247]     0.8717,     0.9961,     0.5744,    07h22m41s
[ 56100,  0.0002244]     0.8652,     0.9936,     0.6061,    07h25m08s
[ 56200,  0.0002240]     0.8605,     0.9925,     0.6243,    07h22m35s
[ 56300,  0.0002237]     0.8672,     0.9953,     0.5772,    07h25m48s
[ 56400,  0.0002233]     0.8670,     0.9953,     0.5915,    07h22m51s
[ 56500,  0.0002230]     0.8631,     0.9947,     0.6248,    07h21m31s
[ 56600,  0.0002226]     0.8730,     0.9969,     0.5645,    07h19m22s
[ 56700,  0.0002223]     0.8667,     0.9928,     0.6079,    07h18m30s
[ 56800,  0.0002219]     0.8659,     0.9948,     0.5877,    07h19m09s
[ 56900,  0.0002216]     0.8677,     0.9958,     0.6164,    07h16m19s
[ 57000,  0.0002212]     0.8708,     0.9956,     0.5858,    07h17m34s
[ 57100,  0.0002209]     0.8680,     0.9936,     0.6010,    07h15m42s
[ 57200,  0.0002205]     0.8625,     0.9945,     0.5939,    07h15m09s
[ 57300,  0.0002202]     0.8592,     0.9948,     0.6177,    07h15m16s
[ 57400,  0.0002198]     0.8716,     0.9934,     0.5899,    07h13m26s
[ 57500,  0.0002195]     0.8608,     0.9931,     0.5984,    07h15m26s
[ 57600,  0.0002191]     0.8653,     0.9938,     0.6077,    07h15m14s
[ 57700,  0.0002188]     0.8628,     0.9948,     0.6034,    07h12m38s
[ 57800,  0.0002184]     0.8542,     0.9930,     0.6279,    07h11m29s
[ 57900,  0.0002181]     0.8633,     0.9933,     0.6173,    07h12m48s
[ 58000,  0.0002177]     0.8681,     0.9959,     0.5791,    07h11m58s
[ 58100,  0.0002174]     0.8728,     0.9961,     0.5809,    07h11m05s
[ 58200,  0.0002170]     0.8747,     0.9952,     0.5790,    07h09m30s
[ 58300,  0.0002167]     0.8738,     0.9944,     0.5822,    07h08m49s
[ 58400,  0.0002163]     0.8686,     0.9952,     0.5798,    07h05m24s
[ 58500,  0.0002160]     0.8642,     0.9938,     0.5902,    07h04m07s
[ 58600,  0.0002156]     0.8708,     0.9952,     0.5721,    07h06m23s
[ 58700,  0.0002153]     0.8736,     0.9966,     0.5976,    07h04m53s
[ 58800,  0.0002149]     0.8588,     0.9922,     0.6052,    07h07m24s
[ 58900,  0.0002146]     0.8766,     0.9953,     0.6048,    07h05m44s
[ 59000,  0.0002142]     0.8625,     0.9930,     0.6187,    07h03m42s
[ 59100,  0.0002139]     0.8636,     0.9933,     0.6289,    07h02m46s
[ 59200,  0.0002135]     0.8745,     0.9953,     0.5771,    07h04m02s
[ 59300,  0.0002132]     0.8769,     0.9950,     0.5633,    07h03m06s
[ 59400,  0.0002128]     0.8764,     0.9947,     0.5903,    07h03m42s
[ 59500,  0.0002125]     0.8678,     0.9966,     0.5783,    06h58m34s
[ 59600,  0.0002121]     0.8722,     0.9942,     0.5831,    06h58m58s
[ 59700,  0.0002118]     0.8702,     0.9936,     0.5839,    06h59m43s
[ 59800,  0.0002114]     0.8673,     0.9953,     0.5801,    06h57m09s
[ 59900,  0.0002111]     0.8678,     0.9953,     0.6057,    06h59m07s
[ 60000,  0.0002107]     0.8727,     0.9952,     0.6163,    06h56m32s
Validation MACE: 0.544786
[ 60100,  0.0002104]     0.8684,     0.9945,     0.6051,    06h53m34s
[ 60200,  0.0002100]     0.8686,     0.9956,     0.5843,    07h00m11s
[ 60300,  0.0002097]     0.8698,     0.9933,     0.6127,    06h53m19s
[ 60400,  0.0002093]     0.8767,     0.9942,     0.6141,    06h52m46s
[ 60500,  0.0002089]     0.8684,     0.9956,     0.5834,    06h53m47s
[ 60600,  0.0002086]     0.8706,     0.9955,     0.5827,    06h50m16s
[ 60700,  0.0002082]     0.8678,     0.9953,     0.6314,    06h51m35s
[ 60800,  0.0002079]     0.8675,     0.9959,     0.5755,    06h49m52s
[ 60900,  0.0002075]     0.8717,     0.9941,     0.5934,    06h50m50s
[ 61000,  0.0002072]     0.8667,     0.9938,     0.5878,    06h50m42s
[ 61100,  0.0002068]     0.8720,     0.9964,     0.5651,    06h50m38s
[ 61200,  0.0002065]     0.8688,     0.9956,     0.5969,    06h48m02s
[ 61300,  0.0002061]     0.8744,     0.9945,     0.6033,    06h49m08s
[ 61400,  0.0002058]     0.8773,     0.9941,     0.5988,    06h47m16s
[ 61500,  0.0002054]     0.8769,     0.9956,     0.6028,    06h46m43s
[ 61600,  0.0002051]     0.8753,     0.9953,     0.5711,    06h47m00s
[ 61700,  0.0002047]     0.8662,     0.9939,     0.5923,    06h44m58s
[ 61800,  0.0002044]     0.8670,     0.9927,     0.6477,    06h42m35s
[ 61900,  0.0002040]     0.8608,     0.9947,     0.6006,    06h43m12s
[ 62000,  0.0002037]     0.8670,     0.9966,     0.5981,    06h44m33s
[ 62100,  0.0002033]     0.8758,     0.9944,     0.6105,    06h39m04s
[ 62200,  0.0002030]     0.8725,     0.9942,     0.6025,    06h41m44s
[ 62300,  0.0002026]     0.8648,     0.9955,     0.6002,    06h41m31s
[ 62400,  0.0002023]     0.8734,     0.9923,     0.6215,    06h38m43s
[ 62500,  0.0002019]     0.8783,     0.9956,     0.5722,    06h38m59s
[ 62600,  0.0002016]     0.8758,     0.9952,     0.5698,    06h36m39s
[ 62700,  0.0002012]     0.8684,     0.9953,     0.5757,    06h38m56s
[ 62800,  0.0002009]     0.8762,     0.9953,     0.5686,    06h38m22s
[ 62900,  0.0002005]     0.8742,     0.9950,     0.5883,    06h37m34s
[ 63000,  0.0002002]     0.8797,     0.9945,     0.5756,    06h36m07s
[ 63100,  0.0001998]     0.8808,     0.9952,     0.5742,    06h34m40s
[ 63200,  0.0001995]     0.8727,     0.9967,     0.5676,    06h33m38s
[ 63300,  0.0001991]     0.8716,     0.9938,     0.6144,    06h34m24s
[ 63400,  0.0001988]     0.8820,     0.9964,     0.5581,    06h30m55s
[ 63500,  0.0001984]     0.8684,     0.9936,     0.5957,    06h34m14s
[ 63600,  0.0001981]     0.8753,     0.9938,     0.5921,    06h31m17s
[ 63700,  0.0001977]     0.8773,     0.9959,     0.5676,    06h29m42s
[ 63800,  0.0001974]     0.8781,     0.9948,     0.6022,    06h29m48s
[ 63900,  0.0001970]     0.8752,     0.9950,     0.5743,    06h28m28s
[ 64000,  0.0001967]     0.8838,     0.9977,     0.5509,    06h30m24s
[ 64100,  0.0001963]     0.8742,     0.9947,     0.6040,    06h29m01s
[ 64200,  0.0001960]     0.8791,     0.9945,     0.6000,    06h26m39s
[ 64300,  0.0001956]     0.8744,     0.9959,     0.5697,    06h26m46s
[ 64400,  0.0001953]     0.8734,     0.9958,     0.5961,    06h24m57s
[ 64500,  0.0001949]     0.8753,     0.9938,     0.6251,    06h26m07s
[ 64600,  0.0001946]     0.8683,     0.9953,     0.5840,    06h23m36s
[ 64700,  0.0001942]     0.8769,     0.9966,     0.5648,    06h23m18s
[ 64800,  0.0001939]     0.8686,     0.9945,     0.5980,    06h23m33s
[ 64900,  0.0001935]     0.8694,     0.9955,     0.5740,    06h21m21s
[ 65000,  0.0001932]     0.8756,     0.9956,     0.5659,    06h22m04s
[ 65100,  0.0001928]     0.8695,     0.9936,     0.6341,    06h21m09s
[ 65200,  0.0001925]     0.8673,     0.9947,     0.5849,    06h20m38s
[ 65300,  0.0001921]     0.8784,     0.9950,     0.5867,    06h20m44s
[ 65400,  0.0001918]     0.8761,     0.9969,     0.5706,    06h16m57s
[ 65500,  0.0001914]     0.8695,     0.9947,     0.5821,    06h19m02s
[ 65600,  0.0001911]     0.8752,     0.9966,     0.5580,    06h18m25s
[ 65700,  0.0001907]     0.8741,     0.9959,     0.5745,    06h19m22s
[ 65800,  0.0001904]     0.8725,     0.9953,     0.5814,    06h17m55s
[ 65900,  0.0001900]     0.8895,     0.9967,     0.5523,    06h16m02s
[ 66000,  0.0001897]     0.8708,     0.9966,     0.5723,    06h15m59s
[ 66100,  0.0001893]     0.8622,     0.9953,     0.5835,    06h13m44s
[ 66200,  0.0001890]     0.8681,     0.9956,     0.5881,    06h12m50s
[ 66300,  0.0001886]     0.8738,     0.9967,     0.5662,    06h12m49s
[ 66400,  0.0001883]     0.8762,     0.9956,     0.5605,    06h13m41s
[ 66500,  0.0001879]     0.8645,     0.9953,     0.5831,    06h12m26s
[ 66600,  0.0001876]     0.8772,     0.9947,     0.5826,    06h15m30s
[ 66700,  0.0001872]     0.8723,     0.9955,     0.5733,    06h09m29s
[ 66800,  0.0001869]     0.8814,     0.9944,     0.5785,    06h25m01s
[ 66900,  0.0001865]     0.8816,     0.9967,     0.5597,    06h22m04s
[ 67000,  0.0001862]     0.8620,     0.9948,     0.6241,    06h06m46s
[ 67100,  0.0001858]     0.8762,     0.9950,     0.5618,    06h06m24s
[ 67200,  0.0001855]     0.8744,     0.9959,     0.5605,    06h08m36s
[ 67300,  0.0001851]     0.8772,     0.9950,     0.5753,    06h04m50s
[ 67400,  0.0001848]     0.8762,     0.9955,     0.6007,    06h04m26s
[ 67500,  0.0001844]     0.8764,     0.9958,     0.5595,    06h03m46s
[ 67600,  0.0001841]     0.8794,     0.9945,     0.5839,    06h05m01s
[ 67700,  0.0001837]     0.8750,     0.9947,     0.5983,    06h03m08s
[ 67800,  0.0001834]     0.8839,     0.9973,     0.5559,    06h01m20s
[ 67900,  0.0001830]     0.8906,     0.9970,     0.5493,    06h02m13s
[ 68000,  0.0001827]     0.8823,     0.9953,     0.5935,    06h19m17s
[ 68100,  0.0001823]     0.8884,     0.9941,     0.5871,    06h11m28s
[ 68200,  0.0001820]     0.8780,     0.9961,     0.5607,    05h59m57s
[ 68300,  0.0001816]     0.8741,     0.9931,     0.6020,    05h58m18s
[ 68400,  0.0001813]     0.8725,     0.9945,     0.5862,    05h57m54s
[ 68500,  0.0001809]     0.8786,     0.9953,     0.5838,    05h59m11s
[ 68600,  0.0001806]     0.8686,     0.9925,     0.5828,    05h55m18s
[ 68700,  0.0001802]     0.8759,     0.9967,     0.5654,    05h54m03s
[ 68800,  0.0001799]     0.8758,     0.9939,     0.5848,    05h56m07s
[ 68900,  0.0001795]     0.8809,     0.9972,     0.5555,    05h55m29s
[ 69000,  0.0001791]     0.8831,     0.9956,     0.5679,    05h55m44s
[ 69100,  0.0001788]     0.8767,     0.9970,     0.5552,    05h52m58s
[ 69200,  0.0001784]     0.8756,     0.9959,     0.5619,    05h50m42s
[ 69300,  0.0001781]     0.8727,     0.9956,     0.5619,    05h51m07s
[ 69400,  0.0001777]     0.8808,     0.9958,     0.5682,    05h51m42s
[ 69500,  0.0001774]     0.8745,     0.9938,     0.6242,    05h49m41s
[ 69600,  0.0001770]     0.8747,     0.9947,     0.5935,    05h49m31s
[ 69700,  0.0001767]     0.8791,     0.9950,     0.5811,    05h49m03s
[ 69800,  0.0001763]     0.8844,     0.9961,     0.5643,    05h48m33s
[ 69900,  0.0001760]     0.8830,     0.9944,     0.5631,    05h46m29s
[ 70000,  0.0001756]     0.8850,     0.9961,     0.5565,    05h46m14s
Validation MACE: 0.655626
[ 70100,  0.0001753]     0.8762,     0.9966,     0.5795,    05h44m03s
[ 70200,  0.0001749]     0.8775,     0.9962,     0.5642,    05h45m35s
[ 70300,  0.0001746]     0.8745,     0.9950,     0.5653,    05h44m56s
[ 70400,  0.0001742]     0.8830,     0.9964,     0.5657,    05h44m54s
[ 70500,  0.0001739]     0.8803,     0.9953,     0.5621,    05h44m34s
[ 70600,  0.0001735]     0.8864,     0.9945,     0.5694,    05h42m30s
[ 70700,  0.0001732]     0.8862,     0.9958,     0.5544,    05h42m54s
[ 70800,  0.0001728]     0.8944,     0.9967,     0.5420,    05h42m52s
[ 70900,  0.0001725]     0.8753,     0.9966,     0.5826,    05h39m51s
[ 71000,  0.0001721]     0.8859,     0.9964,     0.5525,    05h40m53s
[ 71100,  0.0001718]     0.8764,     0.9962,     0.5634,    05h40m31s
[ 71200,  0.0001714]     0.8778,     0.9952,     0.5659,    05h39m50s
[ 71300,  0.0001711]     0.8838,     0.9961,     0.5562,    05h38m09s
[ 71400,  0.0001707]     0.8905,     0.9956,     0.5549,    05h40m03s
[ 71500,  0.0001704]     0.8769,     0.9939,     0.5827,    05h36m45s
[ 71600,  0.0001700]     0.8808,     0.9958,     0.5585,    05h36m25s
[ 71700,  0.0001697]     0.8766,     0.9959,     0.5653,    05h35m37s
[ 71800,  0.0001693]     0.8747,     0.9958,     0.5696,    05h33m57s
[ 71900,  0.0001690]     0.8828,     0.9962,     0.5472,    05h32m43s
[ 72000,  0.0001686]     0.8884,     0.9956,     0.5628,    05h33m11s
[ 72100,  0.0001683]     0.8798,     0.9945,     0.5741,    05h31m51s
[ 72200,  0.0001679]     0.8792,     0.9956,     0.5640,    05h31m08s
[ 72300,  0.0001676]     0.8750,     0.9955,     0.5699,    05h29m56s
[ 72400,  0.0001672]     0.8855,     0.9959,     0.5629,    05h31m01s
[ 72500,  0.0001669]     0.8759,     0.9962,     0.5610,    05h28m11s
[ 72600,  0.0001665]     0.8778,     0.9941,     0.5805,    05h26m01s
[ 72700,  0.0001662]     0.8775,     0.9950,     0.5673,    05h28m21s
[ 72800,  0.0001658]     0.8842,     0.9978,     0.5474,    05h26m47s
[ 72900,  0.0001655]     0.8827,     0.9970,     0.5679,    05h26m53s
[ 73000,  0.0001651]     0.8781,     0.9953,     0.5663,    05h27m10s
[ 73100,  0.0001648]     0.8905,     0.9962,     0.5401,    05h25m28s
[ 73200,  0.0001644]     0.8761,     0.9955,     0.5600,    05h28m28s
[ 73300,  0.0001641]     0.8812,     0.9964,     0.5689,    05h25m01s
[ 73400,  0.0001637]     0.8825,     0.9947,     0.5667,    05h24m30s
[ 73500,  0.0001634]     0.8908,     0.9967,     0.5563,    05h23m36s
[ 73600,  0.0001630]     0.8955,     0.9967,     0.5358,    05h23m14s
[ 73700,  0.0001627]     0.8814,     0.9962,     0.5627,    05h22m09s
[ 73800,  0.0001623]     0.8862,     0.9969,     0.5493,    05h21m10s
[ 73900,  0.0001620]     0.8792,     0.9939,     0.5872,    05h21m10s
[ 74000,  0.0001616]     0.8865,     0.9956,     0.5498,    05h18m30s
[ 74100,  0.0001613]     0.8808,     0.9947,     0.5556,    05h19m17s
[ 74200,  0.0001609]     0.8828,     0.9944,     0.6067,    05h18m55s
[ 74300,  0.0001606]     0.8881,     0.9973,     0.5421,    05h17m53s
[ 74400,  0.0001602]     0.8852,     0.9956,     0.5489,    05h17m48s
[ 74500,  0.0001599]     0.8778,     0.9962,     0.5641,    05h15m57s
[ 74600,  0.0001595]     0.8903,     0.9959,     0.5918,    05h15m28s
[ 74700,  0.0001592]     0.8781,     0.9967,     0.5773,    05h14m52s
[ 74800,  0.0001588]     0.8827,     0.9973,     0.5511,    05h15m14s
[ 74900,  0.0001585]     0.8752,     0.9964,     0.5651,    05h14m14s
[ 75000,  0.0001581]     0.8834,     0.9944,     0.5669,    05h13m02s
[ 75100,  0.0001578]     0.8845,     0.9975,     0.5803,    05h09m35s
[ 75200,  0.0001574]     0.8814,     0.9958,     0.5749,    05h11m13s
[ 75300,  0.0001571]     0.8889,     0.9950,     0.5790,    05h10m21s
[ 75400,  0.0001567]     0.8781,     0.9948,     0.5665,    05h09m54s
[ 75500,  0.0001564]     0.8836,     0.9955,     0.5574,    05h09m29s
[ 75600,  0.0001560]     0.8877,     0.9964,     0.5434,    05h07m11s
[ 75700,  0.0001557]     0.8858,     0.9980,     0.5420,    05h07m38s
[ 75800,  0.0001553]     0.8784,     0.9967,     0.5622,    05h05m59s
[ 75900,  0.0001550]     0.8916,     0.9953,     0.5539,    05h06m40s
[ 76000,  0.0001546]     0.8842,     0.9942,     0.5652,    05h02m59s
[ 76100,  0.0001543]     0.8836,     0.9953,     0.5653,    05h04m14s
[ 76200,  0.0001539]     0.8855,     0.9959,     0.5524,    05h04m58s
[ 76300,  0.0001536]     0.8834,     0.9955,     0.5541,    05h02m56s
[ 76400,  0.0001532]     0.8916,     0.9958,     0.5465,    05h01m46s
[ 76500,  0.0001529]     0.8855,     0.9970,     0.5400,    05h02m08s
[ 76600,  0.0001525]     0.8906,     0.9956,     0.5664,    05h01m36s
[ 76700,  0.0001522]     0.8930,     0.9959,     0.5396,    04h59m58s
[ 76800,  0.0001518]     0.8852,     0.9952,     0.5712,    05h00m23s
[ 76900,  0.0001515]     0.8823,     0.9952,     0.5858,    04h59m36s
[ 77000,  0.0001511]     0.8861,     0.9948,     0.5593,    04h59m08s
[ 77100,  0.0001508]     0.8886,     0.9952,     0.5831,    04h59m00s
[ 77200,  0.0001504]     0.8811,     0.9942,     0.5892,    04h56m42s
[ 77300,  0.0001501]     0.8922,     0.9961,     0.5441,    04h53m53s
[ 77400,  0.0001497]     0.8941,     0.9944,     0.5929,    04h56m51s
[ 77500,  0.0001494]     0.8922,     0.9973,     0.5374,    04h53m41s
[ 77600,  0.0001490]     0.8797,     0.9953,     0.5561,    04h54m51s
[ 77700,  0.0001486]     0.8833,     0.9969,     0.5509,    04h54m22s
[ 77800,  0.0001483]     0.8842,     0.9956,     0.5716,    04h53m16s
[ 77900,  0.0001479]     0.8831,     0.9948,     0.5641,    04h51m51s
[ 78000,  0.0001476]     0.8825,     0.9981,     0.5387,    04h50m44s
[ 78100,  0.0001472]     0.8823,     0.9967,     0.5455,    04h51m21s
[ 78200,  0.0001469]     0.8864,     0.9958,     0.5602,    04h48m47s
[ 78300,  0.0001465]     0.8888,     0.9967,     0.5447,    04h50m28s
[ 78400,  0.0001462]     0.8775,     0.9973,     0.5489,    04h49m06s
[ 78500,  0.0001458]     0.8916,     0.9964,     0.5498,    04h48m15s
[ 78600,  0.0001455]     0.8941,     0.9970,     0.5437,    04h48m35s
[ 78700,  0.0001451]     0.8909,     0.9980,     0.5316,    04h48m11s
[ 78800,  0.0001448]     0.8906,     0.9959,     0.5484,    04h45m06s
[ 78900,  0.0001444]     0.8894,     0.9972,     0.5633,    04h45m23s
[ 79000,  0.0001441]     0.8931,     0.9962,     0.5469,    04h45m06s
[ 79100,  0.0001437]     0.8892,     0.9945,     0.5822,    04h44m30s
[ 79200,  0.0001434]     0.8872,     0.9962,     0.5543,    04h42m27s
[ 79300,  0.0001430]     0.8795,     0.9967,     0.5544,    04h41m33s
[ 79400,  0.0001427]     0.8808,     0.9944,     0.5751,    04h44m38s
[ 79500,  0.0001423]     0.8788,     0.9947,     0.5944,    04h41m09s
[ 79600,  0.0001420]     0.8805,     0.9955,     0.5706,    04h40m36s
[ 79700,  0.0001416]     0.8877,     0.9961,     0.5526,    04h41m27s
[ 79800,  0.0001413]     0.8894,     0.9955,     0.5557,    04h39m28s
[ 79900,  0.0001409]     0.8933,     0.9975,     0.5331,    04h37m00s
[ 80000,  0.0001406]     0.8811,     0.9962,     0.5607,    04h36m46s
Validation MACE: 0.562557
[ 80100,  0.0001402]     0.8881,     0.9944,     0.5740,    04h36m54s
[ 80200,  0.0001399]     0.8886,     0.9958,     0.5673,    04h39m44s
[ 80300,  0.0001395]     0.8855,     0.9970,     0.5447,    04h35m36s
[ 80400,  0.0001392]     0.8920,     0.9973,     0.5399,    04h35m02s
[ 80500,  0.0001388]     0.8906,     0.9953,     0.5432,    04h33m01s
[ 80600,  0.0001385]     0.8836,     0.9955,     0.5852,    04h34m33s
[ 80700,  0.0001381]     0.8916,     0.9972,     0.5720,    04h32m30s
[ 80800,  0.0001378]     0.8888,     0.9942,     0.5814,    04h33m10s
[ 80900,  0.0001374]     0.8823,     0.9953,     0.5607,    04h30m58s
[ 81000,  0.0001371]     0.8911,     0.9958,     0.5521,    04h30m46s
[ 81100,  0.0001367]     0.8848,     0.9967,     0.5449,    04h29m25s
[ 81200,  0.0001364]     0.8833,     0.9970,     0.5494,    04h29m19s
[ 81300,  0.0001360]     0.8914,     0.9986,     0.5340,    04h27m31s
[ 81400,  0.0001357]     0.8890,     0.9964,     0.5492,    04h29m38s
[ 81500,  0.0001353]     0.8892,     0.9972,     0.5497,    04h26m36s
[ 81600,  0.0001350]     0.8906,     0.9966,     0.5416,    04h26m14s
[ 81700,  0.0001346]     0.8909,     0.9956,     0.5640,    04h24m15s
[ 81800,  0.0001343]     0.8859,     0.9959,     0.5773,    04h24m28s
[ 81900,  0.0001339]     0.8881,     0.9983,     0.5321,    04h24m51s
[ 82000,  0.0001336]     0.8977,     0.9958,     0.5424,    04h23m10s
[ 82100,  0.0001332]     0.8869,     0.9961,     0.5715,    04h23m29s
[ 82200,  0.0001329]     0.8845,     0.9966,     0.5616,    04h22m16s
[ 82300,  0.0001325]     0.8992,     0.9966,     0.5383,    04h21m01s
[ 82400,  0.0001322]     0.8855,     0.9975,     0.5569,    04h21m29s
[ 82500,  0.0001318]     0.8889,     0.9980,     0.5298,    04h20m00s
[ 82600,  0.0001315]     0.8923,     0.9967,     0.5323,    04h18m45s
[ 82700,  0.0001311]     0.8880,     0.9981,     0.5282,    04h17m27s
[ 82800,  0.0001308]     0.8984,     0.9977,     0.5164,    04h18m04s
[ 82900,  0.0001304]     0.8978,     0.9975,     0.5232,    04h18m10s
[ 83000,  0.0001301]     0.8941,     0.9961,     0.5559,    04h17m04s
[ 83100,  0.0001297]     0.8875,     0.9964,     0.5600,    04h16m00s
[ 83200,  0.0001294]     0.8861,     0.9948,     0.5627,    04h14m23s
[ 83300,  0.0001290]     0.8816,     0.9958,     0.5485,    04h14m11s
[ 83400,  0.0001287]     0.8908,     0.9967,     0.5359,    04h15m21s
[ 83500,  0.0001283]     0.8869,     0.9969,     0.5340,    04h13m33s
[ 83600,  0.0001280]     0.8856,     0.9967,     0.5409,    04h13m36s
[ 83700,  0.0001276]     0.8844,     0.9933,     0.5678,    04h11m07s
[ 83800,  0.0001273]     0.8844,     0.9973,     0.5524,    04h12m32s
[ 83900,  0.0001269]     0.8914,     0.9964,     0.5492,    04h09m34s
[ 84000,  0.0001266]     0.8938,     0.9972,     0.5412,    04h10m15s
[ 84100,  0.0001262]     0.8975,     0.9988,     0.5168,    04h08m58s
[ 84200,  0.0001259]     0.8984,     0.9973,     0.5272,    04h07m16s
[ 84300,  0.0001255]     0.8870,     0.9952,     0.5779,    04h07m26s
[ 84400,  0.0001252]     0.8842,     0.9950,     0.5530,    04h07m44s
[ 84500,  0.0001248]     0.8933,     0.9969,     0.5302,    04h06m15s
[ 84600,  0.0001245]     0.8814,     0.9958,     0.5761,    04h05m47s
[ 84700,  0.0001241]     0.8817,     0.9967,     0.5449,    04h05m15s
[ 84800,  0.0001238]     0.8856,     0.9944,     0.5679,    04h04m12s
[ 84900,  0.0001234]     0.8911,     0.9962,     0.5403,    04h05m49s
[ 85000,  0.0001231]     0.8875,     0.9966,     0.5595,    04h01m43s
[ 85100,  0.0001227]     0.8991,     0.9970,     0.5374,    04h02m29s
[ 85200,  0.0001224]     0.8875,     0.9969,     0.5452,    04h01m23s
[ 85300,  0.0001220]     0.8992,     0.9966,     0.5373,    04h01m47s
[ 85400,  0.0001217]     0.8889,     0.9961,     0.5549,    04h00m29s
[ 85500,  0.0001213]     0.8891,     0.9978,     0.5406,    03h57m23s
[ 85600,  0.0001210]     0.8856,     0.9944,     0.5620,    03h58m43s
[ 85700,  0.0001206]     0.8900,     0.9980,     0.5275,    03h56m58s
[ 85800,  0.0001203]     0.8888,     0.9975,     0.5293,    03h57m26s
[ 85900,  0.0001199]     0.8902,     0.9966,     0.5543,    03h55m34s
[ 86000,  0.0001196]     0.8947,     0.9967,     0.5520,    03h55m04s
[ 86100,  0.0001192]     0.8855,     0.9956,     0.5485,    03h54m58s
[ 86200,  0.0001188]     0.8881,     0.9941,     0.5949,    03h54m21s
[ 86300,  0.0001185]     0.8967,     0.9978,     0.5323,    03h54m10s
[ 86400,  0.0001181]     0.8970,     0.9961,     0.5464,    03h52m25s
[ 86500,  0.0001178]     0.8975,     0.9981,     0.5179,    03h53m11s
[ 86600,  0.0001174]     0.8916,     0.9959,     0.5549,    03h52m37s
[ 86700,  0.0001171]     0.8936,     0.9969,     0.5360,    03h50m49s
[ 86800,  0.0001167]     0.8988,     0.9962,     0.5562,    03h51m20s
[ 86900,  0.0001164]     0.8894,     0.9972,     0.5344,    03h49m15s
[ 87000,  0.0001160]     0.8948,     0.9964,     0.5327,    03h50m03s
[ 87100,  0.0001157]     0.8991,     0.9969,     0.5355,    03h48m33s
[ 87200,  0.0001153]     0.8855,     0.9972,     0.5431,    03h46m59s
[ 87300,  0.0001150]     0.8964,     0.9978,     0.5249,    03h46m45s
[ 87400,  0.0001146]     0.8880,     0.9966,     0.5481,    03h46m13s
[ 87500,  0.0001143]     0.8966,     0.9958,     0.5344,    03h45m39s
[ 87600,  0.0001139]     0.8916,     0.9973,     0.5397,    03h44m34s
[ 87700,  0.0001136]     0.8869,     0.9958,     0.5459,    03h42m47s
[ 87800,  0.0001132]     0.8953,     0.9980,     0.5220,    03h44m17s
[ 87900,  0.0001129]     0.9023,     0.9981,     0.5144,    03h42m54s
[ 88000,  0.0001125]     0.8927,     0.9973,     0.5293,    03h41m27s
[ 88100,  0.0001122]     0.8898,     0.9975,     0.5426,    03h42m07s
[ 88200,  0.0001118]     0.8942,     0.9980,     0.5266,    03h40m29s
[ 88300,  0.0001115]     0.8877,     0.9953,     0.5703,    03h39m06s
[ 88400,  0.0001111]     0.8903,     0.9975,     0.5642,    03h40m45s
[ 88500,  0.0001108]     0.8961,     0.9945,     0.6071,    03h38m48s
[ 88600,  0.0001104]     0.8973,     0.9978,     0.5257,    03h38m00s
[ 88700,  0.0001101]     0.8939,     0.9975,     0.5291,    03h35m44s
[ 88800,  0.0001097]     0.8947,     0.9955,     0.5346,    03h36m53s
[ 88900,  0.0001094]     0.8961,     0.9950,     0.5535,    03h36m50s
[ 89000,  0.0001090]     0.8945,     0.9970,     0.5374,    03h37m00s
[ 89100,  0.0001087]     0.8998,     0.9969,     0.5186,    03h35m13s
[ 89200,  0.0001083]     0.8912,     0.9956,     0.5680,    03h33m39s
[ 89300,  0.0001080]     0.8895,     0.9961,     0.5402,    03h32m56s
[ 89400,  0.0001076]     0.8931,     0.9956,     0.5520,    03h31m30s
[ 89500,  0.0001073]     0.8930,     0.9972,     0.5554,    03h31m08s
[ 89600,  0.0001069]     0.8953,     0.9977,     0.5349,    03h31m24s
[ 89700,  0.0001066]     0.8833,     0.9961,     0.5393,    03h29m53s
[ 89800,  0.0001062]     0.8956,     0.9964,     0.5344,    03h29m02s
[ 89900,  0.0001059]     0.8969,     0.9975,     0.5205,    03h31m05s
[ 90000,  0.0001055]     0.9012,     0.9969,     0.5325,    03h27m07s
Validation MACE: 0.529465
[ 90100,  0.0001052]     0.8916,     0.9966,     0.5423,    03h28m22s
[ 90200,  0.0001048]     0.8878,     0.9972,     0.5387,    03h27m41s
[ 90300,  0.0001045]     0.8956,     0.9962,     0.5228,    03h25m31s
[ 90400,  0.0001041]     0.8925,     0.9970,     0.5311,    03h26m23s
[ 90500,  0.0001038]     0.8978,     0.9956,     0.5350,    03h24m08s
[ 90600,  0.0001034]     0.8886,     0.9977,     0.5539,    03h23m21s
[ 90700,  0.0001031]     0.8977,     0.9948,     0.5398,    03h23m10s
[ 90800,  0.0001027]     0.9031,     0.9966,     0.5403,    03h22m49s
[ 90900,  0.0001024]     0.8939,     0.9966,     0.5280,    03h22m36s
[ 91000,  0.0001020]     0.9012,     0.9978,     0.5143,    03h21m03s
[ 91100,  0.0001017]     0.9014,     0.9973,     0.5154,    03h21m20s
[ 91200,  0.0001013]     0.8934,     0.9988,     0.5152,    03h19m55s
[ 91300,  0.0001010]     0.8927,     0.9970,     0.5459,    03h18m54s
[ 91400,  0.0001006]     0.8919,     0.9961,     0.5332,    03h17m54s
[ 91500,  0.0001003]     0.8911,     0.9973,     0.5339,    03h17m05s
[ 91600,  0.0000999]     0.8969,     0.9961,     0.5459,    03h16m44s
[ 91700,  0.0000996]     0.9034,     0.9969,     0.5128,    03h16m33s
[ 91800,  0.0000992]     0.8970,     0.9952,     0.5413,    03h14m23s
[ 91900,  0.0000989]     0.8948,     0.9972,     0.5335,    03h15m34s
[ 92000,  0.0000985]     0.8961,     0.9955,     0.5549,    03h14m23s
[ 92100,  0.0000982]     0.8892,     0.9969,     0.5271,    03h13m18s
[ 92200,  0.0000978]     0.8912,     0.9970,     0.5301,    03h13m24s
[ 92300,  0.0000975]     0.9030,     0.9964,     0.5247,    03h12m02s
[ 92400,  0.0000971]     0.8947,     0.9967,     0.5230,    03h11m38s
[ 92500,  0.0000968]     0.9000,     0.9980,     0.5167,    03h10m35s
[ 92600,  0.0000964]     0.8902,     0.9962,     0.5405,    03h09m48s
[ 92700,  0.0000961]     0.8917,     0.9975,     0.5228,    03h09m56s
[ 92800,  0.0000957]     0.8933,     0.9962,     0.5841,    03h08m40s
[ 92900,  0.0000954]     0.8947,     0.9964,     0.5239,    03h07m58s
[ 93000,  0.0000950]     0.9075,     0.9981,     0.5038,    03h07m07s
[ 93100,  0.0000947]     0.9014,     0.9983,     0.5100,    03h06m53s
[ 93200,  0.0000943]     0.8911,     0.9956,     0.5519,    03h05m26s
[ 93300,  0.0000940]     0.8977,     0.9978,     0.5303,    03h05m06s
[ 93400,  0.0000936]     0.9050,     0.9975,     0.5149,    03h03m44s
[ 93500,  0.0000933]     0.9014,     0.9977,     0.5263,    03h03m29s
[ 93600,  0.0000929]     0.9038,     0.9983,     0.5171,    03h03m30s
[ 93700,  0.0000926]     0.8950,     0.9975,     0.5279,    03h02m44s
[ 93800,  0.0000922]     0.9005,     0.9972,     0.5427,    03h02m15s
[ 93900,  0.0000919]     0.8991,     0.9958,     0.5368,    03h00m39s
[ 94000,  0.0000915]     0.8994,     0.9962,     0.5280,    03h00m16s
[ 94100,  0.0000912]     0.9000,     0.9961,     0.5364,    02h59m33s
[ 94200,  0.0000908]     0.8955,     0.9967,     0.5341,    02h59m31s
[ 94300,  0.0000905]     0.8973,     0.9986,     0.5124,    02h58m15s
[ 94400,  0.0000901]     0.8942,     0.9969,     0.5375,    02h56m57s
[ 94500,  0.0000898]     0.9036,     0.9978,     0.5162,    02h57m40s
[ 94600,  0.0000894]     0.8939,     0.9975,     0.5407,    02h55m51s
[ 94700,  0.0000890]     0.9022,     0.9972,     0.5139,    02h54m25s
[ 94800,  0.0000887]     0.8939,     0.9966,     0.5398,    02h54m52s
[ 94900,  0.0000883]     0.8944,     0.9975,     0.5357,    02h53m40s
[ 95000,  0.0000880]     0.9003,     0.9967,     0.5393,    02h53m06s
[ 95100,  0.0000876]     0.9028,     0.9969,     0.5107,    02h52m25s
[ 95200,  0.0000873]     0.8944,     0.9980,     0.5230,    02h52m23s
[ 95300,  0.0000869]     0.8953,     0.9973,     0.5328,    02h51m18s
[ 95400,  0.0000866]     0.8942,     0.9967,     0.5311,    02h50m09s
[ 95500,  0.0000862]     0.9039,     0.9964,     0.5299,    02h49m45s
[ 95600,  0.0000859]     0.8894,     0.9973,     0.5419,    02h49m27s
[ 95700,  0.0000855]     0.8977,     0.9980,     0.5182,    02h47m55s
[ 95800,  0.0000852]     0.9005,     0.9972,     0.5324,    02h47m18s
[ 95900,  0.0000848]     0.8983,     0.9978,     0.5301,    02h47m00s
[ 96000,  0.0000845]     0.9008,     0.9977,     0.5195,    02h46m55s
[ 96100,  0.0000841]     0.8886,     0.9958,     0.5350,    02h45m11s
[ 96200,  0.0000838]     0.9010,     0.9981,     0.5150,    02h44m37s
[ 96300,  0.0000834]     0.8980,     0.9978,     0.5142,    02h42m30s
[ 96400,  0.0000831]     0.8962,     0.9962,     0.5199,    02h45m47s
[ 96500,  0.0000827]     0.9011,     0.9980,     0.5053,    02h42m17s
[ 96600,  0.0000824]     0.8948,     0.9962,     0.5369,    02h43m14s
[ 96700,  0.0000820]     0.8986,     0.9967,     0.5218,    02h41m24s
[ 96800,  0.0000817]     0.8962,     0.9969,     0.5328,    02h41m16s
[ 96900,  0.0000813]     0.9017,     0.9986,     0.5079,    02h40m08s
[ 97000,  0.0000810]     0.9006,     0.9984,     0.5081,    02h39m05s
[ 97100,  0.0000806]     0.9025,     0.9983,     0.5099,    02h38m43s
[ 97200,  0.0000803]     0.9039,     0.9983,     0.5090,    02h38m42s
[ 97300,  0.0000799]     0.9000,     0.9947,     0.5299,    02h37m16s
[ 97400,  0.0000796]     0.9038,     0.9980,     0.5076,    02h36m37s
[ 97500,  0.0000792]     0.9014,     0.9973,     0.5168,    02h35m50s
[ 97600,  0.0000789]     0.9030,     0.9975,     0.5417,    02h35m31s
[ 97700,  0.0000785]     0.8947,     0.9964,     0.5327,    02h34m24s
[ 97800,  0.0000782]     0.9039,     0.9967,     0.5198,    02h34m00s
[ 97900,  0.0000778]     0.8980,     0.9975,     0.5201,    02h33m06s
[ 98000,  0.0000775]     0.9012,     0.9980,     0.5093,    02h32m10s
[ 98100,  0.0000771]     0.8920,     0.9959,     0.5521,    02h32m34s
[ 98200,  0.0000768]     0.9047,     0.9972,     0.5160,    02h32m05s
[ 98300,  0.0000764]     0.9011,     0.9984,     0.5116,    02h30m23s
[ 98400,  0.0000761]     0.9023,     0.9981,     0.5109,    02h30m02s
[ 98500,  0.0000757]     0.8972,     0.9972,     0.5366,    02h29m13s
[ 98600,  0.0000754]     0.8958,     0.9973,     0.5301,    02h28m06s
[ 98700,  0.0000750]     0.9039,     0.9980,     0.5154,    02h28m16s
[ 98800,  0.0000747]     0.8962,     0.9964,     0.5502,    02h27m18s
[ 98900,  0.0000743]     0.9028,     0.9975,     0.5130,    02h27m08s
[ 99000,  0.0000740]     0.8975,     0.9970,     0.5417,    02h26m20s
[ 99100,  0.0000736]     0.9073,     0.9980,     0.5135,    02h24m44s
[ 99200,  0.0000733]     0.9047,     0.9969,     0.5154,    02h24m17s
[ 99300,  0.0000729]     0.8969,     0.9953,     0.5405,    02h23m22s
[ 99400,  0.0000726]     0.9061,     0.9983,     0.5074,    02h21m59s
[ 99500,  0.0000722]     0.9009,     0.9975,     0.5140,    02h21m52s
[ 99600,  0.0000719]     0.9047,     0.9975,     0.5223,    02h21m52s
[ 99700,  0.0000715]     0.9017,     0.9977,     0.5178,    02h21m18s
[ 99800,  0.0000712]     0.9084,     0.9978,     0.5139,    02h20m20s
[ 99900,  0.0000708]     0.8989,     0.9977,     0.5108,    02h19m48s
[100000,  0.0000705]     0.9041,     0.9967,     0.5446,    02h18m47s
Validation MACE: 0.498328
[100100,  0.0000701]     0.9064,     0.9975,     0.5078,    02h17m30s
[100200,  0.0000698]     0.8983,     0.9978,     0.5208,    02h17m45s
[100300,  0.0000694]     0.9022,     0.9981,     0.5196,    02h18m25s
[100400,  0.0000691]     0.9047,     0.9989,     0.5027,    02h15m30s
[100500,  0.0000687]     0.9050,     0.9969,     0.5126,    02h15m04s
[100600,  0.0000684]     0.8967,     0.9962,     0.5271,    02h14m23s
[100700,  0.0000680]     0.9009,     0.9966,     0.5174,    02h14m27s
[100800,  0.0000677]     0.9044,     0.9962,     0.5192,    02h12m48s
[100900,  0.0000673]     0.9008,     0.9977,     0.5125,    02h12m31s
[101000,  0.0000670]     0.9003,     0.9970,     0.5271,    02h11m23s
[101100,  0.0000666]     0.9000,     0.9966,     0.5440,    02h11m19s
[101200,  0.0000663]     0.9020,     0.9969,     0.5216,    02h10m54s
[101300,  0.0000659]     0.9030,     0.9972,     0.5122,    02h10m07s
[101400,  0.0000656]     0.9059,     0.9980,     0.5015,    02h09m18s
[101500,  0.0000652]     0.8947,     0.9970,     0.5137,    02h08m17s
[101600,  0.0000649]     0.9052,     0.9972,     0.5092,    02h07m36s
[101700,  0.0000645]     0.9052,     0.9966,     0.5151,    02h06m52s
[101800,  0.0000642]     0.9067,     0.9983,     0.5059,    02h06m09s
[101900,  0.0000638]     0.8998,     0.9978,     0.5114,    02h04m50s
[102000,  0.0000635]     0.9161,     0.9978,     0.4975,    02h04m50s
[102100,  0.0000631]     0.9022,     0.9984,     0.5070,    02h03m33s
[102200,  0.0000628]     0.9039,     0.9981,     0.5029,    02h03m39s
[102300,  0.0000624]     0.9069,     0.9967,     0.5081,    02h03m14s
[102400,  0.0000621]     0.9031,     0.9967,     0.5361,    02h01m50s
[102500,  0.0000617]     0.9066,     0.9977,     0.5072,    02h00m42s
[102600,  0.0000614]     0.9044,     0.9959,     0.5239,    02h00m36s
[102700,  0.0000610]     0.9022,     0.9967,     0.5278,    02h00m14s
[102800,  0.0000607]     0.9056,     0.9966,     0.5226,    01h59m52s
[102900,  0.0000603]     0.8973,     0.9973,     0.5324,    01h58m33s
[103000,  0.0000600]     0.9028,     0.9981,     0.5135,    01h58m18s
[103100,  0.0000596]     0.9042,     0.9978,     0.5219,    01h56m47s
[103200,  0.0000593]     0.9042,     0.9964,     0.5189,    01h57m08s
[103300,  0.0000589]     0.9070,     0.9964,     0.5087,    01h55m38s
[103400,  0.0000585]     0.9053,     0.9970,     0.5213,    01h55m37s
[103500,  0.0000582]     0.9014,     0.9972,     0.5280,    01h53m50s
[103600,  0.0000578]     0.8958,     0.9962,     0.5414,    01h54m37s
[103700,  0.0000575]     0.9006,     0.9969,     0.5147,    01h52m37s
[103800,  0.0000571]     0.9023,     0.9969,     0.5077,    01h52m31s
[103900,  0.0000568]     0.9056,     0.9966,     0.5129,    01h51m49s
[104000,  0.0000564]     0.9030,     0.9972,     0.5163,    01h51m04s
[104100,  0.0000561]     0.8989,     0.9977,     0.5190,    01h50m21s
[104200,  0.0000557]     0.8933,     0.9961,     0.5290,    01h50m02s
[104300,  0.0000554]     0.9145,     0.9972,     0.5230,    01h48m54s
[104400,  0.0000550]     0.8991,     0.9980,     0.5107,    01h48m05s
[104500,  0.0000547]     0.8983,     0.9969,     0.5328,    01h47m30s
[104600,  0.0000543]     0.8973,     0.9970,     0.5247,    01h46m48s
[104700,  0.0000540]     0.8994,     0.9964,     0.5173,    01h46m14s
[104800,  0.0000536]     0.9050,     0.9972,     0.5129,    01h45m36s
[104900,  0.0000533]     0.9058,     0.9972,     0.5081,    01h45m37s
[105000,  0.0000529]     0.9064,     0.9972,     0.5206,    01h43m39s
[105100,  0.0000526]     0.9113,     0.9977,     0.5141,    01h43m22s
[105200,  0.0000522]     0.9042,     0.9981,     0.5051,    01h42m55s
[105300,  0.0000519]     0.9050,     0.9964,     0.5124,    01h42m03s
[105400,  0.0000515]     0.9047,     0.9966,     0.5089,    01h41m19s
[105500,  0.0000512]     0.9075,     0.9966,     0.5181,    01h40m32s
[105600,  0.0000508]     0.9116,     0.9973,     0.5153,    01h39m54s
[105700,  0.0000505]     0.9067,     0.9972,     0.5050,    01h38m41s
[105800,  0.0000501]     0.9044,     0.9980,     0.5068,    01h38m24s
[105900,  0.0000498]     0.9073,     0.9980,     0.5039,    01h37m33s
[106000,  0.0000494]     0.9083,     0.9964,     0.5354,    01h36m50s
[106100,  0.0000491]     0.9111,     0.9983,     0.4954,    01h36m47s
[106200,  0.0000487]     0.9030,     0.9958,     0.5212,    01h35m51s
[106300,  0.0000484]     0.8997,     0.9989,     0.5089,    01h35m13s
[106400,  0.0000480]     0.9069,     0.9973,     0.5290,    01h34m04s
[106500,  0.0000477]     0.9053,     0.9953,     0.5314,    01h34m01s
[106600,  0.0000473]     0.9041,     0.9970,     0.5149,    01h32m29s
[106700,  0.0000470]     0.9039,     0.9975,     0.5109,    01h31m58s
[106800,  0.0000466]     0.9056,     0.9984,     0.4976,    01h31m20s
[106900,  0.0000463]     0.9025,     0.9967,     0.5135,    01h31m03s
[107000,  0.0000459]     0.8927,     0.9970,     0.5392,    01h30m14s
[107100,  0.0000456]     0.9081,     0.9977,     0.5025,    01h29m50s
[107200,  0.0000452]     0.9038,     0.9977,     0.5139,    01h28m39s
[107300,  0.0000449]     0.9044,     0.9972,     0.5132,    01h27m46s
[107400,  0.0000445]     0.9064,     0.9981,     0.5043,    01h27m06s
[107500,  0.0000442]     0.9062,     0.9964,     0.5169,    01h27m06s
[107600,  0.0000438]     0.9038,     0.9970,     0.5350,    01h26m22s
[107700,  0.0000435]     0.9072,     0.9980,     0.5037,    01h25m45s
[107800,  0.0000431]     0.9092,     0.9972,     0.5221,    01h24m31s
[107900,  0.0000428]     0.8916,     0.9953,     0.5428,    01h23m31s
[108000,  0.0000424]     0.9042,     0.9981,     0.5478,    01h23m23s
[108100,  0.0000421]     0.9002,     0.9970,     0.5307,    01h22m18s
[108200,  0.0000417]     0.9036,     0.9977,     0.5128,    01h21m38s
[108300,  0.0000414]     0.9002,     0.9958,     0.5153,    01h21m18s
[108400,  0.0000410]     0.8994,     0.9975,     0.5195,    01h20m36s
[108500,  0.0000407]     0.8972,     0.9980,     0.5153,    01h19m51s
[108600,  0.0000403]     0.9091,     0.9988,     0.4966,    01h18m58s
[108700,  0.0000400]     0.9114,     0.9959,     0.5568,    01h18m31s
[108800,  0.0000396]     0.9066,     0.9991,     0.4969,    01h17m28s
[108900,  0.0000393]     0.9087,     0.9978,     0.5017,    01h16m54s
[109000,  0.0000389]     0.9062,     0.9977,     0.5240,    01h16m49s
[109100,  0.0000386]     0.9053,     0.9972,     0.5101,    01h15m31s
[109200,  0.0000382]     0.9042,     0.9981,     0.5059,    01h14m56s
[109300,  0.0000379]     0.9027,     0.9970,     0.5200,    01h14m03s
[109400,  0.0000375]     0.9069,     0.9981,     0.5074,    01h13m32s
[109500,  0.0000372]     0.9023,     0.9978,     0.5126,    01h12m45s
[109600,  0.0000368]     0.9033,     0.9970,     0.5229,    01h12m15s
[109700,  0.0000365]     0.9056,     0.9972,     0.5036,    01h11m00s
[109800,  0.0000361]     0.9058,     0.9966,     0.5382,    01h10m52s
[109900,  0.0000358]     0.9117,     0.9958,     0.4990,    01h10m00s
[110000,  0.0000354]     0.9111,     0.9983,     0.4992,    01h09m34s
Validation MACE: 0.503792
[110100,  0.0000351]     0.9075,     0.9970,     0.5148,    01h08m07s
[110200,  0.0000347]     0.9064,     0.9966,     0.5090,    01h07m50s
[110300,  0.0000344]     0.9048,     0.9962,     0.5211,    01h07m10s
[110400,  0.0000340]     0.9048,     0.9969,     0.5126,    01h06m26s
[110500,  0.0000337]     0.9025,     0.9970,     0.5189,    01h06m05s
[110600,  0.0000333]     0.9036,     0.9980,     0.5034,    01h05m19s
[110700,  0.0000330]     0.9036,     0.9966,     0.5211,    01h04m24s
[110800,  0.0000326]     0.9089,     0.9975,     0.5043,    01h03m55s
[110900,  0.0000323]     0.8993,     0.9983,     0.5133,    01h03m21s
[111000,  0.0000319]     0.9025,     0.9975,     0.5069,    01h02m23s
[111100,  0.0000316]     0.9027,     0.9975,     0.5099,    01h01m34s
[111200,  0.0000312]     0.9083,     0.9972,     0.5010,    01h01m17s
[111300,  0.0000309]     0.9100,     0.9980,     0.5200,    01h00m11s
[111400,  0.0000305]     0.9073,     0.9972,     0.5091,    00h59m40s
[111500,  0.0000302]     0.9053,     0.9972,     0.5055,    00h58m59s
[111600,  0.0000298]     0.9100,     0.9980,     0.4972,    00h58m24s
[111700,  0.0000295]     0.9056,     0.9977,     0.5019,    00h57m37s
[111800,  0.0000291]     0.9092,     0.9975,     0.5041,    00h57m07s
[111900,  0.0000287]     0.9080,     0.9977,     0.5079,    00h56m09s
[112000,  0.0000284]     0.9073,     0.9970,     0.5143,    00h55m38s
[112100,  0.0000280]     0.9081,     0.9983,     0.5021,    00h54m49s
[112200,  0.0000277]     0.9059,     0.9981,     0.5008,    00h54m08s
[112300,  0.0000273]     0.9061,     0.9972,     0.5137,    00h53m24s
[112400,  0.0000270]     0.9078,     0.9969,     0.5182,    00h52m53s
[112500,  0.0000266]     0.9097,     0.9977,     0.5008,    00h51m31s
[112600,  0.0000263]     0.9036,     0.9981,     0.5070,    00h51m19s
[112700,  0.0000259]     0.9064,     0.9980,     0.5021,    00h50m29s
[112800,  0.0000256]     0.9070,     0.9969,     0.5014,    00h49m52s
[112900,  0.0000252]     0.9047,     0.9970,     0.5113,    00h49m15s
[113000,  0.0000249]     0.9109,     0.9973,     0.5067,    00h48m19s
[113100,  0.0000245]     0.9097,     0.9980,     0.5069,    00h48m05s
[113200,  0.0000242]     0.9041,     0.9972,     0.5337,    00h47m14s
[113300,  0.0000238]     0.9105,     0.9981,     0.4909,    00h46m26s
[113400,  0.0000235]     0.8958,     0.9984,     0.5130,    00h45m51s
[113500,  0.0000231]     0.9089,     0.9962,     0.5163,    00h45m13s
[113600,  0.0000228]     0.8989,     0.9967,     0.5171,    00h44m31s
[113700,  0.0000224]     0.9069,     0.9969,     0.5247,    00h43m31s
[113800,  0.0000221]     0.8931,     0.9955,     0.5249,    00h43m14s
[113900,  0.0000217]     0.9008,     0.9972,     0.5193,    00h42m30s
[114000,  0.0000214]     0.9083,     0.9964,     0.5228,    00h41m34s
[114100,  0.0000210]     0.9083,     0.9986,     0.5009,    00h40m57s
[114200,  0.0000207]     0.8991,     0.9973,     0.5113,    00h40m12s
[114300,  0.0000203]     0.9083,     0.9970,     0.5018,    00h39m31s
[114400,  0.0000200]     0.9147,     0.9966,     0.5124,    00h38m56s
[114500,  0.0000196]     0.9089,     0.9989,     0.4934,    00h37m53s
[114600,  0.0000193]     0.9139,     0.9983,     0.5063,    00h37m25s
[114700,  0.0000189]     0.9109,     0.9969,     0.5085,    00h36m53s
[114800,  0.0000186]     0.9020,     0.9967,     0.5182,    00h36m08s
[114900,  0.0000182]     0.9059,     0.9983,     0.5036,    00h35m23s
[115000,  0.0000179]     0.9087,     0.9978,     0.5245,    00h34m31s
[115100,  0.0000175]     0.9064,     0.9973,     0.5152,    00h34m05s
[115200,  0.0000172]     0.9114,     0.9984,     0.4972,    00h33m19s
[115300,  0.0000168]     0.9025,     0.9972,     0.5125,    00h32m32s
[115400,  0.0000165]     0.9036,     0.9961,     0.5635,    00h31m58s
[115500,  0.0000161]     0.9122,     0.9978,     0.4883,    00h31m12s
[115600,  0.0000158]     0.9075,     0.9972,     0.5336,    00h30m29s
[115700,  0.0000154]     0.9028,     0.9962,     0.5290,    00h29m49s
[115800,  0.0000151]     0.9078,     0.9970,     0.4968,    00h29m06s
[115900,  0.0000147]     0.9061,     0.9973,     0.5049,    00h28m19s
[116000,  0.0000144]     0.9102,     0.9972,     0.4987,    00h27m55s
[116100,  0.0000140]     0.9141,     0.9983,     0.4926,    00h27m10s
[116200,  0.0000137]     0.9053,     0.9981,     0.5013,    00h26m21s
[116300,  0.0000133]     0.9137,     0.9969,     0.4990,    00h25m41s
[116400,  0.0000130]     0.9072,     0.9978,     0.5023,    00h24m50s
[116500,  0.0000126]     0.9117,     0.9980,     0.4973,    00h24m19s
[116600,  0.0000123]     0.9030,     0.9980,     0.5085,    00h23m41s
[116700,  0.0000119]     0.9106,     0.9988,     0.4912,    00h22m52s
[116800,  0.0000116]     0.9114,     0.9978,     0.4969,    00h22m14s
[116900,  0.0000112]     0.9131,     0.9978,     0.5020,    00h21m31s
[117000,  0.0000109]     0.9055,     0.9977,     0.5154,    00h20m53s
[117100,  0.0000105]     0.9078,     0.9988,     0.4945,    00h20m10s
[117200,  0.0000102]     0.9078,     0.9984,     0.4996,    00h19m30s
[117300,  0.0000098]     0.9036,     0.9983,     0.5095,    00h18m39s
[117400,  0.0000095]     0.9102,     0.9964,     0.5128,    00h18m02s
[117500,  0.0000091]     0.9077,     0.9978,     0.4985,    00h17m20s
[117600,  0.0000088]     0.9100,     0.9981,     0.5021,    00h16m38s
[117700,  0.0000084]     0.9123,     0.9975,     0.5074,    00h15m58s
[117800,  0.0000081]     0.9027,     0.9970,     0.5095,    00h15m10s
[117900,  0.0000077]     0.9092,     0.9973,     0.4963,    00h14m32s
[118000,  0.0000074]     0.9081,     0.9977,     0.5037,    00h13m53s
[118100,  0.0000070]     0.9045,     0.9975,     0.5058,    00h13m08s
[118200,  0.0000067]     0.9136,     0.9981,     0.4909,    00h12m25s
[118300,  0.0000063]     0.9054,     0.9970,     0.5106,    00h11m46s
[118400,  0.0000060]     0.9038,     0.9970,     0.5187,    00h11m02s
[118500,  0.0000056]     0.9113,     0.9967,     0.5131,    00h10m22s
[118600,  0.0000053]     0.9042,     0.9958,     0.5262,    00h09m44s
[118700,  0.0000049]     0.9033,     0.9977,     0.5071,    00h09m04s
[118800,  0.0000046]     0.9061,     0.9969,     0.5052,    00h08m19s
[118900,  0.0000042]     0.9175,     0.9977,     0.5044,    00h07m39s
[119000,  0.0000039]     0.9144,     0.9969,     0.5151,    00h06m55s
[119100,  0.0000035]     0.9123,     0.9972,     0.4960,    00h06m12s
[119200,  0.0000032]     0.9130,     0.9973,     0.5058,    00h05m29s
[119300,  0.0000028]     0.9041,     0.9983,     0.5000,    00h04m52s
[119400,  0.0000025]     0.9091,     0.9991,     0.4948,    00h04m09s
[119500,  0.0000021]     0.9181,     0.9981,     0.4866,    00h03m27s
[119600,  0.0000018]     0.9156,     0.9980,     0.4907,    00h02m46s
[119700,  0.0000014]     0.9116,     0.9973,     0.4975,    00h02m05s
[119800,  0.0000011]     0.9128,     0.9983,     0.5006,    00h01m23s
[119900,  0.0000007]     0.9094,     0.9986,     0.4937,    00h00m41s
[120000,  0.0000004]     0.9103,     0.9977,     0.4996,    00h00m00s
Validation MACE: 0.536814
