Parameter Count: 1292868
Training with 118287 image pairs
[   100,  0.0000223]     0.0008,     0.0052,    24.8855,    34h17m30s
[   200,  0.0000287]     0.0016,     0.0070,    24.3306,    34h21m48s
[   300,  0.0000351]     0.0023,     0.0147,    21.1360,    34h22m10s
[   400,  0.0000415]     0.0028,     0.0266,    17.6209,    34h28m26s
[   500,  0.0000479]     0.0053,     0.0567,    14.1859,    34h20m25s
[   600,  0.0000543]     0.0139,     0.0997,    12.5723,    34h15m07s
[   700,  0.0000607]     0.0422,     0.2159,     9.4684,    34h17m05s
[   800,  0.0000671]     0.0741,     0.3253,     8.1466,    34h14m29s
[   900,  0.0000735]     0.1214,     0.4664,     6.4202,    34h14m16s
[  1000,  0.0000799]     0.1281,     0.4859,     6.4147,    34h14m17s
[  1100,  0.0000863]     0.1562,     0.5855,     5.2047,    34h09m37s
[  1200,  0.0000927]     0.1666,     0.6219,     4.9978,    34h09m25s
[  1300,  0.0000991]     0.1734,     0.6661,     4.4926,    34h07m03s
[  1400,  0.0001055]     0.2177,     0.7289,     3.9812,    34h02m56s
[  1500,  0.0001119]     0.2308,     0.7673,     3.6242,    34h13m45s
[  1600,  0.0001183]     0.2525,     0.8020,     3.1367,    34h03m09s
[  1700,  0.0001247]     0.2959,     0.8216,     3.0668,    33h59m45s
[  1800,  0.0001311]     0.3378,     0.8369,     3.0089,    33h57m08s
[  1900,  0.0001375]     0.3844,     0.8681,     2.4411,    33h58m40s
[  2000,  0.0001439]     0.4252,     0.8778,     2.3938,    33h57m47s
[  2100,  0.0001502]     0.4455,     0.8833,     2.4789,    34h06m47s
[  2200,  0.0001566]     0.5492,     0.9192,     1.8249,    33h55m58s
[  2300,  0.0001630]     0.5947,     0.9097,     1.8562,    33h48m05s
[  2400,  0.0001694]     0.6398,     0.9352,     1.6077,    33h46m49s
[  2500,  0.0001758]     0.6250,     0.9305,     1.6829,    33h47m14s
[  2600,  0.0001822]     0.6856,     0.9489,     1.4668,    33h49m39s
[  2700,  0.0001886]     0.6947,     0.9464,     1.3554,    33h37m53s
[  2800,  0.0001950]     0.7588,     0.9603,     1.1282,    33h39m28s
[  2900,  0.0002014]     0.7614,     0.9497,     1.3064,    33h36m32s
[  3000,  0.0002078]     0.7980,     0.9558,     1.1613,    33h34m55s
[  3100,  0.0002142]     0.8217,     0.9670,     1.0280,    33h36m04s
[  3200,  0.0002206]     0.8105,     0.9692,     0.9552,    33h45m08s
[  3300,  0.0002270]     0.7861,     0.9569,     1.1854,    33h32m32s
[  3400,  0.0002334]     0.8333,     0.9669,     1.0186,    33h28m06s
[  3500,  0.0002398]     0.8689,     0.9702,     0.9257,    33h26m47s
[  3600,  0.0002462]     0.8583,     0.9675,     0.9938,    33h26m57s
[  3700,  0.0002526]     0.8867,     0.9748,     0.7652,    33h21m59s
[  3800,  0.0002590]     0.8772,     0.9759,     0.8381,    33h21m55s
[  3900,  0.0002654]     0.8895,     0.9759,     0.8786,    33h20m38s
[  4000,  0.0002718]     0.8648,     0.9633,     1.0472,    33h15m28s
[  4100,  0.0002782]     0.9039,     0.9738,     0.8650,    33h15m30s
[  4200,  0.0002846]     0.9127,     0.9811,     0.7263,    33h18m50s
[  4300,  0.0002910]     0.9320,     0.9848,     0.5200,    33h22m31s
[  4400,  0.0002973]     0.9303,     0.9852,     0.5584,    33h09m50s
[  4500,  0.0003037]     0.9320,     0.9866,     0.4988,    33h10m01s
[  4600,  0.0003101]     0.9275,     0.9847,     0.5200,    33h08m02s
[  4700,  0.0003165]     0.9245,     0.9823,     0.6010,    33h04m13s
[  4800,  0.0003229]     0.9306,     0.9761,     0.8038,    33h22m18s
[  4900,  0.0003293]     0.9364,     0.9836,     0.6076,    33h22m36s
[  5000,  0.0003357]     0.9216,     0.9802,     0.8490,    33h02m35s
[  5100,  0.0003421]     0.9187,     0.9797,     0.6505,    33h05m04s
[  5200,  0.0003485]     0.9487,     0.9877,     0.5545,    33h07m39s
[  5300,  0.0003549]     0.9381,     0.9869,     0.4417,    32h55m00s
[  5400,  0.0003613]     0.9425,     0.9873,     0.5331,    33h10m14s
[  5500,  0.0003677]     0.9534,     0.9888,     0.4100,    32h54m12s
[  5600,  0.0003741]     0.9387,     0.9792,     0.7160,    32h49m55s
[  5700,  0.0003805]     0.9486,     0.9814,     0.6251,    32h53m18s
[  5800,  0.0003869]     0.9377,     0.9830,     0.5444,    32h53m28s
[  5900,  0.0003933]     0.9427,     0.9788,     0.6428,    32h48m40s
[  6000,  0.0003997]     0.9555,     0.9839,     0.5095,    32h58m46s
[  6100,  0.0003997]     0.9641,     0.9952,     0.2947,    32h43m44s
[  6200,  0.0003993]     0.9669,     0.9853,     0.4876,    32h40m20s
[  6300,  0.0003990]     0.9586,     0.9888,     0.4432,    32h37m09s
[  6400,  0.0003986]     0.9539,     0.9875,     0.4151,    32h40m01s
[  6500,  0.0003983]     0.9545,     0.9870,     0.4351,    32h34m45s
[  6600,  0.0003979]     0.9637,     0.9886,     0.3821,    32h37m41s
[  6700,  0.0003976]     0.9733,     0.9889,     0.3946,    32h34m59s
[  6800,  0.0003972]     0.9583,     0.9805,     0.5881,    32h31m40s
[  6900,  0.0003969]     0.9530,     0.9780,     0.6197,    32h29m37s
[  7000,  0.0003965]     0.9655,     0.9898,     0.3383,    32h25m09s
[  7100,  0.0003962]     0.9708,     0.9909,     0.3221,    32h41m12s
[  7200,  0.0003958]     0.9741,     0.9900,     0.3369,    32h23m24s
[  7300,  0.0003955]     0.9753,     0.9912,     0.2969,    32h20m48s
[  7400,  0.0003951]     0.9786,     0.9873,     0.3743,    32h25m45s
[  7500,  0.0003948]     0.9722,     0.9878,     0.4253,    32h16m58s
[  7600,  0.0003944]     0.9697,     0.9905,     0.3561,    32h26m49s
[  7700,  0.0003941]     0.9836,     0.9939,     0.2556,    32h18m02s
[  7800,  0.0003937]     0.9795,     0.9911,     0.3235,    32h14m11s
[  7900,  0.0003934]     0.9794,     0.9905,     0.2732,    32h13m55s
[  8000,  0.0003930]     0.9817,     0.9909,     0.3463,    32h08m16s
[  8100,  0.0003927]     0.9789,     0.9864,     0.4372,    32h06m33s
[  8200,  0.0003923]     0.9723,     0.9855,     0.4244,    32h16m56s
[  8300,  0.0003920]     0.9853,     0.9955,     0.1699,    32h05m01s
[  8400,  0.0003916]     0.9850,     0.9939,     0.1897,    32h01m52s
[  8500,  0.0003913]     0.9855,     0.9938,     0.2131,    32h05m19s
[  8600,  0.0003909]     0.9848,     0.9947,     0.1978,    31h58m16s
[  8700,  0.0003906]     0.9827,     0.9892,     0.3360,    32h12m18s
[  8800,  0.0003902]     0.9809,     0.9914,     0.2855,    32h00m07s
[  8900,  0.0003899]     0.9825,     0.9930,     0.2164,    31h51m48s
[  9000,  0.0003895]     0.9812,     0.9920,     0.2661,    31h51m47s
[  9100,  0.0003891]     0.9858,     0.9928,     0.2842,    31h50m35s
[  9200,  0.0003888]     0.9822,     0.9908,     0.2914,    31h49m57s
[  9300,  0.0003884]     0.9820,     0.9911,     0.2844,    31h54m02s
[  9400,  0.0003881]     0.9761,     0.9869,     0.3925,    31h46m07s
[  9500,  0.0003877]     0.9850,     0.9938,     0.1813,    31h41m37s
[  9600,  0.0003874]     0.9867,     0.9927,     0.2805,    31h44m16s
[  9700,  0.0003870]     0.9881,     0.9925,     0.2592,    31h39m21s
[  9800,  0.0003867]     0.9788,     0.9891,     0.2492,    31h50m13s
[  9900,  0.0003863]     0.9838,     0.9917,     0.2931,    31h42m45s
[ 10000,  0.0003860]     0.9834,     0.9891,     0.3617,    31h36m24s
Validation MACE: 0.170970
[ 10100,  0.0003856]     0.9923,     0.9950,     0.1534,    31h31m56s
[ 10200,  0.0003853]     0.9836,     0.9919,     0.2586,    31h31m11s
[ 10300,  0.0003849]     0.9883,     0.9938,     0.2405,    31h31m01s
[ 10400,  0.0003846]     0.9873,     0.9942,     0.1539,    31h30m11s
[ 10500,  0.0003842]     0.9831,     0.9923,     0.2322,    31h28m18s
[ 10600,  0.0003839]     0.9881,     0.9944,     0.1930,    31h25m09s
[ 10700,  0.0003835]     0.9847,     0.9912,     0.2760,    31h26m04s
[ 10800,  0.0003832]     0.9845,     0.9917,     0.2723,    31h28m46s
[ 10900,  0.0003828]     0.9862,     0.9928,     0.2512,    31h43m39s
[ 11000,  0.0003825]     0.9880,     0.9931,     0.2438,    31h19m15s
[ 11100,  0.0003821]     0.9873,     0.9923,     0.2332,    31h14m39s
[ 11200,  0.0003818]     0.9891,     0.9941,     0.1419,    31h16m12s
[ 11300,  0.0003814]     0.9895,     0.9959,     0.1679,    31h14m36s
[ 11400,  0.0003811]     0.9861,     0.9939,     0.2360,    31h21m36s
[ 11500,  0.0003807]     0.9888,     0.9938,     0.1991,    31h15m34s
[ 11600,  0.0003804]     0.9911,     0.9956,     0.1281,    31h06m31s
[ 11700,  0.0003800]     0.9855,     0.9906,     0.2772,    31h05m15s
[ 11800,  0.0003797]     0.9875,     0.9905,     0.3738,    31h05m33s
[ 11900,  0.0003793]     0.9886,     0.9938,     0.2034,    31h07m20s
[ 12000,  0.0003790]     0.9881,     0.9944,     0.1565,    31h15m21s
[ 12100,  0.0003786]     0.9888,     0.9950,     0.1502,    30h59m01s
[ 12200,  0.0003783]     0.9919,     0.9980,     0.1011,    30h55m23s
[ 12300,  0.0003779]     0.9942,     0.9983,     0.0962,    30h57m18s
[ 12400,  0.0003776]     0.9927,     0.9967,     0.1028,    30h49m13s
[ 12500,  0.0003772]     0.9900,     0.9962,     0.1629,    30h58m45s
[ 12600,  0.0003769]     0.9883,     0.9956,     0.1396,    30h56m07s
[ 12700,  0.0003765]     0.9886,     0.9923,     0.2479,    30h45m44s
[ 12800,  0.0003762]     0.9903,     0.9945,     0.2154,    30h48m54s
[ 12900,  0.0003758]     0.9798,     0.9864,     0.2843,    30h45m07s
[ 13000,  0.0003755]     0.9902,     0.9956,     0.1509,    30h40m53s
[ 13100,  0.0003751]     0.9881,     0.9933,     0.1854,    30h49m16s
[ 13200,  0.0003748]     0.9908,     0.9950,     0.1769,    30h39m07s
[ 13300,  0.0003744]     0.9883,     0.9942,     0.1533,    30h39m55s
[ 13400,  0.0003741]     0.9950,     0.9972,     0.1161,    30h34m43s
[ 13500,  0.0003737]     0.9942,     0.9977,     0.1409,    30h37m35s
[ 13600,  0.0003734]     0.9925,     0.9975,     0.1100,    30h34m45s
[ 13700,  0.0003730]     0.9912,     0.9952,     0.2017,    30h33m56s
[ 13800,  0.0003727]     0.9909,     0.9934,     0.2222,    30h30m36s
[ 13900,  0.0003723]     0.9908,     0.9962,     0.1281,    30h26m42s
[ 14000,  0.0003720]     0.9906,     0.9952,     0.1671,    30h24m48s
[ 14100,  0.0003716]     0.9914,     0.9952,     0.1584,    30h25m14s
[ 14200,  0.0003713]     0.9938,     0.9975,     0.1023,    30h30m43s
[ 14300,  0.0003709]     0.9942,     0.9972,     0.1192,    30h21m03s
[ 14400,  0.0003706]     0.9933,     0.9962,     0.1676,    30h19m32s
[ 14500,  0.0003702]     0.9909,     0.9955,     0.1576,    30h18m51s
[ 14600,  0.0003699]     0.9931,     0.9969,     0.0979,    30h16m51s
[ 14700,  0.0003695]     0.9923,     0.9959,     0.1490,    30h19m13s
[ 14800,  0.0003692]     0.9922,     0.9970,     0.1246,    30h36m37s
[ 14900,  0.0003688]     0.9941,     0.9966,     0.1306,    30h35m57s
[ 15000,  0.0003685]     0.9922,     0.9955,     0.1353,    30h08m48s
[ 15100,  0.0003681]     0.9897,     0.9936,     0.2209,    30h08m55s
[ 15200,  0.0003678]     0.9934,     0.9977,     0.1181,    30h10m40s
[ 15300,  0.0003674]     0.9928,     0.9970,     0.1302,    30h07m34s
[ 15400,  0.0003671]     0.9917,     0.9956,     0.1528,    30h20m40s
[ 15500,  0.0003667]     0.9934,     0.9958,     0.1443,    30h05m13s
[ 15600,  0.0003664]     0.9895,     0.9934,     0.2121,    30h01m35s
[ 15700,  0.0003660]     0.9933,     0.9966,     0.1241,    29h58m27s
[ 15800,  0.0003657]     0.9967,     0.9988,     0.0743,    29h54m05s
[ 15900,  0.0003653]     0.9930,     0.9970,     0.1069,    29h54m15s
[ 16000,  0.0003650]     0.9920,     0.9961,     0.1303,    29h50m46s
[ 16100,  0.0003646]     0.9927,     0.9964,     0.1340,    29h52m00s
[ 16200,  0.0003643]     0.9950,     0.9970,     0.1167,    29h46m59s
[ 16300,  0.0003639]     0.9945,     0.9970,     0.1371,    29h45m59s
[ 16400,  0.0003636]     0.9947,     0.9984,     0.0678,    29h47m54s
[ 16500,  0.0003632]     0.9908,     0.9952,     0.1470,    29h52m27s
[ 16600,  0.0003629]     0.9928,     0.9950,     0.2028,    29h38m38s
[ 16700,  0.0003625]     0.9917,     0.9948,     0.1684,    29h39m03s
[ 16800,  0.0003622]     0.9909,     0.9945,     0.1737,    29h35m46s
[ 16900,  0.0003618]     0.9922,     0.9966,     0.1528,    29h44m45s
[ 17000,  0.0003615]     0.9919,     0.9958,     0.1558,    29h36m50s
[ 17100,  0.0003611]     0.9941,     0.9964,     0.1417,    29h37m19s
[ 17200,  0.0003608]     0.9925,     0.9962,     0.1298,    29h31m17s
[ 17300,  0.0003604]     0.9948,     0.9980,     0.1223,    29h25m42s
[ 17400,  0.0003601]     0.9912,     0.9942,     0.1728,    29h27m31s
[ 17500,  0.0003597]     0.9906,     0.9938,     0.2292,    29h22m18s
[ 17600,  0.0003593]     0.9948,     0.9972,     0.0871,    29h25m31s
[ 17700,  0.0003590]     0.9891,     0.9916,     0.2601,    29h27m15s
[ 17800,  0.0003586]     0.9928,     0.9969,     0.0944,    29h27m32s
[ 17900,  0.0003583]     0.9944,     0.9966,     0.1029,    29h22m10s
[ 18000,  0.0003579]     0.9973,     0.9991,     0.0603,    29h20m44s
[ 18100,  0.0003576]     0.9911,     0.9972,     0.1336,    29h19m38s
[ 18200,  0.0003572]     0.9944,     0.9972,     0.1158,    29h15m27s
[ 18300,  0.0003569]     0.9961,     0.9980,     0.0740,    29h15m20s
[ 18400,  0.0003565]     0.9909,     0.9945,     0.1574,    29h18m49s
[ 18500,  0.0003562]     0.9967,     0.9992,     0.0591,    29h29m56s
[ 18600,  0.0003558]     0.9947,     0.9970,     0.1038,    29h10m31s
[ 18700,  0.0003555]     0.9955,     0.9972,     0.1321,    29h15m01s
[ 18800,  0.0003551]     0.9936,     0.9975,     0.1003,    29h08m39s
[ 18900,  0.0003548]     0.9962,     0.9978,     0.0828,    29h01m29s
[ 19000,  0.0003544]     0.9953,     0.9972,     0.0943,    29h01m43s
[ 19100,  0.0003541]     0.9928,     0.9958,     0.1340,    28h57m11s
[ 19200,  0.0003537]     0.9944,     0.9973,     0.1033,    29h00m33s
[ 19300,  0.0003534]     0.9930,     0.9970,     0.1196,    28h53m00s
[ 19400,  0.0003530]     0.9931,     0.9961,     0.1165,    28h53m57s
[ 19500,  0.0003527]     0.9912,     0.9942,     0.1637,    28h47m44s
[ 19600,  0.0003523]     0.9933,     0.9980,     0.1003,    28h48m43s
[ 19700,  0.0003520]     0.9941,     0.9969,     0.1052,    28h45m17s
[ 19800,  0.0003516]     0.9923,     0.9956,     0.1215,    28h44m25s
[ 19900,  0.0003513]     0.9953,     0.9972,     0.1110,    29h00m28s
[ 20000,  0.0003509]     0.9927,     0.9961,     0.1242,    28h40m47s
Validation MACE: 0.047445
[ 20100,  0.0003506]     0.9911,     0.9967,     0.1076,    28h39m35s
[ 20200,  0.0003502]     0.9962,     0.9989,     0.0723,    28h43m38s
[ 20300,  0.0003499]     0.9948,     0.9977,     0.0906,    28h36m19s
[ 20400,  0.0003495]     0.9923,     0.9950,     0.1615,    28h36m38s
[ 20500,  0.0003492]     0.9944,     0.9961,     0.1382,    28h34m56s
[ 20600,  0.0003488]     0.9956,     0.9981,     0.0790,    28h32m56s
[ 20700,  0.0003485]     0.9942,     0.9972,     0.1188,    28h29m28s
[ 20800,  0.0003481]     0.9938,     0.9983,     0.0849,    28h33m15s
[ 20900,  0.0003478]     0.9933,     0.9975,     0.1070,    28h32m02s
[ 21000,  0.0003474]     0.9952,     0.9975,     0.1101,    28h35m59s
[ 21100,  0.0003471]     0.9964,     0.9986,     0.0968,    28h24m28s
[ 21200,  0.0003467]     0.9936,     0.9962,     0.1413,    28h19m29s
[ 21300,  0.0003464]     0.9975,     0.9994,     0.0545,    28h17m19s
[ 21400,  0.0003460]     0.9947,     0.9977,     0.1022,    28h27m37s
[ 21500,  0.0003457]     0.9917,     0.9942,     0.1851,    28h17m36s
[ 21600,  0.0003453]     0.9967,     0.9991,     0.0727,    28h16m34s
[ 21700,  0.0003450]     0.9973,     0.9981,     0.0781,    28h14m37s
[ 21800,  0.0003446]     0.9948,     0.9967,     0.1036,    28h15m22s
[ 21900,  0.0003443]     0.9956,     0.9989,     0.0765,    28h20m46s
[ 22000,  0.0003439]     0.9933,     0.9970,     0.1124,    28h24m13s
[ 22100,  0.0003436]     0.9939,     0.9969,     0.0879,    28h15m05s
[ 22200,  0.0003432]     0.9943,     0.9962,     0.1297,    28h08m50s
[ 22300,  0.0003429]     0.9969,     0.9983,     0.0678,    28h05m47s
[ 22400,  0.0003425]     0.9955,     0.9977,     0.0968,    28h00m03s
[ 22500,  0.0003422]     0.9972,     0.9981,     0.0860,    28h06m20s
[ 22600,  0.0003418]     0.9964,     0.9986,     0.0580,    28h01m44s
[ 22700,  0.0003415]     0.9961,     0.9977,     0.0940,    27h57m49s
[ 22800,  0.0003411]     0.9936,     0.9950,     0.1508,    27h57m06s
[ 22900,  0.0003408]     0.9966,     0.9978,     0.1097,    27h53m24s
[ 23000,  0.0003404]     0.9953,     0.9970,     0.1281,    27h49m56s
[ 23100,  0.0003401]     0.9952,     0.9986,     0.0600,    27h49m43s
[ 23200,  0.0003397]     0.9942,     0.9964,     0.1249,    27h47m04s
[ 23300,  0.0003394]     0.9945,     0.9961,     0.1339,    27h42m51s
[ 23400,  0.0003390]     0.9959,     0.9981,     0.0675,    27h46m55s
[ 23500,  0.0003387]     0.9955,     0.9972,     0.1057,    27h42m47s
[ 23600,  0.0003383]     0.9969,     0.9992,     0.0527,    27h58m24s
[ 23700,  0.0003380]     0.9959,     0.9978,     0.0860,    27h44m27s
[ 23800,  0.0003376]     0.9956,     0.9973,     0.0890,    27h35m17s
[ 23900,  0.0003373]     0.9948,     0.9981,     0.0676,    27h35m31s
[ 24000,  0.0003369]     0.9934,     0.9959,     0.1320,    27h35m06s
[ 24100,  0.0003366]     0.9958,     0.9972,     0.0943,    27h38m03s
[ 24200,  0.0003362]     0.9983,     0.9994,     0.0606,    27h34m29s
[ 24300,  0.0003359]     0.9947,     0.9978,     0.0685,    27h28m59s
[ 24400,  0.0003355]     0.9970,     0.9991,     0.0744,    27h27m06s
[ 24500,  0.0003352]     0.9966,     0.9984,     0.0537,    27h28m09s
[ 24600,  0.0003348]     0.9964,     0.9983,     0.0610,    27h24m10s
[ 24700,  0.0003345]     0.9945,     0.9975,     0.0753,    27h28m47s
[ 24800,  0.0003341]     0.9975,     0.9980,     0.0731,    27h21m13s
[ 24900,  0.0003338]     0.9966,     0.9983,     0.0724,    27h28m16s
[ 25000,  0.0003334]     0.9944,     0.9978,     0.0944,    27h14m07s
[ 25100,  0.0003331]     0.9956,     0.9981,     0.0687,    27h19m12s
[ 25200,  0.0003327]     0.9958,     0.9978,     0.0858,    27h16m45s
[ 25300,  0.0003324]     0.9970,     0.9994,     0.0482,    27h20m33s
[ 25400,  0.0003320]     0.9967,     0.9995,     0.0464,    27h16m37s
[ 25500,  0.0003317]     0.9970,     0.9977,     0.0674,    27h09m49s
[ 25600,  0.0003313]     0.9948,     0.9980,     0.0737,    27h08m01s
[ 25700,  0.0003310]     0.9967,     0.9986,     0.0746,    27h02m47s
[ 25800,  0.0003306]     0.9959,     0.9978,     0.0921,    27h07m09s
[ 25900,  0.0003303]     0.9941,     0.9964,     0.1065,    27h04m26s
[ 26000,  0.0003299]     0.9972,     0.9992,     0.0495,    27h00m58s
[ 26100,  0.0003296]     0.9964,     0.9994,     0.0512,    26h57m05s
[ 26200,  0.0003292]     0.9970,     0.9983,     0.0727,    26h57m10s
[ 26300,  0.0003288]     0.9948,     0.9975,     0.0997,    26h53m52s
[ 26400,  0.0003285]     0.9975,     0.9988,     0.0719,    27h06m13s
[ 26500,  0.0003281]     0.9945,     0.9961,     0.1555,    26h55m05s
[ 26600,  0.0003278]     0.9958,     0.9972,     0.0798,    26h50m29s
[ 26700,  0.0003274]     0.9942,     0.9977,     0.0738,    26h48m33s
[ 26800,  0.0003271]     0.9942,     0.9962,     0.0843,    26h48m29s
[ 26900,  0.0003267]     0.9939,     0.9961,     0.1404,    26h47m36s
[ 27000,  0.0003264]     0.9952,     0.9969,     0.1167,    26h50m20s
[ 27100,  0.0003260]     0.9964,     0.9977,     0.0952,    26h40m29s
[ 27200,  0.0003257]     0.9964,     0.9992,     0.0475,    26h37m42s
[ 27300,  0.0003253]     0.9950,     0.9967,     0.1223,    26h38m17s
[ 27400,  0.0003250]     0.9966,     0.9978,     0.0838,    26h35m35s
[ 27500,  0.0003246]     0.9961,     0.9988,     0.0584,    26h40m49s
[ 27600,  0.0003243]     0.9970,     0.9988,     0.0539,    26h32m54s
[ 27700,  0.0003239]     0.9962,     0.9975,     0.1022,    26h30m12s
[ 27800,  0.0003236]     0.9967,     0.9991,     0.0487,    26h28m42s
[ 27900,  0.0003232]     0.9953,     0.9977,     0.0742,    26h29m17s
[ 28000,  0.0003229]     0.9964,     0.9988,     0.0890,    26h25m17s
[ 28100,  0.0003225]     0.9955,     0.9983,     0.0979,    26h40m05s
[ 28200,  0.0003222]     0.9966,     0.9975,     0.0940,    26h28m40s
[ 28300,  0.0003218]     0.9973,     0.9984,     0.0582,    26h19m57s
[ 28400,  0.0003215]     0.9962,     0.9986,     0.0648,    26h16m03s
[ 28500,  0.0003211]     0.9953,     0.9992,     0.0491,    26h16m49s
[ 28600,  0.0003208]     0.9938,     0.9964,     0.0946,    26h14m31s
[ 28700,  0.0003204]     0.9975,     0.9984,     0.0589,    26h11m58s
[ 28800,  0.0003201]     0.9966,     0.9983,     0.0748,    26h11m59s
[ 28900,  0.0003197]     0.9966,     0.9986,     0.0570,    26h10m08s
[ 29000,  0.0003194]     0.9944,     0.9964,     0.1055,    26h04m01s
[ 29100,  0.0003190]     0.9997,     1.0000,     0.0361,    26h04m48s
[ 29200,  0.0003187]     0.9977,     0.9991,     0.0512,    26h15m24s
[ 29300,  0.0003183]     0.9978,     0.9986,     0.0602,    26h01m44s
[ 29400,  0.0003180]     0.9919,     0.9956,     0.1699,    25h59m32s
[ 29500,  0.0003176]     0.9969,     0.9984,     0.0838,    25h59m12s
[ 29600,  0.0003173]     0.9977,     0.9986,     0.0647,    25h58m36s
[ 29700,  0.0003169]     0.9992,     0.9998,     0.0397,    26h08m48s
[ 29800,  0.0003166]     0.9975,     0.9980,     0.0811,    25h57m35s
[ 29900,  0.0003162]     0.9967,     0.9986,     0.0576,    25h56m22s
[ 30000,  0.0003159]     0.9958,     0.9983,     0.0543,    25h50m21s
Validation MACE: 0.052627
[ 30100,  0.0003155]     0.9970,     0.9991,     0.0580,    25h54m05s
[ 30200,  0.0003152]     0.9956,     0.9977,     0.0898,    25h57m04s
[ 30300,  0.0003148]     0.9981,     0.9995,     0.0405,    25h48m07s
[ 30400,  0.0003145]     0.9961,     0.9973,     0.1079,    25h43m35s
[ 30500,  0.0003141]     0.9948,     0.9973,     0.0899,    25h44m36s
[ 30600,  0.0003138]     0.9961,     0.9984,     0.0604,    25h39m42s
[ 30700,  0.0003134]     0.9981,     0.9991,     0.0433,    25h36m08s
[ 30800,  0.0003131]     0.9970,     0.9981,     0.0861,    25h39m24s
[ 30900,  0.0003127]     0.9953,     0.9970,     0.1068,    25h34m07s
[ 31000,  0.0003124]     0.9959,     0.9973,     0.0840,    25h32m37s
[ 31100,  0.0003120]     0.9950,     0.9969,     0.1258,    25h30m11s
[ 31200,  0.0003117]     0.9980,     0.9994,     0.0432,    25h27m14s
[ 31300,  0.0003113]     0.9984,     0.9992,     0.0500,    25h33m57s
[ 31400,  0.0003110]     0.9970,     0.9983,     0.0602,    25h27m03s
[ 31500,  0.0003106]     0.9978,     0.9994,     0.0398,    25h24m15s
[ 31600,  0.0003103]     0.9984,     0.9992,     0.0458,    25h19m25s
[ 31700,  0.0003099]     0.9953,     0.9975,     0.0589,    25h18m01s
[ 31800,  0.0003096]     0.9969,     0.9986,     0.0561,    25h21m27s
[ 31900,  0.0003092]     0.9970,     0.9995,     0.0446,    25h31m58s
[ 32000,  0.0003089]     0.9958,     0.9978,     0.0931,    25h16m05s
[ 32100,  0.0003085]     0.9975,     0.9992,     0.0531,    25h12m19s
[ 32200,  0.0003082]     0.9969,     0.9978,     0.0982,    25h15m30s
[ 32300,  0.0003078]     0.9962,     0.9983,     0.0581,    25h11m49s
[ 32400,  0.0003075]     0.9978,     0.9981,     0.0803,    25h18m36s
[ 32500,  0.0003071]     0.9967,     0.9992,     0.0524,    25h13m31s
[ 32600,  0.0003068]     0.9936,     0.9972,     0.1149,    25h06m25s
[ 32700,  0.0003064]     0.9969,     0.9986,     0.0589,    25h02m54s
[ 32800,  0.0003061]     0.9989,     0.9998,     0.0357,    25h03m13s
[ 32900,  0.0003057]     0.9961,     0.9973,     0.0779,    24h58m56s
[ 33000,  0.0003054]     0.9972,     0.9981,     0.0637,    25h03m41s
[ 33100,  0.0003050]     0.9970,     0.9981,     0.0628,    24h59m00s
[ 33200,  0.0003047]     0.9955,     0.9962,     0.1574,    24h56m02s
[ 33300,  0.0003043]     0.9952,     0.9966,     0.1161,    24h51m34s
[ 33400,  0.0003040]     0.9977,     0.9984,     0.0689,    24h50m19s
[ 33500,  0.0003036]     0.9975,     0.9984,     0.0518,    24h54m39s
[ 33600,  0.0003033]     0.9959,     0.9980,     0.0632,    25h00m11s
[ 33700,  0.0003029]     0.9988,     0.9995,     0.0364,    24h45m00s
[ 33800,  0.0003026]     0.9981,     0.9991,     0.0538,    24h44m02s
[ 33900,  0.0003022]     0.9983,     0.9994,     0.0441,    24h44m25s
[ 34000,  0.0003019]     0.9983,     0.9991,     0.0443,    24h40m57s
[ 34100,  0.0003015]     0.9989,     0.9997,     0.0360,    24h45m34s
[ 34200,  0.0003012]     0.9975,     0.9991,     0.0544,    24h38m38s
[ 34300,  0.0003008]     0.9977,     0.9984,     0.0608,    24h37m01s
[ 34400,  0.0003005]     0.9986,     0.9995,     0.0391,    24h35m08s
[ 34500,  0.0003001]     0.9961,     0.9984,     0.0635,    24h30m27s
[ 34600,  0.0002998]     0.9980,     0.9988,     0.0568,    24h38m45s
[ 34700,  0.0002994]     0.9972,     0.9977,     0.1029,    24h32m47s
[ 34800,  0.0002990]     0.9959,     0.9975,     0.0946,    24h27m11s
[ 34900,  0.0002987]     0.9983,     0.9989,     0.0520,    24h38m42s
[ 35000,  0.0002983]     0.9978,     0.9988,     0.0538,    24h20m37s
[ 35100,  0.0002980]     0.9986,     0.9992,     0.0354,    24h21m18s
[ 35200,  0.0002976]     0.9978,     0.9989,     0.0441,    24h25m28s
[ 35300,  0.0002973]     0.9964,     0.9981,     0.0736,    24h18m17s
[ 35400,  0.0002969]     0.9969,     0.9975,     0.0999,    24h17m45s
[ 35500,  0.0002966]     0.9972,     0.9988,     0.0607,    24h14m16s
[ 35600,  0.0002962]     0.9991,     0.9998,     0.0331,    24h14m06s
[ 35700,  0.0002959]     0.9962,     0.9981,     0.0615,    24h12m28s
[ 35800,  0.0002955]     0.9983,     0.9989,     0.0421,    24h14m16s
[ 35900,  0.0002952]     0.9984,     0.9991,     0.0512,    24h09m11s
[ 36000,  0.0002948]     0.9970,     0.9977,     0.0826,    24h09m21s
[ 36100,  0.0002945]     0.9977,     0.9991,     0.0440,    24h05m07s
[ 36200,  0.0002941]     0.9961,     0.9970,     0.0852,    24h05m05s
[ 36300,  0.0002938]     0.9983,     0.9986,     0.0807,    24h03m39s
[ 36400,  0.0002934]     0.9991,     0.9994,     0.0352,    24h00m42s
[ 36500,  0.0002931]     0.9952,     0.9972,     0.0924,    23h58m56s
[ 36600,  0.0002927]     0.9970,     0.9983,     0.0551,    23h54m40s
[ 36700,  0.0002924]     0.9977,     0.9991,     0.0466,    23h54m17s
[ 36800,  0.0002920]     0.9983,     0.9988,     0.0612,    23h56m09s
[ 36900,  0.0002917]     0.9980,     0.9989,     0.0548,    24h01m48s
[ 37000,  0.0002913]     0.9967,     0.9986,     0.0563,    23h53m41s
[ 37100,  0.0002910]     0.9978,     0.9992,     0.0396,    23h47m56s
[ 37200,  0.0002906]     0.9980,     0.9989,     0.0618,    23h43m16s
[ 37300,  0.0002903]     0.9975,     0.9986,     0.0547,    23h44m27s
[ 37400,  0.0002899]     0.9977,     0.9980,     0.0885,    23h48m21s
[ 37500,  0.0002896]     0.9959,     0.9977,     0.0672,    23h43m02s
[ 37600,  0.0002892]     0.9983,     0.9989,     0.0565,    23h39m37s
[ 37700,  0.0002889]     0.9962,     0.9980,     0.0760,    23h36m22s
[ 37800,  0.0002885]     0.9958,     0.9973,     0.0755,    23h36m08s
[ 37900,  0.0002882]     0.9962,     0.9969,     0.1323,    23h35m07s
[ 38000,  0.0002878]     0.9958,     0.9972,     0.0956,    23h51m22s
[ 38100,  0.0002875]     0.9956,     0.9973,     0.0867,    23h31m23s
[ 38200,  0.0002871]     0.9962,     0.9975,     0.0631,    23h31m26s
[ 38300,  0.0002868]     0.9983,     0.9989,     0.0564,    23h26m02s
[ 38400,  0.0002864]     0.9984,     0.9988,     0.0458,    23h26m39s
[ 38500,  0.0002861]     0.9980,     0.9991,     0.0429,    23h27m32s
[ 38600,  0.0002857]     0.9970,     0.9983,     0.0710,    23h24m31s
[ 38700,  0.0002854]     0.9980,     0.9992,     0.0450,    23h22m29s
[ 38800,  0.0002850]     0.9975,     0.9981,     0.0693,    23h14m52s
[ 38900,  0.0002847]     0.9967,     0.9988,     0.0555,    23h13m49s
[ 39000,  0.0002843]     0.9953,     0.9964,     0.0916,    23h14m55s
[ 39100,  0.0002840]     0.9992,     0.9998,     0.0301,    23h25m40s
[ 39200,  0.0002836]     0.9973,     0.9991,     0.0375,    23h13m59s
[ 39300,  0.0002833]     0.9950,     0.9978,     0.0679,    23h11m07s
[ 39400,  0.0002829]     0.9973,     0.9984,     0.0390,    23h05m30s
[ 39500,  0.0002826]     0.9975,     0.9986,     0.0475,    23h08m29s
[ 39600,  0.0002822]     0.9969,     0.9980,     0.0495,    23h08m10s
[ 39700,  0.0002819]     0.9986,     0.9992,     0.0422,    23h13m34s
[ 39800,  0.0002815]     0.9989,     0.9995,     0.0320,    23h02m16s
[ 39900,  0.0002812]     0.9959,     0.9972,     0.0644,    23h00m23s
[ 40000,  0.0002808]     0.9989,     1.0000,     0.0291,    22h56m53s
Validation MACE: 0.128457
[ 40100,  0.0002805]     0.9977,     0.9992,     0.0450,    22h53m48s
[ 40200,  0.0002801]     0.9983,     0.9991,     0.0394,    23h00m10s
[ 40300,  0.0002798]     0.9983,     0.9991,     0.0390,    22h54m20s
[ 40400,  0.0002794]     0.9978,     0.9986,     0.0588,    22h49m57s
[ 40500,  0.0002791]     0.9970,     0.9977,     0.0797,    22h48m03s
[ 40600,  0.0002787]     0.9984,     0.9988,     0.0539,    22h48m37s
[ 40700,  0.0002784]     0.9961,     0.9970,     0.0761,    22h58m45s
[ 40800,  0.0002780]     0.9977,     0.9992,     0.0390,    22h44m04s
[ 40900,  0.0002777]     0.9977,     0.9995,     0.0337,    22h43m45s
[ 41000,  0.0002773]     0.9952,     0.9970,     0.0962,    22h39m39s
[ 41100,  0.0002770]     0.9978,     0.9984,     0.0651,    22h40m20s
[ 41200,  0.0002766]     0.9978,     0.9991,     0.0455,    22h40m09s
[ 41300,  0.0002763]     0.9964,     0.9986,     0.0672,    22h38m43s
[ 41400,  0.0002759]     0.9998,     0.9998,     0.0274,    22h34m50s
[ 41500,  0.0002756]     0.9956,     0.9967,     0.0921,    22h31m13s
[ 41600,  0.0002752]     0.9962,     0.9970,     0.0874,    22h32m04s
[ 41700,  0.0002749]     0.9988,     0.9997,     0.0307,    22h29m47s
[ 41800,  0.0002745]     0.9986,     0.9994,     0.0312,    22h34m19s
[ 41900,  0.0002742]     0.9978,     0.9998,     0.0327,    22h24m01s
[ 42000,  0.0002738]     0.9973,     0.9989,     0.0444,    22h24m49s
[ 42100,  0.0002735]     0.9972,     0.9978,     0.0725,    22h21m19s
[ 42200,  0.0002731]     0.9969,     0.9991,     0.0635,    22h20m37s
[ 42300,  0.0002728]     0.9972,     0.9992,     0.0403,    22h15m05s
[ 42400,  0.0002724]     0.9962,     0.9973,     0.0773,    22h25m11s
[ 42500,  0.0002721]     0.9988,     0.9997,     0.0328,    22h15m54s
[ 42600,  0.0002717]     0.9988,     0.9992,     0.0440,    22h09m58s
[ 42700,  0.0002714]     0.9989,     0.9994,     0.0509,    22h13m55s
[ 42800,  0.0002710]     0.9969,     0.9989,     0.0426,    22h08m34s
[ 42900,  0.0002707]     0.9967,     0.9975,     0.0802,    22h07m08s
[ 43000,  0.0002703]     0.9975,     0.9984,     0.0432,    22h06m00s
[ 43100,  0.0002700]     0.9986,     0.9997,     0.0317,    22h03m42s
[ 43200,  0.0002696]     0.9969,     0.9980,     0.0663,    22h01m56s
[ 43300,  0.0002692]     0.9991,     0.9995,     0.0350,    22h03m28s
[ 43400,  0.0002689]     0.9955,     0.9983,     0.0764,    21h56m34s
[ 43500,  0.0002685]     0.9988,     0.9995,     0.0365,    22h03m26s
[ 43600,  0.0002682]     0.9984,     0.9992,     0.0373,    21h55m12s
[ 43700,  0.0002678]     0.9973,     0.9988,     0.0631,    21h56m21s
[ 43800,  0.0002675]     0.9986,     0.9994,     0.0511,    21h52m50s
[ 43900,  0.0002671]     0.9988,     0.9998,     0.0290,    21h49m32s
[ 44000,  0.0002668]     0.9988,     0.9991,     0.0523,    21h52m58s
[ 44100,  0.0002664]     0.9981,     0.9986,     0.0822,    21h43m36s
[ 44200,  0.0002661]     0.9975,     0.9997,     0.0330,    21h44m40s
[ 44300,  0.0002657]     0.9983,     0.9992,     0.0558,    21h41m30s
[ 44400,  0.0002654]     0.9983,     0.9998,     0.0320,    21h44m41s
[ 44500,  0.0002650]     0.9981,     0.9997,     0.0312,    21h38m29s
[ 44600,  0.0002647]     0.9995,     1.0000,     0.0262,    21h37m07s
[ 44700,  0.0002643]     0.9977,     0.9991,     0.0505,    21h34m45s
[ 44800,  0.0002640]     0.9973,     0.9989,     0.0555,    21h35m42s
[ 44900,  0.0002636]     0.9969,     0.9991,     0.0429,    21h42m35s
[ 45000,  0.0002633]     0.9977,     0.9994,     0.0606,    21h31m22s
[ 45100,  0.0002629]     0.9986,     0.9998,     0.0305,    21h29m23s
[ 45200,  0.0002626]     0.9977,     0.9984,     0.0774,    21h45m26s
[ 45300,  0.0002622]     0.9983,     0.9992,     0.0616,    21h28m56s
[ 45400,  0.0002619]     0.9973,     0.9984,     0.0520,    21h24m45s
[ 45500,  0.0002615]     0.9984,     1.0000,     0.0289,    21h23m35s
[ 45600,  0.0002612]     0.9977,     0.9988,     0.0525,    21h20m12s
[ 45700,  0.0002608]     0.9984,     0.9992,     0.0319,    21h22m34s
[ 45800,  0.0002605]     0.9997,     0.9998,     0.0272,    21h19m55s
[ 45900,  0.0002601]     0.9972,     0.9986,     0.0375,    21h16m58s
[ 46000,  0.0002598]     0.9981,     0.9991,     0.0587,    21h15m38s
[ 46100,  0.0002594]     0.9964,     0.9983,     0.0670,    21h11m23s
[ 46200,  0.0002591]     0.9970,     0.9989,     0.0488,    21h10m59s
[ 46300,  0.0002587]     0.9984,     0.9997,     0.0295,    21h11m38s
[ 46400,  0.0002584]     0.9975,     0.9986,     0.0645,    21h06m54s
[ 46500,  0.0002580]     0.9967,     0.9984,     0.0474,    21h06m35s
[ 46600,  0.0002577]     0.9989,     0.9997,     0.0295,    21h03m52s
[ 46700,  0.0002573]     0.9983,     0.9991,     0.0398,    21h01m56s
[ 46800,  0.0002570]     0.9981,     0.9991,     0.0426,    21h06m24s
[ 46900,  0.0002566]     0.9977,     0.9980,     0.0647,    21h02m23s
[ 47000,  0.0002563]     0.9969,     0.9980,     0.0644,    20h56m34s
[ 47100,  0.0002559]     0.9964,     0.9978,     0.0929,    20h56m15s
[ 47200,  0.0002556]     0.9983,     0.9994,     0.0561,    20h55m45s
[ 47300,  0.0002552]     0.9967,     0.9977,     0.0713,    20h53m21s
[ 47400,  0.0002549]     0.9977,     0.9981,     0.0447,    21h02m11s
[ 47500,  0.0002545]     0.9975,     0.9984,     0.0692,    20h46m20s
[ 47600,  0.0002542]     0.9978,     0.9992,     0.0460,    20h48m08s
[ 47700,  0.0002538]     0.9983,     0.9995,     0.0307,    20h43m19s
[ 47800,  0.0002535]     0.9995,     0.9998,     0.0256,    20h46m11s
[ 47900,  0.0002531]     0.9991,     0.9995,     0.0278,    20h45m50s
[ 48000,  0.0002528]     0.9980,     0.9992,     0.0435,    20h47m06s
[ 48100,  0.0002524]     0.9969,     0.9973,     0.0926,    20h37m16s
[ 48200,  0.0002521]     0.9988,     0.9991,     0.0350,    20h37m23s
[ 48300,  0.0002517]     0.9969,     0.9980,     0.0680,    20h37m08s
[ 48400,  0.0002514]     0.9980,     0.9991,     0.0343,    20h36m40s
[ 48500,  0.0002510]     0.9953,     0.9962,     0.1084,    20h44m08s
[ 48600,  0.0002507]     0.9970,     0.9991,     0.0591,    20h37m13s
[ 48700,  0.0002503]     0.9994,     0.9995,     0.0345,    20h28m54s
[ 48800,  0.0002500]     0.9977,     0.9986,     0.0404,    20h27m13s
[ 48900,  0.0002496]     0.9980,     0.9994,     0.0317,    20h25m31s
[ 49000,  0.0002493]     0.9991,     0.9994,     0.0321,    20h28m39s
[ 49100,  0.0002489]     0.9978,     0.9997,     0.0307,    20h26m40s
[ 49200,  0.0002486]     0.9986,     0.9991,     0.0350,    20h19m37s
[ 49300,  0.0002482]     0.9998,     1.0000,     0.0236,    20h19m11s
[ 49400,  0.0002479]     0.9972,     0.9984,     0.0872,    20h14m49s
[ 49500,  0.0002475]     0.9977,     0.9980,     0.0599,    20h14m08s
[ 49600,  0.0002472]     0.9981,     0.9994,     0.0307,    20h16m03s
[ 49700,  0.0002468]     0.9983,     0.9992,     0.0435,    20h11m26s
[ 49800,  0.0002465]     0.9983,     0.9994,     0.0527,    20h10m56s
[ 49900,  0.0002461]     0.9975,     0.9986,     0.0734,    20h08m04s
[ 50000,  0.0002458]     0.9947,     0.9981,     0.0619,    20h06m24s
Validation MACE: 0.045994
[ 50100,  0.0002454]     0.9986,     0.9992,     0.0528,    20h13m12s
[ 50200,  0.0002451]     0.9994,     0.9998,     0.0252,    20h05m57s
[ 50300,  0.0002447]     0.9959,     0.9975,     0.0693,    20h04m02s
[ 50400,  0.0002444]     0.9977,     0.9986,     0.0726,    20h00m44s
[ 50500,  0.0002440]     0.9981,     0.9991,     0.0392,    19h57m11s
[ 50600,  0.0002437]     0.9977,     0.9986,     0.0792,    19h59m50s
[ 50700,  0.0002433]     0.9988,     0.9997,     0.0293,    19h59m26s
[ 50800,  0.0002430]     0.9984,     0.9991,     0.0371,    19h53m02s
[ 50900,  0.0002426]     0.9959,     0.9975,     0.1047,    19h50m28s
[ 51000,  0.0002423]     0.9977,     0.9994,     0.0305,    19h49m19s
[ 51100,  0.0002419]     0.9988,     0.9994,     0.0305,    19h48m38s
[ 51200,  0.0002416]     0.9992,     1.0000,     0.0249,    19h49m53s
[ 51300,  0.0002412]     0.9984,     0.9991,     0.0496,    19h47m29s
[ 51400,  0.0002409]     0.9980,     0.9994,     0.0469,    19h43m37s
[ 51500,  0.0002405]     0.9981,     0.9989,     0.0490,    19h40m12s
[ 51600,  0.0002402]     0.9994,     0.9998,     0.0258,    19h39m14s
[ 51700,  0.0002398]     0.9986,     0.9992,     0.0330,    19h40m31s
[ 51800,  0.0002395]     0.9991,     0.9998,     0.0269,    19h42m22s
[ 51900,  0.0002391]     0.9983,     0.9994,     0.0340,    19h34m32s
[ 52000,  0.0002387]     0.9983,     0.9989,     0.0547,    19h32m29s
[ 52100,  0.0002384]     0.9970,     0.9983,     0.0539,    19h31m58s
[ 52200,  0.0002380]     0.9994,     0.9995,     0.0348,    19h30m08s
[ 52300,  0.0002377]     0.9970,     0.9995,     0.0316,    19h36m24s
[ 52400,  0.0002373]     0.9969,     0.9991,     0.0409,    19h25m49s
[ 52500,  0.0002370]     0.9992,     0.9997,     0.0298,    19h22m09s
[ 52600,  0.0002366]     0.9966,     0.9977,     0.0918,    19h22m36s
[ 52700,  0.0002363]     0.9984,     0.9994,     0.0303,    19h20m02s
[ 52800,  0.0002359]     0.9992,     0.9997,     0.0261,    19h21m04s
[ 52900,  0.0002356]     0.9984,     0.9988,     0.0488,    19h20m54s
[ 53000,  0.0002352]     0.9992,     0.9994,     0.0478,    19h14m25s
[ 53100,  0.0002349]     0.9986,     0.9991,     0.0361,    19h14m23s
[ 53200,  0.0002345]     0.9986,     0.9989,     0.0627,    19h11m24s
[ 53300,  0.0002342]     0.9994,     0.9998,     0.0252,    19h09m39s
[ 53400,  0.0002338]     0.9980,     0.9989,     0.0470,    19h11m37s
[ 53500,  0.0002335]     0.9981,     0.9995,     0.0297,    19h07m42s
[ 53600,  0.0002331]     0.9992,     0.9994,     0.0443,    19h06m28s
[ 53700,  0.0002328]     0.9969,     0.9995,     0.0303,    19h03m32s
[ 53800,  0.0002324]     0.9973,     0.9980,     0.0663,    18h59m56s
[ 53900,  0.0002321]     0.9991,     0.9994,     0.0422,    19h01m35s
[ 54000,  0.0002317]     0.9994,     0.9994,     0.0312,    19h06m47s
[ 54100,  0.0002314]     0.9988,     0.9995,     0.0271,    18h56m43s
[ 54200,  0.0002310]     0.9994,     1.0000,     0.0254,    18h53m42s
[ 54300,  0.0002307]     0.9986,     0.9994,     0.0465,    18h53m42s
[ 54400,  0.0002303]     0.9980,     0.9989,     0.0454,    18h51m08s
[ 54500,  0.0002300]     0.9992,     0.9994,     0.0305,    18h54m03s
[ 54600,  0.0002296]     0.9995,     1.0000,     0.0245,    19h01m44s
[ 54700,  0.0002293]     0.9997,     0.9998,     0.0235,    18h46m30s
[ 54800,  0.0002289]     0.9981,     0.9981,     0.0769,    18h43m21s
[ 54900,  0.0002286]     0.9984,     0.9986,     0.0590,    18h54m00s
[ 55000,  0.0002282]     0.9975,     0.9980,     0.0935,    18h39m53s
[ 55100,  0.0002279]     0.9984,     0.9991,     0.0514,    18h39m32s
[ 55200,  0.0002275]     0.9986,     0.9992,     0.0443,    18h37m57s
[ 55300,  0.0002272]     0.9988,     0.9988,     0.0411,    18h36m59s
[ 55400,  0.0002268]     0.9989,     0.9991,     0.0344,    18h35m06s
[ 55500,  0.0002265]     0.9994,     0.9997,     0.0247,    18h33m36s
[ 55600,  0.0002261]     0.9973,     0.9988,     0.0402,    18h30m44s
[ 55700,  0.0002258]     0.9988,     0.9994,     0.0381,    18h40m33s
[ 55800,  0.0002254]     0.9978,     0.9980,     0.0738,    18h30m10s
[ 55900,  0.0002251]     0.9984,     1.0000,     0.0256,    18h27m29s
[ 56000,  0.0002247]     0.9991,     0.9992,     0.0426,    18h22m30s
[ 56100,  0.0002244]     0.9988,     0.9992,     0.0488,    18h21m53s
[ 56200,  0.0002240]     0.9988,     0.9989,     0.0453,    18h32m08s
[ 56300,  0.0002237]     0.9991,     1.0000,     0.0245,    18h22m00s
[ 56400,  0.0002233]     0.9981,     0.9988,     0.0352,    18h15m49s
[ 56500,  0.0002230]     0.9964,     0.9977,     0.0649,    18h15m10s
[ 56600,  0.0002226]     0.9998,     0.9998,     0.0220,    18h12m58s
[ 56700,  0.0002223]     0.9981,     0.9988,     0.0493,    18h12m57s
[ 56800,  0.0002219]     0.9977,     0.9995,     0.0314,    18h13m52s
[ 56900,  0.0002216]     0.9980,     0.9997,     0.0283,    18h06m30s
[ 57000,  0.0002212]     0.9975,     0.9991,     0.0436,    18h05m29s
[ 57100,  0.0002209]     0.9992,     0.9994,     0.0404,    18h03m11s
[ 57200,  0.0002205]     0.9983,     0.9983,     0.0471,    18h04m08s
[ 57300,  0.0002202]     0.9977,     0.9988,     0.0515,    18h08m42s
[ 57400,  0.0002198]     0.9989,     0.9994,     0.0543,    18h01m06s
[ 57500,  0.0002195]     0.9970,     0.9978,     0.0784,    17h58m12s
[ 57600,  0.0002191]     0.9984,     0.9991,     0.0456,    17h57m31s
[ 57700,  0.0002188]     0.9986,     0.9989,     0.0463,    17h54m06s
[ 57800,  0.0002184]     0.9988,     0.9991,     0.0482,    17h51m49s
[ 57900,  0.0002181]     0.9988,     0.9992,     0.0371,    17h55m33s
[ 58000,  0.0002177]     0.9983,     0.9988,     0.0638,    17h49m53s
[ 58100,  0.0002174]     0.9997,     1.0000,     0.0216,    17h48m16s
[ 58200,  0.0002170]     0.9992,     0.9994,     0.0429,    17h48m46s
[ 58300,  0.0002167]     0.9994,     0.9998,     0.0239,    17h44m17s
[ 58400,  0.0002163]     0.9998,     0.9998,     0.0222,    17h46m34s
[ 58500,  0.0002160]     0.9967,     0.9977,     0.0700,    17h44m40s
[ 58600,  0.0002156]     0.9983,     0.9992,     0.0343,    17h40m22s
[ 58700,  0.0002153]     0.9975,     0.9984,     0.0443,    17h36m35s
[ 58800,  0.0002149]     0.9995,     1.0000,     0.0223,    17h36m24s
[ 58900,  0.0002146]     0.9994,     0.9995,     0.0290,    17h32m20s
[ 59000,  0.0002142]     0.9980,     0.9981,     0.0602,    17h41m02s
[ 59100,  0.0002139]     0.9967,     0.9970,     0.1119,    17h32m09s
[ 59200,  0.0002135]     0.9975,     0.9988,     0.0510,    17h31m59s
[ 59300,  0.0002132]     0.9988,     0.9998,     0.0254,    17h28m06s
[ 59400,  0.0002128]     0.9992,     0.9994,     0.0425,    17h26m15s
[ 59500,  0.0002125]     0.9980,     0.9984,     0.0467,    17h22m29s
[ 59600,  0.0002121]     0.9986,     0.9997,     0.0249,    17h23m00s
[ 59700,  0.0002118]     0.9992,     0.9994,     0.0403,    17h19m56s
[ 59800,  0.0002114]     0.9991,     0.9998,     0.0241,    17h17m40s
[ 59900,  0.0002111]     0.9986,     0.9988,     0.0607,    17h18m34s
[ 60000,  0.0002107]     0.9977,     0.9983,     0.0852,    17h14m02s
Validation MACE: 0.020500
[ 60100,  0.0002104]     0.9986,     0.9989,     0.0282,    17h22m20s
[ 60200,  0.0002100]     0.9978,     0.9986,     0.0545,    17h14m31s
[ 60300,  0.0002097]     0.9966,     0.9981,     0.0957,    17h10m09s
[ 60400,  0.0002093]     0.9992,     0.9994,     0.0371,    17h08m51s
[ 60500,  0.0002089]     0.9997,     0.9998,     0.0228,    17h05m31s
[ 60600,  0.0002086]     0.9991,     0.9994,     0.0438,    17h13m44s
[ 60700,  0.0002082]     0.9988,     0.9994,     0.0455,    17h03m41s
[ 60800,  0.0002079]     0.9989,     0.9994,     0.0334,    17h01m27s
[ 60900,  0.0002075]     0.9981,     0.9981,     0.0595,    16h59m55s
[ 61000,  0.0002072]     0.9989,     0.9994,     0.0279,    16h57m52s
[ 61100,  0.0002068]     0.9992,     0.9995,     0.0247,    17h00m10s
[ 61200,  0.0002065]     0.9994,     0.9998,     0.0226,    16h54m22s
[ 61300,  0.0002061]     0.9991,     0.9998,     0.0229,    16h51m44s
[ 61400,  0.0002058]     0.9994,     1.0000,     0.0231,    16h48m57s
[ 61500,  0.0002054]     0.9994,     0.9994,     0.0464,    16h51m51s
[ 61600,  0.0002051]     0.9995,     0.9998,     0.0226,    16h47m59s
[ 61700,  0.0002047]     0.9988,     0.9992,     0.0413,    16h55m30s
[ 61800,  0.0002044]     0.9975,     0.9988,     0.0540,    16h45m01s
[ 61900,  0.0002040]     0.9988,     0.9995,     0.0302,    16h40m36s
[ 62000,  0.0002037]     0.9978,     0.9991,     0.0300,    16h39m45s
[ 62100,  0.0002033]     1.0000,     1.0000,     0.0208,    16h37m42s
[ 62200,  0.0002030]     0.9986,     0.9991,     0.0361,    16h35m56s
[ 62300,  0.0002026]     0.9997,     1.0000,     0.0203,    16h34m46s
[ 62400,  0.0002023]     0.9986,     0.9988,     0.0572,    16h31m23s
[ 62500,  0.0002019]     0.9986,     0.9986,     0.0528,    16h31m20s
[ 62600,  0.0002016]     0.9980,     0.9992,     0.0496,    16h25m57s
[ 62700,  0.0002012]     0.9998,     0.9998,     0.0227,    16h27m23s
[ 62800,  0.0002009]     0.9995,     1.0000,     0.0221,    16h28m06s
[ 62900,  0.0002005]     0.9984,     0.9986,     0.0701,    16h23m22s
[ 63000,  0.0002002]     0.9997,     1.0000,     0.0213,    16h22m03s
[ 63100,  0.0001998]     0.9998,     0.9998,     0.0210,    16h19m18s
[ 63200,  0.0001995]     0.9978,     0.9981,     0.0911,    16h19m17s
[ 63300,  0.0001991]     0.9967,     0.9977,     0.0780,    16h17m00s
[ 63400,  0.0001988]     0.9986,     0.9991,     0.0405,    16h14m58s
[ 63500,  0.0001984]     0.9998,     0.9998,     0.0221,    16h14m12s
[ 63600,  0.0001981]     0.9997,     0.9998,     0.0208,    16h11m50s
[ 63700,  0.0001977]     0.9988,     0.9994,     0.0411,    16h10m02s
[ 63800,  0.0001974]     0.9992,     0.9997,     0.0236,    16h08m46s
[ 63900,  0.0001970]     0.9967,     0.9972,     0.0729,    16h10m58s
[ 64000,  0.0001967]     0.9992,     0.9994,     0.0285,    16h06m57s
[ 64100,  0.0001963]     1.0000,     1.0000,     0.0209,    16h04m08s
[ 64200,  0.0001960]     0.9977,     0.9981,     0.0664,    16h00m58s
[ 64300,  0.0001956]     0.9988,     0.9991,     0.0326,    15h59m19s
[ 64400,  0.0001953]     0.9978,     0.9981,     0.0783,    15h59m13s
[ 64500,  0.0001949]     0.9980,     0.9988,     0.0545,    16h02m42s
[ 64600,  0.0001946]     0.9989,     0.9991,     0.0486,    15h53m45s
[ 64700,  0.0001942]     0.9995,     1.0000,     0.0219,    15h50m15s
[ 64800,  0.0001939]     0.9991,     0.9994,     0.0257,    15h49m57s
[ 64900,  0.0001935]     0.9989,     0.9992,     0.0414,    16h01m37s
[ 65000,  0.0001932]     0.9981,     0.9991,     0.0436,    15h46m56s
[ 65100,  0.0001928]     0.9995,     0.9998,     0.0215,    15h53m27s
[ 65200,  0.0001925]     0.9992,     0.9997,     0.0253,    15h44m26s
[ 65300,  0.0001921]     0.9994,     0.9997,     0.0226,    15h41m56s
[ 65400,  0.0001918]     0.9984,     0.9991,     0.0338,    15h41m08s
[ 65500,  0.0001914]     0.9992,     0.9997,     0.0260,    15h39m09s
[ 65600,  0.0001911]     0.9991,     0.9995,     0.0255,    15h40m59s
[ 65700,  0.0001907]     0.9992,     0.9995,     0.0335,    15h35m28s
[ 65800,  0.0001904]     0.9995,     0.9997,     0.0238,    15h32m58s
[ 65900,  0.0001900]     0.9989,     0.9995,     0.0231,    15h30m44s
[ 66000,  0.0001897]     0.9998,     1.0000,     0.0213,    15h31m16s
[ 66100,  0.0001893]     0.9980,     0.9984,     0.0397,    15h30m35s
[ 66200,  0.0001890]     0.9998,     1.0000,     0.0194,    15h37m11s
[ 66300,  0.0001886]     0.9994,     0.9994,     0.0381,    15h24m10s
[ 66400,  0.0001883]     0.9997,     1.0000,     0.0209,    15h23m14s
[ 66500,  0.0001879]     0.9992,     0.9992,     0.0360,    15h22m51s
[ 66600,  0.0001876]     0.9997,     1.0000,     0.0207,    15h24m15s
[ 66700,  0.0001872]     0.9986,     0.9986,     0.0385,    15h25m55s
[ 66800,  0.0001869]     0.9984,     0.9986,     0.0426,    15h16m25s
[ 66900,  0.0001865]     0.9991,     0.9994,     0.0294,    15h14m07s
[ 67000,  0.0001862]     0.9984,     0.9989,     0.0277,    15h13m25s
[ 67100,  0.0001858]     0.9967,     0.9977,     0.0690,    15h12m09s
[ 67200,  0.0001855]     0.9988,     0.9991,     0.0369,    15h09m40s
[ 67300,  0.0001851]     0.9978,     0.9989,     0.0366,    15h09m32s
[ 67400,  0.0001848]     1.0000,     1.0000,     0.0205,    15h06m30s
[ 67500,  0.0001844]     0.9994,     0.9998,     0.0219,    15h09m09s
[ 67600,  0.0001841]     0.9997,     0.9998,     0.0207,    18h09m18s
[ 67700,  0.0001837]     0.9994,     0.9995,     0.0311,    19h55m38s
[ 67800,  0.0001834]     0.9980,     0.9991,     0.0448,    25h15m42s
[ 67900,  0.0001830]     0.9988,     0.9994,     0.0483,    18h29m32s
[ 68000,  0.0001827]     0.9994,     0.9998,     0.0216,    14h56m01s
[ 68100,  0.0001823]     0.9988,     0.9989,     0.0327,    14h53m43s
[ 68200,  0.0001820]     0.9983,     0.9991,     0.0420,    14h52m14s
[ 68300,  0.0001816]     0.9986,     0.9995,     0.0270,    14h58m16s
[ 68400,  0.0001813]     0.9994,     0.9994,     0.0487,    14h48m08s
[ 68500,  0.0001809]     0.9998,     1.0000,     0.0198,    14h49m09s
[ 68600,  0.0001806]     0.9992,     0.9994,     0.0327,    14h44m31s
[ 68700,  0.0001802]     0.9997,     0.9998,     0.0214,    14h44m19s
[ 68800,  0.0001799]     0.9980,     0.9988,     0.0606,    14h46m05s
[ 68900,  0.0001795]     0.9984,     0.9988,     0.0505,    14h44m21s
[ 69000,  0.0001791]     0.9984,     0.9986,     0.0518,    14h41m30s
[ 69100,  0.0001788]     0.9995,     1.0000,     0.0216,    14h36m24s
[ 69200,  0.0001784]     0.9997,     1.0000,     0.0203,    14h35m53s
[ 69300,  0.0001781]     0.9978,     0.9980,     0.0803,    14h33m13s
[ 69400,  0.0001777]     0.9994,     0.9994,     0.0346,    14h36m39s
[ 69500,  0.0001774]     0.9992,     0.9995,     0.0272,    14h30m53s
[ 69600,  0.0001770]     0.9988,     0.9991,     0.0292,    14h28m27s
[ 69700,  0.0001767]     0.9994,     0.9998,     0.0212,    14h26m00s
[ 69800,  0.0001763]     0.9986,     0.9989,     0.0373,    14h25m58s
[ 69900,  0.0001760]     0.9973,     0.9983,     0.0660,    14h24m43s
[ 70000,  0.0001756]     0.9994,     0.9998,     0.0215,    14h21m03s
Validation MACE: 0.048864
[ 70100,  0.0001753]     0.9997,     0.9998,     0.0223,    14h19m47s
[ 70200,  0.0001749]     0.9997,     1.0000,     0.0204,    14h18m36s
[ 70300,  0.0001746]     0.9988,     0.9992,     0.0320,    14h18m45s
[ 70400,  0.0001742]     0.9989,     0.9992,     0.0408,    14h19m56s
[ 70500,  0.0001739]     0.9992,     0.9994,     0.0358,    14h13m33s
[ 70600,  0.0001735]     0.9991,     0.9994,     0.0240,    14h12m08s
[ 70700,  0.0001732]     0.9986,     0.9994,     0.0255,    14h10m08s
[ 70800,  0.0001728]     0.9995,     1.0000,     0.0210,    14h08m52s
[ 70900,  0.0001725]     1.0000,     1.0000,     0.0197,    14h07m20s
[ 71000,  0.0001721]     0.9986,     0.9988,     0.0544,    14h09m02s
[ 71100,  0.0001718]     0.9980,     0.9988,     0.0406,    14h03m09s
[ 71200,  0.0001714]     0.9972,     0.9991,     0.0343,    14h02m32s
[ 71300,  0.0001711]     0.9992,     0.9994,     0.0350,    13h58m20s
[ 71400,  0.0001707]     0.9991,     0.9992,     0.0297,    13h57m58s
[ 71500,  0.0001704]     0.9989,     0.9994,     0.0330,    13h58m57s
[ 71600,  0.0001700]     0.9997,     1.0000,     0.0208,    13h54m11s
[ 71700,  0.0001697]     0.9981,     0.9994,     0.0243,    13h52m13s
[ 71800,  0.0001693]     0.9975,     0.9983,     0.0558,    13h50m53s
[ 71900,  0.0001690]     0.9994,     1.0000,     0.0206,    13h49m48s
[ 72000,  0.0001686]     0.9980,     0.9994,     0.0264,    13h47m18s
[ 72100,  0.0001683]     0.9994,     0.9995,     0.0247,    13h49m08s
[ 72200,  0.0001679]     0.9998,     1.0000,     0.0191,    13h42m53s
[ 72300,  0.0001676]     0.9978,     0.9983,     0.0673,    13h43m56s
[ 72400,  0.0001672]     0.9991,     0.9994,     0.0276,    13h38m52s
[ 72500,  0.0001669]     0.9995,     0.9998,     0.0218,    13h38m16s
[ 72600,  0.0001665]     0.9992,     0.9994,     0.0251,    13h39m29s
[ 72700,  0.0001662]     0.9988,     0.9989,     0.0459,    13h35m28s
[ 72800,  0.0001658]     1.0000,     1.0000,     0.0195,    13h33m44s
[ 72900,  0.0001655]     0.9986,     0.9992,     0.0260,    13h31m38s
[ 73000,  0.0001651]     0.9984,     0.9992,     0.0290,    13h30m37s
[ 73100,  0.0001648]     0.9975,     0.9991,     0.0375,    13h29m29s
[ 73200,  0.0001644]     0.9992,     0.9994,     0.0381,    13h33m03s
[ 73300,  0.0001641]     0.9991,     0.9995,     0.0265,    13h27m02s
[ 73400,  0.0001637]     0.9998,     1.0000,     0.0197,    13h23m30s
[ 73500,  0.0001634]     0.9986,     0.9992,     0.0267,    13h22m12s
[ 73600,  0.0001630]     0.9983,     0.9992,     0.0440,    13h20m57s
[ 73700,  0.0001627]     1.0000,     1.0000,     0.0186,    13h22m03s
[ 73800,  0.0001623]     0.9997,     1.0000,     0.0195,    13h18m35s
[ 73900,  0.0001620]     0.9998,     1.0000,     0.0191,    13h14m31s
[ 74000,  0.0001616]     0.9981,     0.9992,     0.0308,    13h18m21s
[ 74100,  0.0001613]     0.9977,     0.9983,     0.0582,    13h12m09s
[ 74200,  0.0001609]     0.9994,     0.9995,     0.0294,    13h10m59s
[ 74300,  0.0001606]     1.0000,     1.0000,     0.0182,    13h13m10s
[ 74400,  0.0001602]     0.9981,     0.9986,     0.0691,    13h05m41s
[ 74500,  0.0001599]     0.9994,     0.9994,     0.0392,    13h04m08s
[ 74600,  0.0001595]     0.9992,     0.9994,     0.0308,    13h02m56s
[ 74700,  0.0001592]     0.9995,     0.9997,     0.0295,    13h01m50s
[ 74800,  0.0001588]     0.9995,     1.0000,     0.0203,    13h03m01s
[ 74900,  0.0001585]     0.9997,     1.0000,     0.0190,    12h57m42s
[ 75000,  0.0001581]     0.9994,     0.9998,     0.0202,    12h58m53s
[ 75100,  0.0001578]     0.9973,     0.9978,     0.0509,    12h54m20s
[ 75200,  0.0001574]     0.9986,     0.9997,     0.0236,    12h52m04s
[ 75300,  0.0001571]     0.9988,     1.0000,     0.0211,    12h51m09s
[ 75400,  0.0001567]     0.9992,     0.9994,     0.0395,    12h52m28s
[ 75500,  0.0001564]     0.9978,     0.9988,     0.0376,    12h47m18s
[ 75600,  0.0001560]     0.9992,     0.9998,     0.0219,    12h46m25s
[ 75700,  0.0001557]     0.9995,     1.0000,     0.0195,    12h44m17s
[ 75800,  0.0001553]     0.9977,     0.9988,     0.0550,    12h42m04s
[ 75900,  0.0001550]     0.9992,     0.9997,     0.0236,    12h39m40s
[ 76000,  0.0001546]     0.9997,     1.0000,     0.0197,    12h44m13s
[ 76100,  0.0001543]     1.0000,     1.0000,     0.0186,    12h38m21s
[ 76200,  0.0001539]     0.9988,     0.9994,     0.0300,    12h36m28s
[ 76300,  0.0001536]     0.9991,     0.9998,     0.0214,    12h33m08s
[ 76400,  0.0001532]     0.9989,     1.0000,     0.0205,    12h32m12s
[ 76500,  0.0001529]     0.9992,     0.9994,     0.0311,    12h32m14s
[ 76600,  0.0001525]     0.9981,     0.9986,     0.0428,    12h28m44s
[ 76700,  0.0001522]     0.9989,     0.9991,     0.0463,    12h27m56s
[ 76800,  0.0001518]     1.0000,     1.0000,     0.0188,    12h24m40s
[ 76900,  0.0001515]     0.9998,     0.9998,     0.0209,    12h23m38s
[ 77000,  0.0001511]     0.9989,     0.9997,     0.0213,    12h21m46s
[ 77100,  0.0001508]     0.9983,     0.9989,     0.0445,    12h23m48s
[ 77200,  0.0001504]     0.9984,     0.9992,     0.0257,    12h18m48s
[ 77300,  0.0001501]     0.9997,     0.9997,     0.0217,    12h18m12s
[ 77400,  0.0001497]     0.9998,     1.0000,     0.0200,    12h15m39s
[ 77500,  0.0001494]     0.9992,     0.9994,     0.0370,    12h11m45s
[ 77600,  0.0001490]     0.9997,     0.9998,     0.0224,    12h10m08s
[ 77700,  0.0001486]     0.9994,     0.9994,     0.0396,    12h10m09s
[ 77800,  0.0001483]     0.9994,     0.9994,     0.0274,    12h08m53s
[ 77900,  0.0001479]     0.9989,     0.9995,     0.0330,    12h06m28s
[ 78000,  0.0001476]     0.9991,     0.9992,     0.0370,    12h04m14s
[ 78100,  0.0001472]     1.0000,     1.0000,     0.0184,    12h02m29s
[ 78200,  0.0001469]     0.9983,     0.9991,     0.0491,    12h05m24s
[ 78300,  0.0001465]     0.9983,     0.9986,     0.0536,    12h01m34s
[ 78400,  0.0001462]     1.0000,     1.0000,     0.0182,    11h56m37s
[ 78500,  0.0001458]     0.9983,     0.9986,     0.0550,    11h56m28s
[ 78600,  0.0001455]     0.9998,     1.0000,     0.0182,    11h54m45s
[ 78700,  0.0001451]     0.9991,     0.9994,     0.0403,    11h54m07s
[ 78800,  0.0001448]     0.9988,     0.9988,     0.0334,    11h52m18s
[ 78900,  0.0001444]     0.9983,     0.9986,     0.0606,    11h48m07s
[ 79000,  0.0001441]     0.9992,     0.9994,     0.0267,    11h46m45s
[ 79100,  0.0001437]     0.9995,     1.0000,     0.0191,    11h44m46s
[ 79200,  0.0001434]     0.9977,     0.9984,     0.0709,    11h43m54s
[ 79300,  0.0001430]     0.9995,     1.0000,     0.0182,    11h46m01s
[ 79400,  0.0001427]     0.9995,     1.0000,     0.0192,    11h39m11s
[ 79500,  0.0001423]     0.9986,     0.9994,     0.0384,    11h38m40s
[ 79600,  0.0001420]     0.9986,     0.9992,     0.0394,    11h38m11s
[ 79700,  0.0001416]     0.9997,     1.0000,     0.0200,    11h34m16s
[ 79800,  0.0001413]     0.9989,     0.9992,     0.0494,    11h34m29s
[ 79900,  0.0001409]     1.0000,     1.0000,     0.0177,    11h35m57s
[ 80000,  0.0001406]     0.9994,     0.9994,     0.0336,    11h30m33s
Validation MACE: 0.115868
[ 80100,  0.0001402]     0.9997,     1.0000,     0.0182,    11h27m56s
[ 80200,  0.0001399]     0.9992,     0.9994,     0.0214,    11h27m11s
[ 80300,  0.0001395]     0.9998,     1.0000,     0.0178,    11h24m54s
[ 80400,  0.0001392]     0.9983,     0.9988,     0.0602,    11h23m15s
[ 80500,  0.0001388]     0.9973,     0.9983,     0.0442,    11h21m47s
[ 80600,  0.0001385]     0.9975,     0.9984,     0.0350,    11h20m49s
[ 80700,  0.0001381]     0.9992,     0.9997,     0.0234,    11h17m55s
[ 80800,  0.0001378]     0.9995,     1.0000,     0.0198,    11h16m14s
[ 80900,  0.0001374]     0.9994,     0.9994,     0.0375,    11h17m46s
[ 81000,  0.0001371]     0.9992,     0.9994,     0.0305,    11h13m57s
[ 81100,  0.0001367]     1.0000,     1.0000,     0.0173,    11h10m14s
[ 81200,  0.0001364]     0.9991,     0.9997,     0.0213,    11h08m05s
[ 81300,  0.0001360]     0.9983,     0.9991,     0.0257,    11h05m51s
[ 81400,  0.0001357]     0.9994,     0.9998,     0.0211,    11h06m17s
[ 81500,  0.0001353]     0.9994,     0.9994,     0.0329,    11h12m35s
[ 81600,  0.0001350]     0.9991,     0.9997,     0.0224,    11h01m37s
[ 81700,  0.0001346]     0.9988,     0.9998,     0.0215,    11h00m37s
[ 81800,  0.0001343]     0.9992,     0.9998,     0.0204,    10h59m03s
[ 81900,  0.0001339]     1.0000,     1.0000,     0.0178,    10h57m13s
[ 82000,  0.0001336]     0.9992,     0.9992,     0.0330,    10h58m27s
[ 82100,  0.0001332]     0.9992,     0.9995,     0.0256,    10h58m07s
[ 82200,  0.0001329]     0.9992,     0.9994,     0.0239,    10h51m59s
[ 82300,  0.0001325]     0.9986,     0.9991,     0.0356,    10h49m02s
[ 82400,  0.0001322]     0.9988,     0.9988,     0.0541,    10h47m39s
[ 82500,  0.0001318]     0.9994,     0.9994,     0.0367,    10h47m07s
[ 82600,  0.0001315]     0.9983,     0.9991,     0.0353,    10h48m50s
[ 82700,  0.0001311]     0.9988,     0.9988,     0.0618,    10h43m46s
[ 82800,  0.0001308]     0.9992,     0.9998,     0.0203,    10h40m42s
[ 82900,  0.0001304]     0.9972,     0.9988,     0.0365,    10h39m48s
[ 83000,  0.0001301]     0.9989,     0.9991,     0.0275,    10h37m41s
[ 83100,  0.0001297]     0.9986,     0.9992,     0.0375,    10h36m18s
[ 83200,  0.0001294]     0.9994,     0.9994,     0.0307,    10h33m52s
[ 83300,  0.0001290]     0.9997,     0.9998,     0.0188,    10h33m21s
[ 83400,  0.0001287]     0.9997,     1.0000,     0.0181,    10h30m13s
[ 83500,  0.0001283]     0.9997,     1.0000,     0.0179,    10h29m20s
[ 83600,  0.0001280]     0.9991,     0.9997,     0.0242,    10h27m38s
[ 83700,  0.0001276]     0.9981,     0.9984,     0.0606,    10h31m24s
[ 83800,  0.0001273]     0.9978,     0.9983,     0.0377,    10h24m50s
[ 83900,  0.0001269]     0.9984,     0.9988,     0.0341,    10h22m02s
[ 84000,  0.0001266]     0.9989,     0.9992,     0.0322,    10h22m15s
[ 84100,  0.0001262]     0.9998,     0.9998,     0.0182,    10h18m56s
[ 84200,  0.0001259]     0.9997,     1.0000,     0.0191,    10h17m05s
[ 84300,  0.0001255]     0.9995,     1.0000,     0.0189,    10h15m40s
[ 84400,  0.0001252]     0.9977,     0.9988,     0.0393,    10h13m48s
[ 84500,  0.0001248]     0.9997,     1.0000,     0.0184,    10h13m12s
[ 84600,  0.0001245]     0.9998,     1.0000,     0.0173,    10h09m17s
[ 84700,  0.0001241]     0.9984,     0.9988,     0.0572,    10h08m21s
[ 84800,  0.0001238]     0.9997,     1.0000,     0.0185,    10h16m29s
[ 84900,  0.0001234]     0.9991,     0.9992,     0.0402,    10h03m29s
[ 85000,  0.0001231]     0.9980,     0.9981,     0.0733,    10h05m10s
[ 85100,  0.0001227]     0.9994,     0.9994,     0.0443,    10h00m56s
[ 85200,  0.0001224]     0.9998,     1.0000,     0.0179,    10h00m58s
[ 85300,  0.0001220]     1.0000,     1.0000,     0.0170,    09h58m08s
[ 85400,  0.0001217]     0.9997,     1.0000,     0.0179,    09h59m02s
[ 85500,  0.0001213]     0.9997,     1.0000,     0.0197,    09h55m04s
[ 85600,  0.0001210]     0.9972,     0.9991,     0.0285,    09h52m38s
[ 85700,  0.0001206]     1.0000,     1.0000,     0.0174,    09h51m48s
[ 85800,  0.0001203]     0.9983,     0.9991,     0.0248,    09h48m59s
[ 85900,  0.0001199]     0.9992,     0.9994,     0.0382,    09h48m50s
[ 86000,  0.0001196]     0.9983,     0.9986,     0.0632,    09h46m33s
[ 86100,  0.0001192]     0.9989,     0.9994,     0.0392,    09h43m53s
[ 86200,  0.0001188]     0.9995,     1.0000,     0.0190,    09h44m00s
[ 86300,  0.0001185]     0.9984,     0.9992,     0.0440,    09h40m21s
[ 86400,  0.0001181]     0.9994,     0.9994,     0.0390,    09h39m07s
[ 86500,  0.0001178]     1.0000,     1.0000,     0.0172,    09h39m41s
[ 86600,  0.0001174]     0.9998,     1.0000,     0.0164,    09h35m37s
[ 86700,  0.0001171]     0.9983,     0.9988,     0.0437,    09h33m45s
[ 86800,  0.0001167]     0.9997,     1.0000,     0.0174,    09h32m35s
[ 86900,  0.0001164]     0.9994,     0.9994,     0.0409,    09h32m36s
[ 87000,  0.0001160]     0.9989,     0.9994,     0.0287,    09h30m58s
[ 87100,  0.0001157]     0.9991,     0.9994,     0.0215,    09h28m43s
[ 87200,  0.0001153]     0.9973,     0.9984,     0.0558,    09h26m59s
[ 87300,  0.0001150]     0.9995,     0.9997,     0.0191,    09h24m36s
[ 87400,  0.0001146]     1.0000,     1.0000,     0.0176,    09h21m39s
[ 87500,  0.0001143]     0.9994,     0.9994,     0.0379,    09h19m42s
[ 87600,  0.0001139]     0.9989,     0.9991,     0.0439,    09h20m09s
[ 87700,  0.0001136]     0.9992,     0.9994,     0.0408,    09h17m37s
[ 87800,  0.0001132]     0.9998,     1.0000,     0.0182,    09h15m00s
[ 87900,  0.0001129]     0.9988,     0.9991,     0.0253,    09h12m55s
[ 88000,  0.0001125]     0.9994,     0.9994,     0.0358,    09h11m29s
[ 88100,  0.0001122]     0.9997,     1.0000,     0.0184,    09h12m52s
[ 88200,  0.0001118]     0.9992,     0.9994,     0.0235,    11h01m04s
[ 88300,  0.0001115]     0.9977,     0.9983,     0.0448,    09h07m10s
[ 88400,  0.0001111]     0.9994,     1.0000,     0.0191,    09h04m29s
[ 88500,  0.0001108]     0.9995,     1.0000,     0.0171,    09h04m45s
[ 88600,  0.0001104]     0.9995,     0.9998,     0.0195,    09h00m53s
[ 88700,  0.0001101]     0.9980,     0.9984,     0.0340,    09h01m52s
[ 88800,  0.0001097]     0.9998,     0.9998,     0.0172,    09h01m28s
[ 88900,  0.0001094]     0.9986,     0.9988,     0.0564,    08h56m31s
[ 89000,  0.0001090]     0.9984,     0.9991,     0.0356,    08h53m20s
[ 89100,  0.0001087]     0.9989,     0.9991,     0.0317,    08h52m55s
[ 89200,  0.0001083]     0.9995,     0.9997,     0.0191,    08h54m13s
[ 89300,  0.0001080]     0.9988,     0.9992,     0.0258,    08h52m40s
[ 89400,  0.0001076]     0.9988,     0.9989,     0.0384,    08h47m40s
[ 89500,  0.0001073]     0.9997,     0.9998,     0.0185,    08h47m17s
[ 89600,  0.0001069]     0.9988,     0.9994,     0.0388,    08h48m04s
[ 89700,  0.0001066]     1.0000,     1.0000,     0.0165,    08h41m47s
[ 89800,  0.0001062]     0.9984,     0.9989,     0.0392,    08h41m00s
[ 89900,  0.0001059]     0.9994,     0.9994,     0.0454,    08h40m16s
[ 90000,  0.0001055]     0.9994,     0.9994,     0.0276,    08h36m24s
Validation MACE: 0.025986
[ 90100,  0.0001052]     0.9995,     0.9997,     0.0255,    08h38m50s
[ 90200,  0.0001048]     0.9980,     0.9984,     0.0474,    08h33m35s
[ 90300,  0.0001045]     1.0000,     1.0000,     0.0170,    08h33m49s
[ 90400,  0.0001041]     0.9997,     1.0000,     0.0173,    08h29m30s
[ 90500,  0.0001038]     0.9994,     0.9994,     0.0413,    08h31m42s
[ 90600,  0.0001034]     0.9992,     0.9994,     0.0234,    08h27m07s
[ 90700,  0.0001031]     0.9998,     1.0000,     0.0178,    08h24m41s
[ 90800,  0.0001027]     0.9994,     0.9998,     0.0181,    08h24m56s
[ 90900,  0.0001024]     0.9980,     0.9980,     0.0628,    08h20m42s
[ 91000,  0.0001020]     0.9984,     0.9988,     0.0434,    08h21m05s
[ 91100,  0.0001017]     0.9994,     0.9995,     0.0232,    08h18m02s
[ 91200,  0.0001013]     0.9994,     0.9995,     0.0189,    08h16m14s
[ 91300,  0.0001010]     1.0000,     1.0000,     0.0167,    08h13m42s
[ 91400,  0.0001006]     0.9992,     0.9992,     0.0325,    08h12m13s
[ 91500,  0.0001003]     0.9992,     0.9998,     0.0184,    08h11m34s
[ 91600,  0.0000999]     0.9994,     0.9994,     0.0315,    08h09m59s
[ 91700,  0.0000996]     1.0000,     1.0000,     0.0164,    08h08m36s
[ 91800,  0.0000992]     1.0000,     1.0000,     0.0173,    08h05m06s
[ 91900,  0.0000989]     0.9988,     0.9992,     0.0303,    08h05m46s
[ 92000,  0.0000985]     0.9994,     0.9994,     0.0247,    08h04m03s
[ 92100,  0.0000982]     0.9997,     0.9998,     0.0192,    08h01m36s
[ 92200,  0.0000978]     0.9992,     0.9994,     0.0253,    07h59m18s
[ 92300,  0.0000975]     0.9997,     0.9998,     0.0177,    07h57m25s
[ 92400,  0.0000971]     0.9994,     1.0000,     0.0176,    07h55m58s
[ 92500,  0.0000968]     0.9989,     0.9992,     0.0408,    07h52m51s
[ 92600,  0.0000964]     0.9998,     0.9998,     0.0180,    07h52m46s
[ 92700,  0.0000961]     0.9997,     0.9998,     0.0171,    07h52m20s
[ 92800,  0.0000957]     0.9994,     0.9994,     0.0278,    07h54m38s
[ 92900,  0.0000954]     0.9994,     0.9998,     0.0185,    07h50m17s
[ 93000,  0.0000950]     0.9995,     0.9998,     0.0172,    07h45m15s
[ 93100,  0.0000947]     0.9989,     0.9992,     0.0392,    07h44m34s
[ 93200,  0.0000943]     0.9991,     0.9992,     0.0362,    07h41m07s
[ 93300,  0.0000940]     0.9989,     0.9994,     0.0348,    07h40m04s
[ 93400,  0.0000936]     0.9992,     0.9995,     0.0195,    07h39m02s
[ 93500,  0.0000933]     0.9998,     1.0000,     0.0170,    07h36m32s
[ 93600,  0.0000929]     1.0000,     1.0000,     0.0168,    07h37m47s
[ 93700,  0.0000926]     0.9992,     0.9998,     0.0187,    07h32m49s
[ 93800,  0.0000922]     0.9986,     0.9992,     0.0321,    07h31m58s
[ 93900,  0.0000919]     0.9994,     1.0000,     0.0175,    07h30m29s
[ 94000,  0.0000915]     0.9994,     0.9997,     0.0190,    07h29m16s
[ 94100,  0.0000912]     0.9983,     0.9986,     0.0587,    07h26m28s
[ 94200,  0.0000908]     1.0000,     1.0000,     0.0170,    07h23m52s
[ 94300,  0.0000905]     0.9995,     0.9998,     0.0197,    07h23m00s
[ 94400,  0.0000901]     0.9984,     0.9989,     0.0341,    07h20m53s
[ 94500,  0.0000898]     0.9997,     0.9998,     0.0183,    07h19m22s
[ 94600,  0.0000894]     0.9988,     0.9992,     0.0400,    07h18m06s
[ 94700,  0.0000890]     0.9997,     1.0000,     0.0177,    07h17m32s
[ 94800,  0.0000887]     1.0000,     1.0000,     0.0167,    07h19m10s
[ 94900,  0.0000883]     0.9983,     0.9991,     0.0419,    07h12m05s
[ 95000,  0.0000880]     0.9984,     0.9988,     0.0466,    07h12m01s
[ 95100,  0.0000876]     0.9991,     0.9994,     0.0297,    07h09m29s
[ 95200,  0.0000873]     0.9978,     0.9986,     0.0565,    07h07m58s
[ 95300,  0.0000869]     0.9998,     0.9998,     0.0168,    07h07m26s
[ 95400,  0.0000866]     0.9978,     0.9983,     0.0525,    07h03m39s
[ 95500,  0.0000862]     1.0000,     1.0000,     0.0165,    07h02m09s
[ 95600,  0.0000859]     0.9984,     0.9992,     0.0274,    07h00m19s
[ 95700,  0.0000855]     0.9984,     0.9988,     0.0394,    06h59m01s
[ 95800,  0.0000852]     0.9994,     0.9994,     0.0240,    06h56m39s
[ 95900,  0.0000848]     0.9997,     0.9998,     0.0192,    06h59m29s
[ 96000,  0.0000845]     0.9994,     0.9995,     0.0260,    06h54m02s
[ 96100,  0.0000841]     0.9980,     0.9989,     0.0436,    06h51m51s
[ 96200,  0.0000838]     1.0000,     1.0000,     0.0163,    06h52m39s
[ 96300,  0.0000834]     0.9997,     1.0000,     0.0173,    06h48m16s
[ 96400,  0.0000831]     0.9994,     0.9995,     0.0260,    06h48m37s
[ 96500,  0.0000827]     0.9992,     0.9997,     0.0197,    06h44m58s
[ 96600,  0.0000824]     0.9991,     0.9995,     0.0231,    06h43m23s
[ 96700,  0.0000820]     0.9994,     1.0000,     0.0183,    06h41m05s
[ 96800,  0.0000817]     0.9997,     1.0000,     0.0163,    06h40m40s
[ 96900,  0.0000813]     0.9989,     1.0000,     0.0182,    06h38m25s
[ 97000,  0.0000810]     0.9984,     0.9989,     0.0346,    06h40m45s
[ 97100,  0.0000806]     0.9994,     0.9997,     0.0186,    06h35m17s
[ 97200,  0.0000803]     1.0000,     1.0000,     0.0155,    06h32m50s
[ 97300,  0.0000799]     0.9998,     1.0000,     0.0161,    06h31m45s
[ 97400,  0.0000796]     0.9998,     1.0000,     0.0167,    06h30m13s
[ 97500,  0.0000792]     0.9998,     1.0000,     0.0166,    06h26m52s
[ 97600,  0.0000789]     0.9978,     0.9983,     0.0485,    06h25m51s
[ 97700,  0.0000785]     0.9991,     0.9992,     0.0312,    06h24m19s
[ 97800,  0.0000782]     0.9989,     0.9994,     0.0194,    06h22m44s
[ 97900,  0.0000778]     0.9988,     0.9988,     0.0492,    06h21m15s
[ 98000,  0.0000775]     0.9994,     0.9994,     0.0374,    06h18m58s
[ 98100,  0.0000771]     0.9992,     1.0000,     0.0173,    06h17m18s
[ 98200,  0.0000768]     0.9991,     0.9992,     0.0231,    06h15m21s
[ 98300,  0.0000764]     0.9983,     0.9988,     0.0443,    06h14m00s
[ 98400,  0.0000761]     0.9998,     1.0000,     0.0160,    06h12m21s
[ 98500,  0.0000757]     0.9995,     0.9998,     0.0180,    06h10m08s
[ 98600,  0.0000754]     0.9992,     1.0000,     0.0174,    06h10m56s
[ 98700,  0.0000750]     1.0000,     1.0000,     0.0170,    06h07m20s
[ 98800,  0.0000747]     0.9994,     0.9994,     0.0358,    06h06m22s
[ 98900,  0.0000743]     0.9997,     1.0000,     0.0171,    06h03m14s
[ 99000,  0.0000740]     0.9997,     1.0000,     0.0168,    06h01m55s
[ 99100,  0.0000736]     0.9998,     0.9998,     0.0162,    06h00m00s
[ 99200,  0.0000733]     1.0000,     1.0000,     0.0159,    06h00m59s
[ 99300,  0.0000729]     0.9992,     0.9994,     0.0276,    05h59m11s
[ 99400,  0.0000726]     0.9994,     0.9994,     0.0448,    05h54m49s
[ 99500,  0.0000722]     0.9995,     1.0000,     0.0175,    05h53m37s
[ 99600,  0.0000719]     0.9995,     1.0000,     0.0173,    05h52m02s
[ 99700,  0.0000715]     1.0000,     1.0000,     0.0157,    05h51m58s
[ 99800,  0.0000712]     0.9991,     0.9997,     0.0200,    05h48m22s
[ 99900,  0.0000708]     0.9992,     0.9998,     0.0181,    05h46m00s
[100000,  0.0000705]     0.9975,     0.9980,     0.0851,    05h44m40s
Validation MACE: 0.016239
[100100,  0.0000701]     1.0000,     1.0000,     0.0155,    05h46m07s
[100200,  0.0000698]     0.9997,     0.9998,     0.0177,    05h43m39s
[100300,  0.0000694]     1.0000,     1.0000,     0.0160,    05h40m22s
[100400,  0.0000691]     0.9989,     0.9995,     0.0310,    05h38m09s
[100500,  0.0000687]     0.9997,     0.9998,     0.0170,    05h35m52s
[100600,  0.0000684]     0.9992,     0.9998,     0.0171,    05h34m19s
[100700,  0.0000680]     1.0000,     1.0000,     0.0161,    05h32m19s
[100800,  0.0000677]     0.9983,     0.9988,     0.0519,    05h32m33s
[100900,  0.0000673]     0.9986,     0.9992,     0.0327,    05h30m00s
[101000,  0.0000670]     0.9962,     0.9978,     0.0652,    05h28m03s
[101100,  0.0000666]     0.9992,     0.9994,     0.0372,    05h26m07s
[101200,  0.0000663]     1.0000,     1.0000,     0.0157,    05h24m35s
[101300,  0.0000659]     0.9991,     0.9992,     0.0261,    05h22m09s
[101400,  0.0000656]     0.9986,     0.9988,     0.0392,    05h21m21s
[101500,  0.0000652]     0.9983,     0.9988,     0.0525,    05h18m42s
[101600,  0.0000649]     0.9995,     0.9998,     0.0180,    05h16m54s
[101700,  0.0000645]     0.9992,     0.9994,     0.0412,    05h15m56s
[101800,  0.0000642]     0.9989,     0.9992,     0.0319,    05h14m01s
[101900,  0.0000638]     0.9994,     0.9994,     0.0237,    05h13m08s
[102000,  0.0000635]     0.9995,     0.9997,     0.0184,    05h10m36s
[102100,  0.0000631]     1.0000,     1.0000,     0.0161,    05h09m04s
[102200,  0.0000628]     0.9997,     1.0000,     0.0164,    05h06m44s
[102300,  0.0000624]     0.9989,     0.9992,     0.0301,    05h04m55s
[102400,  0.0000621]     0.9988,     0.9988,     0.0352,    05h04m57s
[102500,  0.0000617]     0.9995,     1.0000,     0.0161,    05h06m35s
[102600,  0.0000614]     1.0000,     1.0000,     0.0152,    05h00m24s
[102700,  0.0000610]     0.9981,     0.9988,     0.0550,    04h58m23s
[102800,  0.0000607]     0.9989,     0.9994,     0.0244,    04h56m27s
[102900,  0.0000603]     0.9998,     1.0000,     0.0166,    04h54m45s
[103000,  0.0000600]     1.0000,     1.0000,     0.0156,    04h53m09s
[103100,  0.0000596]     1.0000,     1.0000,     0.0159,    04h51m47s
[103200,  0.0000593]     0.9998,     1.0000,     0.0160,    04h49m44s
[103300,  0.0000589]     0.9995,     0.9998,     0.0165,    04h48m01s
[103400,  0.0000585]     0.9992,     0.9995,     0.0213,    04h46m51s
[103500,  0.0000582]     1.0000,     1.0000,     0.0158,    04h43m26s
[103600,  0.0000578]     1.0000,     1.0000,     0.0152,    04h43m24s
[103700,  0.0000575]     0.9991,     0.9995,     0.0222,    04h41m37s
[103800,  0.0000571]     0.9980,     0.9994,     0.0258,    04h39m50s
[103900,  0.0000568]     0.9994,     0.9994,     0.0427,    04h37m31s
[104000,  0.0000564]     0.9997,     1.0000,     0.0164,    05h35m34s
[104100,  0.0000561]     0.9994,     0.9994,     0.0220,    04h34m32s
[104200,  0.0000557]     0.9995,     0.9995,     0.0222,    04h32m17s
[104300,  0.0000554]     0.9980,     0.9981,     0.0538,    04h30m19s
[104400,  0.0000550]     0.9989,     0.9994,     0.0427,    04h29m14s
[104500,  0.0000547]     0.9998,     1.0000,     0.0157,    04h27m22s
[104600,  0.0000543]     1.0000,     1.0000,     0.0160,    04h26m14s
[104700,  0.0000540]     0.9992,     0.9997,     0.0182,    04h24m10s
[104800,  0.0000536]     1.0000,     1.0000,     0.0152,    04h23m11s
[104900,  0.0000533]     0.9995,     1.0000,     0.0161,    04h20m07s
[105000,  0.0000529]     0.9995,     0.9998,     0.0177,    04h19m06s
[105100,  0.0000526]     0.9997,     0.9997,     0.0176,    04h17m01s
[105200,  0.0000522]     0.9991,     0.9995,     0.0213,    04h16m44s
[105300,  0.0000519]     0.9994,     0.9994,     0.0334,    04h15m08s
[105400,  0.0000515]     1.0000,     1.0000,     0.0155,    04h11m25s
[105500,  0.0000512]     0.9997,     1.0000,     0.0159,    04h10m00s
[105600,  0.0000508]     1.0000,     1.0000,     0.0157,    04h08m21s
[105700,  0.0000505]     0.9995,     0.9998,     0.0169,    04h06m58s
[105800,  0.0000501]     0.9992,     0.9994,     0.0316,    04h06m58s
[105900,  0.0000498]     0.9998,     1.0000,     0.0154,    04h03m32s
[106000,  0.0000494]     0.9998,     1.0000,     0.0155,    04h01m29s
[106100,  0.0000491]     0.9994,     0.9998,     0.0178,    03h59m38s
[106200,  0.0000487]     0.9991,     0.9994,     0.0284,    03h57m51s
[106300,  0.0000484]     1.0000,     1.0000,     0.0155,    03h57m07s
[106400,  0.0000480]     0.9995,     1.0000,     0.0161,    03h54m37s
[106500,  0.0000477]     0.9994,     0.9994,     0.0393,    03h52m45s
[106600,  0.0000473]     0.9994,     0.9994,     0.0369,    03h51m44s
[106700,  0.0000470]     0.9986,     0.9992,     0.0435,    03h49m21s
[106800,  0.0000466]     1.0000,     1.0000,     0.0156,    03h47m41s
[106900,  0.0000463]     0.9994,     0.9995,     0.0222,    03h46m04s
[107000,  0.0000459]     0.9991,     0.9994,     0.0256,    03h44m16s
[107100,  0.0000456]     0.9991,     0.9992,     0.0256,    03h42m48s
[107200,  0.0000452]     0.9997,     1.0000,     0.0163,    03h40m47s
[107300,  0.0000449]     0.9992,     0.9994,     0.0295,    03h38m35s
[107400,  0.0000445]     0.9992,     1.0000,     0.0161,    03h37m40s
[107500,  0.0000442]     0.9988,     0.9988,     0.0444,    03h35m24s
[107600,  0.0000438]     0.9984,     0.9989,     0.0524,    03h33m41s
[107700,  0.0000435]     1.0000,     1.0000,     0.0153,    03h32m07s
[107800,  0.0000431]     0.9995,     0.9998,     0.0175,    03h30m25s
[107900,  0.0000428]     0.9998,     1.0000,     0.0150,    03h28m54s
[108000,  0.0000424]     0.9998,     1.0000,     0.0159,    03h28m12s
[108100,  0.0000421]     0.9991,     0.9994,     0.0230,    03h25m08s
[108200,  0.0000417]     1.0000,     1.0000,     0.0151,    03h24m03s
[108300,  0.0000414]     0.9994,     0.9995,     0.0189,    03h21m47s
[108400,  0.0000410]     0.9995,     1.0000,     0.0163,    03h20m00s
[108500,  0.0000407]     0.9998,     0.9998,     0.0166,    03h18m56s
[108600,  0.0000403]     1.0000,     1.0000,     0.0153,    03h17m33s
[108700,  0.0000400]     1.0000,     1.0000,     0.0152,    03h15m00s
[108800,  0.0000396]     0.9998,     1.0000,     0.0153,    03h13m41s
[108900,  0.0000393]     1.0000,     1.0000,     0.0157,    03h11m26s
[109000,  0.0000389]     0.9995,     1.0000,     0.0164,    03h09m59s
[109100,  0.0000386]     1.0000,     1.0000,     0.0162,    03h08m58s
[109200,  0.0000382]     0.9994,     1.0000,     0.0162,    03h06m27s
[109300,  0.0000379]     0.9998,     1.0000,     0.0159,    03h04m25s
[109400,  0.0000375]     0.9997,     1.0000,     0.0158,    03h02m56s
[109500,  0.0000372]     0.9989,     0.9998,     0.0188,    03h01m14s
[109600,  0.0000368]     0.9997,     0.9998,     0.0159,    02h59m58s
[109700,  0.0000365]     0.9994,     0.9994,     0.0378,    02h58m29s
[109800,  0.0000361]     0.9984,     0.9989,     0.0333,    02h56m06s
[109900,  0.0000358]     0.9994,     0.9994,     0.0268,    02h54m02s
[110000,  0.0000354]     0.9998,     1.0000,     0.0154,    02h52m24s
Validation MACE: 0.017045
[110100,  0.0000351]     1.0000,     1.0000,     0.0154,    02h52m04s
[110200,  0.0000347]     0.9998,     1.0000,     0.0156,    02h49m13s
[110300,  0.0000344]     0.9992,     0.9995,     0.0205,    02h47m35s
[110400,  0.0000340]     0.9986,     0.9992,     0.0350,    02h45m47s
[110500,  0.0000337]     0.9994,     0.9994,     0.0340,    02h43m42s
[110600,  0.0000333]     0.9994,     0.9994,     0.0408,    02h42m11s
[110700,  0.0000330]     0.9991,     0.9998,     0.0186,    02h40m32s
[110800,  0.0000326]     1.0000,     1.0000,     0.0150,    02h38m40s
[110900,  0.0000323]     0.9989,     0.9991,     0.0251,    02h37m10s
[111000,  0.0000319]     0.9998,     0.9998,     0.0159,    02h35m22s
[111100,  0.0000316]     0.9994,     0.9994,     0.0393,    02h33m51s
[111200,  0.0000312]     0.9998,     0.9998,     0.0158,    02h32m10s
[111300,  0.0000309]     0.9997,     0.9998,     0.0199,    02h30m14s
[111400,  0.0000305]     0.9992,     0.9997,     0.0192,    02h28m18s
[111500,  0.0000302]     1.0000,     1.0000,     0.0149,    02h26m27s
[111600,  0.0000298]     0.9981,     0.9984,     0.0594,    02h24m53s
[111700,  0.0000295]     0.9997,     0.9997,     0.0169,    02h23m04s
[111800,  0.0000291]     1.0000,     1.0000,     0.0150,    02h21m22s
[111900,  0.0000287]     0.9998,     1.0000,     0.0157,    02h19m38s
[112000,  0.0000284]     0.9995,     0.9997,     0.0175,    02h17m54s
[112100,  0.0000280]     0.9989,     0.9994,     0.0360,    02h16m12s
[112200,  0.0000277]     0.9991,     0.9994,     0.0198,    02h14m24s
[112300,  0.0000273]     0.9994,     1.0000,     0.0156,    02h12m53s
[112400,  0.0000270]     0.9984,     0.9988,     0.0370,    02h11m39s
[112500,  0.0000266]     0.9983,     0.9991,     0.0223,    02h09m10s
[112600,  0.0000263]     1.0000,     1.0000,     0.0150,    02h07m30s
[112700,  0.0000259]     0.9991,     0.9994,     0.0217,    02h05m48s
[112800,  0.0000256]     0.9998,     1.0000,     0.0156,    02h04m02s
[112900,  0.0000252]     0.9997,     1.0000,     0.0163,    02h02m46s
[113000,  0.0000249]     0.9997,     1.0000,     0.0158,    02h00m46s
[113100,  0.0000245]     0.9998,     1.0000,     0.0155,    01h58m51s
[113200,  0.0000242]     1.0000,     1.0000,     0.0144,    01h57m16s
[113300,  0.0000238]     0.9997,     0.9998,     0.0168,    01h55m35s
[113400,  0.0000235]     0.9998,     1.0000,     0.0151,    01h53m46s
[113500,  0.0000231]     0.9997,     1.0000,     0.0158,    01h52m47s
[113600,  0.0000228]     0.9991,     0.9992,     0.0358,    01h50m28s
[113700,  0.0000224]     0.9989,     0.9991,     0.0258,    01h48m32s
[113800,  0.0000221]     0.9984,     0.9988,     0.0510,    01h47m00s
[113900,  0.0000217]     0.9988,     0.9991,     0.0387,    01h45m03s
[114000,  0.0000214]     0.9994,     0.9994,     0.0276,    01h44m13s
[114100,  0.0000210]     0.9994,     0.9994,     0.0268,    01h41m46s
[114200,  0.0000207]     0.9997,     1.0000,     0.0158,    01h40m06s
[114300,  0.0000203]     0.9992,     0.9994,     0.0312,    01h38m12s
[114400,  0.0000200]     0.9992,     0.9994,     0.0300,    01h36m24s
[114500,  0.0000196]     0.9995,     1.0000,     0.0159,    01h34m44s
[114600,  0.0000193]     0.9994,     0.9994,     0.0256,    01h33m30s
[114700,  0.0000189]     0.9984,     0.9991,     0.0287,    01h31m28s
[114800,  0.0000186]     0.9992,     0.9997,     0.0169,    01h29m52s
[114900,  0.0000182]     0.9998,     1.0000,     0.0145,    01h26m11s
[115000,  0.0000179]     1.0000,     1.0000,     0.0153,    01h24m43s
[115100,  0.0000175]     0.9994,     1.0000,     0.0167,    01h23m03s
[115200,  0.0000172]     0.9997,     0.9998,     0.0160,    01h21m20s
[115300,  0.0000168]     1.0000,     1.0000,     0.0145,    01h19m46s
[115400,  0.0000165]     0.9997,     0.9998,     0.0163,    01h18m06s
[115500,  0.0000161]     0.9989,     0.9994,     0.0416,    01h16m27s
[115600,  0.0000158]     0.9983,     0.9986,     0.0393,    01h14m40s
[115700,  0.0000154]     0.9991,     0.9994,     0.0395,    01h12m57s
[115800,  0.0000151]     0.9995,     1.0000,     0.0161,    01h11m18s
[115900,  0.0000147]     0.9991,     0.9994,     0.0211,    01h09m35s
[116000,  0.0000144]     0.9995,     0.9995,     0.0184,    01h07m46s
[116100,  0.0000140]     1.0000,     1.0000,     0.0147,    01h05m57s
[116200,  0.0000137]     0.9992,     0.9994,     0.0340,    01h04m17s
[116300,  0.0000133]     0.9997,     1.0000,     0.0156,    01h02m36s
[116400,  0.0000130]     1.0000,     1.0000,     0.0155,    01h01m07s
[116500,  0.0000126]     0.9984,     0.9986,     0.0361,    00h59m10s
[116600,  0.0000123]     0.9989,     0.9994,     0.0273,    00h57m29s
[116700,  0.0000119]     1.0000,     1.0000,     0.0143,    00h55m49s
[116800,  0.0000116]     0.9991,     0.9997,     0.0176,    00h54m07s
[116900,  0.0000112]     0.9998,     1.0000,     0.0148,    00h52m33s
[117000,  0.0000109]     0.9998,     0.9998,     0.0154,    00h50m49s
[117100,  0.0000105]     0.9992,     0.9995,     0.0244,    00h49m11s
[117200,  0.0000102]     0.9991,     0.9994,     0.0187,    00h47m31s
[117300,  0.0000098]     0.9994,     0.9994,     0.0236,    00h45m47s
[117400,  0.0000095]     0.9992,     0.9994,     0.0319,    00h44m02s
[117500,  0.0000091]     0.9994,     0.9994,     0.0307,    00h42m18s
[117600,  0.0000088]     0.9997,     0.9997,     0.0164,    00h40m51s
[117700,  0.0000084]     0.9998,     1.0000,     0.0152,    00h39m04s
[117800,  0.0000081]     0.9988,     0.9988,     0.0378,    00h37m21s
[117900,  0.0000077]     0.9998,     1.0000,     0.0149,    00h35m37s
[118000,  0.0000074]     1.0000,     1.0000,     0.0146,    00h33m51s
[118100,  0.0000070]     0.9989,     0.9991,     0.0412,    00h32m13s
[118200,  0.0000067]     0.9997,     1.0000,     0.0150,    00h30m32s
[118300,  0.0000063]     0.9994,     0.9994,     0.0209,    00h28m46s
[118400,  0.0000060]     1.0000,     1.0000,     0.0148,    00h27m09s
[118500,  0.0000056]     0.9986,     0.9988,     0.0515,    00h25m25s
[118600,  0.0000053]     0.9989,     0.9995,     0.0199,    00h23m43s
[118700,  0.0000049]     0.9986,     0.9988,     0.0404,    00h22m00s
[118800,  0.0000046]     0.9998,     1.0000,     0.0144,    00h20m17s
[118900,  0.0000042]     0.9997,     1.0000,     0.0149,    00h18m38s
[119000,  0.0000039]     1.0000,     1.0000,     0.0156,    00h16m58s
[119100,  0.0000035]     0.9994,     0.9994,     0.0306,    00h15m15s
[119200,  0.0000032]     1.0000,     1.0000,     0.0155,    00h13m36s
[119300,  0.0000028]     1.0000,     1.0000,     0.0146,    00h11m52s
[119400,  0.0000025]     0.9994,     0.9994,     0.0252,    00h10m10s
[119500,  0.0000021]     0.9991,     0.9994,     0.0207,    00h08m28s
[119600,  0.0000018]     0.9997,     1.0000,     0.0155,    00h06m46s
[119700,  0.0000014]     0.9997,     1.0000,     0.0151,    00h05m04s
[119800,  0.0000011]     1.0000,     1.0000,     0.0147,    00h03m23s
[119900,  0.0000007]     0.9997,     0.9998,     0.0171,    00h01m41s
[120000,  0.0000004]     0.9998,     1.0000,     0.0142,    00h00m00s
Validation MACE: 0.015215
