Parameter Count: 930114
Training with 118287 image pairs
[   100,  0.0000223]     0.0014,     0.0079,    25.0393,    12h47m04s
[   200,  0.0000287]     0.0008,     0.0067,    24.4032,    12h44m32s
[   300,  0.0000351]     0.0006,     0.0089,    22.5895,    13h01m35s
[   400,  0.0000415]     0.0014,     0.0163,    19.4708,    13h33m05s
[   500,  0.0000479]     0.0023,     0.0219,    17.7221,    13h34m57s
[   600,  0.0000543]     0.0041,     0.0341,    15.7270,    13h35m39s
[   700,  0.0000607]     0.0067,     0.0520,    13.8565,    13h36m40s
[   800,  0.0000671]     0.0109,     0.0842,    12.1803,    13h39m01s
[   900,  0.0000735]     0.0178,     0.1331,    10.7349,    13h38m52s
[  1000,  0.0000799]     0.0273,     0.1825,     9.3307,    13h36m09s
[  1100,  0.0000863]     0.0406,     0.2344,     8.5660,    13h36m00s
[  1200,  0.0000927]     0.0428,     0.2781,     7.5195,    13h37m51s
[  1300,  0.0000991]     0.0498,     0.3036,     6.9510,    13h34m21s
[  1400,  0.0001055]     0.0484,     0.3148,     6.5894,    13h40m27s
[  1500,  0.0001119]     0.0512,     0.3448,     6.1558,    13h36m11s
[  1600,  0.0001183]     0.0492,     0.3409,     5.8412,    13h32m38s
[  1700,  0.0001247]     0.0586,     0.3869,     5.2231,    13h34m50s
[  1800,  0.0001311]     0.0695,     0.4197,     5.0891,    13h30m42s
[  1900,  0.0001375]     0.0998,     0.4911,     4.4940,    13h26m03s
[  2000,  0.0001439]     0.1202,     0.5325,     4.1897,    13h29m03s
[  2100,  0.0001502]     0.1491,     0.5667,     3.8446,    13h32m11s
[  2200,  0.0001566]     0.1927,     0.6242,     3.4895,    13h29m49s
[  2300,  0.0001630]     0.1862,     0.6114,     3.5043,    13h30m33s
[  2400,  0.0001694]     0.2152,     0.6598,     3.2216,    13h25m33s
[  2500,  0.0001758]     0.2166,     0.6456,     3.3892,    13h33m29s
[  2600,  0.0001822]     0.2550,     0.6725,     3.1572,    13h23m38s
[  2700,  0.0001886]     0.2980,     0.7195,     2.9111,    13h24m47s
[  2800,  0.0001950]     0.3411,     0.7541,     2.6037,    13h26m01s
[  2900,  0.0002014]     0.3488,     0.7589,     2.7385,    13h27m23s
[  3000,  0.0002078]     0.3731,     0.7664,     2.5992,    13h20m18s
[  3100,  0.0002142]     0.4017,     0.7961,     2.2811,    13h22m07s
[  3200,  0.0002206]     0.4530,     0.8170,     2.1878,    13h22m38s
[  3300,  0.0002270]     0.4745,     0.8178,     2.0756,    13h22m36s
[  3400,  0.0002334]     0.4608,     0.8186,     2.1792,    13h23m08s
[  3500,  0.0002398]     0.5316,     0.8586,     1.8312,    13h20m25s
[  3600,  0.0002462]     0.5225,     0.8466,     1.9367,    13h17m51s
[  3700,  0.0002526]     0.5416,     0.8580,     1.8715,    13h19m34s
[  3800,  0.0002590]     0.5473,     0.8647,     2.0111,    13h17m07s
[  3900,  0.0002654]     0.5831,     0.8827,     1.7454,    13h18m54s
[  4000,  0.0002718]     0.6027,     0.8880,     1.5663,    13h14m32s
[  4100,  0.0002782]     0.6281,     0.8927,     1.8024,    13h22m36s
[  4200,  0.0002846]     0.6498,     0.9055,     1.3757,    13h16m49s
[  4300,  0.0002910]     0.6252,     0.8998,     1.6265,    13h15m56s
[  4400,  0.0002973]     0.6533,     0.9153,     1.4925,    13h15m08s
[  4500,  0.0003037]     0.6873,     0.9141,     1.4687,    13h15m51s
[  4600,  0.0003101]     0.7041,     0.9223,     1.2340,    13h13m53s
[  4700,  0.0003165]     0.6845,     0.9184,     1.4071,    13h15m15s
[  4800,  0.0003229]     0.6909,     0.9219,     1.3568,    13h13m01s
[  4900,  0.0003293]     0.7155,     0.9308,     1.2645,    13h10m50s
[  5000,  0.0003357]     0.7353,     0.9275,     1.3104,    13h08m52s
[  5100,  0.0003421]     0.6850,     0.9217,     1.3471,    13h10m11s
[  5200,  0.0003485]     0.7281,     0.9361,     1.1762,    13h10m30s
[  5300,  0.0003549]     0.7542,     0.9339,     1.2218,    13h11m52s
[  5400,  0.0003613]     0.7541,     0.9470,     1.0494,    13h06m43s
[  5500,  0.0003677]     0.7655,     0.9406,     1.1782,    13h08m33s
[  5600,  0.0003741]     0.7473,     0.9378,     1.0551,    13h08m15s
[  5700,  0.0003805]     0.7712,     0.9464,     1.0577,    13h07m55s
[  5800,  0.0003869]     0.7780,     0.9467,     1.1654,    13h04m47s
[  5900,  0.0003933]     0.7792,     0.9489,     0.9481,    13h03m15s
[  6000,  0.0003997]     0.8158,     0.9647,     0.8942,    13h07m11s
[  6100,  0.0003997]     0.7648,     0.9433,     1.1428,    13h07m22s
[  6200,  0.0003993]     0.7761,     0.9348,     1.2444,    13h04m19s
[  6300,  0.0003990]     0.8070,     0.9567,     1.0159,    13h02m02s
[  6400,  0.0003986]     0.8042,     0.9602,     0.8445,    12h59m38s
[  6500,  0.0003983]     0.8013,     0.9570,     0.9771,    12h57m52s
[  6600,  0.0003979]     0.8398,     0.9684,     0.7961,    12h59m30s
[  6700,  0.0003976]     0.8197,     0.9611,     0.8880,    12h59m36s
[  6800,  0.0003972]     0.8372,     0.9623,     0.8239,    12h58m49s
[  6900,  0.0003969]     0.8330,     0.9644,     0.8734,    12h54m57s
[  7000,  0.0003965]     0.8425,     0.9647,     0.8185,    12h58m05s
[  7100,  0.0003962]     0.8588,     0.9716,     0.7720,    12h57m06s
[  7200,  0.0003958]     0.8492,     0.9622,     0.8326,    12h53m44s
[  7300,  0.0003955]     0.8495,     0.9605,     0.8968,    12h53m41s
[  7400,  0.0003951]     0.8472,     0.9716,     0.7269,    12h55m46s
[  7500,  0.0003948]     0.8797,     0.9733,     0.6954,    12h53m27s
[  7600,  0.0003944]     0.8664,     0.9666,     0.7656,    12h49m33s
[  7700,  0.0003941]     0.8803,     0.9766,     0.6284,    12h53m09s
[  7800,  0.0003937]     0.8888,     0.9755,     0.6319,    12h51m26s
[  7900,  0.0003934]     0.8859,     0.9742,     0.6439,    12h52m25s
[  8000,  0.0003930]     0.8783,     0.9742,     0.7011,    12h50m26s
[  8100,  0.0003927]     0.8794,     0.9714,     0.7761,    12h50m49s
[  8200,  0.0003923]     0.9136,     0.9844,     0.5102,    12h47m13s
[  8300,  0.0003920]     0.9052,     0.9812,     0.5774,    12h43m36s
[  8400,  0.0003916]     0.9064,     0.9812,     0.5362,    12h48m19s
[  8500,  0.0003913]     0.8948,     0.9742,     0.6149,    12h44m53s
[  8600,  0.0003909]     0.9134,     0.9833,     0.5642,    12h48m31s
[  8700,  0.0003906]     0.8952,     0.9789,     0.5815,    12h43m27s
[  8800,  0.0003902]     0.9052,     0.9817,     0.6085,    12h45m47s
[  8900,  0.0003899]     0.9131,     0.9831,     0.5321,    12h41m43s
[  9000,  0.0003895]     0.8964,     0.9772,     0.6944,    12h43m10s
[  9100,  0.0003891]     0.9048,     0.9797,     0.5861,    12h41m54s
[  9200,  0.0003888]     0.9184,     0.9808,     0.5162,    12h44m16s
[  9300,  0.0003884]     0.9148,     0.9805,     0.5692,    12h40m18s
[  9400,  0.0003881]     0.9244,     0.9864,     0.5282,    12h38m49s
[  9500,  0.0003877]     0.9284,     0.9831,     0.5220,    12h39m02s
[  9600,  0.0003874]     0.9114,     0.9788,     0.5377,    12h40m14s
[  9700,  0.0003870]     0.9167,     0.9811,     0.5357,    12h38m00s
[  9800,  0.0003867]     0.9258,     0.9872,     0.4575,    12h37m59s
[  9900,  0.0003863]     0.9242,     0.9834,     0.4927,    12h39m52s
[ 10000,  0.0003860]     0.9192,     0.9864,     0.4649,    12h38m28s
Validation MACE: 0.345212
[ 10100,  0.0003856]     0.9337,     0.9867,     0.5037,    12h31m41s
[ 10200,  0.0003853]     0.9244,     0.9828,     0.5094,    12h38m44s
[ 10300,  0.0003849]     0.9431,     0.9925,     0.3861,    12h32m54s
[ 10400,  0.0003846]     0.9392,     0.9880,     0.4372,    12h28m38s
[ 10500,  0.0003842]     0.9250,     0.9834,     0.4700,    12h31m33s
[ 10600,  0.0003839]     0.9381,     0.9864,     0.4489,    12h33m18s
[ 10700,  0.0003835]     0.9289,     0.9855,     0.4708,    12h32m13s
[ 10800,  0.0003832]     0.9287,     0.9797,     0.6684,    12h31m34s
[ 10900,  0.0003828]     0.9316,     0.9822,     0.4966,    12h28m04s
[ 11000,  0.0003825]     0.9311,     0.9877,     0.4132,    12h31m22s
[ 11100,  0.0003821]     0.9445,     0.9906,     0.4439,    12h29m51s
[ 11200,  0.0003818]     0.9355,     0.9888,     0.4706,    12h27m54s
[ 11300,  0.0003814]     0.9517,     0.9905,     0.3847,    12h30m29s
[ 11400,  0.0003811]     0.9448,     0.9894,     0.4260,    12h25m49s
[ 11500,  0.0003807]     0.9530,     0.9909,     0.3783,    12h26m56s
[ 11600,  0.0003804]     0.9508,     0.9909,     0.3776,    12h25m21s
[ 11700,  0.0003800]     0.9469,     0.9889,     0.4218,    12h22m25s
[ 11800,  0.0003797]     0.9491,     0.9881,     0.4120,    12h25m49s
[ 11900,  0.0003793]     0.9427,     0.9862,     0.4147,    12h21m49s
[ 12000,  0.0003790]     0.9466,     0.9877,     0.3844,    12h28m23s
[ 12100,  0.0003786]     0.9572,     0.9908,     0.3899,    12h22m01s
[ 12200,  0.0003783]     0.9402,     0.9861,     0.4812,    12h23m17s
[ 12300,  0.0003779]     0.9463,     0.9862,     0.4202,    12h19m52s
[ 12400,  0.0003776]     0.9495,     0.9908,     0.3957,    12h23m15s
[ 12500,  0.0003772]     0.9542,     0.9919,     0.3740,    12h19m34s
[ 12600,  0.0003769]     0.9444,     0.9888,     0.4261,    12h21m14s
[ 12700,  0.0003765]     0.9484,     0.9872,     0.4266,    12h16m59s
[ 12800,  0.0003762]     0.9561,     0.9902,     0.3917,    12h18m56s
[ 12900,  0.0003758]     0.9581,     0.9944,     0.3552,    12h15m59s
[ 13000,  0.0003755]     0.9522,     0.9892,     0.3570,    12h16m16s
[ 13100,  0.0003751]     0.9537,     0.9900,     0.3654,    12h14m14s
[ 13200,  0.0003748]     0.9625,     0.9927,     0.3651,    12h13m32s
[ 13300,  0.0003744]     0.9630,     0.9930,     0.3281,    12h19m05s
[ 13400,  0.0003741]     0.9684,     0.9942,     0.3069,    12h14m31s
[ 13500,  0.0003737]     0.9622,     0.9950,     0.3476,    12h13m43s
[ 13600,  0.0003734]     0.9578,     0.9908,     0.3802,    12h11m20s
[ 13700,  0.0003730]     0.9669,     0.9923,     0.3685,    12h10m27s
[ 13800,  0.0003727]     0.9633,     0.9927,     0.3161,    12h13m20s
[ 13900,  0.0003723]     0.9641,     0.9941,     0.3324,    12h08m59s
[ 14000,  0.0003720]     0.9616,     0.9912,     0.3685,    12h10m35s
[ 14100,  0.0003716]     0.9653,     0.9919,     0.3491,    12h07m47s
[ 14200,  0.0003713]     0.9569,     0.9911,     0.3900,    12h05m55s
[ 14300,  0.0003709]     0.9600,     0.9938,     0.3282,    12h06m37s
[ 14400,  0.0003706]     0.9653,     0.9939,     0.3568,    12h05m11s
[ 14500,  0.0003702]     0.9644,     0.9891,     0.3727,    12h01m29s
[ 14600,  0.0003699]     0.9689,     0.9948,     0.2973,    12h02m59s
[ 14700,  0.0003695]     0.9678,     0.9948,     0.2918,    12h07m23s
[ 14800,  0.0003692]     0.9622,     0.9897,     0.3852,    12h05m20s
[ 14900,  0.0003688]     0.9712,     0.9952,     0.3240,    12h05m03s
[ 15000,  0.0003685]     0.9625,     0.9906,     0.3608,    12h04m28s
[ 15100,  0.0003681]     0.9677,     0.9900,     0.4420,    11h58m38s
[ 15200,  0.0003678]     0.9703,     0.9933,     0.3087,    11h59m16s
[ 15300,  0.0003674]     0.9728,     0.9920,     0.3583,    12h01m48s
[ 15400,  0.0003671]     0.9698,     0.9941,     0.3418,    11h56m38s
[ 15500,  0.0003667]     0.9698,     0.9936,     0.3354,    12h02m02s
[ 15600,  0.0003664]     0.9620,     0.9891,     0.3830,    12h01m14s
[ 15700,  0.0003660]     0.9711,     0.9923,     0.3094,    11h55m15s
[ 15800,  0.0003657]     0.9695,     0.9936,     0.3090,    11h59m57s
[ 15900,  0.0003653]     0.9728,     0.9939,     0.3275,    11h55m39s
[ 16000,  0.0003650]     0.9747,     0.9953,     0.2710,    11h51m58s
[ 16100,  0.0003646]     0.9739,     0.9945,     0.2918,    11h55m48s
[ 16200,  0.0003643]     0.9670,     0.9905,     0.3849,    11h52m10s
[ 16300,  0.0003639]     0.9766,     0.9944,     0.2588,    11h55m18s
[ 16400,  0.0003636]     0.9741,     0.9955,     0.2764,    11h49m20s
[ 16500,  0.0003632]     0.9745,     0.9939,     0.2844,    11h52m52s
[ 16600,  0.0003629]     0.9758,     0.9952,     0.2636,    11h53m27s
[ 16700,  0.0003625]     0.9791,     0.9961,     0.2429,    11h51m15s
[ 16800,  0.0003622]     0.9742,     0.9917,     0.3135,    11h55m30s
[ 16900,  0.0003618]     0.9802,     0.9958,     0.2387,    11h49m39s
[ 17000,  0.0003615]     0.9795,     0.9973,     0.2515,    11h47m03s
[ 17100,  0.0003611]     0.9814,     0.9966,     0.2365,    11h49m21s
[ 17200,  0.0003608]     0.9733,     0.9931,     0.2893,    11h48m33s
[ 17300,  0.0003604]     0.9811,     0.9950,     0.3019,    11h45m34s
[ 17400,  0.0003601]     0.9814,     0.9955,     0.2810,    11h47m50s
[ 17500,  0.0003597]     0.9780,     0.9955,     0.2807,    11h42m37s
[ 17600,  0.0003593]     0.9831,     0.9980,     0.2425,    11h47m47s
[ 17700,  0.0003590]     0.9803,     0.9964,     0.2613,    11h42m30s
[ 17800,  0.0003586]     0.9825,     0.9972,     0.2276,    11h42m55s
[ 17900,  0.0003583]     0.9788,     0.9955,     0.2820,    11h38m13s
[ 18000,  0.0003579]     0.9784,     0.9962,     0.2380,    11h41m43s
[ 18100,  0.0003576]     0.9750,     0.9917,     0.3721,    11h44m46s
[ 18200,  0.0003572]     0.9759,     0.9914,     0.2816,    11h38m41s
[ 18300,  0.0003569]     0.9817,     0.9955,     0.2521,    11h40m10s
[ 18400,  0.0003565]     0.9855,     0.9983,     0.2039,    11h37m34s
[ 18500,  0.0003562]     0.9838,     0.9962,     0.2188,    11h41m05s
[ 18600,  0.0003558]     0.9797,     0.9945,     0.2388,    11h32m55s
[ 18700,  0.0003555]     0.9845,     0.9978,     0.2132,    11h37m25s
[ 18800,  0.0003551]     0.9798,     0.9948,     0.2673,    11h35m45s
[ 18900,  0.0003548]     0.9803,     0.9970,     0.2286,    11h35m21s
[ 19000,  0.0003544]     0.9823,     0.9966,     0.2805,    11h33m37s
[ 19100,  0.0003541]     0.9808,     0.9959,     0.2694,    11h36m48s
[ 19200,  0.0003537]     0.9812,     0.9938,     0.3115,    11h31m47s
[ 19300,  0.0003534]     0.9875,     0.9989,     0.2004,    11h34m19s
[ 19400,  0.0003530]     0.9834,     0.9977,     0.2117,    11h31m55s
[ 19500,  0.0003527]     0.9812,     0.9958,     0.2313,    11h31m10s
[ 19600,  0.0003523]     0.9834,     0.9966,     0.2207,    11h30m10s
[ 19700,  0.0003520]     0.9756,     0.9952,     0.2853,    11h30m12s
[ 19800,  0.0003516]     0.9825,     0.9958,     0.2912,    11h28m52s
[ 19900,  0.0003513]     0.9841,     0.9961,     0.2783,    11h31m06s
[ 20000,  0.0003509]     0.9786,     0.9914,     0.3684,    11h26m30s
Validation MACE: 0.187304
[ 20100,  0.0003506]     0.9844,     0.9945,     0.2188,    11h27m36s
[ 20200,  0.0003502]     0.9841,     0.9969,     0.2272,    11h26m40s
[ 20300,  0.0003499]     0.9886,     0.9975,     0.2181,    11h21m07s
[ 20400,  0.0003495]     0.9884,     0.9989,     0.2136,    11h17m49s
[ 20500,  0.0003492]     0.9869,     0.9975,     0.2023,    11h24m17s
[ 20600,  0.0003488]     0.9847,     0.9980,     0.2034,    11h25m10s
[ 20700,  0.0003485]     0.9869,     0.9973,     0.2213,    11h27m36s
[ 20800,  0.0003481]     0.9842,     0.9967,     0.2050,    11h19m46s
[ 20900,  0.0003478]     0.9872,     0.9955,     0.2414,    11h21m03s
[ 21000,  0.0003474]     0.9839,     0.9970,     0.2335,    11h23m52s
[ 21100,  0.0003471]     0.9852,     0.9970,     0.2311,    11h21m55s
[ 21200,  0.0003467]     0.9861,     0.9966,     0.2156,    11h18m52s
[ 21300,  0.0003464]     0.9834,     0.9938,     0.2775,    11h20m48s
[ 21400,  0.0003460]     0.9866,     0.9978,     0.2206,    11h19m45s
[ 21500,  0.0003457]     0.9888,     0.9981,     0.1862,    11h18m51s
[ 21600,  0.0003453]     0.9862,     0.9980,     0.1993,    11h21m27s
[ 21700,  0.0003450]     0.9817,     0.9961,     0.2512,    11h19m02s
[ 21800,  0.0003446]     0.9875,     0.9966,     0.2030,    11h14m07s
[ 21900,  0.0003443]     0.9877,     0.9967,     0.2046,    11h11m36s
[ 22000,  0.0003439]     0.9841,     0.9958,     0.2530,    11h16m18s
[ 22100,  0.0003436]     0.9878,     0.9973,     0.2113,    11h12m21s
[ 22200,  0.0003432]     0.9834,     0.9961,     0.2406,    11h12m32s
[ 22300,  0.0003429]     0.9847,     0.9964,     0.1961,    11h13m28s
[ 22400,  0.0003425]     0.9858,     0.9989,     0.1897,    11h15m13s
[ 22500,  0.0003422]     0.9895,     0.9975,     0.2091,    11h12m27s
[ 22600,  0.0003418]     0.9795,     0.9931,     0.3457,    11h06m22s
[ 22700,  0.0003415]     0.9830,     0.9956,     0.2506,    11h09m57s
[ 22800,  0.0003411]     0.9809,     0.9944,     0.2207,    11h10m24s
[ 22900,  0.0003408]     0.9855,     0.9956,     0.2279,    11h07m58s
[ 23000,  0.0003404]     0.9856,     0.9970,     0.2129,    11h03m26s
[ 23100,  0.0003401]     0.9862,     0.9961,     0.2417,    11h21m20s
[ 23200,  0.0003397]     0.9825,     0.9966,     0.2184,    11h03m15s
[ 23300,  0.0003394]     0.9814,     0.9973,     0.2039,    11h04m06s
[ 23400,  0.0003390]     0.9905,     0.9981,     0.1862,    11h04m27s
[ 23500,  0.0003387]     0.9866,     0.9977,     0.2310,    11h02m53s
[ 23600,  0.0003383]     0.9870,     0.9969,     0.2076,    11h01m32s
[ 23700,  0.0003380]     0.9889,     0.9984,     0.2092,    11h07m09s
[ 23800,  0.0003376]     0.9872,     0.9966,     0.2077,    11h00m56s
[ 23900,  0.0003373]     0.9880,     0.9973,     0.1924,    11h00m24s
[ 24000,  0.0003369]     0.9866,     0.9952,     0.2166,    11h01m02s
[ 24100,  0.0003366]     0.9902,     0.9980,     0.2093,    10h57m51s
[ 24200,  0.0003362]     0.9869,     0.9961,     0.2512,    11h01m30s
[ 24300,  0.0003359]     0.9881,     0.9955,     0.2362,    11h00m07s
[ 24400,  0.0003355]     0.9870,     0.9962,     0.2269,    11h02m01s
[ 24500,  0.0003352]     0.9869,     0.9970,     0.2467,    10h55m26s
[ 24600,  0.0003348]     0.9880,     0.9973,     0.2109,    10h56m47s
[ 24700,  0.0003345]     0.9859,     0.9969,     0.2181,    10h49m41s
[ 24800,  0.0003341]     0.9847,     0.9981,     0.2022,    10h52m40s
[ 24900,  0.0003338]     0.9900,     0.9975,     0.2101,    10h53m16s
[ 25000,  0.0003334]     0.9870,     0.9962,     0.2059,    10h57m39s
[ 25100,  0.0003331]     0.9895,     0.9986,     0.1619,    10h49m46s
[ 25200,  0.0003327]     0.9909,     0.9977,     0.1698,    10h52m27s
[ 25300,  0.0003324]     0.9891,     0.9977,     0.1789,    10h51m21s
[ 25400,  0.0003320]     0.9908,     0.9991,     0.1658,    10h50m06s
[ 25500,  0.0003317]     0.9892,     0.9978,     0.1910,    10h46m43s
[ 25600,  0.0003313]     0.9866,     0.9967,     0.2151,    10h46m24s
[ 25700,  0.0003310]     0.9867,     0.9970,     0.1933,    10h48m06s
[ 25800,  0.0003306]     0.9917,     0.9984,     0.1620,    10h50m56s
[ 25900,  0.0003303]     0.9878,     0.9978,     0.1815,    10h48m31s
[ 26000,  0.0003299]     0.9888,     0.9961,     0.2031,    10h45m24s
[ 26100,  0.0003296]     0.9941,     0.9992,     0.1559,    10h47m13s
[ 26200,  0.0003292]     0.9894,     0.9989,     0.1634,    10h45m47s
[ 26300,  0.0003288]     0.9867,     0.9948,     0.2499,    10h45m12s
[ 26400,  0.0003285]     0.9902,     0.9978,     0.1648,    10h47m01s
[ 26500,  0.0003281]     0.9889,     0.9983,     0.1687,    10h44m12s
[ 26600,  0.0003278]     0.9853,     0.9962,     0.2070,    10h43m19s
[ 26700,  0.0003274]     0.9905,     0.9975,     0.1819,    10h44m08s
[ 26800,  0.0003271]     0.9923,     0.9991,     0.1611,    10h40m14s
[ 26900,  0.0003267]     0.9898,     0.9978,     0.2026,    10h41m17s
[ 27000,  0.0003264]     0.9895,     0.9977,     0.1657,    10h40m50s
[ 27100,  0.0003260]     0.9906,     0.9978,     0.1898,    10h40m16s
[ 27200,  0.0003257]     0.9905,     0.9981,     0.1687,    10h40m20s
[ 27300,  0.0003253]     0.9867,     0.9948,     0.2972,    10h36m04s
[ 27400,  0.0003250]     0.9895,     0.9980,     0.1914,    10h35m59s
[ 27500,  0.0003246]     0.9888,     0.9980,     0.1634,    10h35m45s
[ 27600,  0.0003243]     0.9881,     0.9964,     0.2254,    10h36m29s
[ 27700,  0.0003239]     0.9900,     0.9978,     0.1698,    10h33m26s
[ 27800,  0.0003236]     0.9878,     0.9964,     0.1959,    10h35m35s
[ 27900,  0.0003232]     0.9872,     0.9961,     0.2240,    10h31m39s
[ 28000,  0.0003229]     0.9911,     0.9975,     0.2112,    10h34m09s
[ 28100,  0.0003225]     0.9900,     0.9977,     0.1851,    10h30m35s
[ 28200,  0.0003222]     0.9906,     0.9978,     0.1646,    10h31m23s
[ 28300,  0.0003218]     0.9917,     0.9978,     0.1628,    10h30m47s
[ 28400,  0.0003215]     0.9884,     0.9972,     0.2107,    10h26m49s
[ 28500,  0.0003211]     0.9916,     0.9975,     0.1886,    10h28m16s
[ 28600,  0.0003208]     0.9905,     0.9972,     0.1821,    10h26m42s
[ 28700,  0.0003204]     0.9906,     0.9973,     0.1826,    10h26m21s
[ 28800,  0.0003201]     0.9905,     0.9984,     0.1541,    10h30m56s
[ 28900,  0.0003197]     0.9881,     0.9959,     0.2235,    10h25m21s
[ 29000,  0.0003194]     0.9894,     0.9973,     0.1744,    10h25m50s
[ 29100,  0.0003190]     0.9911,     0.9978,     0.1684,    10h26m12s
[ 29200,  0.0003187]     0.9912,     0.9966,     0.1702,    10h27m49s
[ 29300,  0.0003183]     0.9905,     0.9981,     0.1698,    10h21m58s
[ 29400,  0.0003180]     0.9900,     0.9978,     0.1839,    10h24m06s
[ 29500,  0.0003176]     0.9878,     0.9947,     0.2703,    10h20m33s
[ 29600,  0.0003173]     0.9894,     0.9977,     0.2175,    10h21m05s
[ 29700,  0.0003169]     0.9873,     0.9953,     0.2296,    10h22m27s
[ 29800,  0.0003166]     0.9938,     0.9989,     0.1548,    10h20m38s
[ 29900,  0.0003162]     0.9930,     0.9989,     0.1496,    10h17m23s
[ 30000,  0.0003159]     0.9908,     0.9981,     0.1592,    10h22m22s
Validation MACE: 0.159112
[ 30100,  0.0003155]     0.9919,     0.9991,     0.1477,    10h15m46s
[ 30200,  0.0003152]     0.9912,     0.9977,     0.1556,    10h15m45s
[ 30300,  0.0003148]     0.9905,     0.9964,     0.2090,    10h18m23s
[ 30400,  0.0003145]     0.9927,     0.9978,     0.2192,    10h16m14s
[ 30500,  0.0003141]     0.9902,     0.9975,     0.1801,    10h14m14s
[ 30600,  0.0003138]     0.9933,     0.9988,     0.1496,    10h13m19s
[ 30700,  0.0003134]     0.9911,     0.9970,     0.2009,    10h10m37s
[ 30800,  0.0003131]     0.9916,     0.9981,     0.1586,    10h14m17s
[ 30900,  0.0003127]     0.9911,     0.9970,     0.1600,    10h12m45s
[ 31000,  0.0003124]     0.9883,     0.9977,     0.1924,    10h13m48s
[ 31100,  0.0003120]     0.9903,     0.9950,     0.2433,    10h12m56s
[ 31200,  0.0003117]     0.9902,     0.9966,     0.2122,    10h09m52s
[ 31300,  0.0003113]     0.9892,     0.9970,     0.1768,    10h12m42s
[ 31400,  0.0003110]     0.9919,     0.9984,     0.1648,    10h08m32s
[ 31500,  0.0003106]     0.9888,     0.9958,     0.1786,    10h08m54s
[ 31600,  0.0003103]     0.9944,     0.9984,     0.1639,    10h14m00s
[ 31700,  0.0003099]     0.9912,     0.9981,     0.1517,    10h08m05s
[ 31800,  0.0003096]     0.9925,     0.9983,     0.1500,    10h07m37s
[ 31900,  0.0003092]     0.9925,     0.9980,     0.1840,    10h07m50s
[ 32000,  0.0003089]     0.9927,     0.9980,     0.1771,    10h06m42s
[ 32100,  0.0003085]     0.9912,     0.9973,     0.1860,    10h05m03s
[ 32200,  0.0003082]     0.9928,     0.9977,     0.1629,    10h03m17s
[ 32300,  0.0003078]     0.9891,     0.9959,     0.1861,    10h03m56s
[ 32400,  0.0003075]     0.9938,     0.9980,     0.1620,    10h02m28s
[ 32500,  0.0003071]     0.9941,     0.9980,     0.1505,    10h02m06s
[ 32600,  0.0003068]     0.9931,     0.9975,     0.1528,    10h02m30s
[ 32700,  0.0003064]     0.9897,     0.9977,     0.1669,    10h01m15s
[ 32800,  0.0003061]     0.9923,     0.9988,     0.1689,    10h00m38s
[ 32900,  0.0003057]     0.9920,     0.9973,     0.1655,    09h59m08s
[ 33000,  0.0003054]     0.9919,     0.9983,     0.1756,    10h00m54s
[ 33100,  0.0003050]     0.9933,     0.9970,     0.1582,    09h57m03s
[ 33200,  0.0003047]     0.9912,     0.9977,     0.1495,    09h58m25s
[ 33300,  0.0003043]     0.9911,     0.9956,     0.2533,    09h58m25s
[ 33400,  0.0003040]     0.9922,     0.9969,     0.1953,    09h55m40s
[ 33500,  0.0003036]     0.9945,     0.9984,     0.1454,    09h55m36s
[ 33600,  0.0003033]     0.9905,     0.9981,     0.1496,    09h52m39s
[ 33700,  0.0003029]     0.9919,     0.9980,     0.1870,    09h51m04s
[ 33800,  0.0003026]     0.9941,     0.9988,     0.1403,    09h51m21s
[ 33900,  0.0003022]     0.9906,     0.9962,     0.1670,    09h51m58s
[ 34000,  0.0003019]     0.9884,     0.9975,     0.1936,    09h50m55s
[ 34100,  0.0003015]     0.9952,     0.9992,     0.1382,    09h46m22s
[ 34200,  0.0003012]     0.9912,     0.9975,     0.1677,    09h47m47s
[ 34300,  0.0003008]     0.9927,     0.9988,     0.1447,    09h50m25s
[ 34400,  0.0003005]     0.9908,     0.9973,     0.1819,    09h47m57s
[ 34500,  0.0003001]     0.9911,     0.9981,     0.1644,    09h43m48s
[ 34600,  0.0002998]     0.9912,     0.9980,     0.1553,    09h50m14s
[ 34700,  0.0002994]     0.9942,     0.9989,     0.1580,    09h47m03s
[ 34800,  0.0002990]     0.9909,     0.9964,     0.2133,    09h45m20s
[ 34900,  0.0002987]     0.9917,     0.9970,     0.1619,    09h44m54s
[ 35000,  0.0002983]     0.9881,     0.9947,     0.2119,    09h45m53s
[ 35100,  0.0002980]     0.9942,     0.9991,     0.1421,    09h44m17s
[ 35200,  0.0002976]     0.9947,     0.9994,     0.1294,    09h42m38s
[ 35300,  0.0002973]     0.9906,     0.9978,     0.1745,    09h43m09s
[ 35400,  0.0002969]     0.9939,     0.9978,     0.1449,    09h41m42s
[ 35500,  0.0002966]     0.9936,     0.9989,     0.1388,    09h41m20s
[ 35600,  0.0002962]     0.9922,     0.9986,     0.1374,    09h40m56s
[ 35700,  0.0002959]     0.9905,     0.9981,     0.1523,    09h41m09s
[ 35800,  0.0002955]     0.9942,     0.9977,     0.1634,    09h35m08s
[ 35900,  0.0002952]     0.9923,     0.9972,     0.1771,    09h42m40s
[ 36000,  0.0002948]     0.9930,     0.9983,     0.1437,    09h34m56s
[ 36100,  0.0002945]     0.9938,     0.9989,     0.1417,    09h39m45s
[ 36200,  0.0002941]     0.9939,     0.9989,     0.1624,    09h38m45s
[ 36300,  0.0002938]     0.9942,     0.9983,     0.1551,    09h29m40s
[ 36400,  0.0002934]     0.9948,     0.9975,     0.1417,    09h32m23s
[ 36500,  0.0002931]     0.9942,     0.9991,     0.1298,    09h32m54s
[ 36600,  0.0002927]     0.9944,     0.9997,     0.1269,    09h33m08s
[ 36700,  0.0002924]     0.9914,     0.9980,     0.1680,    09h36m06s
[ 36800,  0.0002920]     0.9941,     0.9984,     0.1401,    09h32m22s
[ 36900,  0.0002917]     0.9908,     0.9973,     0.1813,    09h30m05s
[ 37000,  0.0002913]     0.9972,     0.9998,     0.1244,    09h31m04s
[ 37100,  0.0002910]     0.9939,     0.9984,     0.1397,    09h28m35s
[ 37200,  0.0002906]     0.9941,     0.9989,     0.1487,    09h29m34s
[ 37300,  0.0002903]     0.9952,     0.9994,     0.1322,    09h27m08s
[ 37400,  0.0002899]     0.9936,     0.9986,     0.1428,    09h28m27s
[ 37500,  0.0002896]     0.9950,     0.9991,     0.1351,    09h25m19s
[ 37600,  0.0002892]     0.9948,     0.9991,     0.1315,    09h26m02s
[ 37700,  0.0002889]     0.9927,     0.9986,     0.1390,    09h24m40s
[ 37800,  0.0002885]     0.9934,     0.9986,     0.1411,    09h22m10s
[ 37900,  0.0002882]     0.9905,     0.9956,     0.1981,    09h24m25s
[ 38000,  0.0002878]     0.9955,     0.9986,     0.1653,    09h27m20s
[ 38100,  0.0002875]     0.9906,     0.9973,     0.1610,    09h22m16s
[ 38200,  0.0002871]     0.9880,     0.9959,     0.2233,    09h22m28s
[ 38300,  0.0002868]     0.9955,     0.9988,     0.1577,    09h19m35s
[ 38400,  0.0002864]     0.9945,     0.9984,     0.1354,    09h22m31s
[ 38500,  0.0002861]     0.9942,     0.9977,     0.1772,    09h23m02s
[ 38600,  0.0002857]     0.9939,     0.9977,     0.1807,    09h18m10s
[ 38700,  0.0002854]     0.9919,     0.9975,     0.1685,    09h19m19s
[ 38800,  0.0002850]     0.9931,     0.9989,     0.1250,    09h16m27s
[ 38900,  0.0002847]     0.9931,     0.9975,     0.1692,    09h19m44s
[ 39000,  0.0002843]     0.9942,     0.9989,     0.1401,    09h16m09s
[ 39100,  0.0002840]     0.9931,     0.9981,     0.1438,    09h12m52s
[ 39200,  0.0002836]     0.9947,     0.9986,     0.1594,    09h15m41s
[ 39300,  0.0002833]     0.9964,     0.9989,     0.1426,    09h15m41s
[ 39400,  0.0002829]     0.9922,     0.9975,     0.1787,    09h16m43s
[ 39500,  0.0002826]     0.9934,     0.9980,     0.1616,    09h13m05s
[ 39600,  0.0002822]     0.9958,     0.9991,     0.1325,    09h15m07s
[ 39700,  0.0002819]     0.9947,     0.9981,     0.1627,    09h12m32s
[ 39800,  0.0002815]     0.9919,     0.9975,     0.1686,    09h12m59s
[ 39900,  0.0002812]     0.9938,     0.9991,     0.1320,    09h09m58s
[ 40000,  0.0002808]     0.9931,     0.9986,     0.1343,    09h08m49s
Validation MACE: 0.130135
[ 40100,  0.0002805]     0.9934,     0.9983,     0.1339,    09h01m59s
[ 40200,  0.0002801]     0.9938,     0.9981,     0.1589,    09h08m01s
[ 40300,  0.0002798]     0.9938,     0.9991,     0.1483,    09h07m04s
[ 40400,  0.0002794]     0.9952,     0.9998,     0.1265,    09h05m35s
[ 40500,  0.0002791]     0.9933,     0.9989,     0.1307,    09h06m13s
[ 40600,  0.0002787]     0.9939,     0.9983,     0.1504,    09h08m05s
[ 40700,  0.0002784]     0.9942,     0.9983,     0.1359,    09h04m44s
[ 40800,  0.0002780]     0.9941,     0.9984,     0.1598,    09h04m57s
[ 40900,  0.0002777]     0.9931,     0.9986,     0.1484,    09h02m43s
[ 41000,  0.0002773]     0.9933,     0.9988,     0.1411,    09h01m02s
[ 41100,  0.0002770]     0.9941,     0.9989,     0.1297,    09h02m47s
[ 41200,  0.0002766]     0.9917,     0.9970,     0.1692,    09h05m39s
[ 41300,  0.0002763]     0.9952,     0.9986,     0.1297,    09h02m00s
[ 41400,  0.0002759]     0.9953,     0.9988,     0.1313,    09h01m26s
[ 41500,  0.0002756]     0.9952,     0.9994,     0.1218,    08h57m38s
[ 41600,  0.0002752]     0.9927,     0.9977,     0.1442,    08h56m43s
[ 41700,  0.0002749]     0.9953,     0.9989,     0.1243,    08h57m07s
[ 41800,  0.0002745]     0.9944,     0.9988,     0.1264,    08h57m23s
[ 41900,  0.0002742]     0.9931,     0.9984,     0.1367,    08h57m34s
[ 42000,  0.0002738]     0.9928,     0.9978,     0.1586,    08h59m04s
[ 42100,  0.0002735]     0.9952,     0.9977,     0.1495,    08h55m36s
[ 42200,  0.0002731]     0.9934,     0.9994,     0.1260,    08h57m08s
[ 42300,  0.0002728]     0.9919,     0.9967,     0.1897,    08h56m58s
[ 42400,  0.0002724]     0.9945,     0.9981,     0.1663,    08h54m56s
[ 42500,  0.0002721]     0.9939,     0.9984,     0.1347,    08h52m17s
[ 42600,  0.0002717]     0.9955,     0.9984,     0.1483,    08h51m40s
[ 42700,  0.0002714]     0.9955,     0.9991,     0.1345,    08h53m13s
[ 42800,  0.0002710]     0.9927,     0.9981,     0.1330,    08h49m12s
[ 42900,  0.0002707]     0.9947,     0.9994,     0.1233,    08h48m24s
[ 43000,  0.0002703]     0.9945,     0.9988,     0.1298,    08h50m18s
[ 43100,  0.0002700]     0.9925,     0.9969,     0.1706,    08h46m54s
[ 43200,  0.0002696]     0.9948,     0.9986,     0.1381,    08h48m08s
[ 43300,  0.0002692]     0.9950,     0.9984,     0.1581,    08h47m46s
[ 43400,  0.0002689]     0.9942,     0.9986,     0.1313,    08h47m52s
[ 43500,  0.0002685]     0.9941,     0.9981,     0.1391,    08h45m33s
[ 43600,  0.0002682]     0.9909,     0.9975,     0.1826,    08h47m10s
[ 43700,  0.0002678]     0.9938,     0.9973,     0.1354,    08h43m12s
[ 43800,  0.0002675]     0.9947,     0.9988,     0.1361,    08h43m54s
[ 43900,  0.0002671]     0.9903,     0.9964,     0.1661,    08h43m10s
[ 44000,  0.0002668]     0.9916,     0.9978,     0.1415,    08h42m34s
[ 44100,  0.0002664]     0.9947,     0.9995,     0.1152,    08h40m54s
[ 44200,  0.0002661]     0.9948,     0.9992,     0.1204,    08h42m22s
[ 44300,  0.0002657]     0.9948,     0.9989,     0.1355,    08h35m54s
[ 44400,  0.0002654]     0.9947,     0.9992,     0.1240,    08h41m29s
[ 44500,  0.0002650]     0.9952,     0.9986,     0.1463,    08h37m41s
[ 44600,  0.0002647]     0.9955,     0.9988,     0.1201,    08h39m30s
[ 44700,  0.0002643]     0.9944,     0.9989,     0.1243,    08h37m34s
[ 44800,  0.0002640]     0.9942,     0.9984,     0.1292,    08h35m57s
[ 44900,  0.0002636]     0.9945,     0.9992,     0.1207,    08h38m00s
[ 45000,  0.0002633]     0.9944,     0.9988,     0.1247,    08h36m49s
[ 45100,  0.0002629]     0.9945,     0.9989,     0.1198,    08h33m17s
[ 45200,  0.0002626]     0.9948,     0.9986,     0.1252,    08h35m23s
[ 45300,  0.0002622]     0.9969,     0.9988,     0.1565,    08h35m49s
[ 45400,  0.0002619]     0.9955,     0.9978,     0.1393,    08h34m12s
[ 45500,  0.0002615]     0.9962,     0.9991,     0.1152,    08h30m39s
[ 45600,  0.0002612]     0.9952,     0.9981,     0.1225,    08h32m26s
[ 45700,  0.0002608]     0.9953,     0.9992,     0.1250,    08h30m23s
[ 45800,  0.0002605]     0.9953,     0.9984,     0.1439,    08h28m39s
[ 45900,  0.0002601]     0.9966,     0.9994,     0.1191,    08h26m56s
[ 46000,  0.0002598]     0.9934,     0.9973,     0.1477,    08h30m11s
[ 46100,  0.0002594]     0.9961,     0.9991,     0.1271,    08h28m27s
[ 46200,  0.0002591]     0.9969,     0.9994,     0.1353,    08h25m33s
[ 46300,  0.0002587]     0.9955,     0.9991,     0.1318,    08h27m43s
[ 46400,  0.0002584]     0.9953,     0.9992,     0.1188,    08h26m26s
[ 46500,  0.0002580]     0.9928,     0.9962,     0.1804,    08h24m12s
[ 46600,  0.0002577]     0.9969,     0.9994,     0.1123,    08h25m27s
[ 46700,  0.0002573]     0.9958,     0.9994,     0.1197,    08h24m33s
[ 46800,  0.0002570]     0.9947,     0.9977,     0.1838,    08h20m40s
[ 46900,  0.0002566]     0.9952,     0.9988,     0.1314,    08h21m19s
[ 47000,  0.0002563]     0.9947,     0.9997,     0.1147,    08h21m25s
[ 47100,  0.0002559]     0.9956,     0.9984,     0.1443,    08h20m35s
[ 47200,  0.0002556]     0.9938,     0.9983,     0.1527,    08h19m00s
[ 47300,  0.0002552]     0.9964,     0.9995,     0.1114,    08h22m04s
[ 47400,  0.0002549]     0.9953,     0.9983,     0.1419,    08h19m17s
[ 47500,  0.0002545]     0.9948,     0.9991,     0.1189,    08h21m51s
[ 47600,  0.0002542]     0.9950,     0.9984,     0.1370,    08h19m13s
[ 47700,  0.0002538]     0.9955,     0.9977,     0.1447,    08h16m09s
[ 47800,  0.0002535]     0.9914,     0.9961,     0.1691,    08h16m30s
[ 47900,  0.0002531]     0.9939,     0.9978,     0.1447,    08h16m01s
[ 48000,  0.0002528]     0.9944,     0.9969,     0.1919,    08h14m27s
[ 48100,  0.0002524]     0.9953,     0.9992,     0.1174,    08h13m45s
[ 48200,  0.0002521]     0.9956,     0.9994,     0.1272,    08h15m21s
[ 48300,  0.0002517]     0.9947,     0.9989,     0.1226,    08h12m02s
[ 48400,  0.0002514]     0.9941,     0.9991,     0.1186,    08h10m49s
[ 48500,  0.0002510]     0.9950,     0.9981,     0.1365,    08h11m15s
[ 48600,  0.0002507]     0.9947,     0.9992,     0.1341,    08h10m07s
[ 48700,  0.0002503]     0.9941,     0.9984,     0.1356,    08h10m59s
[ 48800,  0.0002500]     0.9942,     0.9981,     0.1385,    08h10m50s
[ 48900,  0.0002496]     0.9948,     0.9988,     0.1177,    08h09m10s
[ 49000,  0.0002493]     0.9945,     0.9984,     0.1323,    08h06m10s
[ 49100,  0.0002489]     0.9950,     0.9994,     0.1161,    08h07m54s
[ 49200,  0.0002486]     0.9947,     0.9988,     0.1355,    08h05m40s
[ 49300,  0.0002482]     0.9939,     0.9980,     0.1196,    08h06m06s
[ 49400,  0.0002479]     0.9952,     0.9991,     0.1400,    08h04m58s
[ 49500,  0.0002475]     0.9936,     0.9977,     0.1509,    08h06m53s
[ 49600,  0.0002472]     0.9948,     0.9984,     0.1258,    08h03m00s
[ 49700,  0.0002468]     0.9953,     0.9991,     0.1156,    08h04m27s
[ 49800,  0.0002465]     0.9983,     1.0000,     0.1014,    08h03m03s
[ 49900,  0.0002461]     0.9973,     0.9994,     0.1148,    08h01m14s
[ 50000,  0.0002458]     0.9953,     0.9995,     0.1168,    08h02m13s
Validation MACE: 0.113189
[ 50100,  0.0002454]     0.9942,     0.9983,     0.1443,    07h57m36s
[ 50200,  0.0002451]     0.9964,     0.9991,     0.1102,    08h00m26s
[ 50300,  0.0002447]     0.9947,     0.9994,     0.1119,    07h59m33s
[ 50400,  0.0002444]     0.9958,     0.9988,     0.1201,    08h01m46s
[ 50500,  0.0002440]     0.9952,     0.9994,     0.1141,    07h53m20s
[ 50600,  0.0002437]     0.9966,     0.9995,     0.1099,    07h56m42s
[ 50700,  0.0002433]     0.9975,     0.9998,     0.1081,    07h57m06s
[ 50800,  0.0002430]     0.9956,     0.9989,     0.1105,    07h55m59s
[ 50900,  0.0002426]     0.9964,     0.9995,     0.1079,    07h58m17s
[ 51000,  0.0002423]     0.9934,     0.9991,     0.1218,    07h56m52s
[ 51100,  0.0002419]     0.9930,     0.9977,     0.1634,    07h53m23s
[ 51200,  0.0002416]     0.9956,     0.9981,     0.1689,    07h55m20s
[ 51300,  0.0002412]     0.9969,     1.0000,     0.1048,    07h52m57s
[ 51400,  0.0002409]     0.9962,     0.9994,     0.1067,    07h52m56s
[ 51500,  0.0002405]     0.9967,     0.9997,     0.1045,    07h52m04s
[ 51600,  0.0002402]     0.9948,     0.9983,     0.1308,    07h48m07s
[ 51700,  0.0002398]     0.9952,     0.9989,     0.1202,    07h49m54s
[ 51800,  0.0002395]     0.9972,     0.9997,     0.1034,    07h47m22s
[ 51900,  0.0002391]     0.9947,     0.9986,     0.1406,    07h48m34s
[ 52000,  0.0002387]     0.9956,     0.9989,     0.1110,    07h48m14s
[ 52100,  0.0002384]     0.9942,     0.9967,     0.1961,    07h49m26s
[ 52200,  0.0002380]     0.9973,     0.9992,     0.1080,    07h47m26s
[ 52300,  0.0002377]     0.9964,     0.9981,     0.1530,    07h45m38s
[ 52400,  0.0002373]     0.9964,     0.9992,     0.1164,    07h44m33s
[ 52500,  0.0002370]     0.9947,     0.9981,     0.1337,    07h45m33s
[ 52600,  0.0002366]     0.9947,     0.9986,     0.1215,    07h42m33s
[ 52700,  0.0002363]     0.9970,     1.0000,     0.1032,    07h42m24s
[ 52800,  0.0002359]     0.9969,     0.9992,     0.1241,    07h41m25s
[ 52900,  0.0002356]     0.9942,     0.9980,     0.1285,    07h43m03s
[ 53000,  0.0002352]     0.9967,     0.9989,     0.1159,    07h42m39s
[ 53100,  0.0002349]     0.9947,     0.9981,     0.1213,    07h38m15s
[ 53200,  0.0002345]     0.9973,     0.9994,     0.1056,    07h38m44s
[ 53300,  0.0002342]     0.9948,     0.9986,     0.1128,    07h39m00s
[ 53400,  0.0002338]     0.9933,     0.9978,     0.1427,    07h37m25s
[ 53500,  0.0002335]     0.9950,     0.9983,     0.1260,    07h36m18s
[ 53600,  0.0002331]     0.9958,     0.9991,     0.1132,    07h38m13s
[ 53700,  0.0002328]     0.9966,     0.9992,     0.1118,    07h36m37s
[ 53800,  0.0002324]     0.9964,     0.9991,     0.1085,    07h37m25s
[ 53900,  0.0002321]     0.9973,     0.9988,     0.1606,    07h33m57s
[ 54000,  0.0002317]     0.9953,     0.9983,     0.1280,    07h34m51s
[ 54100,  0.0002314]     0.9944,     0.9977,     0.1758,    07h36m11s
[ 54200,  0.0002310]     0.9952,     0.9973,     0.1445,    07h33m01s
[ 54300,  0.0002307]     0.9944,     0.9986,     0.1365,    07h30m08s
[ 54400,  0.0002303]     0.9966,     0.9988,     0.1380,    07h28m44s
[ 54500,  0.0002300]     0.9947,     0.9975,     0.1556,    07h29m17s
[ 54600,  0.0002296]     0.9950,     0.9984,     0.1326,    07h29m59s
[ 54700,  0.0002293]     0.9969,     0.9992,     0.1087,    07h28m59s
[ 54800,  0.0002289]     0.9967,     0.9997,     0.1058,    07h27m53s
[ 54900,  0.0002286]     0.9958,     0.9988,     0.1167,    07h28m13s
[ 55000,  0.0002282]     0.9952,     0.9983,     0.1201,    07h29m11s
[ 55100,  0.0002279]     0.9953,     0.9988,     0.1124,    07h23m05s
[ 55200,  0.0002275]     0.9966,     0.9991,     0.1064,    07h27m56s
[ 55300,  0.0002272]     0.9970,     0.9998,     0.0978,    07h27m33s
[ 55400,  0.0002268]     0.9955,     0.9986,     0.1391,    07h22m57s
[ 55500,  0.0002265]     0.9980,     0.9998,     0.1019,    07h25m25s
[ 55600,  0.0002261]     0.9966,     0.9988,     0.1087,    07h20m29s
[ 55700,  0.0002258]     0.9956,     0.9984,     0.1216,    07h20m48s
[ 55800,  0.0002254]     0.9966,     0.9997,     0.1010,    07h22m10s
[ 55900,  0.0002251]     0.9958,     0.9992,     0.1069,    07h19m41s
[ 56000,  0.0002247]     0.9973,     0.9995,     0.1055,    07h20m12s
[ 56100,  0.0002244]     0.9950,     0.9981,     0.1148,    07h20m21s
[ 56200,  0.0002240]     0.9967,     0.9995,     0.1059,    07h17m36s
[ 56300,  0.0002237]     0.9975,     0.9994,     0.1045,    07h16m50s
[ 56400,  0.0002233]     0.9947,     0.9989,     0.1141,    07h15m40s
[ 56500,  0.0002230]     0.9959,     0.9980,     0.1342,    07h15m54s
[ 56600,  0.0002226]     0.9959,     0.9992,     0.1172,    07h15m15s
[ 56700,  0.0002223]     0.9942,     0.9986,     0.1304,    07h14m05s
[ 56800,  0.0002219]     0.9975,     0.9998,     0.1015,    07h13m41s
[ 56900,  0.0002216]     0.9983,     0.9994,     0.1155,    07h13m34s
[ 57000,  0.0002212]     0.9952,     0.9986,     0.1237,    07h14m21s
[ 57100,  0.0002209]     0.9939,     0.9977,     0.1189,    07h13m23s
[ 57200,  0.0002205]     0.9944,     0.9983,     0.1164,    07h12m43s
[ 57300,  0.0002202]     0.9972,     0.9994,     0.1023,    07h10m57s
[ 57400,  0.0002198]     0.9970,     0.9994,     0.1068,    07h12m00s
[ 57500,  0.0002195]     0.9986,     1.0000,     0.0996,    07h05m33s
[ 57600,  0.0002191]     0.9970,     0.9992,     0.1090,    07h09m09s
[ 57700,  0.0002188]     0.9969,     0.9998,     0.1025,    07h07m57s
[ 57800,  0.0002184]     0.9967,     0.9995,     0.1064,    07h06m24s
[ 57900,  0.0002181]     0.9945,     0.9989,     0.1235,    07h06m21s
[ 58000,  0.0002177]     0.9977,     0.9997,     0.0982,    07h06m53s
[ 58100,  0.0002174]     0.9969,     0.9997,     0.1041,    07h05m59s
[ 58200,  0.0002170]     0.9959,     0.9984,     0.1344,    07h04m11s
[ 58300,  0.0002167]     0.9948,     0.9984,     0.1356,    07h02m11s
[ 58400,  0.0002163]     0.9966,     0.9995,     0.1002,    07h06m22s
[ 58500,  0.0002160]     0.9969,     0.9992,     0.1020,    07h04m11s
[ 58600,  0.0002156]     0.9962,     0.9983,     0.1129,    07h02m57s
[ 58700,  0.0002153]     0.9970,     0.9988,     0.1330,    07h02m26s
[ 58800,  0.0002149]     0.9955,     0.9983,     0.1335,    06h59m34s
[ 58900,  0.0002146]     0.9958,     0.9994,     0.1013,    06h59m16s
[ 59000,  0.0002142]     0.9969,     0.9997,     0.1006,    06h56m32s
[ 59100,  0.0002139]     0.9969,     0.9984,     0.1325,    07h00m37s
[ 59200,  0.0002135]     0.9948,     0.9973,     0.1391,    06h58m12s
[ 59300,  0.0002132]     0.9959,     0.9998,     0.0991,    06h58m58s
[ 59400,  0.0002128]     0.9955,     0.9981,     0.1208,    06h56m50s
[ 59500,  0.0002125]     0.9966,     0.9997,     0.1012,    06h55m36s
[ 59600,  0.0002121]     0.9959,     0.9991,     0.1074,    06h55m47s
[ 59700,  0.0002118]     0.9947,     0.9986,     0.1112,    06h54m47s
[ 59800,  0.0002114]     0.9961,     0.9991,     0.1061,    06h54m58s
[ 59900,  0.0002111]     0.9945,     0.9978,     0.1408,    06h52m01s
[ 60000,  0.0002107]     0.9966,     0.9995,     0.1016,    06h52m24s
Validation MACE: 0.090007
[ 60100,  0.0002104]     0.9969,     0.9995,     0.0960,    06h51m31s
[ 60200,  0.0002100]     0.9956,     0.9991,     0.1017,    06h50m45s
[ 60300,  0.0002097]     0.9959,     0.9981,     0.1387,    06h49m55s
[ 60400,  0.0002093]     0.9959,     0.9981,     0.1601,    06h49m21s
[ 60500,  0.0002089]     0.9966,     0.9984,     0.1391,    06h47m55s
[ 60600,  0.0002086]     0.9972,     0.9991,     0.1128,    06h47m54s
[ 60700,  0.0002082]     0.9959,     0.9986,     0.1386,    06h46m36s
[ 60800,  0.0002079]     0.9966,     0.9995,     0.0982,    06h45m53s
[ 60900,  0.0002075]     0.9964,     0.9983,     0.1070,    06h47m05s
[ 61000,  0.0002072]     0.9959,     0.9981,     0.1171,    06h45m59s
[ 61100,  0.0002068]     0.9980,     0.9997,     0.0957,    06h44m58s
[ 61200,  0.0002065]     0.9966,     0.9988,     0.1364,    06h44m14s
[ 61300,  0.0002061]     0.9970,     0.9995,     0.0969,    06h44m43s
[ 61400,  0.0002058]     0.9956,     0.9989,     0.1021,    06h41m16s
[ 61500,  0.0002054]     0.9964,     0.9995,     0.1004,    06h40m49s
[ 61600,  0.0002051]     0.9958,     0.9989,     0.1007,    06h39m44s
[ 61700,  0.0002047]     0.9969,     0.9989,     0.0996,    06h41m35s
[ 61800,  0.0002044]     0.9964,     0.9991,     0.1041,    06h39m19s
[ 61900,  0.0002040]     0.9972,     0.9991,     0.1241,    06h39m56s
[ 62000,  0.0002037]     0.9962,     0.9991,     0.1026,    06h39m05s
[ 62100,  0.0002033]     0.9962,     0.9998,     0.0996,    06h38m50s
[ 62200,  0.0002030]     0.9969,     0.9984,     0.1212,    06h36m41s
[ 62300,  0.0002026]     0.9962,     0.9991,     0.1025,    06h36m01s
[ 62400,  0.0002023]     0.9920,     0.9966,     0.1846,    06h34m56s
[ 62500,  0.0002019]     0.9975,     1.0000,     0.0932,    06h33m18s
[ 62600,  0.0002016]     0.9970,     0.9992,     0.1004,    06h37m14s
[ 62700,  0.0002012]     0.9975,     0.9994,     0.1105,    06h37m11s
[ 62800,  0.0002009]     0.9977,     0.9995,     0.1003,    06h30m19s
[ 62900,  0.0002005]     0.9962,     0.9992,     0.1096,    06h34m43s
[ 63000,  0.0002002]     0.9961,     0.9992,     0.1019,    06h31m34s
[ 63100,  0.0001998]     0.9970,     0.9991,     0.1073,    06h29m24s
[ 63200,  0.0001995]     0.9981,     0.9998,     0.0948,    06h31m17s
[ 63300,  0.0001991]     0.9964,     0.9992,     0.0985,    06h29m31s
[ 63400,  0.0001988]     0.9978,     0.9995,     0.0953,    06h27m46s
[ 63500,  0.0001984]     0.9967,     0.9991,     0.1019,    06h29m15s
[ 63600,  0.0001981]     0.9966,     0.9986,     0.1301,    06h27m39s
[ 63700,  0.0001977]     0.9961,     0.9994,     0.0969,    06h27m42s
[ 63800,  0.0001974]     0.9969,     0.9991,     0.0985,    06h26m08s
[ 63900,  0.0001970]     0.9978,     0.9998,     0.0916,    06h25m38s
[ 64000,  0.0001967]     0.9972,     0.9998,     0.0951,    06h28m31s
[ 64100,  0.0001963]     0.9972,     0.9995,     0.0965,    06h34m06s
[ 64200,  0.0001960]     0.9966,     0.9989,     0.1104,    06h22m34s
[ 64300,  0.0001956]     0.9962,     0.9995,     0.1001,    06h22m47s
[ 64400,  0.0001953]     0.9978,     1.0000,     0.0939,    06h23m09s
[ 64500,  0.0001949]     0.9959,     0.9991,     0.1122,    06h18m38s
[ 64600,  0.0001946]     0.9962,     0.9980,     0.1231,    06h20m41s
[ 64700,  0.0001942]     0.9981,     1.0000,     0.0936,    06h20m01s
[ 64800,  0.0001939]     0.9953,     0.9975,     0.1402,    06h19m13s
[ 64900,  0.0001935]     0.9980,     0.9991,     0.0954,    06h18m52s
[ 65000,  0.0001932]     0.9972,     0.9991,     0.0969,    06h18m13s
[ 65100,  0.0001928]     0.9972,     0.9991,     0.1215,    06h17m30s
[ 65200,  0.0001925]     0.9969,     0.9994,     0.0939,    06h17m43s
[ 65300,  0.0001921]     0.9958,     0.9989,     0.1166,    06h16m52s
[ 65400,  0.0001918]     0.9966,     0.9984,     0.1146,    06h14m56s
[ 65500,  0.0001914]     0.9970,     0.9988,     0.1259,    06h14m05s
[ 65600,  0.0001911]     0.9964,     0.9988,     0.0992,    06h14m45s
[ 65700,  0.0001907]     0.9953,     0.9978,     0.1158,    06h13m27s
[ 65800,  0.0001904]     0.9939,     0.9980,     0.1461,    06h13m13s
[ 65900,  0.0001900]     0.9975,     0.9992,     0.0937,    06h11m53s
[ 66000,  0.0001897]     0.9955,     0.9988,     0.1098,    06h12m42s
[ 66100,  0.0001893]     0.9972,     0.9991,     0.0943,    06h12m24s
[ 66200,  0.0001890]     0.9969,     0.9995,     0.0946,    06h08m19s
[ 66300,  0.0001886]     0.9977,     0.9994,     0.0980,    06h09m32s
[ 66400,  0.0001883]     0.9975,     0.9991,     0.1031,    06h09m51s
[ 66500,  0.0001879]     0.9956,     0.9989,     0.1013,    06h08m03s
[ 66600,  0.0001876]     0.9970,     0.9992,     0.1084,    06h06m32s
[ 66700,  0.0001872]     0.9972,     0.9992,     0.0975,    06h07m40s
[ 66800,  0.0001869]     0.9955,     0.9986,     0.1023,    06h06m28s
[ 66900,  0.0001865]     0.9972,     0.9989,     0.1195,    06h05m46s
[ 67000,  0.0001862]     0.9953,     0.9988,     0.1203,    06h03m43s
[ 67100,  0.0001858]     0.9988,     0.9995,     0.0916,    06h04m39s
[ 67200,  0.0001855]     0.9964,     0.9997,     0.0931,    06h03m56s
[ 67300,  0.0001851]     0.9959,     0.9983,     0.1251,    06h02m44s
[ 67400,  0.0001848]     0.9969,     0.9984,     0.1317,    06h02m51s
[ 67500,  0.0001844]     0.9966,     0.9994,     0.0988,    06h01m14s
[ 67600,  0.0001841]     0.9962,     0.9991,     0.1136,    06h02m05s
[ 67700,  0.0001837]     0.9961,     0.9981,     0.1361,    06h00m39s
[ 67800,  0.0001834]     0.9975,     0.9995,     0.0922,    06h00m07s
[ 67900,  0.0001830]     0.9975,     0.9994,     0.0934,    05h55m13s
[ 68000,  0.0001827]     0.9970,     0.9986,     0.1300,    05h58m13s
[ 68100,  0.0001823]     0.9962,     0.9980,     0.1190,    05h56m31s
[ 68200,  0.0001820]     0.9953,     0.9989,     0.1031,    05h56m13s
[ 68300,  0.0001816]     0.9966,     0.9984,     0.1177,    05h55m46s
[ 68400,  0.0001813]     0.9973,     0.9991,     0.1100,    05h53m35s
[ 68500,  0.0001809]     0.9975,     0.9992,     0.0944,    05h53m45s
[ 68600,  0.0001806]     0.9958,     0.9989,     0.1070,    05h53m21s
[ 68700,  0.0001802]     0.9958,     0.9992,     0.0968,    05h52m54s
[ 68800,  0.0001799]     0.9939,     0.9975,     0.1184,    05h51m10s
[ 68900,  0.0001795]     0.9964,     0.9994,     0.0963,    05h52m08s
[ 69000,  0.0001791]     0.9962,     0.9991,     0.0997,    05h50m53s
[ 69100,  0.0001788]     0.9973,     0.9992,     0.1061,    05h50m43s
[ 69200,  0.0001784]     0.9978,     0.9997,     0.0879,    05h47m00s
[ 69300,  0.0001781]     0.9988,     0.9998,     0.0894,    05h48m38s
[ 69400,  0.0001777]     0.9977,     0.9998,     0.0903,    05h47m50s
[ 69500,  0.0001774]     0.9958,     0.9988,     0.1187,    05h45m08s
[ 69600,  0.0001770]     0.9970,     0.9995,     0.0938,    05h46m08s
[ 69700,  0.0001767]     0.9961,     0.9989,     0.1212,    05h45m15s
[ 69800,  0.0001763]     0.9977,     0.9986,     0.1119,    05h45m19s
[ 69900,  0.0001760]     0.9966,     0.9983,     0.1074,    05h46m46s
[ 70000,  0.0001756]     0.9959,     0.9984,     0.1219,    05h43m10s
Validation MACE: 0.190515
[ 70100,  0.0001753]     0.9977,     0.9988,     0.1223,    05h41m01s
[ 70200,  0.0001749]     0.9972,     0.9995,     0.0906,    05h42m43s
[ 70300,  0.0001746]     0.9973,     0.9984,     0.1023,    05h41m09s
[ 70400,  0.0001742]     0.9978,     0.9992,     0.1091,    05h42m14s
[ 70500,  0.0001739]     0.9967,     0.9994,     0.1026,    05h37m35s
[ 70600,  0.0001735]     0.9967,     0.9991,     0.1145,    05h36m05s
[ 70700,  0.0001732]     0.9967,     0.9998,     0.0916,    05h39m57s
[ 70800,  0.0001728]     0.9969,     0.9998,     0.0886,    05h38m13s
[ 70900,  0.0001725]     0.9970,     0.9994,     0.0957,    05h38m40s
[ 71000,  0.0001721]     0.9966,     0.9994,     0.0926,    05h39m16s
[ 71100,  0.0001718]     0.9967,     0.9991,     0.1108,    05h36m58s
[ 71200,  0.0001714]     0.9958,     0.9991,     0.0970,    05h35m00s
[ 71300,  0.0001711]     0.9959,     0.9981,     0.1331,    05h36m41s
[ 71400,  0.0001707]     0.9966,     0.9991,     0.0947,    05h35m25s
[ 71500,  0.0001704]     0.9952,     0.9981,     0.1433,    05h34m34s
[ 71600,  0.0001700]     0.9981,     1.0000,     0.0888,    05h32m19s
[ 71700,  0.0001697]     0.9953,     0.9992,     0.0955,    05h33m34s
[ 71800,  0.0001693]     0.9962,     0.9994,     0.0965,    05h31m36s
[ 71900,  0.0001690]     0.9973,     0.9995,     0.0915,    05h30m21s
[ 72000,  0.0001686]     0.9972,     1.0000,     0.0876,    05h32m00s
[ 72100,  0.0001683]     0.9953,     0.9978,     0.1104,    05h30m51s
[ 72200,  0.0001679]     0.9972,     0.9988,     0.1010,    05h28m02s
[ 72300,  0.0001676]     0.9964,     0.9991,     0.0964,    05h29m02s
[ 72400,  0.0001672]     0.9977,     0.9995,     0.0918,    05h27m29s
[ 72500,  0.0001669]     0.9980,     0.9997,     0.0889,    05h27m53s
[ 72600,  0.0001665]     0.9964,     0.9988,     0.0999,    05h26m53s
[ 72700,  0.0001662]     0.9970,     0.9992,     0.0946,    05h25m52s
[ 72800,  0.0001658]     0.9978,     0.9998,     0.0861,    05h21m49s
[ 72900,  0.0001655]     0.9973,     0.9992,     0.0944,    05h25m26s
[ 73000,  0.0001651]     0.9970,     0.9981,     0.1009,    05h23m23s
[ 73100,  0.0001648]     0.9972,     0.9998,     0.0890,    05h21m48s
[ 73200,  0.0001644]     0.9966,     0.9994,     0.0901,    05h23m08s
[ 73300,  0.0001641]     0.9972,     0.9988,     0.1154,    05h21m17s
[ 73400,  0.0001637]     0.9955,     0.9989,     0.0938,    05h21m28s
[ 73500,  0.0001634]     0.9959,     0.9988,     0.1110,    05h19m09s
[ 73600,  0.0001630]     0.9970,     0.9997,     0.0880,    05h20m32s
[ 73700,  0.0001627]     0.9973,     0.9997,     0.0885,    05h18m02s
[ 73800,  0.0001623]     0.9967,     0.9991,     0.0920,    05h17m29s
[ 73900,  0.0001620]     0.9955,     0.9978,     0.1090,    05h18m43s
[ 74000,  0.0001616]     0.9989,     0.9994,     0.0889,    05h15m15s
[ 74100,  0.0001613]     0.9977,     1.0000,     0.0896,    05h15m45s
[ 74200,  0.0001609]     0.9962,     0.9986,     0.0956,    05h14m16s
[ 74300,  0.0001606]     0.9972,     1.0000,     0.0866,    05h13m06s
[ 74400,  0.0001602]     0.9983,     0.9998,     0.0883,    05h14m12s
[ 74500,  0.0001599]     0.9961,     0.9984,     0.1088,    05h14m52s
[ 74600,  0.0001595]     0.9983,     0.9997,     0.0906,    05h12m13s
[ 74700,  0.0001592]     0.9970,     0.9992,     0.1011,    05h10m52s
[ 74800,  0.0001588]     0.9975,     0.9997,     0.0896,    05h10m59s
[ 74900,  0.0001585]     0.9969,     0.9995,     0.0999,    05h10m13s
[ 75000,  0.0001581]     0.9970,     0.9992,     0.0892,    05h08m42s
[ 75100,  0.0001578]     0.9988,     1.0000,     0.0823,    05h08m47s
[ 75200,  0.0001574]     0.9962,     0.9984,     0.1211,    05h07m30s
[ 75300,  0.0001571]     0.9952,     0.9981,     0.1070,    05h07m48s
[ 75400,  0.0001567]     0.9972,     0.9989,     0.1068,    05h06m32s
[ 75500,  0.0001564]     0.9977,     1.0000,     0.0852,    05h05m45s
[ 75600,  0.0001560]     0.9962,     0.9984,     0.0964,    05h04m38s
[ 75700,  0.0001557]     0.9970,     0.9995,     0.0893,    05h04m13s
[ 75800,  0.0001553]     0.9962,     0.9992,     0.0957,    05h04m53s
[ 75900,  0.0001550]     0.9967,     0.9992,     0.0907,    05h03m13s
[ 76000,  0.0001546]     0.9953,     0.9981,     0.1288,    05h02m23s
[ 76100,  0.0001543]     0.9964,     0.9988,     0.0917,    05h03m07s
[ 76200,  0.0001539]     0.9975,     0.9997,     0.0897,    05h01m22s
[ 76300,  0.0001536]     0.9983,     0.9995,     0.0873,    05h01m55s
[ 76400,  0.0001532]     0.9977,     0.9995,     0.0906,    04h59m24s
[ 76500,  0.0001529]     0.9967,     0.9994,     0.0928,    05h00m43s
[ 76600,  0.0001525]     0.9966,     0.9994,     0.1078,    04h57m47s
[ 76700,  0.0001522]     0.9969,     0.9992,     0.0928,    04h56m20s
[ 76800,  0.0001518]     0.9981,     1.0000,     0.0845,    04h56m37s
[ 76900,  0.0001515]     0.9984,     1.0000,     0.0857,    04h56m09s
[ 77000,  0.0001511]     0.9972,     0.9998,     0.0869,    04h54m50s
[ 77100,  0.0001508]     0.9958,     0.9983,     0.1245,    04h54m50s
[ 77200,  0.0001504]     0.9948,     0.9975,     0.1255,    04h53m20s
[ 77300,  0.0001501]     0.9980,     0.9988,     0.1051,    04h53m31s
[ 77400,  0.0001497]     0.9966,     0.9988,     0.1231,    04h53m16s
[ 77500,  0.0001494]     0.9981,     0.9994,     0.0867,    04h51m17s
[ 77600,  0.0001490]     0.9989,     0.9998,     0.0833,    04h50m28s
[ 77700,  0.0001486]     0.9967,     0.9983,     0.1151,    04h51m18s
[ 77800,  0.0001483]     0.9970,     0.9992,     0.0908,    04h48m48s
[ 77900,  0.0001479]     0.9969,     0.9988,     0.1203,    04h48m27s
[ 78000,  0.0001476]     0.9980,     1.0000,     0.0859,    04h48m47s
[ 78100,  0.0001472]     0.9980,     1.0000,     0.0849,    04h48m46s
[ 78200,  0.0001469]     0.9959,     0.9994,     0.0940,    04h47m07s
[ 78300,  0.0001465]     0.9973,     0.9997,     0.0828,    04h46m00s
[ 78400,  0.0001462]     0.9964,     0.9989,     0.1016,    04h48m15s
[ 78500,  0.0001458]     0.9967,     0.9984,     0.1190,    04h46m05s
[ 78600,  0.0001455]     0.9981,     0.9997,     0.0847,    04h45m50s
[ 78700,  0.0001451]     0.9984,     0.9997,     0.0826,    04h44m12s
[ 78800,  0.0001448]     0.9972,     0.9992,     0.0942,    04h44m33s
[ 78900,  0.0001444]     0.9978,     0.9997,     0.0853,    04h41m23s
[ 79000,  0.0001441]     0.9972,     0.9992,     0.1028,    04h42m29s
[ 79100,  0.0001437]     0.9956,     0.9988,     0.0974,    04h41m30s
[ 79200,  0.0001434]     0.9967,     0.9988,     0.1068,    04h41m26s
[ 79300,  0.0001430]     0.9984,     0.9997,     0.0836,    04h40m08s
[ 79400,  0.0001427]     0.9969,     1.0000,     0.0852,    04h38m14s
[ 79500,  0.0001423]     0.9975,     0.9992,     0.0909,    04h38m28s
[ 79600,  0.0001420]     0.9966,     0.9991,     0.1048,    04h38m21s
[ 79700,  0.0001416]     0.9964,     0.9988,     0.1050,    04h36m29s
[ 79800,  0.0001413]     0.9977,     0.9998,     0.0856,    04h37m50s
[ 79900,  0.0001409]     0.9978,     0.9992,     0.0961,    04h36m02s
[ 80000,  0.0001406]     0.9955,     0.9983,     0.1140,    04h36m50s
Validation MACE: 0.085762
[ 80100,  0.0001402]     0.9966,     0.9994,     0.0884,    04h33m20s
[ 80200,  0.0001399]     0.9975,     0.9997,     0.0855,    04h33m37s
[ 80300,  0.0001395]     0.9967,     0.9983,     0.0972,    04h32m31s
[ 80400,  0.0001392]     0.9984,     0.9994,     0.0915,    04h32m19s
[ 80500,  0.0001388]     0.9967,     0.9989,     0.0943,    04h32m15s
[ 80600,  0.0001385]     0.9978,     0.9998,     0.0871,    04h32m13s
[ 80700,  0.0001381]     0.9973,     0.9986,     0.1090,    04h29m52s
[ 80800,  0.0001378]     0.9958,     0.9970,     0.1334,    04h29m33s
[ 80900,  0.0001374]     0.9969,     0.9988,     0.1241,    04h28m57s
[ 81000,  0.0001371]     0.9970,     0.9992,     0.1124,    04h26m21s
[ 81100,  0.0001367]     0.9975,     0.9992,     0.0885,    04h27m01s
[ 81200,  0.0001364]     0.9980,     1.0000,     0.0825,    04h27m42s
[ 81300,  0.0001360]     0.9986,     0.9995,     0.0834,    04h25m18s
[ 81400,  0.0001357]     0.9978,     0.9997,     0.0838,    04h26m58s
[ 81500,  0.0001353]     0.9973,     0.9992,     0.1074,    04h24m06s
[ 81600,  0.0001350]     0.9967,     0.9989,     0.0985,    04h24m17s
[ 81700,  0.0001346]     0.9967,     0.9994,     0.0859,    04h23m15s
[ 81800,  0.0001343]     0.9980,     0.9992,     0.0916,    04h23m13s
[ 81900,  0.0001339]     0.9977,     0.9991,     0.0890,    04h23m17s
[ 82000,  0.0001336]     0.9973,     0.9994,     0.0921,    04h21m55s
[ 82100,  0.0001332]     0.9972,     0.9992,     0.0973,    04h21m07s
[ 82200,  0.0001329]     0.9969,     0.9991,     0.0923,    04h20m09s
[ 82300,  0.0001325]     0.9973,     0.9994,     0.1023,    04h19m50s
[ 82400,  0.0001322]     0.9991,     0.9997,     0.0811,    04h19m20s
[ 82500,  0.0001318]     0.9980,     0.9992,     0.0909,    04h17m34s
[ 82600,  0.0001315]     0.9970,     0.9997,     0.0862,    04h16m10s
[ 82700,  0.0001311]     0.9981,     0.9995,     0.0806,    04h15m22s
[ 82800,  0.0001308]     0.9983,     0.9998,     0.0822,    04h16m27s
[ 82900,  0.0001304]     0.9973,     1.0000,     0.0800,    04h15m38s
[ 83000,  0.0001301]     0.9970,     0.9992,     0.0888,    04h15m01s
[ 83100,  0.0001297]     0.9978,     0.9994,     0.0987,    04h13m29s
[ 83200,  0.0001294]     0.9981,     0.9992,     0.0927,    04h13m24s
[ 83300,  0.0001290]     0.9975,     0.9989,     0.0984,    04h13m15s
[ 83400,  0.0001287]     0.9964,     0.9991,     0.0892,    04h11m56s
[ 83500,  0.0001283]     0.9984,     1.0000,     0.0821,    04h11m07s
[ 83600,  0.0001280]     0.9978,     0.9998,     0.0817,    04h11m14s
[ 83700,  0.0001276]     0.9955,     0.9977,     0.1305,    04h09m50s
[ 83800,  0.0001273]     0.9959,     0.9998,     0.0874,    04h09m12s
[ 83900,  0.0001269]     0.9978,     0.9989,     0.0988,    04h07m57s
[ 84000,  0.0001266]     0.9969,     0.9995,     0.0848,    04h07m58s
[ 84100,  0.0001262]     0.9983,     1.0000,     0.0794,    04h06m17s
[ 84200,  0.0001259]     0.9980,     0.9994,     0.1007,    04h06m52s
[ 84300,  0.0001255]     0.9984,     0.9998,     0.0820,    04h05m50s
[ 84400,  0.0001252]     0.9972,     0.9997,     0.0824,    04h02m56s
[ 84500,  0.0001248]     0.9981,     0.9997,     0.0831,    04h03m49s
[ 84600,  0.0001245]     0.9959,     0.9977,     0.1318,    04h04m33s
[ 84700,  0.0001241]     0.9989,     0.9997,     0.0813,    04h02m42s
[ 84800,  0.0001238]     0.9966,     0.9989,     0.0882,    04h03m08s
[ 84900,  0.0001234]     0.9973,     0.9994,     0.0870,    04h00m46s
[ 85000,  0.0001231]     0.9975,     0.9992,     0.1052,    04h01m56s
[ 85100,  0.0001227]     0.9991,     0.9997,     0.0795,    04h00m04s
[ 85200,  0.0001224]     0.9978,     0.9989,     0.0914,    03h59m25s
[ 85300,  0.0001220]     0.9988,     0.9995,     0.0813,    03h59m45s
[ 85400,  0.0001217]     0.9977,     0.9998,     0.0796,    03h57m57s
[ 85500,  0.0001213]     0.9973,     0.9988,     0.1086,    03h55m37s
[ 85600,  0.0001210]     0.9969,     0.9981,     0.1080,    03h54m59s
[ 85700,  0.0001206]     0.9988,     1.0000,     0.0799,    03h55m56s
[ 85800,  0.0001203]     0.9980,     0.9994,     0.0856,    03h54m29s
[ 85900,  0.0001199]     0.9975,     0.9991,     0.1037,    03h56m00s
[ 86000,  0.0001196]     0.9977,     0.9995,     0.0936,    03h53m02s
[ 86100,  0.0001192]     0.9972,     0.9995,     0.0832,    03h53m31s
[ 86200,  0.0001188]     0.9958,     0.9986,     0.1115,    03h52m12s
[ 86300,  0.0001185]     0.9984,     1.0000,     0.0786,    03h51m54s
[ 86400,  0.0001181]     0.9969,     0.9983,     0.1018,    03h52m04s
[ 86500,  0.0001178]     0.9980,     1.0000,     0.0790,    03h51m07s
[ 86600,  0.0001174]     0.9953,     0.9984,     0.1033,    03h48m01s
[ 86700,  0.0001171]     0.9986,     0.9998,     0.0806,    03h50m35s
[ 86800,  0.0001167]     0.9969,     0.9992,     0.0901,    03h47m47s
[ 86900,  0.0001164]     0.9980,     0.9998,     0.0809,    03h46m50s
[ 87000,  0.0001160]     0.9980,     0.9992,     0.0943,    03h47m29s
[ 87100,  0.0001157]     0.9988,     0.9994,     0.0897,    03h46m36s
[ 87200,  0.0001153]     0.9969,     0.9991,     0.0890,    03h44m39s
[ 87300,  0.0001150]     0.9984,     1.0000,     0.0791,    03h45m16s
[ 87400,  0.0001146]     0.9988,     0.9998,     0.0797,    03h44m00s
[ 87500,  0.0001143]     0.9973,     0.9986,     0.1069,    03h43m47s
[ 87600,  0.0001139]     0.9973,     0.9991,     0.1045,    03h41m48s
[ 87700,  0.0001136]     0.9988,     0.9998,     0.0785,    03h41m07s
[ 87800,  0.0001132]     0.9983,     1.0000,     0.0812,    03h42m25s
[ 87900,  0.0001129]     0.9988,     1.0000,     0.0801,    03h40m29s
[ 88000,  0.0001125]     0.9964,     0.9986,     0.1267,    03h40m08s
[ 88100,  0.0001122]     0.9984,     0.9994,     0.0842,    03h38m45s
[ 88200,  0.0001118]     0.9991,     1.0000,     0.0772,    03h39m43s
[ 88300,  0.0001115]     0.9964,     0.9984,     0.1049,    03h37m55s
[ 88400,  0.0001111]     0.9973,     1.0000,     0.0767,    03h38m22s
[ 88500,  0.0001108]     0.9977,     0.9992,     0.0803,    03h35m47s
[ 88600,  0.0001104]     0.9966,     0.9995,     0.0838,    03h36m57s
[ 88700,  0.0001101]     0.9981,     0.9997,     0.0773,    03h33m25s
[ 88800,  0.0001097]     0.9983,     0.9994,     0.1023,    03h35m57s
[ 88900,  0.0001094]     0.9989,     1.0000,     0.0781,    03h33m10s
[ 89000,  0.0001090]     0.9977,     0.9992,     0.0861,    03h33m45s
[ 89100,  0.0001087]     0.9980,     0.9998,     0.0777,    03h32m23s
[ 89200,  0.0001083]     0.9958,     0.9983,     0.1142,    03h32m53s
[ 89300,  0.0001080]     0.9983,     0.9997,     0.0812,    03h31m13s
[ 89400,  0.0001076]     0.9966,     0.9995,     0.0795,    03h29m11s
[ 89500,  0.0001073]     0.9984,     0.9997,     0.0798,    03h30m33s
[ 89600,  0.0001069]     0.9977,     0.9998,     0.0782,    03h28m55s
[ 89700,  0.0001066]     0.9998,     1.0000,     0.0770,    03h27m48s
[ 89800,  0.0001062]     0.9978,     0.9991,     0.0922,    03h27m24s
[ 89900,  0.0001059]     0.9984,     1.0000,     0.0753,    03h26m26s
[ 90000,  0.0001055]     0.9975,     0.9989,     0.0838,    03h28m06s
Validation MACE: 0.079113
[ 90100,  0.0001052]     0.9967,     0.9988,     0.1148,    03h24m51s
[ 90200,  0.0001048]     0.9980,     0.9994,     0.0838,    03h24m52s
[ 90300,  0.0001045]     0.9969,     0.9998,     0.0800,    03h24m19s
[ 90400,  0.0001041]     0.9970,     0.9995,     0.0791,    03h23m36s
[ 90500,  0.0001038]     0.9981,     0.9998,     0.0765,    03h22m52s
[ 90600,  0.0001034]     0.9969,     0.9986,     0.1188,    03h21m28s
[ 90700,  0.0001031]     0.9980,     0.9997,     0.0815,    03h24m42s
[ 90800,  0.0001027]     0.9973,     0.9984,     0.0995,    03h21m24s
[ 90900,  0.0001024]     0.9972,     0.9992,     0.0849,    03h20m57s
[ 91000,  0.0001020]     0.9972,     0.9988,     0.1123,    03h19m47s
[ 91100,  0.0001017]     0.9981,     1.0000,     0.0765,    03h19m15s
[ 91200,  0.0001013]     0.9989,     0.9997,     0.0764,    03h17m57s
[ 91300,  0.0001010]     0.9967,     0.9994,     0.0831,    03h16m59s
[ 91400,  0.0001006]     0.9978,     0.9991,     0.0993,    03h16m31s
[ 91500,  0.0001003]     0.9969,     0.9988,     0.0872,    03h15m49s
[ 91600,  0.0000999]     0.9986,     0.9997,     0.0772,    03h15m22s
[ 91700,  0.0000996]     0.9977,     0.9988,     0.0973,    03h14m08s
[ 91800,  0.0000992]     0.9981,     0.9991,     0.0979,    03h14m06s
[ 91900,  0.0000989]     0.9975,     0.9997,     0.0806,    03h11m58s
[ 92000,  0.0000985]     0.9967,     0.9984,     0.0957,    03h12m30s
[ 92100,  0.0000982]     0.9984,     0.9998,     0.0787,    03h12m35s
[ 92200,  0.0000978]     0.9972,     0.9991,     0.0944,    03h09m57s
[ 92300,  0.0000975]     0.9984,     0.9997,     0.0764,    03h10m39s
[ 92400,  0.0000971]     0.9970,     0.9986,     0.1009,    03h10m36s
[ 92500,  0.0000968]     0.9994,     1.0000,     0.0763,    03h09m22s
[ 92600,  0.0000964]     0.9977,     0.9994,     0.0838,    03h08m58s
[ 92700,  0.0000961]     0.9980,     0.9992,     0.0923,    03h08m03s
[ 92800,  0.0000957]     0.9972,     0.9994,     0.0835,    03h07m43s
[ 92900,  0.0000954]     0.9984,     0.9995,     0.0765,    03h07m02s
[ 93000,  0.0000950]     0.9970,     0.9998,     0.0761,    03h05m21s
[ 93100,  0.0000947]     0.9991,     0.9998,     0.0765,    03h05m50s
[ 93200,  0.0000943]     0.9975,     0.9997,     0.0813,    03h04m06s
[ 93300,  0.0000940]     0.9986,     0.9994,     0.0953,    03h04m45s
[ 93400,  0.0000936]     0.9980,     0.9998,     0.0775,    03h03m40s
[ 93500,  0.0000933]     0.9991,     1.0000,     0.0747,    03h02m09s
[ 93600,  0.0000929]     0.9986,     0.9998,     0.0762,    03h01m24s
[ 93700,  0.0000926]     0.9975,     0.9994,     0.1007,    03h00m27s
[ 93800,  0.0000922]     0.9998,     1.0000,     0.0725,    03h00m23s
[ 93900,  0.0000919]     0.9978,     0.9989,     0.0965,    02h59m33s
[ 94000,  0.0000915]     0.9981,     0.9998,     0.0778,    02h59m47s
[ 94100,  0.0000912]     0.9972,     0.9986,     0.1227,    02h58m05s
[ 94200,  0.0000908]     0.9969,     0.9988,     0.0932,    02h58m17s
[ 94300,  0.0000905]     0.9992,     0.9998,     0.0728,    02h57m34s
[ 94400,  0.0000901]     0.9978,     0.9992,     0.0926,    02h56m24s
[ 94500,  0.0000898]     0.9984,     0.9988,     0.0958,    02h54m52s
[ 94600,  0.0000894]     0.9973,     0.9992,     0.1004,    02h54m56s
[ 94700,  0.0000890]     0.9984,     1.0000,     0.0744,    02h54m06s
[ 94800,  0.0000887]     0.9980,     0.9988,     0.1220,    02h53m07s
[ 94900,  0.0000883]     0.9981,     0.9991,     0.0828,    02h53m28s
[ 95000,  0.0000880]     0.9977,     0.9988,     0.0936,    02h52m30s
[ 95100,  0.0000876]     0.9988,     0.9997,     0.0741,    02h51m15s
[ 95200,  0.0000873]     0.9988,     0.9998,     0.0747,    02h49m48s
[ 95300,  0.0000869]     0.9975,     0.9992,     0.0884,    02h50m32s
[ 95400,  0.0000866]     0.9973,     0.9994,     0.0844,    02h49m30s
[ 95500,  0.0000862]     0.9991,     0.9998,     0.0742,    02h49m11s
[ 95600,  0.0000859]     0.9966,     0.9989,     0.0846,    02h48m00s
[ 95700,  0.0000855]     0.9986,     0.9998,     0.0741,    02h47m58s
[ 95800,  0.0000852]     0.9983,     0.9997,     0.0807,    02h46m37s
[ 95900,  0.0000848]     0.9992,     0.9994,     0.0870,    02h45m53s
[ 96000,  0.0000845]     0.9986,     1.0000,     0.0738,    02h44m17s
[ 96100,  0.0000841]     0.9981,     0.9997,     0.0792,    02h44m07s
[ 96200,  0.0000838]     0.9988,     1.0000,     0.0764,    02h45m19s
[ 96300,  0.0000834]     0.9986,     0.9998,     0.0734,    02h42m27s
[ 96400,  0.0000831]     0.9966,     0.9995,     0.0804,    02h41m35s
[ 96500,  0.0000827]     0.9991,     1.0000,     0.0730,    02h40m55s
[ 96600,  0.0000824]     0.9988,     0.9998,     0.0774,    02h40m51s
[ 96700,  0.0000820]     0.9988,     1.0000,     0.0755,    02h40m35s
[ 96800,  0.0000817]     0.9972,     0.9988,     0.0874,    02h39m38s
[ 96900,  0.0000813]     0.9980,     0.9995,     0.0822,    02h39m29s
[ 97000,  0.0000810]     0.9991,     1.0000,     0.0739,    02h38m17s
[ 97100,  0.0000806]     0.9983,     0.9994,     0.0882,    02h36m47s
[ 97200,  0.0000803]     0.9994,     1.0000,     0.0739,    02h36m39s
[ 97300,  0.0000799]     0.9992,     0.9998,     0.0760,    02h35m51s
[ 97400,  0.0000796]     0.9986,     0.9998,     0.0757,    02h35m50s
[ 97500,  0.0000792]     0.9978,     0.9992,     0.0872,    02h34m33s
[ 97600,  0.0000789]     0.9970,     0.9992,     0.1025,    02h34m31s
[ 97700,  0.0000785]     0.9977,     0.9989,     0.1040,    02h33m17s
[ 97800,  0.0000782]     0.9983,     0.9994,     0.0888,    02h32m13s
[ 97900,  0.0000778]     0.9991,     0.9998,     0.0724,    02h31m47s
[ 98000,  0.0000775]     0.9983,     0.9998,     0.0748,    02h31m10s
[ 98100,  0.0000771]     0.9972,     0.9986,     0.0994,    02h30m31s
[ 98200,  0.0000768]     0.9983,     0.9998,     0.0756,    02h29m55s
[ 98300,  0.0000764]     0.9983,     0.9992,     0.0821,    02h28m47s
[ 98400,  0.0000761]     0.9964,     0.9983,     0.1042,    02h29m19s
[ 98500,  0.0000757]     0.9969,     0.9986,     0.1108,    02h28m24s
[ 98600,  0.0000754]     0.9980,     0.9991,     0.0868,    02h27m01s
[ 98700,  0.0000750]     0.9983,     0.9998,     0.0764,    02h26m18s
[ 98800,  0.0000747]     0.9984,     0.9998,     0.0732,    02h25m36s
[ 98900,  0.0000743]     0.9983,     0.9997,     0.0747,    02h25m46s
[ 99000,  0.0000740]     0.9973,     0.9986,     0.0943,    02h24m58s
[ 99100,  0.0000736]     0.9988,     0.9998,     0.0703,    02h24m27s
[ 99200,  0.0000733]     0.9978,     0.9995,     0.0770,    02h23m22s
[ 99300,  0.0000729]     0.9961,     0.9989,     0.0961,    02h22m19s
[ 99400,  0.0000726]     0.9991,     0.9998,     0.0728,    02h21m38s
[ 99500,  0.0000722]     0.9980,     0.9994,     0.0776,    02h21m05s
[ 99600,  0.0000719]     0.9983,     0.9992,     0.0985,    02h20m22s
[ 99700,  0.0000715]     0.9973,     0.9992,     0.0851,    02h19m48s
[ 99800,  0.0000712]     0.9997,     1.0000,     0.0714,    02h18m14s
[ 99900,  0.0000708]     0.9984,     1.0000,     0.0735,    02h18m42s
[100000,  0.0000705]     0.9980,     0.9995,     0.0762,    02h17m25s
Validation MACE: 0.091656
[100100,  0.0000701]     0.9989,     1.0000,     0.0696,    02h15m40s
[100200,  0.0000698]     0.9972,     0.9994,     0.0778,    02h15m50s
[100300,  0.0000694]     0.9984,     0.9994,     0.0802,    02h15m02s
[100400,  0.0000691]     0.9980,     0.9994,     0.0811,    02h14m21s
[100500,  0.0000687]     0.9991,     0.9995,     0.0749,    02h14m20s
[100600,  0.0000684]     0.9975,     0.9992,     0.0795,    02h13m04s
[100700,  0.0000680]     0.9978,     0.9997,     0.0758,    02h12m55s
[100800,  0.0000677]     0.9969,     0.9992,     0.0815,    02h12m03s
[100900,  0.0000673]     0.9986,     0.9998,     0.0713,    02h11m46s
[101000,  0.0000670]     0.9970,     0.9991,     0.0832,    02h11m10s
[101100,  0.0000666]     0.9980,     1.0000,     0.0756,    02h10m43s
[101200,  0.0000663]     0.9981,     1.0000,     0.0722,    02h10m14s
[101300,  0.0000659]     0.9981,     0.9997,     0.0745,    02h10m22s
[101400,  0.0000656]     0.9977,     0.9989,     0.0790,    02h07m27s
[101500,  0.0000652]     0.9984,     0.9998,     0.0725,    02h07m23s
[101600,  0.0000649]     0.9972,     0.9994,     0.0768,    02h06m05s
[101700,  0.0000645]     0.9973,     0.9997,     0.0790,    02h06m29s
[101800,  0.0000642]     0.9980,     0.9994,     0.1072,    02h05m05s
[101900,  0.0000638]     0.9984,     0.9995,     0.0791,    02h04m31s
[102000,  0.0000635]     0.9969,     0.9983,     0.1072,    02h03m36s
[102100,  0.0000631]     0.9972,     0.9994,     0.0991,    02h03m35s
[102200,  0.0000628]     0.9983,     0.9991,     0.0756,    02h02m37s
[102300,  0.0000624]     0.9980,     0.9994,     0.0929,    02h02m07s
[102400,  0.0000621]     0.9970,     0.9984,     0.1065,    02h00m54s
[102500,  0.0000617]     0.9980,     0.9997,     0.0751,    02h00m57s
[102600,  0.0000614]     0.9988,     0.9997,     0.0726,    01h59m06s
[102700,  0.0000610]     0.9981,     0.9997,     0.0732,    01h58m38s
[102800,  0.0000607]     0.9991,     0.9997,     0.0721,    01h58m29s
[102900,  0.0000603]     0.9973,     0.9989,     0.0930,    01h57m25s
[103000,  0.0000600]     0.9977,     0.9995,     0.0757,    01h57m13s
[103100,  0.0000596]     0.9983,     1.0000,     0.0717,    01h56m38s
[103200,  0.0000593]     0.9966,     0.9989,     0.0785,    01h55m04s
[103300,  0.0000589]     0.9966,     0.9984,     0.1058,    01h55m08s
[103400,  0.0000585]     0.9983,     0.9994,     0.0770,    01h54m24s
[103500,  0.0000582]     0.9986,     0.9997,     0.0731,    01h52m23s
[103600,  0.0000578]     0.9969,     0.9981,     0.1127,    01h53m58s
[103700,  0.0000575]     0.9966,     0.9981,     0.1001,    01h53m02s
[103800,  0.0000571]     0.9989,     1.0000,     0.0711,    01h51m06s
[103900,  0.0000568]     0.9972,     0.9995,     0.0785,    01h51m08s
[104000,  0.0000564]     0.9983,     1.0000,     0.0730,    01h49m47s
[104100,  0.0000561]     0.9981,     0.9994,     0.0899,    01h49m33s
[104200,  0.0000557]     0.9978,     0.9988,     0.1043,    01h49m09s
[104300,  0.0000554]     0.9981,     0.9992,     0.0748,    01h47m45s
[104400,  0.0000550]     0.9986,     0.9997,     0.0728,    01h47m44s
[104500,  0.0000547]     0.9986,     0.9991,     0.0874,    01h46m50s
[104600,  0.0000543]     0.9994,     1.0000,     0.0688,    01h45m35s
[104700,  0.0000540]     0.9970,     0.9998,     0.0749,    01h45m26s
[104800,  0.0000536]     0.9980,     0.9989,     0.0925,    01h44m16s
[104900,  0.0000533]     0.9969,     0.9995,     0.0749,    01h43m04s
[105000,  0.0000529]     0.9978,     0.9988,     0.0838,    01h43m14s
[105100,  0.0000526]     0.9988,     0.9994,     0.0848,    01h42m30s
[105200,  0.0000522]     0.9994,     0.9998,     0.0751,    01h41m26s
[105300,  0.0000519]     0.9967,     0.9992,     0.0850,    01h41m45s
[105400,  0.0000515]     0.9977,     0.9992,     0.0891,    01h40m19s
[105500,  0.0000512]     0.9983,     0.9995,     0.0759,    01h39m28s
[105600,  0.0000508]     0.9992,     1.0000,     0.0698,    01h38m42s
[105700,  0.0000505]     0.9977,     0.9997,     0.0782,    01h38m12s
[105800,  0.0000501]     0.9989,     1.0000,     0.0701,    01h37m34s
[105900,  0.0000498]     0.9995,     1.0000,     0.0685,    01h37m05s
[106000,  0.0000494]     0.9969,     0.9983,     0.0996,    01h36m13s
[106100,  0.0000491]     0.9981,     0.9998,     0.0738,    01h35m42s
[106200,  0.0000487]     0.9980,     0.9992,     0.0798,    01h34m48s
[106300,  0.0000484]     0.9978,     1.0000,     0.0705,    01h33m50s
[106400,  0.0000480]     0.9983,     0.9994,     0.0842,    01h33m05s
[106500,  0.0000477]     0.9973,     0.9994,     0.0780,    01h32m55s
[106600,  0.0000473]     0.9981,     0.9997,     0.0723,    01h33m04s
[106700,  0.0000470]     0.9989,     0.9998,     0.0722,    01h31m07s
[106800,  0.0000466]     0.9984,     0.9997,     0.0713,    01h30m53s
[106900,  0.0000463]     0.9980,     0.9997,     0.0711,    01h30m04s
[107000,  0.0000459]     0.9973,     0.9988,     0.0932,    01h29m38s
[107100,  0.0000456]     0.9969,     0.9992,     0.0809,    01h28m49s
[107200,  0.0000452]     0.9981,     0.9998,     0.0712,    01h27m43s
[107300,  0.0000449]     0.9991,     1.0000,     0.0695,    01h27m51s
[107400,  0.0000445]     0.9975,     0.9994,     0.0740,    01h26m32s
[107500,  0.0000442]     0.9986,     0.9998,     0.0719,    01h26m00s
[107600,  0.0000438]     0.9991,     1.0000,     0.0700,    01h25m35s
[107700,  0.0000435]     0.9981,     0.9994,     0.0745,    01h24m31s
[107800,  0.0000431]     0.9962,     0.9988,     0.0918,    01h24m01s
[107900,  0.0000428]     0.9945,     0.9983,     0.0858,    01h23m18s
[108000,  0.0000424]     0.9988,     0.9992,     0.0872,    01h22m23s
[108100,  0.0000421]     0.9988,     1.0000,     0.0715,    01h21m44s
[108200,  0.0000417]     0.9991,     1.0000,     0.0685,    01h20m56s
[108300,  0.0000414]     0.9981,     0.9991,     0.0818,    01h20m02s
[108400,  0.0000410]     0.9947,     0.9986,     0.0856,    01h20m04s
[108500,  0.0000407]     0.9986,     1.0000,     0.0708,    01h19m14s
[108600,  0.0000403]     0.9995,     1.0000,     0.0687,    01h18m47s
[108700,  0.0000400]     0.9969,     0.9983,     0.1013,    01h17m56s
[108800,  0.0000396]     0.9989,     1.0000,     0.0674,    01h17m24s
[108900,  0.0000393]     0.9980,     0.9992,     0.0847,    01h16m41s
[109000,  0.0000389]     0.9986,     0.9994,     0.0847,    01h15m43s
[109100,  0.0000386]     0.9980,     0.9988,     0.0938,    01h14m50s
[109200,  0.0000382]     0.9986,     1.0000,     0.0729,    01h14m16s
[109300,  0.0000379]     0.9975,     0.9991,     0.0931,    01h14m03s
[109400,  0.0000375]     0.9970,     0.9986,     0.0967,    01h12m38s
[109500,  0.0000372]     0.9984,     0.9995,     0.0713,    01h12m15s
[109600,  0.0000368]     0.9966,     0.9980,     0.1066,    01h11m26s
[109700,  0.0000365]     0.9978,     0.9992,     0.0818,    01h11m09s
[109800,  0.0000361]     0.9973,     0.9986,     0.1135,    01h10m22s
[109900,  0.0000358]     0.9988,     0.9997,     0.0706,    01h09m08s
[110000,  0.0000354]     0.9984,     1.0000,     0.0694,    01h09m01s
Validation MACE: 0.066846
[110100,  0.0000351]     0.9984,     0.9994,     0.0762,    01h08m00s
[110200,  0.0000347]     0.9969,     0.9989,     0.0781,    01h07m33s
[110300,  0.0000344]     0.9970,     0.9989,     0.0771,    01h06m24s
[110400,  0.0000340]     0.9984,     0.9991,     0.0741,    01h05m55s
[110500,  0.0000337]     0.9984,     0.9992,     0.0948,    01h05m06s
[110600,  0.0000333]     0.9986,     1.0000,     0.0688,    01h04m13s
[110700,  0.0000330]     0.9969,     0.9991,     0.0890,    01h04m06s
[110800,  0.0000326]     0.9977,     1.0000,     0.0700,    01h03m03s
[110900,  0.0000323]     0.9981,     0.9998,     0.0730,    01h02m40s
[111000,  0.0000319]     0.9989,     0.9998,     0.0699,    01h01m38s
[111100,  0.0000316]     0.9978,     0.9997,     0.0722,    01h01m03s
[111200,  0.0000312]     0.9977,     0.9989,     0.0931,    01h00m26s
[111300,  0.0000309]     0.9978,     0.9998,     0.0722,    00h59m46s
[111400,  0.0000305]     0.9988,     1.0000,     0.0695,    00h59m03s
[111500,  0.0000302]     0.9983,     0.9989,     0.0823,    00h58m31s
[111600,  0.0000298]     0.9984,     0.9998,     0.0690,    00h58m04s
[111700,  0.0000295]     0.9986,     0.9998,     0.0697,    00h56m58s
[111800,  0.0000291]     0.9970,     0.9991,     0.0756,    00h56m19s
[111900,  0.0000287]     0.9983,     0.9998,     0.0709,    00h55m48s
[112000,  0.0000284]     0.9981,     0.9998,     0.0700,    00h55m00s
[112100,  0.0000280]     0.9981,     0.9991,     0.0793,    00h54m13s
[112200,  0.0000277]     0.9978,     0.9989,     0.0807,    00h53m30s
[112300,  0.0000273]     0.9975,     0.9991,     0.0981,    00h52m52s
[112400,  0.0000270]     0.9975,     0.9992,     0.0853,    00h52m25s
[112500,  0.0000266]     0.9977,     0.9995,     0.0770,    00h51m30s
[112600,  0.0000263]     0.9984,     1.0000,     0.0714,    00h50m49s
[112700,  0.0000259]     0.9986,     0.9995,     0.0722,    00h50m20s
[112800,  0.0000256]     0.9981,     0.9991,     0.0736,    00h49m50s
[112900,  0.0000252]     0.9972,     0.9991,     0.0776,    00h48m48s
[113000,  0.0000249]     0.9981,     0.9992,     0.0749,    00h48m16s
[113100,  0.0000245]     0.9980,     0.9992,     0.0796,    00h47m38s
[113200,  0.0000242]     0.9978,     0.9992,     0.0804,    00h46m36s
[113300,  0.0000238]     0.9994,     1.0000,     0.0653,    00h46m17s
[113400,  0.0000235]     0.9972,     0.9989,     0.0880,    00h45m22s
[113500,  0.0000231]     0.9969,     0.9992,     0.0856,    00h44m38s
[113600,  0.0000228]     0.9975,     0.9992,     0.0762,    00h43m54s
[113700,  0.0000224]     0.9973,     0.9997,     0.0747,    00h43m08s
[113800,  0.0000221]     0.9984,     0.9998,     0.0713,    00h42m54s
[113900,  0.0000217]     0.9981,     0.9997,     0.0706,    00h42m13s
[114000,  0.0000214]     0.9975,     0.9988,     0.0754,    00h41m14s
[114100,  0.0000210]     0.9986,     0.9992,     0.0753,    00h40m33s
[114200,  0.0000207]     0.9989,     1.0000,     0.0690,    00h39m51s
[114300,  0.0000203]     0.9970,     0.9984,     0.1111,    00h39m28s
[114400,  0.0000200]     0.9989,     0.9992,     0.1036,    00h38m24s
[114500,  0.0000196]     0.9978,     0.9991,     0.0856,    00h37m45s
[114600,  0.0000193]     0.9978,     0.9992,     0.0856,    00h37m16s
[114700,  0.0000189]     0.9991,     0.9998,     0.0685,    00h36m16s
[114800,  0.0000186]     0.9970,     0.9981,     0.0910,    00h35m44s
[114900,  0.0000182]     0.9972,     0.9992,     0.0758,    00h35m10s
[115000,  0.0000179]     0.9975,     0.9994,     0.0783,    00h34m14s
[115100,  0.0000175]     0.9992,     1.0000,     0.0667,    00h33m43s
[115200,  0.0000172]     0.9977,     0.9998,     0.0712,    00h32m53s
[115300,  0.0000168]     0.9984,     0.9998,     0.0699,    00h32m14s
[115400,  0.0000165]     0.9981,     0.9997,     0.0694,    00h31m30s
[115500,  0.0000161]     0.9983,     0.9998,     0.0689,    00h30m54s
[115600,  0.0000158]     0.9972,     0.9988,     0.0905,    00h30m09s
[115700,  0.0000154]     0.9978,     0.9988,     0.1010,    00h29m37s
[115800,  0.0000151]     0.9980,     0.9995,     0.0763,    00h28m53s
[115900,  0.0000147]     0.9986,     0.9998,     0.0683,    00h28m13s
[116000,  0.0000144]     0.9986,     0.9994,     0.0759,    00h27m32s
[116100,  0.0000140]     0.9986,     0.9998,     0.0671,    00h26m57s
[116200,  0.0000137]     0.9989,     1.0000,     0.0680,    00h26m10s
[116300,  0.0000133]     0.9981,     0.9998,     0.0696,    00h25m24s
[116400,  0.0000130]     0.9978,     0.9995,     0.0729,    00h24m51s
[116500,  0.0000126]     0.9989,     0.9998,     0.0692,    00h24m01s
[116600,  0.0000123]     0.9972,     0.9988,     0.0786,    00h23m30s
[116700,  0.0000119]     0.9997,     1.0000,     0.0661,    00h22m46s
[116800,  0.0000116]     0.9991,     0.9998,     0.0675,    00h22m05s
[116900,  0.0000112]     0.9988,     0.9995,     0.0688,    00h21m22s
[117000,  0.0000109]     0.9986,     0.9998,     0.0672,    00h20m36s
[117100,  0.0000105]     0.9992,     1.0000,     0.0667,    00h20m01s
[117200,  0.0000102]     0.9967,     0.9989,     0.0763,    00h19m15s
[117300,  0.0000098]     0.9983,     0.9998,     0.0683,    00h18m41s
[117400,  0.0000095]     0.9978,     0.9997,     0.0709,    00h17m54s
[117500,  0.0000091]     0.9978,     0.9994,     0.0692,    00h17m09s
[117600,  0.0000088]     0.9981,     0.9994,     0.0713,    00h16m33s
[117700,  0.0000084]     0.9972,     0.9988,     0.0940,    00h15m48s
[117800,  0.0000081]     0.9994,     1.0000,     0.0672,    00h15m09s
[117900,  0.0000077]     0.9986,     1.0000,     0.0684,    00h14m26s
[118000,  0.0000074]     0.9978,     0.9994,     0.0756,    00h13m44s
[118100,  0.0000070]     0.9970,     0.9983,     0.0826,    00h13m06s
[118200,  0.0000067]     0.9988,     1.0000,     0.0654,    00h12m25s
[118300,  0.0000063]     0.9980,     0.9992,     0.0858,    00h11m40s
[118400,  0.0000060]     0.9983,     0.9994,     0.0840,    00h10m58s
[118500,  0.0000056]     0.9975,     0.9992,     0.0976,    00h10m18s
[118600,  0.0000053]     0.9969,     0.9991,     0.0839,    00h09m39s
[118700,  0.0000049]     0.9981,     0.9995,     0.0711,    00h08m55s
[118800,  0.0000046]     0.9991,     1.0000,     0.0667,    00h08m16s
[118900,  0.0000042]     0.9983,     0.9995,     0.0749,    00h07m33s
[119000,  0.0000039]     0.9983,     0.9994,     0.0727,    00h06m53s
[119100,  0.0000035]     0.9995,     1.0000,     0.0652,    00h06m11s
[119200,  0.0000032]     0.9984,     1.0000,     0.0687,    00h05m30s
[119300,  0.0000028]     0.9991,     1.0000,     0.0671,    00h04m48s
[119400,  0.0000025]     0.9992,     1.0000,     0.0664,    00h04m08s
[119500,  0.0000021]     0.9988,     0.9997,     0.0676,    00h03m25s
[119600,  0.0000018]     0.9989,     0.9998,     0.0670,    00h02m45s
[119700,  0.0000014]     0.9989,     0.9991,     0.0812,    00h02m03s
[119800,  0.0000011]     0.9980,     0.9994,     0.0914,    00h01m22s
[119900,  0.0000007]     0.9981,     0.9992,     0.0690,    00h00m41s
[120000,  0.0000004]     0.9973,     0.9997,     0.0694,    00h00m00s
Validation MACE: 0.087989
