Parameter Count: 930114
Training with 118287 image pairs
[   100,  0.0000223]     0.0008,     0.0077,    25.0573,    13h51m16s
[   200,  0.0000287]     0.0011,     0.0063,    24.5567,    13h48m01s
[   300,  0.0000351]     0.0002,     0.0075,    23.2142,    13h47m12s
[   400,  0.0000415]     0.0009,     0.0147,    20.3972,    13h46m22s
[   500,  0.0000479]     0.0013,     0.0175,    18.6157,    13h46m59s
[   600,  0.0000543]     0.0030,     0.0277,    16.7031,    13h40m54s
[   700,  0.0000607]     0.0036,     0.0358,    15.1758,    13h43m05s
[   800,  0.0000671]     0.0053,     0.0580,    13.7272,    13h47m11s
[   900,  0.0000735]     0.0081,     0.0675,    12.8532,    13h51m23s
[  1000,  0.0000799]     0.0112,     0.1027,    11.3789,    13h52m53s
[  1100,  0.0000863]     0.0150,     0.1138,    11.1354,    13h47m35s
[  1200,  0.0000927]     0.0161,     0.1455,    10.0145,    13h42m48s
[  1300,  0.0000991]     0.0225,     0.1714,     9.3239,    13h43m07s
[  1400,  0.0001055]     0.0256,     0.1792,     9.1682,    13h42m00s
[  1500,  0.0001119]     0.0284,     0.2000,     8.6808,    13h44m04s
[  1600,  0.0001183]     0.0288,     0.1975,     8.2098,    13h40m16s
[  1700,  0.0001247]     0.0280,     0.2111,     7.8417,    13h42m03s
[  1800,  0.0001311]     0.0253,     0.2091,     7.8625,    13h38m12s
[  1900,  0.0001375]     0.0300,     0.2209,     7.1585,    13h39m38s
[  2000,  0.0001439]     0.0306,     0.2241,     7.0109,    13h39m13s
[  2100,  0.0001502]     0.0325,     0.2380,     6.6268,    13h42m15s
[  2200,  0.0001566]     0.0294,     0.2283,     6.8142,    13h31m43s
[  2300,  0.0001630]     0.0312,     0.2298,     6.7788,    13h39m19s
[  2400,  0.0001694]     0.0319,     0.2398,     6.7691,    13h35m36s
[  2500,  0.0001758]     0.0350,     0.2633,     6.3637,    13h35m25s
[  2600,  0.0001822]     0.0397,     0.2777,     6.2544,    13h37m51s
[  2700,  0.0001886]     0.0437,     0.2861,     6.0296,    13h33m33s
[  2800,  0.0001950]     0.0402,     0.2928,     6.0409,    13h31m29s
[  2900,  0.0002014]     0.0475,     0.3266,     5.6746,    13h35m07s
[  3000,  0.0002078]     0.0525,     0.3417,     5.8511,    13h28m07s
[  3100,  0.0002142]     0.0519,     0.3339,     5.6420,    13h31m44s
[  3200,  0.0002206]     0.0577,     0.3661,     5.5643,    13h32m24s
[  3300,  0.0002270]     0.0639,     0.3780,     5.1067,    13h31m30s
[  3400,  0.0002334]     0.0622,     0.3759,     5.2564,    13h24m28s
[  3500,  0.0002398]     0.0612,     0.3969,     5.1707,    13h27m48s
[  3600,  0.0002462]     0.0772,     0.4058,     5.0817,    13h25m06s
[  3700,  0.0002526]     0.0684,     0.4098,     5.1286,    13h28m47s
[  3800,  0.0002590]     0.0714,     0.4034,     5.2777,    13h26m55s
[  3900,  0.0002654]     0.0792,     0.4306,     4.8309,    13h24m16s
[  4000,  0.0002718]     0.0728,     0.4267,     4.8275,    13h20m41s
[  4100,  0.0002782]     0.0786,     0.4423,     4.7243,    13h25m37s
[  4200,  0.0002846]     0.0803,     0.4458,     4.6828,    13h25m09s
[  4300,  0.0002910]     0.0798,     0.4548,     4.8480,    13h27m30s
[  4400,  0.0002973]     0.0823,     0.4691,     4.8301,    13h20m12s
[  4500,  0.0003037]     0.0877,     0.4581,     4.7281,    13h19m04s
[  4600,  0.0003101]     0.0805,     0.4706,     4.4537,    13h16m15s
[  4700,  0.0003165]     0.0922,     0.4852,     4.4722,    13h16m18s
[  4800,  0.0003229]     0.0902,     0.4919,     4.3467,    13h13m19s
[  4900,  0.0003293]     0.0972,     0.4856,     4.4976,    13h19m58s
[  5000,  0.0003357]     0.0988,     0.4928,     4.3009,    13h18m29s
[  5100,  0.0003421]     0.0948,     0.4992,     4.3563,    13h21m58s
[  5200,  0.0003485]     0.0972,     0.4988,     4.3104,    13h17m04s
[  5300,  0.0003549]     0.0909,     0.4938,     4.4157,    13h22m43s
[  5400,  0.0003613]     0.0980,     0.5072,     4.1600,    13h18m52s
[  5500,  0.0003677]     0.1042,     0.5017,     4.3047,    13h18m45s
[  5600,  0.0003741]     0.1050,     0.5238,     4.0504,    13h11m09s
[  5700,  0.0003805]     0.1008,     0.5189,     4.1984,    13h13m57s
[  5800,  0.0003869]     0.0967,     0.5283,     4.0613,    13h12m22s
[  5900,  0.0003933]     0.1053,     0.5411,     3.8237,    13h11m22s
[  6000,  0.0003997]     0.1045,     0.5258,     4.1523,    13h12m09s
[  6100,  0.0003997]     0.1034,     0.5100,     4.1965,    13h10m38s
[  6200,  0.0003993]     0.1103,     0.5384,     4.0049,    13h07m23s
[  6300,  0.0003990]     0.1062,     0.5459,     3.8050,    13h03m32s
[  6400,  0.0003986]     0.0911,     0.5045,     4.3199,    13h04m29s
[  6500,  0.0003983]     0.1069,     0.5534,     3.7575,    13h09m16s
[  6600,  0.0003979]     0.1172,     0.5778,     3.6567,    13h09m30s
[  6700,  0.0003976]     0.1220,     0.5639,     3.6596,    13h08m39s
[  6800,  0.0003972]     0.1170,     0.5541,     4.0155,    13h02m18s
[  6900,  0.0003969]     0.1175,     0.5617,     3.8329,    13h06m46s
[  7000,  0.0003965]     0.1158,     0.5703,     3.6971,    13h03m56s
[  7100,  0.0003962]     0.1195,     0.5786,     3.5972,    13h00m35s
[  7200,  0.0003958]     0.1294,     0.5856,     3.6890,    13h13m00s
[  7300,  0.0003955]     0.1197,     0.5650,     3.9315,    13h02m39s
[  7400,  0.0003951]     0.1306,     0.5990,     3.5701,    13h01m28s
[  7500,  0.0003948]     0.1302,     0.5823,     3.5842,    13h00m05s
[  7600,  0.0003944]     0.1359,     0.6016,     3.4673,    13h00m30s
[  7700,  0.0003941]     0.1313,     0.5925,     3.6037,    12h59m07s
[  7800,  0.0003937]     0.1273,     0.6008,     3.4866,    12h57m35s
[  7900,  0.0003934]     0.1280,     0.5931,     3.5383,    12h57m10s
[  8000,  0.0003930]     0.1347,     0.6145,     3.4395,    12h56m41s
[  8100,  0.0003927]     0.1352,     0.6022,     3.5566,    12h54m52s
[  8200,  0.0003923]     0.1344,     0.6345,     3.2512,    12h51m56s
[  8300,  0.0003920]     0.1331,     0.6123,     3.3912,    12h53m45s
[  8400,  0.0003916]     0.1491,     0.6262,     3.3634,    12h55m39s
[  8500,  0.0003913]     0.1378,     0.6155,     3.4063,    12h53m22s
[  8600,  0.0003909]     0.1372,     0.6384,     3.2862,    12h53m10s
[  8700,  0.0003906]     0.1412,     0.6148,     3.4623,    12h50m30s
[  8800,  0.0003902]     0.1462,     0.6359,     3.1461,    12h50m03s
[  8900,  0.0003899]     0.1423,     0.6325,     3.3142,    12h50m14s
[  9000,  0.0003895]     0.1473,     0.6372,     3.2218,    12h47m02s
[  9100,  0.0003891]     0.1514,     0.6494,     3.2129,    12h53m13s
[  9200,  0.0003888]     0.1467,     0.6306,     3.2459,    12h42m32s
[  9300,  0.0003884]     0.1398,     0.6417,     3.2436,    12h51m11s
[  9400,  0.0003881]     0.1528,     0.6395,     3.1281,    12h47m48s
[  9500,  0.0003877]     0.1447,     0.6469,     3.1643,    12h48m01s
[  9600,  0.0003874]     0.1475,     0.6489,     3.1045,    12h45m53s
[  9700,  0.0003870]     0.1542,     0.6606,     3.0846,    12h46m20s
[  9800,  0.0003867]     0.1591,     0.6617,     3.1011,    12h48m21s
[  9900,  0.0003863]     0.1509,     0.6514,     3.1486,    12h50m43s
[ 10000,  0.0003860]     0.1608,     0.6544,     3.0683,    12h38m45s
Validation MACE: 3.732521
[ 10100,  0.0003856]     0.1561,     0.6641,     2.9708,    12h39m10s
[ 10200,  0.0003853]     0.1647,     0.6570,     3.1569,    12h46m28s
[ 10300,  0.0003849]     0.1605,     0.6706,     3.0347,    12h38m46s
[ 10400,  0.0003846]     0.1602,     0.6633,     3.0296,    12h44m44s
[ 10500,  0.0003842]     0.1681,     0.6717,     3.0426,    12h41m16s
[ 10600,  0.0003839]     0.1553,     0.6686,     3.1861,    12h42m31s
[ 10700,  0.0003835]     0.1580,     0.6742,     3.0156,    12h38m24s
[ 10800,  0.0003832]     0.1750,     0.6689,     3.0042,    12h38m20s
[ 10900,  0.0003828]     0.1552,     0.6656,     3.0542,    12h36m28s
[ 11000,  0.0003825]     0.1623,     0.6748,     2.9974,    12h38m24s
[ 11100,  0.0003821]     0.1655,     0.6730,     2.9503,    12h30m33s
[ 11200,  0.0003818]     0.1617,     0.6723,     3.0029,    12h34m52s
[ 11300,  0.0003814]     0.1777,     0.6823,     2.9728,    12h35m19s
[ 11400,  0.0003811]     0.1605,     0.6764,     2.9960,    12h34m44s
[ 11500,  0.0003807]     0.1791,     0.7027,     2.8075,    12h35m16s
[ 11600,  0.0003804]     0.1731,     0.6825,     2.9400,    12h37m24s
[ 11700,  0.0003800]     0.1677,     0.6833,     2.8744,    12h36m24s
[ 11800,  0.0003797]     0.1705,     0.6773,     2.9843,    12h33m26s
[ 11900,  0.0003793]     0.1720,     0.7031,     2.8741,    12h29m54s
[ 12000,  0.0003790]     0.1777,     0.6969,     2.7858,    12h30m25s
[ 12100,  0.0003786]     0.1828,     0.6967,     2.7998,    12h26m14s
[ 12200,  0.0003783]     0.1744,     0.6933,     2.8197,    12h27m59s
[ 12300,  0.0003779]     0.1789,     0.6930,     2.8759,    12h28m48s
[ 12400,  0.0003776]     0.1739,     0.6916,     2.8573,    12h23m12s
[ 12500,  0.0003772]     0.1836,     0.7008,     2.8245,    12h25m40s
[ 12600,  0.0003769]     0.1780,     0.6977,     2.8650,    12h22m13s
[ 12700,  0.0003765]     0.1806,     0.7131,     2.8172,    12h29m46s
[ 12800,  0.0003762]     0.1786,     0.7034,     2.8308,    12h24m20s
[ 12900,  0.0003758]     0.1806,     0.7014,     2.7896,    12h23m40s
[ 13000,  0.0003755]     0.1845,     0.6963,     2.8212,    12h26m28s
[ 13100,  0.0003751]     0.1930,     0.7077,     2.7128,    12h22m10s
[ 13200,  0.0003748]     0.1862,     0.6995,     2.6814,    12h20m47s
[ 13300,  0.0003744]     0.1881,     0.7133,     2.6837,    12h25m11s
[ 13400,  0.0003741]     0.1873,     0.7086,     2.7566,    12h20m41s
[ 13500,  0.0003737]     0.1938,     0.7173,     2.7003,    12h21m55s
[ 13600,  0.0003734]     0.1902,     0.7123,     2.6853,    12h15m41s
[ 13700,  0.0003730]     0.1978,     0.7258,     2.6723,    12h16m26s
[ 13800,  0.0003727]     0.1930,     0.7111,     2.7418,    12h18m54s
[ 13900,  0.0003723]     0.1723,     0.7075,     2.7204,    12h14m07s
[ 14000,  0.0003720]     0.1981,     0.7245,     2.7333,    12h12m39s
[ 14100,  0.0003716]     0.1981,     0.7242,     2.6466,    12h15m20s
[ 14200,  0.0003713]     0.1945,     0.7188,     2.7604,    12h12m04s
[ 14300,  0.0003709]     0.1891,     0.7173,     2.6577,    12h15m42s
[ 14400,  0.0003706]     0.1784,     0.7044,     2.7746,    12h16m26s
[ 14500,  0.0003702]     0.2027,     0.7333,     2.5299,    12h14m00s
[ 14600,  0.0003699]     0.1964,     0.7283,     2.6569,    12h15m50s
[ 14700,  0.0003695]     0.1928,     0.7281,     2.6544,    12h15m39s
[ 14800,  0.0003692]     0.1823,     0.7152,     2.7178,    12h12m41s
[ 14900,  0.0003688]     0.2037,     0.7350,     2.5669,    12h09m21s
[ 15000,  0.0003685]     0.1998,     0.7139,     2.7038,    12h08m07s
[ 15100,  0.0003681]     0.1977,     0.7261,     2.7128,    12h12m03s
[ 15200,  0.0003678]     0.2003,     0.7462,     2.5914,    12h06m28s
[ 15300,  0.0003674]     0.1928,     0.7244,     2.6262,    12h05m57s
[ 15400,  0.0003671]     0.1998,     0.7311,     2.6530,    12h07m38s
[ 15500,  0.0003667]     0.1997,     0.7272,     2.7666,    12h03m39s
[ 15600,  0.0003664]     0.2098,     0.7312,     2.5789,    12h05m54s
[ 15700,  0.0003660]     0.2117,     0.7364,     2.6274,    12h05m09s
[ 15800,  0.0003657]     0.2000,     0.7320,     2.5864,    12h03m38s
[ 15900,  0.0003653]     0.1941,     0.7247,     2.6187,    12h04m27s
[ 16000,  0.0003650]     0.2000,     0.7370,     2.5988,    11h58m13s
[ 16100,  0.0003646]     0.1998,     0.7445,     2.6213,    12h01m52s
[ 16200,  0.0003643]     0.2062,     0.7323,     2.7455,    12h02m13s
[ 16300,  0.0003639]     0.2047,     0.7419,     2.5789,    11h58m55s
[ 16400,  0.0003636]     0.2105,     0.7408,     2.5662,    12h00m02s
[ 16500,  0.0003632]     0.2013,     0.7320,     2.5673,    12h03m20s
[ 16600,  0.0003629]     0.2141,     0.7392,     2.5761,    11h59m34s
[ 16700,  0.0003625]     0.2242,     0.7562,     2.4577,    11h57m12s
[ 16800,  0.0003622]     0.2156,     0.7458,     2.5695,    11h54m50s
[ 16900,  0.0003618]     0.2238,     0.7608,     2.4179,    11h58m55s
[ 17000,  0.0003615]     0.2155,     0.7394,     2.5221,    11h55m34s
[ 17100,  0.0003611]     0.1938,     0.7234,     2.5761,    11h53m32s
[ 17200,  0.0003608]     0.2059,     0.7448,     2.5170,    11h53m03s
[ 17300,  0.0003604]     0.2181,     0.7477,     2.5807,    11h51m04s
[ 17400,  0.0003601]     0.2180,     0.7623,     2.4740,    11h53m31s
[ 17500,  0.0003597]     0.2164,     0.7591,     2.4976,    11h49m32s
[ 17600,  0.0003593]     0.2370,     0.7681,     2.4289,    11h52m27s
[ 17700,  0.0003590]     0.2014,     0.7395,     2.6116,    11h49m01s
[ 17800,  0.0003586]     0.2164,     0.7608,     2.4157,    11h51m06s
[ 17900,  0.0003583]     0.2203,     0.7486,     2.5418,    11h47m09s
[ 18000,  0.0003579]     0.2098,     0.7509,     2.5050,    11h51m06s
[ 18100,  0.0003576]     0.2267,     0.7752,     2.3972,    11h44m56s
[ 18200,  0.0003572]     0.2309,     0.7723,     2.4960,    11h47m44s
[ 18300,  0.0003569]     0.2270,     0.7631,     2.4656,    11h43m28s
[ 18400,  0.0003565]     0.2234,     0.7683,     2.3664,    11h43m37s
[ 18500,  0.0003562]     0.2039,     0.7539,     2.4724,    11h42m25s
[ 18600,  0.0003558]     0.2184,     0.7581,     2.4212,    11h43m44s
[ 18700,  0.0003555]     0.2177,     0.7541,     2.4535,    11h43m15s
[ 18800,  0.0003551]     0.2231,     0.7675,     2.3610,    11h41m30s
[ 18900,  0.0003548]     0.2156,     0.7648,     2.3616,    11h42m09s
[ 19000,  0.0003544]     0.2239,     0.7653,     2.4549,    11h42m04s
[ 19100,  0.0003541]     0.2252,     0.7644,     2.4228,    11h40m23s
[ 19200,  0.0003537]     0.2162,     0.7539,     2.5249,    11h43m19s
[ 19300,  0.0003534]     0.2145,     0.7720,     2.4413,    11h39m54s
[ 19400,  0.0003530]     0.2328,     0.7695,     2.3799,    11h45m12s
[ 19500,  0.0003527]     0.2316,     0.7673,     2.3937,    11h38m32s
[ 19600,  0.0003523]     0.2178,     0.7628,     2.4442,    11h36m03s
[ 19700,  0.0003520]     0.2378,     0.7523,     2.4655,    11h36m44s
[ 19800,  0.0003516]     0.2175,     0.7584,     2.4655,    11h38m40s
[ 19900,  0.0003513]     0.2277,     0.7705,     2.3976,    11h43m13s
[ 20000,  0.0003509]     0.2283,     0.7673,     2.4910,    11h31m36s
Validation MACE: 2.587023
[ 20100,  0.0003506]     0.2317,     0.7678,     2.3460,    11h34m34s
[ 20200,  0.0003502]     0.2392,     0.7873,     2.2903,    11h36m44s
[ 20300,  0.0003499]     0.2405,     0.7814,     2.3530,    11h34m15s
[ 20400,  0.0003495]     0.2217,     0.7678,     2.2955,    11h32m51s
[ 20500,  0.0003492]     0.2378,     0.7845,     2.2790,    11h31m45s
[ 20600,  0.0003488]     0.2273,     0.7761,     2.3849,    11h30m50s
[ 20700,  0.0003485]     0.2289,     0.7648,     2.3982,    11h26m25s
[ 20800,  0.0003481]     0.2306,     0.7791,     2.3637,    11h31m09s
[ 20900,  0.0003478]     0.2411,     0.7777,     2.3126,    11h27m53s
[ 21000,  0.0003474]     0.2352,     0.7684,     2.3628,    11h22m50s
[ 21100,  0.0003471]     0.2264,     0.7675,     2.4218,    11h25m27s
[ 21200,  0.0003467]     0.2498,     0.7841,     2.2582,    11h22m09s
[ 21300,  0.0003464]     0.2447,     0.7853,     2.3312,    11h27m47s
[ 21400,  0.0003460]     0.2366,     0.7748,     2.2694,    11h25m39s
[ 21500,  0.0003457]     0.2197,     0.7642,     2.3920,    11h21m47s
[ 21600,  0.0003453]     0.2239,     0.7730,     2.3141,    11h19m53s
[ 21700,  0.0003450]     0.2400,     0.7806,     2.3624,    11h25m39s
[ 21800,  0.0003446]     0.2316,     0.7927,     2.2412,    11h22m40s
[ 21900,  0.0003443]     0.2480,     0.7803,     2.4118,    11h19m11s
[ 22000,  0.0003439]     0.2386,     0.7752,     2.3684,    11h27m04s
[ 22100,  0.0003436]     0.2444,     0.7895,     2.2360,    11h17m45s
[ 22200,  0.0003432]     0.2381,     0.7800,     2.3418,    11h21m13s
[ 22300,  0.0003429]     0.2369,     0.7692,     2.3614,    11h15m42s
[ 22400,  0.0003425]     0.2380,     0.7823,     2.2252,    11h14m47s
[ 22500,  0.0003422]     0.2473,     0.7783,     2.2565,    11h19m15s
[ 22600,  0.0003418]     0.2531,     0.7914,     2.2684,    11h19m01s
[ 22700,  0.0003415]     0.2441,     0.7772,     2.3142,    11h14m26s
[ 22800,  0.0003411]     0.2506,     0.7884,     2.2939,    11h13m18s
[ 22900,  0.0003408]     0.2405,     0.7861,     2.3781,    11h15m49s
[ 23000,  0.0003404]     0.2416,     0.7789,     2.3411,    11h11m21s
[ 23100,  0.0003401]     0.2509,     0.7842,     2.2321,    11h13m04s
[ 23200,  0.0003397]     0.2408,     0.7850,     2.3173,    11h13m20s
[ 23300,  0.0003394]     0.2319,     0.7730,     2.3423,    11h08m25s
[ 23400,  0.0003390]     0.2361,     0.7930,     2.1803,    11h05m46s
[ 23500,  0.0003387]     0.2508,     0.7800,     2.3109,    11h11m49s
[ 23600,  0.0003383]     0.2611,     0.8039,     2.1850,    11h13m14s
[ 23700,  0.0003380]     0.2572,     0.7970,     2.1831,    11h09m01s
[ 23800,  0.0003376]     0.2525,     0.8000,     2.1781,    11h10m52s
[ 23900,  0.0003373]     0.2419,     0.7948,     2.2075,    11h07m18s
[ 24000,  0.0003369]     0.2434,     0.7931,     2.2272,    11h06m46s
[ 24100,  0.0003366]     0.2464,     0.7950,     2.2353,    13h34m51s
[ 24200,  0.0003362]     0.2570,     0.7953,     2.2264,    12h11m38s
[ 24300,  0.0003359]     0.2520,     0.7902,     2.3081,    12h58m49s
[ 24400,  0.0003355]     0.2506,     0.8084,     2.2108,    13h13m55s
[ 24500,  0.0003352]     0.2555,     0.7913,     2.2586,    10h59m00s
[ 24600,  0.0003348]     0.2658,     0.8087,     2.1307,    11h03m24s
[ 24700,  0.0003345]     0.2602,     0.7969,     2.1731,    11h05m16s
[ 24800,  0.0003341]     0.2441,     0.7881,     2.3312,    11h01m02s
[ 24900,  0.0003338]     0.2528,     0.8048,     2.1893,    11h00m59s
[ 25000,  0.0003334]     0.2522,     0.7859,     2.2735,    10h57m15s
[ 25100,  0.0003331]     0.2547,     0.7973,     2.2120,    10h57m06s
[ 25200,  0.0003327]     0.2587,     0.7941,     2.2563,    10h57m37s
[ 25300,  0.0003324]     0.2464,     0.7995,     2.1382,    10h56m26s
[ 25400,  0.0003320]     0.2625,     0.8039,     2.0988,    10h54m41s
[ 25500,  0.0003317]     0.2569,     0.7997,     2.2284,    10h56m51s
[ 25600,  0.0003313]     0.2511,     0.7967,     2.2017,    10h57m51s
[ 25700,  0.0003310]     0.2484,     0.8009,     2.1625,    10h54m25s
[ 25800,  0.0003306]     0.2572,     0.7936,     2.2149,    10h53m41s
[ 25900,  0.0003303]     0.2547,     0.8130,     2.1805,    10h53m44s
[ 26000,  0.0003299]     0.2517,     0.7975,     2.2688,    10h53m19s
[ 26100,  0.0003296]     0.2647,     0.8098,     2.1239,    10h51m43s
[ 26200,  0.0003292]     0.2594,     0.8037,     2.1495,    10h53m36s
[ 26300,  0.0003288]     0.2586,     0.7981,     2.2381,    10h49m20s
[ 26400,  0.0003285]     0.2552,     0.8067,     2.1292,    10h49m47s
[ 26500,  0.0003281]     0.2720,     0.8044,     2.1982,    10h50m07s
[ 26600,  0.0003278]     0.2634,     0.8125,     2.1711,    10h48m20s
[ 26700,  0.0003274]     0.2577,     0.8077,     2.2044,    10h50m56s
[ 26800,  0.0003271]     0.2612,     0.8064,     2.1833,    10h50m01s
[ 26900,  0.0003267]     0.2605,     0.8155,     2.1458,    10h44m51s
[ 27000,  0.0003264]     0.2545,     0.7963,     2.1709,    10h47m03s
[ 27100,  0.0003260]     0.2562,     0.8027,     2.1855,    10h47m46s
[ 27200,  0.0003257]     0.2522,     0.8003,     2.3191,    10h46m09s
[ 27300,  0.0003253]     0.2839,     0.8198,     2.1062,    10h42m51s
[ 27400,  0.0003250]     0.2666,     0.8102,     2.1946,    10h42m33s
[ 27500,  0.0003246]     0.2527,     0.8073,     2.1405,    10h43m01s
[ 27600,  0.0003243]     0.2570,     0.8011,     2.2025,    10h41m20s
[ 27700,  0.0003239]     0.2628,     0.8119,     2.1351,    10h41m58s
[ 27800,  0.0003236]     0.2572,     0.7919,     2.2598,    10h43m15s
[ 27900,  0.0003232]     0.2620,     0.8073,     2.1662,    10h40m55s
[ 28000,  0.0003229]     0.2625,     0.8102,     2.1340,    10h42m20s
[ 28100,  0.0003225]     0.2619,     0.8044,     2.1731,    10h37m26s
[ 28200,  0.0003222]     0.2745,     0.8195,     2.1339,    10h39m53s
[ 28300,  0.0003218]     0.2705,     0.8247,     2.0068,    10h38m18s
[ 28400,  0.0003215]     0.2700,     0.8205,     2.0894,    10h44m31s
[ 28500,  0.0003211]     0.2708,     0.8150,     2.1177,    10h34m30s
[ 28600,  0.0003208]     0.2753,     0.8250,     2.0365,    10h35m45s
[ 28700,  0.0003204]     0.2756,     0.8203,     2.0670,    10h33m57s
[ 28800,  0.0003201]     0.2611,     0.8145,     2.0984,    10h34m26s
[ 28900,  0.0003197]     0.2653,     0.8125,     2.1935,    10h34m10s
[ 29000,  0.0003194]     0.2694,     0.8219,     2.0438,    10h33m19s
[ 29100,  0.0003190]     0.2716,     0.8144,     2.0941,    10h32m26s
[ 29200,  0.0003187]     0.2687,     0.8183,     2.0882,    10h36m20s
[ 29300,  0.0003183]     0.2683,     0.8077,     2.2138,    10h26m21s
[ 29400,  0.0003180]     0.2611,     0.8191,     2.0812,    10h33m12s
[ 29500,  0.0003176]     0.2586,     0.8153,     2.1788,    10h28m36s
[ 29600,  0.0003173]     0.2823,     0.8117,     2.1029,    10h27m45s
[ 29700,  0.0003169]     0.2633,     0.8159,     2.1900,    10h27m14s
[ 29800,  0.0003166]     0.2637,     0.8122,     2.1593,    10h31m53s
[ 29900,  0.0003162]     0.2584,     0.8105,     2.1103,    10h33m34s
[ 30000,  0.0003159]     0.2658,     0.8119,     2.1229,    10h24m06s
Validation MACE: 2.115242
[ 30100,  0.0003155]     0.2767,     0.8164,     2.1276,    10h23m49s
[ 30200,  0.0003152]     0.2622,     0.8147,     2.1281,    10h22m42s
[ 30300,  0.0003148]     0.2762,     0.8136,     2.0873,    10h22m55s
[ 30400,  0.0003145]     0.2761,     0.8291,     2.0265,    10h24m00s
[ 30500,  0.0003141]     0.2780,     0.8211,     2.0718,    10h23m16s
[ 30600,  0.0003138]     0.2611,     0.8153,     2.0972,    10h21m41s
[ 30700,  0.0003134]     0.2794,     0.8144,     2.0991,    10h19m19s
[ 30800,  0.0003131]     0.2717,     0.8163,     2.1365,    10h22m42s
[ 30900,  0.0003127]     0.2770,     0.8136,     2.1096,    10h20m07s
[ 31000,  0.0003124]     0.2725,     0.8200,     2.0861,    10h14m27s
[ 31100,  0.0003120]     0.2725,     0.8287,     2.0767,    10h17m54s
[ 31200,  0.0003117]     0.2864,     0.8330,     2.0294,    10h14m56s
[ 31300,  0.0003113]     0.2648,     0.8139,     2.0584,    10h19m46s
[ 31400,  0.0003110]     0.2722,     0.8217,     2.0687,    10h15m32s
[ 31500,  0.0003106]     0.2814,     0.8142,     2.1372,    10h14m20s
[ 31600,  0.0003103]     0.2622,     0.8119,     2.1148,    10h19m47s
[ 31700,  0.0003099]     0.2812,     0.8202,     2.0394,    10h13m10s
[ 31800,  0.0003096]     0.2797,     0.8237,     2.0283,    10h16m15s
[ 31900,  0.0003092]     0.2820,     0.8245,     2.0671,    10h14m19s
[ 32000,  0.0003089]     0.2833,     0.8313,     2.0034,    10h10m52s
[ 32100,  0.0003085]     0.2867,     0.8241,     2.0475,    10h12m43s
[ 32200,  0.0003082]     0.2831,     0.8234,     2.0566,    10h09m56s
[ 32300,  0.0003078]     0.2825,     0.8272,     2.0311,    10h07m15s
[ 32400,  0.0003075]     0.2919,     0.8258,     1.9832,    10h09m24s
[ 32500,  0.0003071]     0.2889,     0.8277,     1.9901,    10h05m01s
[ 32600,  0.0003068]     0.2900,     0.8264,     2.0726,    10h08m23s
[ 32700,  0.0003064]     0.2859,     0.8309,     2.0081,    10h09m05s
[ 32800,  0.0003061]     0.2898,     0.8222,     2.0671,    10h07m13s
[ 32900,  0.0003057]     0.2823,     0.8267,     2.0254,    10h08m16s
[ 33000,  0.0003054]     0.2755,     0.8353,     1.9663,    10h05m00s
[ 33100,  0.0003050]     0.2972,     0.8316,     1.9493,    10h03m46s
[ 33200,  0.0003047]     0.2863,     0.8287,     2.1238,    10h02m30s
[ 33300,  0.0003043]     0.2830,     0.8294,     2.0960,    10h04m10s
[ 33400,  0.0003040]     0.3041,     0.8281,     2.0217,    09h59m43s
[ 33500,  0.0003036]     0.2827,     0.8289,     2.0666,    09h58m07s
[ 33600,  0.0003033]     0.2850,     0.8347,     2.0085,    09h59m14s
[ 33700,  0.0003029]     0.2952,     0.8352,     2.0423,    09h59m06s
[ 33800,  0.0003026]     0.2884,     0.8331,     2.0171,    10h00m56s
[ 33900,  0.0003022]     0.2908,     0.8387,     2.0189,    09h57m18s
[ 34000,  0.0003019]     0.2952,     0.8303,     2.0564,    09h58m01s
[ 34100,  0.0003015]     0.3038,     0.8370,     2.0133,    09h55m09s
[ 34200,  0.0003012]     0.2969,     0.8386,     1.9845,    09h53m40s
[ 34300,  0.0003008]     0.2975,     0.8292,     2.0573,    09h54m14s
[ 34400,  0.0003005]     0.2920,     0.8323,     1.9392,    09h54m12s
[ 34500,  0.0003001]     0.2939,     0.8377,     1.9673,    09h52m53s
[ 34600,  0.0002998]     0.2936,     0.8427,     1.9287,    09h52m13s
[ 34700,  0.0002994]     0.2903,     0.8337,     1.9845,    09h54m37s
[ 34800,  0.0002990]     0.2866,     0.8284,     2.0435,    09h55m09s
[ 34900,  0.0002987]     0.2889,     0.8322,     2.0408,    09h50m59s
[ 35000,  0.0002983]     0.2953,     0.8277,     2.0872,    09h51m37s
[ 35100,  0.0002980]     0.2970,     0.8331,     2.0301,    09h52m02s
[ 35200,  0.0002976]     0.3137,     0.8456,     1.9372,    09h49m38s
[ 35300,  0.0002973]     0.2920,     0.8344,     1.9962,    09h47m09s
[ 35400,  0.0002969]     0.2858,     0.8345,     1.9757,    09h48m24s
[ 35500,  0.0002966]     0.2963,     0.8398,     1.9638,    09h45m01s
[ 35600,  0.0002962]     0.3014,     0.8400,     1.9908,    09h45m37s
[ 35700,  0.0002959]     0.2967,     0.8408,     1.9350,    09h45m51s
[ 35800,  0.0002955]     0.2817,     0.8358,     1.9944,    09h46m42s
[ 35900,  0.0002952]     0.2961,     0.8284,     2.1005,    09h45m43s
[ 36000,  0.0002948]     0.2889,     0.8322,     1.9773,    09h41m51s
[ 36100,  0.0002945]     0.2973,     0.8402,     1.9486,    09h44m13s
[ 36200,  0.0002941]     0.2959,     0.8445,     1.9540,    09h40m06s
[ 36300,  0.0002938]     0.3047,     0.8383,     2.0260,    09h39m55s
[ 36400,  0.0002934]     0.2886,     0.8355,     1.9969,    09h42m11s
[ 36500,  0.0002931]     0.2994,     0.8442,     1.9311,    09h39m04s
[ 36600,  0.0002927]     0.3141,     0.8445,     1.9634,    09h39m28s
[ 36700,  0.0002924]     0.2994,     0.8430,     2.0110,    09h39m41s
[ 36800,  0.0002920]     0.2975,     0.8441,     1.9125,    09h41m41s
[ 36900,  0.0002917]     0.3050,     0.8439,     1.9182,    09h34m25s
[ 37000,  0.0002913]     0.3010,     0.8521,     1.8748,    09h37m28s
[ 37100,  0.0002910]     0.2983,     0.8373,     2.0121,    09h37m30s
[ 37200,  0.0002906]     0.2991,     0.8431,     1.9707,    09h35m12s
[ 37300,  0.0002903]     0.3137,     0.8530,     1.8934,    09h34m49s
[ 37400,  0.0002899]     0.3225,     0.8372,     1.9406,    09h35m26s
[ 37500,  0.0002896]     0.3047,     0.8494,     1.8782,    09h33m23s
[ 37600,  0.0002892]     0.3045,     0.8512,     1.8969,    09h30m03s
[ 37700,  0.0002889]     0.3031,     0.8445,     1.9563,    09h29m43s
[ 37800,  0.0002885]     0.3013,     0.8445,     1.9100,    09h30m13s
[ 37900,  0.0002882]     0.3053,     0.8425,     1.9480,    09h29m27s
[ 38000,  0.0002878]     0.3034,     0.8511,     1.9214,    09h30m12s
[ 38100,  0.0002875]     0.3095,     0.8400,     2.0009,    09h28m42s
[ 38200,  0.0002871]     0.2986,     0.8431,     1.9748,    09h27m26s
[ 38300,  0.0002868]     0.3003,     0.8577,     1.8545,    09h29m50s
[ 38400,  0.0002864]     0.3183,     0.8498,     1.9368,    09h27m53s
[ 38500,  0.0002861]     0.3075,     0.8359,     1.9809,    09h26m46s
[ 38600,  0.0002857]     0.3061,     0.8473,     1.9382,    09h23m46s
[ 38700,  0.0002854]     0.3119,     0.8478,     1.9194,    09h25m25s
[ 38800,  0.0002850]     0.3102,     0.8555,     1.8513,    09h26m27s
[ 38900,  0.0002847]     0.3088,     0.8494,     1.8808,    09h22m26s
[ 39000,  0.0002843]     0.3050,     0.8439,     1.9263,    09h20m27s
[ 39100,  0.0002840]     0.3033,     0.8419,     2.0037,    09h20m42s
[ 39200,  0.0002836]     0.3134,     0.8512,     1.8949,    09h23m02s
[ 39300,  0.0002833]     0.3228,     0.8577,     1.9218,    09h20m29s
[ 39400,  0.0002829]     0.3059,     0.8506,     1.8983,    09h19m15s
[ 39500,  0.0002826]     0.3083,     0.8498,     1.8786,    09h19m31s
[ 39600,  0.0002822]     0.3159,     0.8525,     1.8872,    09h16m07s
[ 39700,  0.0002819]     0.3072,     0.8525,     1.9470,    09h15m43s
[ 39800,  0.0002815]     0.3086,     0.8506,     1.8678,    09h22m10s
[ 39900,  0.0002812]     0.3059,     0.8406,     1.9406,    09h17m11s
[ 40000,  0.0002808]     0.3178,     0.8467,     1.9343,    09h15m12s
Validation MACE: 1.796192
[ 40100,  0.0002805]     0.3145,     0.8555,     1.8544,    09h12m22s
[ 40200,  0.0002801]     0.3172,     0.8416,     1.9116,    09h15m24s
[ 40300,  0.0002798]     0.3058,     0.8491,     1.9458,    09h12m21s
[ 40400,  0.0002794]     0.3073,     0.8500,     1.8901,    09h15m51s
[ 40500,  0.0002791]     0.3042,     0.8486,     1.9558,    09h10m31s
[ 40600,  0.0002787]     0.3170,     0.8592,     1.8850,    09h11m51s
[ 40700,  0.0002784]     0.3241,     0.8456,     1.9334,    09h10m02s
[ 40800,  0.0002780]     0.3175,     0.8508,     1.9012,    09h12m01s
[ 40900,  0.0002777]     0.3113,     0.8512,     1.8901,    09h08m29s
[ 41000,  0.0002773]     0.3164,     0.8530,     1.9436,    09h10m04s
[ 41100,  0.0002770]     0.3055,     0.8394,     1.9532,    09h09m34s
[ 41200,  0.0002766]     0.3214,     0.8556,     1.8915,    09h08m54s
[ 41300,  0.0002763]     0.3150,     0.8472,     1.9552,    09h07m38s
[ 41400,  0.0002759]     0.3227,     0.8536,     1.8588,    09h11m19s
[ 41500,  0.0002756]     0.3002,     0.8527,     1.8591,    09h05m29s
[ 41600,  0.0002752]     0.3056,     0.8480,     1.9229,    09h04m17s
[ 41700,  0.0002749]     0.3178,     0.8534,     1.8915,    09h03m54s
[ 41800,  0.0002745]     0.3167,     0.8573,     1.8948,    08h59m48s
[ 41900,  0.0002742]     0.3244,     0.8594,     1.8203,    09h05m11s
[ 42000,  0.0002738]     0.3100,     0.8473,     1.9300,    09h01m16s
[ 42100,  0.0002735]     0.3072,     0.8542,     1.8950,    08h59m50s
[ 42200,  0.0002731]     0.3036,     0.8434,     1.9571,    08h59m06s
[ 42300,  0.0002728]     0.3159,     0.8538,     1.9435,    09h00m02s
[ 42400,  0.0002724]     0.3167,     0.8472,     1.8857,    08h59m46s
[ 42500,  0.0002721]     0.3172,     0.8541,     1.8908,    09h00m23s
[ 42600,  0.0002717]     0.3281,     0.8641,     1.8193,    08h54m53s
[ 42700,  0.0002714]     0.3212,     0.8655,     1.8402,    08h59m24s
[ 42800,  0.0002710]     0.3256,     0.8503,     1.8343,    08h55m17s
[ 42900,  0.0002707]     0.3283,     0.8591,     1.8706,    08h53m46s
[ 43000,  0.0002703]     0.3141,     0.8469,     1.8816,    08h52m37s
[ 43100,  0.0002700]     0.3123,     0.8630,     1.8335,    08h54m47s
[ 43200,  0.0002696]     0.3325,     0.8573,     1.8277,    08h53m32s
[ 43300,  0.0002692]     0.3167,     0.8517,     1.8724,    08h52m30s
[ 43400,  0.0002689]     0.3159,     0.8550,     1.8817,    08h53m11s
[ 43500,  0.0002685]     0.3180,     0.8581,     1.8222,    08h52m21s
[ 43600,  0.0002682]     0.3123,     0.8533,     1.9318,    08h52m43s
[ 43700,  0.0002678]     0.3220,     0.8588,     1.8842,    08h47m10s
[ 43800,  0.0002675]     0.3267,     0.8606,     1.8516,    08h47m48s
[ 43900,  0.0002671]     0.3150,     0.8567,     1.8750,    08h51m37s
[ 44000,  0.0002668]     0.3236,     0.8638,     1.8301,    08h47m09s
[ 44100,  0.0002664]     0.3200,     0.8564,     1.8990,    08h48m57s
[ 44200,  0.0002661]     0.3333,     0.8620,     1.8420,    08h51m24s
[ 44300,  0.0002657]     0.3245,     0.8628,     1.8195,    08h48m09s
[ 44400,  0.0002654]     0.3236,     0.8618,     1.8035,    08h47m29s
[ 44500,  0.0002650]     0.3295,     0.8639,     1.8483,    08h49m18s
[ 44600,  0.0002647]     0.3294,     0.8544,     1.8970,    08h46m11s
[ 44700,  0.0002643]     0.3216,     0.8608,     1.8718,    08h53m28s
[ 44800,  0.0002640]     0.3347,     0.8584,     1.8590,    08h40m55s
[ 44900,  0.0002636]     0.3141,     0.8586,     1.8702,    08h41m46s
[ 45000,  0.0002633]     0.3283,     0.8581,     1.8364,    08h42m21s
[ 45100,  0.0002629]     0.3336,     0.8727,     1.7604,    08h40m06s
[ 45200,  0.0002626]     0.3273,     0.8625,     1.8478,    08h42m57s
[ 45300,  0.0002622]     0.3333,     0.8716,     1.7867,    08h39m37s
[ 45400,  0.0002619]     0.3298,     0.8586,     1.8712,    08h38m11s
[ 45500,  0.0002615]     0.3334,     0.8717,     1.7307,    08h38m44s
[ 45600,  0.0002612]     0.3206,     0.8578,     1.8179,    08h45m04s
[ 45700,  0.0002608]     0.3330,     0.8688,     1.7925,    08h38m38s
[ 45800,  0.0002605]     0.3153,     0.8617,     1.8369,    08h33m32s
[ 45900,  0.0002601]     0.3336,     0.8678,     1.7794,    08h33m32s
[ 46000,  0.0002598]     0.3305,     0.8550,     1.8547,    08h36m51s
[ 46100,  0.0002594]     0.3270,     0.8641,     1.7890,    08h29m28s
[ 46200,  0.0002591]     0.3377,     0.8698,     1.7656,    08h34m27s
[ 46300,  0.0002587]     0.3206,     0.8619,     1.8414,    08h33m20s
[ 46400,  0.0002584]     0.3334,     0.8628,     1.8217,    08h33m12s
[ 46500,  0.0002580]     0.3302,     0.8617,     1.8582,    08h30m15s
[ 46600,  0.0002577]     0.3342,     0.8634,     1.7877,    08h27m38s
[ 46700,  0.0002573]     0.3411,     0.8586,     1.8102,    08h30m08s
[ 46800,  0.0002570]     0.3409,     0.8678,     1.8072,    08h29m03s
[ 46900,  0.0002566]     0.3266,     0.8581,     1.8173,    08h30m51s
[ 47000,  0.0002563]     0.3336,     0.8631,     1.8195,    08h26m09s
[ 47100,  0.0002559]     0.3348,     0.8611,     1.8042,    08h26m10s
[ 47200,  0.0002556]     0.3289,     0.8644,     1.8332,    08h28m45s
[ 47300,  0.0002552]     0.3330,     0.8661,     1.8067,    08h25m44s
[ 47400,  0.0002549]     0.3361,     0.8672,     1.7375,    08h25m57s
[ 47500,  0.0002545]     0.3205,     0.8722,     1.7886,    08h22m49s
[ 47600,  0.0002542]     0.3237,     0.8709,     1.8034,    08h23m35s
[ 47700,  0.0002538]     0.3292,     0.8627,     1.8801,    08h21m35s
[ 47800,  0.0002535]     0.3353,     0.8641,     1.8341,    08h21m01s
[ 47900,  0.0002531]     0.3233,     0.8578,     1.8465,    08h19m39s
[ 48000,  0.0002528]     0.3339,     0.8636,     1.8762,    08h20m16s
[ 48100,  0.0002524]     0.3278,     0.8683,     1.7921,    08h20m42s
[ 48200,  0.0002521]     0.3291,     0.8669,     1.8064,    08h20m53s
[ 48300,  0.0002517]     0.3283,     0.8564,     1.8338,    08h18m56s
[ 48400,  0.0002514]     0.3408,     0.8659,     1.7614,    08h17m09s
[ 48500,  0.0002510]     0.3503,     0.8786,     1.7430,    08h18m59s
[ 48600,  0.0002507]     0.3302,     0.8659,     1.7346,    08h18m00s
[ 48700,  0.0002503]     0.3416,     0.8677,     1.7786,    08h13m23s
[ 48800,  0.0002500]     0.3369,     0.8695,     1.7962,    08h14m36s
[ 48900,  0.0002496]     0.3425,     0.8664,     1.7835,    08h12m17s
[ 49000,  0.0002493]     0.3305,     0.8672,     1.7938,    08h15m19s
[ 49100,  0.0002489]     0.3245,     0.8616,     1.8537,    08h14m03s
[ 49200,  0.0002486]     0.3430,     0.8722,     1.7916,    08h14m42s
[ 49300,  0.0002482]     0.3472,     0.8680,     1.7340,    08h13m45s
[ 49400,  0.0002479]     0.3438,     0.8739,     1.7999,    08h11m56s
[ 49500,  0.0002475]     0.3467,     0.8722,     1.7825,    08h10m14s
[ 49600,  0.0002472]     0.3362,     0.8703,     1.7862,    08h09m00s
[ 49700,  0.0002468]     0.3447,     0.8700,     1.7546,    08h05m58s
[ 49800,  0.0002465]     0.3473,     0.8736,     1.7487,    08h10m49s
[ 49900,  0.0002461]     0.3237,     0.8694,     1.7729,    08h11m10s
[ 50000,  0.0002458]     0.3381,     0.8628,     1.8310,    08h03m54s
Validation MACE: 1.794548
[ 50100,  0.0002454]     0.3389,     0.8745,     1.7089,    08h02m14s
[ 50200,  0.0002451]     0.3303,     0.8641,     1.8272,    08h04m38s
[ 50300,  0.0002447]     0.3475,     0.8705,     1.7850,    08h03m41s
[ 50400,  0.0002444]     0.3486,     0.8741,     1.7443,    08h03m30s
[ 50500,  0.0002440]     0.3278,     0.8659,     1.7773,    08h00m42s
[ 50600,  0.0002437]     0.3381,     0.8648,     1.8153,    08h04m54s
[ 50700,  0.0002433]     0.3450,     0.8722,     1.7502,    08h03m15s
[ 50800,  0.0002430]     0.3417,     0.8753,     1.7644,    07h57m34s
[ 50900,  0.0002426]     0.3392,     0.8783,     1.7442,    08h00m47s
[ 51000,  0.0002423]     0.3370,     0.8705,     1.8196,    08h00m43s
[ 51100,  0.0002419]     0.3405,     0.8736,     1.7805,    07h58m22s
[ 51200,  0.0002416]     0.3311,     0.8689,     1.7683,    07h57m42s
[ 51300,  0.0002412]     0.3367,     0.8716,     1.7312,    07h55m50s
[ 51400,  0.0002409]     0.3464,     0.8705,     1.7536,    07h57m52s
[ 51500,  0.0002405]     0.3345,     0.8753,     1.7555,    07h53m50s
[ 51600,  0.0002402]     0.3494,     0.8739,     1.7583,    07h55m53s
[ 51700,  0.0002398]     0.3378,     0.8667,     1.8736,    07h52m31s
[ 51800,  0.0002395]     0.3420,     0.8812,     1.7024,    07h53m23s
[ 51900,  0.0002391]     0.3423,     0.8675,     1.8043,    07h55m08s
[ 52000,  0.0002387]     0.3480,     0.8775,     1.7265,    07h53m17s
[ 52100,  0.0002384]     0.3439,     0.8811,     1.7157,    07h51m03s
[ 52200,  0.0002380]     0.3450,     0.8653,     1.7908,    07h51m10s
[ 52300,  0.0002377]     0.3403,     0.8725,     1.7785,    07h48m33s
[ 52400,  0.0002373]     0.3458,     0.8786,     1.7343,    07h49m54s
[ 52500,  0.0002370]     0.3417,     0.8688,     1.7891,    07h48m05s
[ 52600,  0.0002366]     0.3475,     0.8702,     1.7252,    07h47m01s
[ 52700,  0.0002363]     0.3389,     0.8742,     1.7649,    07h47m36s
[ 52800,  0.0002359]     0.3519,     0.8745,     1.7698,    07h47m00s
[ 52900,  0.0002356]     0.3384,     0.8694,     1.7985,    07h45m24s
[ 53000,  0.0002352]     0.3322,     0.8758,     1.7619,    07h45m24s
[ 53100,  0.0002349]     0.3455,     0.8734,     1.7901,    07h45m22s
[ 53200,  0.0002345]     0.3378,     0.8769,     1.7196,    07h42m58s
[ 53300,  0.0002342]     0.3561,     0.8748,     1.7466,    07h44m00s
[ 53400,  0.0002338]     0.3486,     0.8716,     1.7627,    07h44m26s
[ 53500,  0.0002335]     0.3553,     0.8805,     1.7102,    07h44m06s
[ 53600,  0.0002331]     0.3391,     0.8748,     1.7925,    07h38m38s
[ 53700,  0.0002328]     0.3305,     0.8742,     1.7687,    07h37m58s
[ 53800,  0.0002324]     0.3502,     0.8756,     1.7465,    07h45m05s
[ 53900,  0.0002321]     0.3511,     0.8759,     1.7646,    07h38m26s
[ 54000,  0.0002317]     0.3544,     0.8756,     1.7596,    07h36m55s
[ 54100,  0.0002314]     0.3553,     0.8767,     1.7840,    07h40m12s
[ 54200,  0.0002310]     0.3456,     0.8772,     1.7548,    07h40m15s
[ 54300,  0.0002307]     0.3617,     0.8727,     1.7454,    07h38m25s
[ 54400,  0.0002303]     0.3519,     0.8791,     1.7316,    07h36m33s
[ 54500,  0.0002300]     0.3583,     0.8816,     1.7227,    07h36m17s
[ 54600,  0.0002296]     0.3470,     0.8769,     1.8114,    07h34m59s
[ 54700,  0.0002293]     0.3544,     0.8791,     1.7097,    07h33m27s
[ 54800,  0.0002289]     0.3452,     0.8766,     1.7559,    07h33m05s
[ 54900,  0.0002286]     0.3586,     0.8806,     1.7228,    07h32m53s
[ 55000,  0.0002282]     0.3530,     0.8819,     1.7036,    07h31m05s
[ 55100,  0.0002279]     0.3575,     0.8839,     1.6639,    07h29m07s
[ 55200,  0.0002275]     0.3544,     0.8800,     1.7270,    07h31m27s
[ 55300,  0.0002272]     0.3497,     0.8723,     1.7240,    07h27m33s
[ 55400,  0.0002268]     0.3608,     0.8797,     1.7301,    07h28m55s
[ 55500,  0.0002265]     0.3616,     0.8825,     1.6385,    07h28m24s
[ 55600,  0.0002261]     0.3586,     0.8783,     1.7562,    07h28m31s
[ 55700,  0.0002258]     0.3538,     0.8766,     1.7555,    07h26m49s
[ 55800,  0.0002254]     0.3564,     0.8758,     1.7152,    07h24m36s
[ 55900,  0.0002251]     0.3645,     0.8850,     1.6473,    07h25m51s
[ 56000,  0.0002247]     0.3639,     0.8823,     1.6694,    07h24m12s
[ 56100,  0.0002244]     0.3553,     0.8827,     1.6809,    07h26m01s
[ 56200,  0.0002240]     0.3648,     0.8805,     1.6946,    07h24m37s
[ 56300,  0.0002237]     0.3628,     0.8834,     1.6813,    07h23m17s
[ 56400,  0.0002233]     0.3619,     0.8867,     1.6724,    07h21m36s
[ 56500,  0.0002230]     0.3561,     0.8770,     1.7221,    07h18m36s
[ 56600,  0.0002226]     0.3698,     0.8898,     1.6516,    07h20m52s
[ 56700,  0.0002223]     0.3645,     0.8808,     1.7054,    07h18m29s
[ 56800,  0.0002219]     0.3563,     0.8817,     1.6990,    07h21m05s
[ 56900,  0.0002216]     0.3458,     0.8842,     1.7338,    07h16m29s
[ 57000,  0.0002212]     0.3570,     0.8812,     1.7094,    07h18m50s
[ 57100,  0.0002209]     0.3573,     0.8791,     1.7474,    07h16m46s
[ 57200,  0.0002205]     0.3520,     0.8783,     1.7309,    07h15m53s
[ 57300,  0.0002202]     0.3713,     0.8838,     1.6739,    07h16m16s
[ 57400,  0.0002198]     0.3605,     0.8841,     1.6746,    07h15m03s
[ 57500,  0.0002195]     0.3517,     0.8772,     1.7245,    07h14m32s
[ 57600,  0.0002191]     0.3575,     0.8827,     1.7006,    07h13m11s
[ 57700,  0.0002188]     0.3642,     0.8758,     1.6915,    07h14m54s
[ 57800,  0.0002184]     0.3533,     0.8834,     1.7228,    07h14m11s
[ 57900,  0.0002181]     0.3642,     0.8834,     1.6842,    07h10m01s
[ 58000,  0.0002177]     0.3623,     0.8711,     1.7476,    07h11m40s
[ 58100,  0.0002174]     0.3575,     0.8722,     1.7437,    07h10m08s
[ 58200,  0.0002170]     0.3567,     0.8769,     1.7106,    07h10m16s
[ 58300,  0.0002167]     0.3522,     0.8775,     1.7257,    07h05m55s
[ 58400,  0.0002163]     0.3644,     0.8870,     1.6732,    07h09m39s
[ 58500,  0.0002160]     0.3525,     0.8791,     1.7219,    07h06m05s
[ 58600,  0.0002156]     0.3630,     0.8827,     1.6650,    07h08m13s
[ 58700,  0.0002153]     0.3589,     0.8772,     1.7156,    07h06m33s
[ 58800,  0.0002149]     0.3566,     0.8808,     1.6950,    07h05m26s
[ 58900,  0.0002146]     0.3638,     0.8800,     1.7590,    07h03m17s
[ 59000,  0.0002142]     0.3597,     0.8828,     1.6630,    07h06m50s
[ 59100,  0.0002139]     0.3595,     0.8834,     1.7498,    07h02m59s
[ 59200,  0.0002135]     0.3634,     0.8886,     1.6775,    07h02m21s
[ 59300,  0.0002132]     0.3767,     0.8930,     1.6464,    07h00m49s
[ 59400,  0.0002128]     0.3678,     0.8902,     1.6620,    07h01m41s
[ 59500,  0.0002125]     0.3589,     0.8828,     1.7331,    06h59m33s
[ 59600,  0.0002121]     0.3811,     0.8911,     1.5874,    06h58m18s
[ 59700,  0.0002118]     0.3591,     0.8828,     1.6963,    07h01m51s
[ 59800,  0.0002114]     0.3755,     0.8877,     1.6462,    07h01m07s
[ 59900,  0.0002111]     0.3550,     0.8847,     1.7495,    07h00m45s
[ 60000,  0.0002107]     0.3680,     0.8927,     1.6503,    06h53m35s
Validation MACE: 1.752713
[ 60100,  0.0002104]     0.3816,     0.8903,     1.6555,    06h55m17s
[ 60200,  0.0002100]     0.3727,     0.8858,     1.6877,    06h56m39s
[ 60300,  0.0002097]     0.3658,     0.8750,     1.7562,    06h52m35s
[ 60400,  0.0002093]     0.3658,     0.8888,     1.7091,    06h52m50s
[ 60500,  0.0002089]     0.3513,     0.8784,     1.7092,    06h53m20s
[ 60600,  0.0002086]     0.3623,     0.8886,     1.7261,    06h52m02s
[ 60700,  0.0002082]     0.3653,     0.8850,     1.7489,    06h51m26s
[ 60800,  0.0002079]     0.3659,     0.8812,     1.6930,    06h52m28s
[ 60900,  0.0002075]     0.3719,     0.8819,     1.6795,    06h51m39s
[ 61000,  0.0002072]     0.3567,     0.8808,     1.6996,    06h49m48s
[ 61100,  0.0002068]     0.3733,     0.8948,     1.6278,    06h51m05s
[ 61200,  0.0002065]     0.3805,     0.8847,     1.7015,    06h47m46s
[ 61300,  0.0002061]     0.3655,     0.8912,     1.7159,    06h47m22s
[ 61400,  0.0002058]     0.3611,     0.8822,     1.7047,    06h48m44s
[ 61500,  0.0002054]     0.3773,     0.8911,     1.6799,    06h45m46s
[ 61600,  0.0002051]     0.3708,     0.8900,     1.6784,    06h44m31s
[ 61700,  0.0002047]     0.3666,     0.8878,     1.6865,    06h45m52s
[ 61800,  0.0002044]     0.3606,     0.8820,     1.7196,    06h44m37s
[ 61900,  0.0002040]     0.3598,     0.8855,     1.7224,    06h41m23s
[ 62000,  0.0002037]     0.3661,     0.8858,     1.7070,    06h43m01s
[ 62100,  0.0002033]     0.3656,     0.8872,     1.6735,    06h41m43s
[ 62200,  0.0002030]     0.3602,     0.8905,     1.6614,    06h41m20s
[ 62300,  0.0002026]     0.3795,     0.8917,     1.6856,    06h38m50s
[ 62400,  0.0002023]     0.3647,     0.8745,     1.7636,    06h40m05s
[ 62500,  0.0002019]     0.3681,     0.8894,     1.7071,    06h38m49s
[ 62600,  0.0002016]     0.3659,     0.8839,     1.6720,    06h40m14s
[ 62700,  0.0002012]     0.3698,     0.8886,     1.6435,    06h39m06s
[ 62800,  0.0002009]     0.3706,     0.8866,     1.6554,    06h37m03s
[ 62900,  0.0002005]     0.3784,     0.8869,     1.6236,    06h36m35s
[ 63000,  0.0002002]     0.3759,     0.8828,     1.6807,    06h34m57s
[ 63100,  0.0001998]     0.3800,     0.8909,     1.6914,    06h34m59s
[ 63200,  0.0001995]     0.3750,     0.8897,     1.6731,    06h32m28s
[ 63300,  0.0001991]     0.3664,     0.8828,     1.6638,    06h35m06s
[ 63400,  0.0001988]     0.3713,     0.8875,     1.6699,    06h33m05s
[ 63500,  0.0001984]     0.3772,     0.8866,     1.6626,    06h31m31s
[ 63600,  0.0001981]     0.3750,     0.8814,     1.6511,    06h31m11s
[ 63700,  0.0001977]     0.3734,     0.8856,     1.7030,    06h30m27s
[ 63800,  0.0001974]     0.3800,     0.8886,     1.6260,    06h31m52s
[ 63900,  0.0001970]     0.3766,     0.8781,     1.6782,    06h29m19s
[ 64000,  0.0001967]     0.3764,     0.8995,     1.6109,    06h29m29s
[ 64100,  0.0001963]     0.3786,     0.8934,     1.6354,    06h27m06s
[ 64200,  0.0001960]     0.3781,     0.8941,     1.6462,    06h27m18s
[ 64300,  0.0001956]     0.3738,     0.8866,     1.6615,    06h26m20s
[ 64400,  0.0001953]     0.3686,     0.8836,     1.6380,    06h25m44s
[ 64500,  0.0001949]     0.3711,     0.8941,     1.6465,    06h22m44s
[ 64600,  0.0001946]     0.3677,     0.8888,     1.7126,    06h26m07s
[ 64700,  0.0001942]     0.3709,     0.8875,     1.6219,    06h22m31s
[ 64800,  0.0001939]     0.3711,     0.8864,     1.6649,    06h22m58s
[ 64900,  0.0001935]     0.3744,     0.8877,     1.6461,    06h23m35s
[ 65000,  0.0001932]     0.3875,     0.8962,     1.5890,    06h21m58s
[ 65100,  0.0001928]     0.3897,     0.8931,     1.6452,    06h21m46s
[ 65200,  0.0001925]     0.3700,     0.8862,     1.7017,    06h19m06s
[ 65300,  0.0001921]     0.3783,     0.8884,     1.7081,    06h19m33s
[ 65400,  0.0001918]     0.3844,     0.8931,     1.6261,    06h21m17s
[ 65500,  0.0001914]     0.3772,     0.8881,     1.6250,    06h20m17s
[ 65600,  0.0001911]     0.3694,     0.8970,     1.6067,    06h19m45s
[ 65700,  0.0001907]     0.3714,     0.8870,     1.6536,    06h17m15s
[ 65800,  0.0001904]     0.3812,     0.8866,     1.6616,    06h15m47s
[ 65900,  0.0001900]     0.3669,     0.8906,     1.6326,    06h16m35s
[ 66000,  0.0001897]     0.3931,     0.8992,     1.6123,    06h13m39s
[ 66100,  0.0001893]     0.3734,     0.8950,     1.6015,    06h14m00s
[ 66200,  0.0001890]     0.3772,     0.8962,     1.6170,    06h15m46s
[ 66300,  0.0001886]     0.3762,     0.8906,     1.6494,    06h12m13s
[ 66400,  0.0001883]     0.3884,     0.8944,     1.6157,    06h20m12s
[ 66500,  0.0001879]     0.3716,     0.8889,     1.6588,    06h11m44s
[ 66600,  0.0001876]     0.3842,     0.8888,     1.6707,    06h16m38s
[ 66700,  0.0001872]     0.3834,     0.8908,     1.6225,    06h12m12s
[ 66800,  0.0001869]     0.3906,     0.8966,     1.6028,    06h06m58s
[ 66900,  0.0001865]     0.3636,     0.8936,     1.6440,    06h07m53s
[ 67000,  0.0001862]     0.3773,     0.8867,     1.6929,    06h10m16s
[ 67100,  0.0001858]     0.3809,     0.8973,     1.6074,    06h05m55s
[ 67200,  0.0001855]     0.3744,     0.8820,     1.6821,    06h06m09s
[ 67300,  0.0001851]     0.3836,     0.8886,     1.7085,    06h05m42s
[ 67400,  0.0001848]     0.3833,     0.8972,     1.6329,    06h05m59s
[ 67500,  0.0001844]     0.3862,     0.8939,     1.6190,    06h03m58s
[ 67600,  0.0001841]     0.3773,     0.8934,     1.6089,    06h03m07s
[ 67700,  0.0001837]     0.3819,     0.8866,     1.6729,    06h04m42s
[ 67800,  0.0001834]     0.3847,     0.8922,     1.6555,    06h17m12s
[ 67900,  0.0001830]     0.3925,     0.8956,     1.5871,    06h00m32s
[ 68000,  0.0001827]     0.3756,     0.8880,     1.6806,    06h00m44s
[ 68100,  0.0001823]     0.3867,     0.8909,     1.6468,    06h00m12s
[ 68200,  0.0001820]     0.3805,     0.8944,     1.6235,    05h58m41s
[ 68300,  0.0001816]     0.3837,     0.8938,     1.6592,    06h01m26s
[ 68400,  0.0001813]     0.3797,     0.8952,     1.6146,    05h55m51s
[ 68500,  0.0001809]     0.3831,     0.8970,     1.6018,    05h56m22s
[ 68600,  0.0001806]     0.3806,     0.8927,     1.6766,    05h57m26s
[ 68700,  0.0001802]     0.3805,     0.8850,     1.6595,    05h56m25s
[ 68800,  0.0001799]     0.4017,     0.9014,     1.5799,    05h57m04s
[ 68900,  0.0001795]     0.3877,     0.8905,     1.6001,    05h54m34s
[ 69000,  0.0001791]     0.3783,     0.8906,     1.6367,    05h52m27s
[ 69100,  0.0001788]     0.3934,     0.8956,     1.5840,    05h52m16s
[ 69200,  0.0001784]     0.3820,     0.8880,     1.6340,    05h53m10s
[ 69300,  0.0001781]     0.3759,     0.8966,     1.5996,    05h51m11s
[ 69400,  0.0001777]     0.3817,     0.8961,     1.6271,    05h51m05s
[ 69500,  0.0001774]     0.3786,     0.8986,     1.5911,    05h51m08s
[ 69600,  0.0001770]     0.3887,     0.8886,     1.6243,    05h48m49s
[ 69700,  0.0001767]     0.3894,     0.8948,     1.6193,    05h48m05s
[ 69800,  0.0001763]     0.3880,     0.9002,     1.6093,    05h49m01s
[ 69900,  0.0001760]     0.3837,     0.9030,     1.5891,    05h50m30s
[ 70000,  0.0001756]     0.3916,     0.8961,     1.5665,    05h44m45s
Validation MACE: 1.539590
[ 70100,  0.0001753]     0.3862,     0.8970,     1.6243,    05h45m27s
[ 70200,  0.0001749]     0.3900,     0.9039,     1.5994,    05h47m15s
[ 70300,  0.0001746]     0.3795,     0.9019,     1.5817,    05h44m43s
[ 70400,  0.0001742]     0.3819,     0.8964,     1.5903,    05h44m27s
[ 70500,  0.0001739]     0.3841,     0.8948,     1.6307,    05h43m34s
[ 70600,  0.0001735]     0.3941,     0.9006,     1.6154,    05h44m42s
[ 70700,  0.0001732]     0.3836,     0.8988,     1.6110,    05h42m31s
[ 70800,  0.0001728]     0.3952,     0.8988,     1.5676,    05h41m12s
[ 70900,  0.0001725]     0.3867,     0.8938,     1.6580,    05h42m05s
[ 71000,  0.0001721]     0.3855,     0.9022,     1.5490,    05h41m45s
[ 71100,  0.0001718]     0.3713,     0.8911,     1.6393,    05h39m35s
[ 71200,  0.0001714]     0.3955,     0.8959,     1.6227,    05h40m52s
[ 71300,  0.0001711]     0.3873,     0.8939,     1.6582,    05h38m50s
[ 71400,  0.0001707]     0.3908,     0.9092,     1.5690,    05h37m04s
[ 71500,  0.0001704]     0.3861,     0.8936,     1.6369,    05h37m00s
[ 71600,  0.0001700]     0.3847,     0.8947,     1.5984,    05h35m01s
[ 71700,  0.0001697]     0.3867,     0.9016,     1.6039,    05h34m21s
[ 71800,  0.0001693]     0.3881,     0.8969,     1.6130,    05h33m34s
[ 71900,  0.0001690]     0.3880,     0.8898,     1.6090,    05h33m36s
[ 72000,  0.0001686]     0.4062,     0.9017,     1.5617,    05h33m06s
[ 72100,  0.0001683]     0.3802,     0.8972,     1.6156,    05h32m15s
[ 72200,  0.0001679]     0.3903,     0.8988,     1.5777,    05h31m11s
[ 72300,  0.0001676]     0.3981,     0.9045,     1.5325,    05h29m53s
[ 72400,  0.0001672]     0.3902,     0.9048,     1.5645,    05h31m07s
[ 72500,  0.0001669]     0.3972,     0.9017,     1.5649,    05h29m06s
[ 72600,  0.0001665]     0.3933,     0.8972,     1.5851,    05h28m32s
[ 72700,  0.0001662]     0.3969,     0.8981,     1.5736,    05h28m34s
[ 72800,  0.0001658]     0.4009,     0.9059,     1.5744,    05h27m37s
[ 72900,  0.0001655]     0.3877,     0.8948,     1.6038,    05h27m50s
[ 73000,  0.0001651]     0.4022,     0.9006,     1.5513,    05h29m15s
[ 73100,  0.0001648]     0.4050,     0.9005,     1.5745,    05h27m09s
[ 73200,  0.0001644]     0.3875,     0.8988,     1.6024,    05h25m22s
[ 73300,  0.0001641]     0.3980,     0.9005,     1.6113,    05h25m26s
[ 73400,  0.0001637]     0.4011,     0.9012,     1.5749,    05h25m06s
[ 73500,  0.0001634]     0.3969,     0.9047,     1.5555,    05h22m14s
[ 73600,  0.0001630]     0.3956,     0.9059,     1.5349,    05h23m19s
[ 73700,  0.0001627]     0.3884,     0.8920,     1.6198,    05h20m29s
[ 73800,  0.0001623]     0.3973,     0.9006,     1.5725,    05h25m03s
[ 73900,  0.0001620]     0.3942,     0.8941,     1.6163,    05h19m48s
[ 74000,  0.0001616]     0.3888,     0.9085,     1.5603,    05h19m10s
[ 74100,  0.0001613]     0.3978,     0.9073,     1.5903,    05h19m41s
[ 74200,  0.0001609]     0.3750,     0.8925,     1.6971,    05h19m24s
[ 74300,  0.0001606]     0.4042,     0.9025,     1.5636,    05h17m44s
[ 74400,  0.0001602]     0.3969,     0.8986,     1.5912,    05h16m36s
[ 74500,  0.0001599]     0.3828,     0.8981,     1.6037,    05h16m42s
[ 74600,  0.0001595]     0.4033,     0.9023,     1.5353,    05h16m59s
[ 74700,  0.0001592]     0.4006,     0.9020,     1.5771,    05h13m57s
[ 74800,  0.0001588]     0.3969,     0.8988,     1.5907,    05h14m33s
[ 74900,  0.0001585]     0.3833,     0.9058,     1.5981,    05h11m55s
[ 75000,  0.0001581]     0.4016,     0.8998,     1.5596,    05h12m11s
[ 75100,  0.0001578]     0.3962,     0.9047,     1.5623,    05h12m09s
[ 75200,  0.0001574]     0.3900,     0.8980,     1.6139,    05h10m52s
[ 75300,  0.0001571]     0.3828,     0.8938,     1.6345,    05h11m11s
[ 75400,  0.0001567]     0.3947,     0.9042,     1.5702,    05h08m28s
[ 75500,  0.0001564]     0.4086,     0.9042,     1.5794,    05h08m59s
[ 75600,  0.0001560]     0.3905,     0.8989,     1.5400,    05h07m04s
[ 75700,  0.0001557]     0.3994,     0.8967,     1.5962,    05h07m57s
[ 75800,  0.0001553]     0.3961,     0.8984,     1.5755,    05h04m58s
[ 75900,  0.0001550]     0.3902,     0.9069,     1.5632,    05h05m36s
[ 76000,  0.0001546]     0.4064,     0.9009,     1.6051,    05h06m07s
[ 76100,  0.0001543]     0.4039,     0.9003,     1.5324,    05h03m55s
[ 76200,  0.0001539]     0.3928,     0.9095,     1.5277,    05h03m26s
[ 76300,  0.0001536]     0.4002,     0.9072,     1.5355,    05h04m00s
[ 76400,  0.0001532]     0.3975,     0.9111,     1.5262,    05h02m21s
[ 76500,  0.0001529]     0.4056,     0.9045,     1.5633,    05h02m29s
[ 76600,  0.0001525]     0.3937,     0.8952,     1.5720,    05h01m43s
[ 76700,  0.0001522]     0.3956,     0.9053,     1.5777,    05h00m13s
[ 76800,  0.0001518]     0.4030,     0.9019,     1.5955,    05h00m13s
[ 76900,  0.0001515]     0.3984,     0.9083,     1.5394,    05h00m39s
[ 77000,  0.0001511]     0.4105,     0.9028,     1.5674,    04h57m42s
[ 77100,  0.0001508]     0.4061,     0.9042,     1.5777,    04h56m23s
[ 77200,  0.0001504]     0.3937,     0.9031,     1.6176,    04h57m00s
[ 77300,  0.0001501]     0.4002,     0.9095,     1.5176,    04h55m23s
[ 77400,  0.0001497]     0.4108,     0.8961,     1.6444,    04h56m53s
[ 77500,  0.0001494]     0.4061,     0.9022,     1.5181,    04h55m11s
[ 77600,  0.0001490]     0.4088,     0.9045,     1.5571,    04h54m27s
[ 77700,  0.0001486]     0.3956,     0.8914,     1.6417,    04h53m09s
[ 77800,  0.0001483]     0.3952,     0.9005,     1.6018,    04h52m41s
[ 77900,  0.0001479]     0.4073,     0.9080,     1.5222,    04h51m50s
[ 78000,  0.0001476]     0.3923,     0.8995,     1.5528,    04h52m02s
[ 78100,  0.0001472]     0.4133,     0.9114,     1.5062,    04h50m58s
[ 78200,  0.0001469]     0.3981,     0.9127,     1.5028,    04h50m42s
[ 78300,  0.0001465]     0.4139,     0.9130,     1.4847,    04h50m00s
[ 78400,  0.0001462]     0.3984,     0.9052,     1.5489,    04h49m45s
[ 78500,  0.0001458]     0.4020,     0.9048,     1.5658,    04h49m36s
[ 78600,  0.0001455]     0.3969,     0.9002,     1.5570,    04h46m06s
[ 78700,  0.0001451]     0.3905,     0.8988,     1.5822,    04h46m09s
[ 78800,  0.0001448]     0.3995,     0.9008,     1.5809,    04h47m43s
[ 78900,  0.0001444]     0.4139,     0.9061,     1.5260,    04h45m21s
[ 79000,  0.0001441]     0.4069,     0.9094,     1.5701,    04h43m00s
[ 79100,  0.0001437]     0.4028,     0.9034,     1.5691,    04h44m20s
[ 79200,  0.0001434]     0.4125,     0.9102,     1.5185,    04h45m17s
[ 79300,  0.0001430]     0.3927,     0.9097,     1.5235,    04h43m06s
[ 79400,  0.0001427]     0.3969,     0.9016,     1.5975,    04h42m08s
[ 79500,  0.0001423]     0.4181,     0.9059,     1.5841,    04h42m00s
[ 79600,  0.0001420]     0.4048,     0.9047,     1.6136,    04h40m58s
[ 79700,  0.0001416]     0.4048,     0.9055,     1.5541,    04h37m56s
[ 79800,  0.0001413]     0.4136,     0.9066,     1.5423,    04h41m07s
[ 79900,  0.0001409]     0.4039,     0.9066,     1.5546,    04h41m43s
[ 80000,  0.0001406]     0.4017,     0.9017,     1.5499,    04h38m19s
Validation MACE: 1.450004
[ 80100,  0.0001402]     0.4159,     0.9094,     1.5445,    04h36m34s
[ 80200,  0.0001399]     0.4014,     0.8998,     1.5914,    04h37m38s
[ 80300,  0.0001395]     0.4177,     0.9153,     1.5396,    04h34m09s
[ 80400,  0.0001392]     0.4250,     0.9178,     1.4753,    04h35m49s
[ 80500,  0.0001388]     0.4019,     0.9019,     1.5398,    04h33m14s
[ 80600,  0.0001385]     0.3920,     0.9030,     1.5723,    04h34m39s
[ 80700,  0.0001381]     0.4055,     0.9106,     1.5056,    04h32m50s
[ 80800,  0.0001378]     0.4159,     0.9038,     1.5764,    04h31m22s
[ 80900,  0.0001374]     0.4000,     0.9047,     1.5970,    04h31m09s
[ 81000,  0.0001371]     0.4033,     0.9012,     1.5819,    04h30m34s
[ 81100,  0.0001367]     0.4105,     0.9016,     1.5394,    04h28m14s
[ 81200,  0.0001364]     0.4048,     0.9042,     1.5886,    04h33m36s
[ 81300,  0.0001360]     0.4097,     0.9109,     1.4968,    04h27m11s
[ 81400,  0.0001357]     0.3925,     0.8945,     1.6731,    04h29m05s
[ 81500,  0.0001353]     0.4056,     0.9075,     1.5527,    04h25m41s
[ 81600,  0.0001350]     0.4061,     0.9045,     1.5972,    04h26m12s
[ 81700,  0.0001346]     0.4267,     0.9202,     1.5132,    04h27m44s
[ 81800,  0.0001343]     0.3922,     0.9016,     1.5900,    04h26m09s
[ 81900,  0.0001339]     0.4142,     0.9062,     1.5520,    04h23m39s
[ 82000,  0.0001336]     0.4048,     0.9067,     1.5549,    04h24m17s
[ 82100,  0.0001332]     0.4023,     0.9055,     1.5409,    04h22m40s
[ 82200,  0.0001329]     0.4052,     0.9028,     1.5717,    04h22m28s
[ 82300,  0.0001325]     0.4023,     0.9125,     1.5423,    04h21m26s
[ 82400,  0.0001322]     0.4005,     0.9045,     1.5540,    04h19m38s
[ 82500,  0.0001318]     0.4005,     0.9011,     1.5613,    04h19m49s
[ 82600,  0.0001315]     0.4042,     0.9047,     1.5096,    04h18m42s
[ 82700,  0.0001311]     0.4164,     0.9092,     1.5002,    04h20m49s
[ 82800,  0.0001308]     0.4114,     0.9103,     1.4826,    04h16m40s
[ 82900,  0.0001304]     0.4119,     0.9158,     1.5044,    04h17m25s
[ 83000,  0.0001301]     0.4144,     0.9066,     1.5013,    04h16m23s
[ 83100,  0.0001297]     0.4161,     0.9066,     1.5580,    04h16m04s
[ 83200,  0.0001294]     0.4213,     0.9056,     1.5687,    04h16m56s
[ 83300,  0.0001290]     0.4131,     0.9067,     1.5337,    04h14m29s
[ 83400,  0.0001287]     0.4053,     0.9087,     1.5422,    04h13m58s
[ 83500,  0.0001283]     0.4136,     0.9033,     1.5432,    04h13m47s
[ 83600,  0.0001280]     0.4042,     0.9025,     1.5776,    04h13m44s
[ 83700,  0.0001276]     0.4062,     0.9036,     1.5727,    04h10m52s
[ 83800,  0.0001273]     0.4200,     0.9097,     1.5137,    04h11m33s
[ 83900,  0.0001269]     0.4155,     0.9103,     1.5239,    04h10m18s
[ 84000,  0.0001266]     0.4088,     0.9111,     1.4976,    04h08m51s
[ 84100,  0.0001262]     0.4147,     0.9094,     1.5081,    04h08m12s
[ 84200,  0.0001259]     0.4072,     0.9075,     1.5580,    04h10m00s
[ 84300,  0.0001255]     0.4069,     0.9119,     1.5452,    04h07m06s
[ 84400,  0.0001252]     0.4066,     0.9102,     1.5436,    04h07m20s
[ 84500,  0.0001248]     0.4133,     0.9133,     1.5011,    04h06m59s
[ 84600,  0.0001245]     0.4106,     0.9087,     1.5376,    04h06m03s
[ 84700,  0.0001241]     0.4103,     0.8989,     1.5872,    04h06m23s
[ 84800,  0.0001238]     0.4148,     0.9036,     1.5255,    04h03m39s
[ 84900,  0.0001234]     0.4103,     0.9098,     1.5225,    04h03m01s
[ 85000,  0.0001231]     0.4133,     0.9045,     1.5459,    04h03m32s
[ 85100,  0.0001227]     0.4138,     0.9123,     1.5083,    04h02m26s
[ 85200,  0.0001224]     0.4159,     0.9120,     1.5424,    04h02m00s
[ 85300,  0.0001220]     0.4281,     0.9141,     1.4930,    04h01m47s
[ 85400,  0.0001217]     0.4209,     0.9059,     1.5182,    03h59m12s
[ 85500,  0.0001213]     0.4156,     0.9053,     1.5894,    03h58m43s
[ 85600,  0.0001210]     0.4170,     0.9095,     1.5483,    03h58m46s
[ 85700,  0.0001206]     0.4263,     0.9128,     1.4896,    03h56m47s
[ 85800,  0.0001203]     0.4039,     0.9052,     1.5579,    03h56m50s
[ 85900,  0.0001199]     0.4031,     0.9127,     1.5448,    03h56m24s
[ 86000,  0.0001196]     0.4150,     0.9108,     1.5197,    03h55m41s
[ 86100,  0.0001192]     0.4028,     0.9077,     1.5350,    03h55m27s
[ 86200,  0.0001188]     0.4136,     0.8994,     1.5601,    03h54m18s
[ 86300,  0.0001185]     0.4142,     0.9028,     1.5313,    03h54m57s
[ 86400,  0.0001181]     0.4127,     0.9070,     1.5590,    03h53m00s
[ 86500,  0.0001178]     0.4177,     0.9141,     1.4984,    03h52m17s
[ 86600,  0.0001174]     0.4144,     0.9031,     1.5624,    03h52m52s
[ 86700,  0.0001171]     0.4239,     0.9056,     1.5301,    03h50m33s
[ 86800,  0.0001167]     0.4313,     0.9098,     1.5068,    03h51m30s
[ 86900,  0.0001164]     0.4228,     0.9098,     1.5178,    03h49m50s
[ 87000,  0.0001160]     0.4197,     0.9117,     1.5193,    03h48m20s
[ 87100,  0.0001157]     0.4159,     0.9142,     1.5024,    03h48m12s
[ 87200,  0.0001153]     0.4089,     0.9175,     1.4799,    03h48m07s
[ 87300,  0.0001150]     0.4144,     0.9087,     1.5113,    03h46m48s
[ 87400,  0.0001146]     0.4241,     0.9191,     1.4620,    03h45m42s
[ 87500,  0.0001143]     0.4220,     0.9073,     1.5084,    03h44m06s
[ 87600,  0.0001139]     0.4211,     0.9144,     1.4849,    03h46m05s
[ 87700,  0.0001136]     0.4164,     0.9148,     1.4954,    03h43m50s
[ 87800,  0.0001132]     0.4169,     0.9091,     1.5451,    03h43m02s
[ 87900,  0.0001129]     0.4109,     0.9170,     1.4716,    03h43m42s
[ 88000,  0.0001125]     0.4230,     0.9119,     1.4978,    03h41m18s
[ 88100,  0.0001122]     0.4144,     0.9139,     1.4833,    03h41m38s
[ 88200,  0.0001118]     0.4122,     0.9092,     1.4948,    03h41m14s
[ 88300,  0.0001115]     0.4158,     0.9084,     1.5254,    03h41m01s
[ 88400,  0.0001111]     0.4188,     0.9117,     1.5041,    03h38m40s
[ 88500,  0.0001108]     0.4170,     0.9109,     1.5773,    03h39m55s
[ 88600,  0.0001104]     0.4158,     0.9027,     1.5685,    03h38m53s
[ 88700,  0.0001101]     0.4317,     0.9163,     1.4654,    03h36m30s
[ 88800,  0.0001097]     0.4191,     0.9096,     1.5249,    03h38m01s
[ 88900,  0.0001094]     0.4150,     0.9084,     1.5470,    03h36m27s
[ 89000,  0.0001090]     0.4198,     0.9136,     1.5187,    03h34m40s
[ 89100,  0.0001087]     0.4195,     0.9153,     1.4634,    03h34m16s
[ 89200,  0.0001083]     0.4250,     0.9161,     1.4923,    03h33m18s
[ 89300,  0.0001080]     0.4270,     0.9184,     1.4605,    03h32m35s
[ 89400,  0.0001076]     0.4250,     0.9117,     1.5182,    03h32m43s
[ 89500,  0.0001073]     0.4233,     0.9161,     1.4624,    03h30m42s
[ 89600,  0.0001069]     0.4225,     0.9191,     1.4636,    03h31m18s
[ 89700,  0.0001066]     0.4105,     0.9114,     1.5160,    03h31m43s
[ 89800,  0.0001062]     0.4077,     0.9081,     1.5362,    03h29m56s
[ 89900,  0.0001059]     0.4275,     0.9136,     1.4952,    03h32m31s
[ 90000,  0.0001055]     0.4283,     0.9187,     1.4947,    03h28m03s
Validation MACE: 1.448337
[ 90100,  0.0001052]     0.4116,     0.9117,     1.4975,    03h27m32s
[ 90200,  0.0001048]     0.4109,     0.9130,     1.5143,    03h27m18s
[ 90300,  0.0001045]     0.4295,     0.9152,     1.4659,    03h25m35s
[ 90400,  0.0001041]     0.4242,     0.9225,     1.4909,    03h24m47s
[ 90500,  0.0001038]     0.4256,     0.9173,     1.5115,    03h24m43s
[ 90600,  0.0001034]     0.4194,     0.9177,     1.4926,    03h23m39s
[ 90700,  0.0001031]     0.4244,     0.9100,     1.5328,    03h24m28s
[ 90800,  0.0001027]     0.4272,     0.9237,     1.4674,    03h22m34s
[ 90900,  0.0001024]     0.4197,     0.9072,     1.5088,    03h22m25s
[ 91000,  0.0001020]     0.4153,     0.9089,     1.5367,    03h21m46s
[ 91100,  0.0001017]     0.4120,     0.9180,     1.4637,    03h19m50s
[ 91200,  0.0001013]     0.4291,     0.9083,     1.4953,    03h19m27s
[ 91300,  0.0001010]     0.4191,     0.9141,     1.5375,    03h18m46s
[ 91400,  0.0001006]     0.4297,     0.9137,     1.4928,    03h17m42s
[ 91500,  0.0001003]     0.4228,     0.9097,     1.5337,    03h17m20s
[ 91600,  0.0000999]     0.4252,     0.9084,     1.5099,    03h16m31s
[ 91700,  0.0000996]     0.4252,     0.9198,     1.4613,    03h16m47s
[ 91800,  0.0000992]     0.4350,     0.9183,     1.4577,    03h16m04s
[ 91900,  0.0000989]     0.4208,     0.9073,     1.5227,    03h14m52s
[ 92000,  0.0000985]     0.4317,     0.9170,     1.5068,    03h14m08s
[ 92100,  0.0000982]     0.4194,     0.9145,     1.4790,    03h13m09s
[ 92200,  0.0000978]     0.4084,     0.9083,     1.5174,    03h13m43s
[ 92300,  0.0000975]     0.4330,     0.9234,     1.4255,    03h11m43s
[ 92400,  0.0000971]     0.4491,     0.9208,     1.4565,    03h11m39s
[ 92500,  0.0000968]     0.4238,     0.9158,     1.4679,    03h11m12s
[ 92600,  0.0000964]     0.4214,     0.9133,     1.4774,    03h09m54s
[ 92700,  0.0000961]     0.4289,     0.9205,     1.4367,    03h09m00s
[ 92800,  0.0000957]     0.4102,     0.9108,     1.5364,    03h08m51s
[ 92900,  0.0000954]     0.4214,     0.9175,     1.4599,    03h08m23s
[ 93000,  0.0000950]     0.4306,     0.9163,     1.4419,    03h06m25s
[ 93100,  0.0000947]     0.4189,     0.9111,     1.5187,    03h06m35s
[ 93200,  0.0000943]     0.4327,     0.9137,     1.4967,    03h05m00s
[ 93300,  0.0000940]     0.4281,     0.9241,     1.4607,    03h05m43s
[ 93400,  0.0000936]     0.4356,     0.9180,     1.4544,    03h04m29s
[ 93500,  0.0000933]     0.4323,     0.9141,     1.4574,    03h04m17s
[ 93600,  0.0000929]     0.4272,     0.9156,     1.4798,    03h02m45s
[ 93700,  0.0000926]     0.4395,     0.9205,     1.4688,    03h02m23s
[ 93800,  0.0000922]     0.4317,     0.9163,     1.4709,    03h01m39s
[ 93900,  0.0000919]     0.4367,     0.9173,     1.4961,    03h01m22s
[ 94000,  0.0000915]     0.4283,     0.9177,     1.5214,    03h00m43s
[ 94100,  0.0000912]     0.4217,     0.9144,     1.4729,    02h59m41s
[ 94200,  0.0000908]     0.4223,     0.9127,     1.4972,    02h58m06s
[ 94300,  0.0000905]     0.4417,     0.9170,     1.4493,    02h59m01s
[ 94400,  0.0000901]     0.4392,     0.9194,     1.4333,    02h57m16s
[ 94500,  0.0000898]     0.4302,     0.9166,     1.4604,    02h56m23s
[ 94600,  0.0000894]     0.4203,     0.9163,     1.4769,    02h55m42s
[ 94700,  0.0000890]     0.4416,     0.9214,     1.3968,    02h54m52s
[ 94800,  0.0000887]     0.4264,     0.9217,     1.4804,    02h54m46s
[ 94900,  0.0000883]     0.4223,     0.9153,     1.4920,    02h54m06s
[ 95000,  0.0000880]     0.4209,     0.9178,     1.5222,    02h53m16s
[ 95100,  0.0000876]     0.4344,     0.9144,     1.4681,    02h52m33s
[ 95200,  0.0000873]     0.4436,     0.9158,     1.4689,    02h52m21s
[ 95300,  0.0000869]     0.4389,     0.9152,     1.5236,    02h50m30s
[ 95400,  0.0000866]     0.4216,     0.9094,     1.5198,    02h50m57s
[ 95500,  0.0000862]     0.4366,     0.9164,     1.4627,    02h50m50s
[ 95600,  0.0000859]     0.4314,     0.9164,     1.4586,    02h49m06s
[ 95700,  0.0000855]     0.4369,     0.9202,     1.4025,    02h48m23s
[ 95800,  0.0000852]     0.4283,     0.9147,     1.4991,    02h48m19s
[ 95900,  0.0000848]     0.4472,     0.9172,     1.4859,    02h48m15s
[ 96000,  0.0000845]     0.4366,     0.9228,     1.4512,    02h46m14s
[ 96100,  0.0000841]     0.4242,     0.9036,     1.5483,    02h44m25s
[ 96200,  0.0000838]     0.4396,     0.9165,     1.4279,    02h46m29s
[ 96300,  0.0000834]     0.4416,     0.9198,     1.4131,    02h43m53s
[ 96400,  0.0000831]     0.4306,     0.9120,     1.4786,    02h44m24s
[ 96500,  0.0000827]     0.4405,     0.9231,     1.4090,    02h42m45s
[ 96600,  0.0000824]     0.4281,     0.9152,     1.4971,    02h42m38s
[ 96700,  0.0000820]     0.4275,     0.9164,     1.4886,    02h41m59s
[ 96800,  0.0000817]     0.4338,     0.9183,     1.4787,    02h40m17s
[ 96900,  0.0000813]     0.4442,     0.9228,     1.4230,    02h39m53s
[ 97000,  0.0000810]     0.4253,     0.9213,     1.4267,    02h39m45s
[ 97100,  0.0000806]     0.4462,     0.9236,     1.4040,    02h38m32s
[ 97200,  0.0000803]     0.4370,     0.9208,     1.4051,    02h38m25s
[ 97300,  0.0000799]     0.4322,     0.9187,     1.4450,    02h37m24s
[ 97400,  0.0000796]     0.4325,     0.9270,     1.4270,    02h36m44s
[ 97500,  0.0000792]     0.4284,     0.9164,     1.4594,    02h35m57s
[ 97600,  0.0000789]     0.4381,     0.9275,     1.4256,    02h35m27s
[ 97700,  0.0000785]     0.4227,     0.9220,     1.4472,    02h33m58s
[ 97800,  0.0000782]     0.4313,     0.9191,     1.4582,    02h34m03s
[ 97900,  0.0000778]     0.4314,     0.9216,     1.4332,    02h34m01s
[ 98000,  0.0000775]     0.4477,     0.9244,     1.4367,    02h32m38s
[ 98100,  0.0000771]     0.4412,     0.9194,     1.4346,    02h32m34s
[ 98200,  0.0000768]     0.4364,     0.9258,     1.4033,    02h30m57s
[ 98300,  0.0000764]     0.4272,     0.9184,     1.5024,    02h30m43s
[ 98400,  0.0000761]     0.4444,     0.9227,     1.4377,    02h30m08s
[ 98500,  0.0000757]     0.4363,     0.9170,     1.4738,    02h29m21s
[ 98600,  0.0000754]     0.4305,     0.9152,     1.4621,    02h28m48s
[ 98700,  0.0000750]     0.4225,     0.9220,     1.4524,    02h28m10s
[ 98800,  0.0000747]     0.4389,     0.9270,     1.4213,    02h27m34s
[ 98900,  0.0000743]     0.4289,     0.9148,     1.4600,    02h26m22s
[ 99000,  0.0000740]     0.4247,     0.9227,     1.4660,    02h25m44s
[ 99100,  0.0000736]     0.4364,     0.9239,     1.4261,    02h24m23s
[ 99200,  0.0000733]     0.4291,     0.9184,     1.4510,    02h23m50s
[ 99300,  0.0000729]     0.4333,     0.9169,     1.4773,    02h23m09s
[ 99400,  0.0000726]     0.4409,     0.9189,     1.4326,    02h23m43s
[ 99500,  0.0000722]     0.4228,     0.9166,     1.4551,    02h22m04s
[ 99600,  0.0000719]     0.4498,     0.9161,     1.4714,    02h21m56s
[ 99700,  0.0000715]     0.4245,     0.9187,     1.4714,    02h21m13s
[ 99800,  0.0000712]     0.4556,     0.9295,     1.3847,    02h20m09s
[ 99900,  0.0000708]     0.4364,     0.9217,     1.4190,    02h20m41s
[100000,  0.0000705]     0.4364,     0.9205,     1.4593,    02h18m20s
Validation MACE: 1.460150
[100100,  0.0000701]     0.4531,     0.9297,     1.3837,    02h18m02s
[100200,  0.0000698]     0.4453,     0.9170,     1.4677,    02h16m52s
[100300,  0.0000694]     0.4253,     0.9133,     1.4651,    02h16m18s
[100400,  0.0000691]     0.4536,     0.9219,     1.4225,    02h15m50s
[100500,  0.0000687]     0.4367,     0.9216,     1.4176,    02h15m41s
[100600,  0.0000684]     0.4280,     0.9148,     1.4508,    02h14m17s
[100700,  0.0000680]     0.4325,     0.9205,     1.4570,    02h13m29s
[100800,  0.0000677]     0.4406,     0.9211,     1.4236,    02h13m32s
[100900,  0.0000673]     0.4364,     0.9241,     1.4273,    02h12m25s
[101000,  0.0000670]     0.4422,     0.9236,     1.4557,    02h12m27s
[101100,  0.0000666]     0.4184,     0.9164,     1.4973,    02h11m05s
[101200,  0.0000663]     0.4441,     0.9242,     1.4291,    02h11m03s
[101300,  0.0000659]     0.4417,     0.9209,     1.4344,    02h09m58s
[101400,  0.0000656]     0.4442,     0.9316,     1.3943,    02h08m37s
[101500,  0.0000652]     0.4387,     0.9183,     1.4531,    02h08m16s
[101600,  0.0000649]     0.4448,     0.9144,     1.4467,    02h07m15s
[101700,  0.0000645]     0.4394,     0.9184,     1.4642,    02h06m26s
[101800,  0.0000642]     0.4439,     0.9175,     1.4386,    02h05m53s
[101900,  0.0000638]     0.4398,     0.9252,     1.4500,    02h05m28s
[102000,  0.0000635]     0.4367,     0.9281,     1.4268,    02h04m55s
[102100,  0.0000631]     0.4386,     0.9200,     1.4610,    02h04m10s
[102200,  0.0000628]     0.4436,     0.9203,     1.4026,    02h03m36s
[102300,  0.0000624]     0.4417,     0.9172,     1.4300,    02h03m26s
[102400,  0.0000621]     0.4284,     0.9231,     1.4628,    02h02m12s
[102500,  0.0000617]     0.4427,     0.9242,     1.4182,    02h01m36s
[102600,  0.0000614]     0.4369,     0.9087,     1.4807,    02h01m15s
[102700,  0.0000610]     0.4445,     0.9200,     1.4437,    01h59m37s
[102800,  0.0000607]     0.4472,     0.9270,     1.4406,    01h59m41s
[102900,  0.0000603]     0.4364,     0.9192,     1.4378,    01h58m34s
[103000,  0.0000600]     0.4314,     0.9223,     1.4467,    01h58m02s
[103100,  0.0000596]     0.4486,     0.9198,     1.4418,    01h57m40s
[103200,  0.0000593]     0.4523,     0.9242,     1.4087,    01h56m34s
[103300,  0.0000589]     0.4391,     0.9213,     1.4322,    01h56m34s
[103400,  0.0000585]     0.4506,     0.9189,     1.4273,    01h54m53s
[103500,  0.0000582]     0.4366,     0.9219,     1.4235,    01h53m25s
[103600,  0.0000578]     0.4244,     0.9148,     1.4626,    01h54m05s
[103700,  0.0000575]     0.4458,     0.9225,     1.4446,    01h53m04s
[103800,  0.0000571]     0.4478,     0.9220,     1.4271,    01h52m28s
[103900,  0.0000568]     0.4445,     0.9250,     1.4259,    01h51m57s
[104000,  0.0000564]     0.4433,     0.9220,     1.4247,    01h51m09s
[104100,  0.0000561]     0.4469,     0.9258,     1.3901,    01h50m35s
[104200,  0.0000557]     0.4320,     0.9214,     1.4443,    01h49m24s
[104300,  0.0000554]     0.4397,     0.9245,     1.4168,    01h48m58s
[104400,  0.0000550]     0.4455,     0.9263,     1.3909,    01h48m01s
[104500,  0.0000547]     0.4331,     0.9178,     1.4790,    01h48m00s
[104600,  0.0000543]     0.4416,     0.9236,     1.4534,    01h47m03s
[104700,  0.0000540]     0.4484,     0.9248,     1.4204,    01h46m39s
[104800,  0.0000536]     0.4422,     0.9225,     1.4117,    01h44m56s
[104900,  0.0000533]     0.4581,     0.9302,     1.3798,    01h45m00s
[105000,  0.0000529]     0.4431,     0.9222,     1.4105,    01h44m19s
[105100,  0.0000526]     0.4400,     0.9233,     1.4575,    01h43m20s
[105200,  0.0000522]     0.4352,     0.9228,     1.4262,    01h42m37s
[105300,  0.0000519]     0.4345,     0.9220,     1.4596,    01h42m15s
[105400,  0.0000515]     0.4442,     0.9216,     1.4287,    01h40m44s
[105500,  0.0000512]     0.4481,     0.9230,     1.4264,    01h40m34s
[105600,  0.0000508]     0.4437,     0.9216,     1.4236,    01h39m28s
[105700,  0.0000505]     0.4466,     0.9211,     1.4537,    01h38m52s
[105800,  0.0000501]     0.4516,     0.9275,     1.3709,    01h38m21s
[105900,  0.0000498]     0.4286,     0.9255,     1.4098,    01h38m13s
[106000,  0.0000494]     0.4580,     0.9200,     1.4397,    01h37m10s
[106100,  0.0000491]     0.4467,     0.9256,     1.4023,    01h36m41s
[106200,  0.0000487]     0.4336,     0.9245,     1.4444,    01h36m27s
[106300,  0.0000484]     0.4562,     0.9305,     1.3692,    01h35m05s
[106400,  0.0000480]     0.4528,     0.9263,     1.4508,    01h34m12s
[106500,  0.0000477]     0.4480,     0.9278,     1.4225,    01h33m14s
[106600,  0.0000473]     0.4411,     0.9284,     1.4099,    01h32m52s
[106700,  0.0000470]     0.4231,     0.9189,     1.4867,    01h32m22s
[106800,  0.0000466]     0.4502,     0.9250,     1.4110,    01h31m47s
[106900,  0.0000463]     0.4541,     0.9314,     1.3786,    01h30m59s
[107000,  0.0000459]     0.4356,     0.9202,     1.4422,    01h29m56s
[107100,  0.0000456]     0.4469,     0.9194,     1.4407,    01h29m09s
[107200,  0.0000452]     0.4550,     0.9256,     1.4413,    01h28m26s
[107300,  0.0000449]     0.4420,     0.9200,     1.4442,    01h28m42s
[107400,  0.0000445]     0.4361,     0.9278,     1.4169,    01h28m12s
[107500,  0.0000442]     0.4486,     0.9255,     1.4153,    01h26m45s
[107600,  0.0000438]     0.4525,     0.9269,     1.4116,    01h25m43s
[107700,  0.0000435]     0.4439,     0.9189,     1.4738,    01h25m02s
[107800,  0.0000431]     0.4495,     0.9255,     1.4238,    01h24m42s
[107900,  0.0000428]     0.4448,     0.9192,     1.4156,    01h23m51s
[108000,  0.0000424]     0.4445,     0.9278,     1.4348,    01h22m48s
[108100,  0.0000421]     0.4395,     0.9247,     1.4389,    01h22m56s
[108200,  0.0000417]     0.4375,     0.9264,     1.4435,    01h21m46s
[108300,  0.0000414]     0.4514,     0.9245,     1.4349,    01h21m17s
[108400,  0.0000410]     0.4419,     0.9167,     1.4535,    01h20m33s
[108500,  0.0000407]     0.4450,     0.9230,     1.4465,    01h19m45s
[108600,  0.0000403]     0.4434,     0.9294,     1.3768,    01h18m54s
[108700,  0.0000400]     0.4569,     0.9205,     1.4454,    01h18m31s
[108800,  0.0000396]     0.4611,     0.9305,     1.3680,    01h17m50s
[108900,  0.0000393]     0.4581,     0.9291,     1.3999,    01h17m05s
[109000,  0.0000389]     0.4542,     0.9287,     1.3744,    01h16m19s
[109100,  0.0000386]     0.4516,     0.9198,     1.4536,    01h15m27s
[109200,  0.0000382]     0.4375,     0.9253,     1.4038,    01h14m51s
[109300,  0.0000379]     0.4447,     0.9247,     1.4044,    01h14m24s
[109400,  0.0000375]     0.4595,     0.9266,     1.3841,    01h13m18s
[109500,  0.0000372]     0.4422,     0.9219,     1.4646,    01h12m29s
[109600,  0.0000368]     0.4502,     0.9213,     1.4326,    01h12m13s
[109700,  0.0000365]     0.4427,     0.9272,     1.4002,    01h11m28s
[109800,  0.0000361]     0.4500,     0.9291,     1.4072,    01h10m57s
[109900,  0.0000358]     0.4561,     0.9292,     1.3650,    01h10m34s
[110000,  0.0000354]     0.4441,     0.9241,     1.3973,    01h09m23s
Validation MACE: 1.479714
[110100,  0.0000351]     0.4608,     0.9344,     1.3634,    01h08m35s
[110200,  0.0000347]     0.4469,     0.9250,     1.4377,    01h08m09s
[110300,  0.0000344]     0.4466,     0.9287,     1.4069,    01h07m21s
[110400,  0.0000340]     0.4528,     0.9327,     1.3585,    01h06m30s
[110500,  0.0000337]     0.4453,     0.9234,     1.4429,    01h05m52s
[110600,  0.0000333]     0.4531,     0.9395,     1.3572,    01h05m12s
[110700,  0.0000330]     0.4500,     0.9313,     1.4067,    01h05m08s
[110800,  0.0000326]     0.4623,     0.9292,     1.4061,    01h03m50s
[110900,  0.0000323]     0.4362,     0.9207,     1.4441,    01h03m20s
[111000,  0.0000319]     0.4553,     0.9273,     1.4112,    01h02m41s
[111100,  0.0000316]     0.4570,     0.9308,     1.3702,    01h01m33s
[111200,  0.0000312]     0.4527,     0.9231,     1.3861,    01h01m03s
[111300,  0.0000309]     0.4698,     0.9342,     1.3759,    01h00m26s
[111400,  0.0000305]     0.4480,     0.9239,     1.4187,    00h59m37s
[111500,  0.0000302]     0.4650,     0.9283,     1.3871,    00h59m03s
[111600,  0.0000298]     0.4698,     0.9334,     1.3561,    00h58m26s
[111700,  0.0000295]     0.4475,     0.9281,     1.3799,    00h57m37s
[111800,  0.0000291]     0.4506,     0.9270,     1.4069,    00h56m56s
[111900,  0.0000287]     0.4545,     0.9248,     1.4011,    00h56m23s
[112000,  0.0000284]     0.4534,     0.9241,     1.4079,    00h55m23s
[112100,  0.0000280]     0.4480,     0.9281,     1.3916,    00h54m57s
[112200,  0.0000277]     0.4534,     0.9277,     1.3671,    00h54m03s
[112300,  0.0000273]     0.4506,     0.9231,     1.4100,    00h53m25s
[112400,  0.0000270]     0.4472,     0.9305,     1.3815,    00h52m38s
[112500,  0.0000266]     0.4569,     0.9263,     1.3762,    00h51m54s
[112600,  0.0000263]     0.4516,     0.9261,     1.3878,    00h51m24s
[112700,  0.0000259]     0.4536,     0.9245,     1.4130,    00h50m35s
[112800,  0.0000256]     0.4630,     0.9325,     1.3860,    00h49m53s
[112900,  0.0000252]     0.4603,     0.9303,     1.3709,    00h49m14s
[113000,  0.0000249]     0.4695,     0.9195,     1.3840,    00h48m41s
[113100,  0.0000245]     0.4602,     0.9336,     1.3892,    00h47m51s
[113200,  0.0000242]     0.4658,     0.9209,     1.4246,    00h47m10s
[113300,  0.0000238]     0.4500,     0.9327,     1.3566,    00h46m48s
[113400,  0.0000235]     0.4500,     0.9228,     1.4338,    00h45m42s
[113500,  0.0000231]     0.4519,     0.9316,     1.3817,    00h44m59s
[113600,  0.0000228]     0.4547,     0.9242,     1.3948,    00h44m40s
[113700,  0.0000224]     0.4519,     0.9298,     1.3816,    00h43m46s
[113800,  0.0000221]     0.4444,     0.9187,     1.4259,    00h43m09s
[113900,  0.0000217]     0.4572,     0.9231,     1.3947,    00h42m12s
[114000,  0.0000214]     0.4689,     0.9272,     1.3912,    00h41m42s
[114100,  0.0000210]     0.4373,     0.9202,     1.4128,    00h40m50s
[114200,  0.0000207]     0.4537,     0.9247,     1.3997,    00h40m11s
[114300,  0.0000203]     0.4519,     0.9266,     1.3999,    00h39m22s
[114400,  0.0000200]     0.4580,     0.9309,     1.3677,    00h38m48s
[114500,  0.0000196]     0.4642,     0.9269,     1.3743,    00h38m17s
[114600,  0.0000193]     0.4539,     0.9314,     1.3716,    00h37m29s
[114700,  0.0000189]     0.4616,     0.9325,     1.3927,    00h36m43s
[114800,  0.0000186]     0.4519,     0.9239,     1.4101,    00h36m02s
[114900,  0.0000182]     0.4547,     0.9241,     1.3811,    00h35m28s
[115000,  0.0000179]     0.4566,     0.9300,     1.3785,    00h34m47s
[115100,  0.0000175]     0.4523,     0.9278,     1.4126,    00h33m50s
[115200,  0.0000172]     0.4422,     0.9244,     1.4155,    00h33m26s
[115300,  0.0000168]     0.4531,     0.9295,     1.3668,    00h32m28s
[115400,  0.0000165]     0.4542,     0.9269,     1.4009,    00h31m53s
[115500,  0.0000161]     0.4536,     0.9330,     1.3879,    00h31m11s
[115600,  0.0000158]     0.4664,     0.9309,     1.4207,    00h30m31s
[115700,  0.0000154]     0.4558,     0.9252,     1.4283,    00h29m45s
[115800,  0.0000151]     0.4520,     0.9309,     1.3646,    00h29m21s
[115900,  0.0000147]     0.4542,     0.9291,     1.3707,    00h28m37s
[116000,  0.0000144]     0.4619,     0.9308,     1.3793,    00h27m43s
[116100,  0.0000140]     0.4619,     0.9302,     1.3931,    00h27m02s
[116200,  0.0000137]     0.4647,     0.9352,     1.3448,    00h26m14s
[116300,  0.0000133]     0.4650,     0.9264,     1.3628,    00h25m42s
[116400,  0.0000130]     0.4402,     0.9256,     1.4024,    00h25m04s
[116500,  0.0000126]     0.4627,     0.9327,     1.3839,    00h24m15s
[116600,  0.0000123]     0.4595,     0.9336,     1.3832,    00h23m36s
[116700,  0.0000119]     0.4562,     0.9244,     1.3690,    00h22m58s
[116800,  0.0000116]     0.4566,     0.9248,     1.3883,    00h22m14s
[116900,  0.0000112]     0.4711,     0.9298,     1.3818,    00h21m33s
[117000,  0.0000109]     0.4595,     0.9272,     1.4090,    00h20m50s
[117100,  0.0000105]     0.4566,     0.9295,     1.3684,    00h20m05s
[117200,  0.0000102]     0.4527,     0.9269,     1.4050,    00h19m25s
[117300,  0.0000098]     0.4487,     0.9250,     1.4129,    00h18m41s
[117400,  0.0000095]     0.4708,     0.9308,     1.3783,    00h18m05s
[117500,  0.0000091]     0.4605,     0.9269,     1.3901,    00h17m17s
[117600,  0.0000088]     0.4483,     0.9273,     1.4262,    00h16m35s
[117700,  0.0000084]     0.4517,     0.9209,     1.4187,    00h15m54s
[117800,  0.0000081]     0.4539,     0.9297,     1.3866,    00h15m16s
[117900,  0.0000077]     0.4608,     0.9278,     1.3791,    00h14m31s
[118000,  0.0000074]     0.4589,     0.9244,     1.3739,    00h13m48s
[118100,  0.0000070]     0.4634,     0.9264,     1.3843,    00h13m11s
[118200,  0.0000067]     0.4600,     0.9277,     1.3940,    00h12m28s
[118300,  0.0000063]     0.4498,     0.9335,     1.3795,    00h11m46s
[118400,  0.0000060]     0.4639,     0.9284,     1.3807,    00h11m02s
[118500,  0.0000056]     0.4602,     0.9242,     1.4283,    00h10m27s
[118600,  0.0000053]     0.4619,     0.9331,     1.3659,    00h09m43s
[118700,  0.0000049]     0.4598,     0.9281,     1.3885,    00h09m01s
[118800,  0.0000046]     0.4602,     0.9283,     1.3837,    00h08m18s
[118900,  0.0000042]     0.4598,     0.9334,     1.3861,    00h07m34s
[119000,  0.0000039]     0.4628,     0.9267,     1.3911,    00h06m56s
[119100,  0.0000035]     0.4625,     0.9294,     1.3582,    00h06m16s
[119200,  0.0000032]     0.4567,     0.9313,     1.4064,    00h05m32s
[119300,  0.0000028]     0.4561,     0.9237,     1.4020,    00h04m52s
[119400,  0.0000025]     0.4509,     0.9339,     1.3815,    00h04m10s
[119500,  0.0000021]     0.4628,     0.9305,     1.3615,    00h03m28s
[119600,  0.0000018]     0.4512,     0.9317,     1.3590,    00h02m47s
[119700,  0.0000014]     0.4609,     0.9350,     1.3872,    00h02m04s
[119800,  0.0000011]     0.4713,     0.9328,     1.3729,    00h01m23s
[119900,  0.0000007]     0.4639,     0.9358,     1.3442,    00h00m40s
[120000,  0.0000004]     0.4517,     0.9289,     1.3843,    00h00m00s
Validation MACE: 1.431322
