Parameter Count: 1292868
Training with 8822 image pairs
[   100,  0.0000223]     0.0008,     0.0043,    24.8815,    34h54m38s
[   200,  0.0000287]     0.0016,     0.0077,    24.8676,    35h26m22s
[   300,  0.0000351]     0.0013,     0.0061,    24.9590,    35h31m37s
[   400,  0.0000415]     0.0011,     0.0070,    24.0925,    35h27m41s
[   500,  0.0000479]     0.0006,     0.0083,    23.1121,    35h29m22s
[   600,  0.0000543]     0.0009,     0.0112,    22.4030,    35h01m32s
[   700,  0.0000607]     0.0009,     0.0120,    21.3950,    35h21m45s
[   800,  0.0000671]     0.0028,     0.0227,    20.0129,    35h09m01s
[   900,  0.0000735]     0.0033,     0.0261,    19.2715,    35h19m01s
[  1000,  0.0000799]     0.0019,     0.0286,    18.2301,    35h06m48s
[  1100,  0.0000863]     0.0033,     0.0405,    17.4411,    35h04m30s
[  1200,  0.0000927]     0.0066,     0.0464,    16.9232,    34h56m06s
[  1300,  0.0000991]     0.0067,     0.0616,    16.2382,    34h59m59s
[  1400,  0.0001055]     0.0098,     0.0689,    15.5036,    35h02m31s
[  1500,  0.0001119]     0.0095,     0.0811,    14.9490,    35h03m13s
[  1600,  0.0001183]     0.0134,     0.0984,    14.7451,    34h58m44s
[  1700,  0.0001247]     0.0190,     0.1289,    13.5074,    34h47m52s
[  1800,  0.0001311]     0.0242,     0.1505,    13.1832,    34h56m59s
[  1900,  0.0001375]     0.0316,     0.1758,    12.9289,    35h05m21s
[  2000,  0.0001439]     0.0295,     0.1778,    12.4716,    34h51m30s
[  2100,  0.0001502]     0.0384,     0.2131,    12.2517,    34h45m33s
[  2200,  0.0001566]     0.0452,     0.2552,    11.2402,    34h39m36s
[  2300,  0.0001630]     0.0553,     0.2843,    10.5497,    34h27m36s
[  2400,  0.0001694]     0.0597,     0.3136,    10.2024,    34h46m57s
[  2500,  0.0001758]     0.0573,     0.3222,     9.7268,    34h38m07s
[  2600,  0.0001822]     0.0688,     0.3566,     9.2044,    34h36m54s
[  2700,  0.0001886]     0.0708,     0.3597,     9.1751,    34h38m35s
[  2800,  0.0001950]     0.0721,     0.3893,     8.6231,    34h23m33s
[  2900,  0.0002014]     0.0723,     0.3931,     8.6170,    34h29m21s
[  3000,  0.0002078]     0.0747,     0.4164,     8.4229,    34h32m43s
[  3100,  0.0002142]     0.0791,     0.4009,     8.8226,    34h33m47s
[  3200,  0.0002206]     0.0859,     0.4266,     8.4332,    34h25m08s
[  3300,  0.0002270]     0.0869,     0.4508,     8.0163,    34h18m24s
[  3400,  0.0002334]     0.0933,     0.4633,     7.8087,    34h15m00s
[  3500,  0.0002398]     0.1020,     0.4800,     7.2351,    34h24m27s
[  3600,  0.0002462]     0.1092,     0.4872,     7.2679,    34h19m08s
[  3700,  0.0002526]     0.1020,     0.4952,     7.1599,    34h18m39s
[  3800,  0.0002590]     0.1109,     0.5130,     7.1459,    34h14m36s
[  3900,  0.0002654]     0.1088,     0.5071,     7.2865,    33h58m12s
[  4000,  0.0002718]     0.0983,     0.4770,     7.6763,    34h15m36s
[  4100,  0.0002782]     0.1197,     0.5172,     6.8301,    33h04m11s
[  4200,  0.0002846]     0.1181,     0.5136,     7.4848,    32h55m55s
[  4300,  0.0002910]     0.1369,     0.5630,     6.5182,    32h54m33s
[  4400,  0.0002973]     0.1244,     0.5492,     6.5085,    32h49m55s
[  4500,  0.0003037]     0.1365,     0.5492,     6.4467,    32h39m03s
[  4600,  0.0003101]     0.1372,     0.5708,     6.4366,    32h45m46s
[  4700,  0.0003165]     0.1367,     0.5628,     6.7013,    32h44m23s
[  4800,  0.0003229]     0.1445,     0.5700,     6.3212,    32h45m05s
[  4900,  0.0003293]     0.1525,     0.5831,     6.2980,    32h40m20s
[  5000,  0.0003357]     0.1671,     0.5727,     6.5336,    32h32m38s
[  5100,  0.0003421]     0.1661,     0.6016,     5.9248,    32h36m12s
[  5200,  0.0003485]     0.1733,     0.6033,     5.9647,    32h50m18s
[  5300,  0.0003549]     0.1841,     0.6141,     5.8938,    32h55m45s
[  5400,  0.0003613]     0.1697,     0.5984,     5.9029,    32h52m18s
[  5500,  0.0003677]     0.1783,     0.6012,     5.9625,    32h52m01s
[  5600,  0.0003741]     0.1755,     0.6050,     5.9010,    33h05m11s
[  5700,  0.0003805]     0.1903,     0.6095,     5.8711,    32h48m24s
[  5800,  0.0003869]     0.2022,     0.6164,     5.9784,    32h46m21s
[  5900,  0.0003933]     0.2139,     0.6473,     5.4207,    32h47m18s
[  6000,  0.0003997]     0.2291,     0.6336,     5.8053,    32h45m18s
[  6100,  0.0003997]     0.2268,     0.6344,     5.5983,    32h32m01s
[  6200,  0.0003993]     0.2275,     0.6483,     5.5256,    32h42m19s
[  6300,  0.0003990]     0.2512,     0.6386,     5.8624,    32h40m25s
[  6400,  0.0003986]     0.2186,     0.6233,     5.7155,    32h38m13s
[  6500,  0.0003983]     0.2362,     0.6459,     5.5179,    32h37m52s
[  6600,  0.0003979]     0.2294,     0.6233,     5.8782,    32h32m50s
[  6700,  0.0003976]     0.2771,     0.6677,     5.3106,    32h35m23s
[  6800,  0.0003972]     0.2639,     0.6519,     5.5592,    32h30m18s
[  6900,  0.0003969]     0.2997,     0.6744,     4.9803,    32h29m07s
[  7000,  0.0003965]     0.2756,     0.6619,     5.3458,    32h27m11s
[  7100,  0.0003962]     0.3175,     0.6745,     5.2067,    32h29m27s
[  7200,  0.0003958]     0.3054,     0.6823,     4.9806,    32h19m05s
[  7300,  0.0003955]     0.2881,     0.6672,     5.2924,    32h35m53s
[  7400,  0.0003951]     0.3361,     0.6905,     4.9199,    32h19m44s
[  7500,  0.0003948]     0.3302,     0.6706,     5.1693,    32h21m07s
[  7600,  0.0003944]     0.2864,     0.6833,     4.9162,    32h17m10s
[  7700,  0.0003941]     0.3194,     0.6620,     5.2706,    32h16m48s
[  7800,  0.0003937]     0.3304,     0.7067,     4.6283,    32h05m26s
[  7900,  0.0003934]     0.3364,     0.6994,     4.5646,    32h09m07s
[  8000,  0.0003930]     0.3361,     0.6834,     5.0965,    32h10m15s
[  8100,  0.0003927]     0.3542,     0.7117,     4.6918,    32h07m03s
[  8200,  0.0003923]     0.3514,     0.6919,     4.9437,    32h05m40s
[  8300,  0.0003920]     0.3497,     0.7058,     4.7883,    32h00m42s
[  8400,  0.0003916]     0.3787,     0.7066,     4.7395,    32h06m03s
[  8500,  0.0003913]     0.3433,     0.6816,     5.0570,    32h02m31s
[  8600,  0.0003909]     0.3927,     0.7167,     4.4478,    31h59m12s
[  8700,  0.0003906]     0.3900,     0.7208,     4.2078,    31h57m34s
[  8800,  0.0003902]     0.3997,     0.7163,     4.4749,    31h56m09s
[  8900,  0.0003899]     0.3858,     0.7095,     4.6757,    32h00m08s
[  9000,  0.0003895]     0.3872,     0.7031,     4.7761,    31h50m18s
[  9100,  0.0003891]     0.3995,     0.7238,     4.3736,    31h51m15s
[  9200,  0.0003888]     0.4205,     0.7370,     4.3126,    31h46m20s
[  9300,  0.0003884]     0.4311,     0.7231,     4.2084,    31h47m21s
[  9400,  0.0003881]     0.4018,     0.7211,     4.5893,    31h42m10s
[  9500,  0.0003877]     0.4181,     0.7183,     4.5470,    31h44m49s
[  9600,  0.0003874]     0.4095,     0.7195,     4.4783,    31h39m39s
[  9700,  0.0003870]     0.4264,     0.7348,     4.3015,    31h40m32s
[  9800,  0.0003867]     0.4131,     0.7233,     4.4748,    31h38m17s
[  9900,  0.0003863]     0.4289,     0.7367,     4.2113,    31h36m01s
[ 10000,  0.0003860]     0.4340,     0.7373,     4.3158,    31h37m52s
Validation MACE: 1.651278
[ 10100,  0.0003856]     0.4283,     0.7400,     4.0705,    31h33m48s
[ 10200,  0.0003853]     0.4347,     0.7336,     4.2797,    31h34m23s
[ 10300,  0.0003849]     0.4428,     0.7412,     4.2292,    31h41m24s
[ 10400,  0.0003846]     0.4523,     0.7314,     4.4141,    31h28m42s
[ 10500,  0.0003842]     0.4341,     0.7324,     4.1491,    31h23m19s
[ 10600,  0.0003839]     0.4714,     0.7406,     4.2510,    31h28m41s
[ 10700,  0.0003835]     0.4430,     0.7331,     4.3408,    31h22m52s
[ 10800,  0.0003832]     0.4548,     0.7369,     4.1515,    31h22m51s
[ 10900,  0.0003828]     0.4411,     0.7355,     4.1210,    31h25m12s
[ 11000,  0.0003825]     0.4625,     0.7367,     4.2000,    31h23m17s
[ 11100,  0.0003821]     0.4653,     0.7486,     4.2158,    31h16m40s
[ 11200,  0.0003818]     0.4394,     0.7381,     3.9734,    31h14m52s
[ 11300,  0.0003814]     0.4816,     0.7570,     4.0540,    31h14m42s
[ 11400,  0.0003811]     0.4738,     0.7569,     3.8946,    31h10m06s
[ 11500,  0.0003807]     0.4384,     0.7258,     4.5459,    31h07m48s
[ 11600,  0.0003804]     0.4525,     0.7380,     4.1124,    31h07m33s
[ 11700,  0.0003800]     0.4753,     0.7466,     4.2522,    31h11m22s
[ 11800,  0.0003797]     0.4738,     0.7416,     4.1526,    31h09m07s
[ 11900,  0.0003793]     0.4741,     0.7473,     3.9916,    31h05m24s
[ 12000,  0.0003790]     0.4894,     0.7559,     3.7698,    31h01m44s
[ 12100,  0.0003786]     0.4775,     0.7545,     3.8472,    30h57m55s
[ 12200,  0.0003783]     0.4632,     0.7497,     4.0466,    30h55m37s
[ 12300,  0.0003779]     0.4733,     0.7556,     3.9176,    30h56m32s
[ 12400,  0.0003776]     0.4977,     0.7756,     3.7189,    30h54m57s
[ 12500,  0.0003772]     0.4680,     0.7467,     3.9850,    30h51m39s
[ 12600,  0.0003769]     0.4880,     0.7466,     4.1684,    30h58m08s
[ 12700,  0.0003765]     0.4725,     0.7351,     4.1117,    30h41m59s
[ 12800,  0.0003762]     0.4908,     0.7573,     4.0334,    30h53m22s
[ 12900,  0.0003758]     0.5152,     0.7686,     3.8389,    30h44m38s
[ 13000,  0.0003755]     0.5072,     0.7686,     3.8179,    30h44m16s
[ 13100,  0.0003751]     0.4889,     0.7567,     3.9024,    30h43m55s
[ 13200,  0.0003748]     0.5008,     0.7666,     3.6087,    30h39m58s
[ 13300,  0.0003744]     0.4861,     0.7604,     3.9458,    30h35m44s
[ 13400,  0.0003741]     0.5086,     0.7628,     3.8019,    30h35m01s
[ 13500,  0.0003737]     0.5039,     0.7516,     3.9711,    30h36m05s
[ 13600,  0.0003734]     0.4988,     0.7620,     3.7774,    30h32m13s
[ 13700,  0.0003730]     0.4873,     0.7712,     3.8039,    30h34m55s
[ 13800,  0.0003727]     0.5294,     0.7750,     3.6166,    30h30m21s
[ 13900,  0.0003723]     0.4994,     0.7736,     3.7945,    30h31m20s
[ 14000,  0.0003720]     0.5156,     0.7483,     4.0051,    30h25m51s
[ 14100,  0.0003716]     0.5125,     0.7689,     3.7325,    30h23m31s
[ 14200,  0.0003713]     0.5173,     0.7755,     3.5872,    30h22m45s
[ 14300,  0.0003709]     0.5150,     0.7742,     3.7034,    30h20m22s
[ 14400,  0.0003706]     0.5357,     0.7866,     3.5146,    30h14m31s
[ 14500,  0.0003702]     0.5044,     0.7553,     3.7919,    30h18m32s
[ 14600,  0.0003699]     0.5359,     0.7844,     3.7444,    30h13m51s
[ 14700,  0.0003695]     0.5159,     0.7650,     3.8980,    30h13m57s
[ 14800,  0.0003692]     0.5175,     0.7684,     3.6829,    30h13m32s
[ 14900,  0.0003688]     0.5345,     0.7653,     3.7650,    30h10m16s
[ 15000,  0.0003685]     0.5409,     0.7882,     3.5353,    30h13m18s
[ 15100,  0.0003681]     0.5391,     0.7842,     3.5667,    30h10m01s
[ 15200,  0.0003678]     0.5136,     0.7586,     3.8556,    30h45m18s
[ 15300,  0.0003674]     0.5413,     0.7712,     3.8079,    30h01m55s
[ 15400,  0.0003671]     0.5184,     0.7709,     3.6467,    30h02m31s
[ 15500,  0.0003667]     0.5388,     0.7797,     3.5375,    30h06m12s
[ 15600,  0.0003664]     0.5414,     0.7784,     3.5891,    30h01m21s
[ 15700,  0.0003660]     0.5369,     0.7847,     3.5463,    29h59m28s
[ 15800,  0.0003657]     0.5436,     0.7872,     3.4722,    29h54m33s
[ 15900,  0.0003653]     0.5452,     0.7783,     3.4625,    30h00m15s
[ 16000,  0.0003650]     0.5508,     0.7770,     3.4860,    29h53m21s
[ 16100,  0.0003646]     0.5472,     0.7884,     3.4491,    30h01m58s
[ 16200,  0.0003643]     0.5270,     0.7667,     3.8368,    29h48m25s
[ 16300,  0.0003639]     0.5230,     0.7689,     3.7006,    29h46m18s
[ 16400,  0.0003636]     0.5402,     0.7848,     3.5341,    29h46m38s
[ 16500,  0.0003632]     0.5466,     0.7775,     3.6370,    29h43m42s
[ 16600,  0.0003629]     0.5683,     0.7986,     3.2557,    29h44m25s
[ 16700,  0.0003625]     0.5528,     0.7842,     3.5239,    29h39m52s
[ 16800,  0.0003622]     0.5461,     0.7769,     3.5627,    29h37m12s
[ 16900,  0.0003618]     0.5522,     0.7909,     3.4439,    29h35m53s
[ 17000,  0.0003615]     0.5492,     0.7863,     3.4006,    29h35m05s
[ 17100,  0.0003611]     0.5542,     0.7844,     3.4647,    29h36m08s
[ 17200,  0.0003608]     0.5552,     0.7877,     3.4740,    29h33m01s
[ 17300,  0.0003604]     0.5542,     0.7837,     3.4957,    29h28m49s
[ 17400,  0.0003601]     0.5420,     0.7752,     3.5770,    29h28m45s
[ 17500,  0.0003597]     0.5481,     0.7853,     3.3836,    29h26m07s
[ 17600,  0.0003593]     0.5506,     0.7975,     3.1178,    29h20m44s
[ 17700,  0.0003590]     0.5636,     0.7961,     3.3303,    29h20m04s
[ 17800,  0.0003586]     0.5564,     0.7808,     3.6495,    29h22m25s
[ 17900,  0.0003583]     0.5623,     0.7919,     3.5030,    29h15m49s
[ 18000,  0.0003579]     0.5572,     0.7977,     3.3142,    29h18m26s
[ 18100,  0.0003576]     0.5497,     0.7927,     3.2135,    29h16m23s
[ 18200,  0.0003572]     0.5783,     0.7945,     3.5189,    29h09m34s
[ 18300,  0.0003569]     0.5608,     0.7839,     3.5788,    29h10m55s
[ 18400,  0.0003565]     0.5642,     0.7928,     3.2805,    29h08m03s
[ 18500,  0.0003562]     0.5711,     0.7952,     3.2736,    29h09m07s
[ 18600,  0.0003558]     0.5659,     0.8011,     3.3425,    29h05m31s
[ 18700,  0.0003555]     0.5598,     0.7848,     3.5427,    29h07m21s
[ 18800,  0.0003551]     0.5611,     0.7828,     3.5217,    28h57m37s
[ 18900,  0.0003548]     0.5684,     0.7892,     3.3677,    29h00m22s
[ 19000,  0.0003544]     0.5381,     0.7762,     3.7869,    29h00m01s
[ 19100,  0.0003541]     0.5702,     0.7914,     3.5366,    28h58m02s
[ 19200,  0.0003537]     0.5656,     0.7931,     3.3355,    28h55m06s
[ 19300,  0.0003534]     0.5802,     0.8063,     3.0897,    28h54m32s
[ 19400,  0.0003530]     0.5822,     0.8046,     3.1671,    28h50m26s
[ 19500,  0.0003527]     0.5972,     0.8108,     3.0828,    28h51m38s
[ 19600,  0.0003523]     0.5834,     0.7934,     3.3589,    28h50m11s
[ 19700,  0.0003520]     0.5498,     0.7863,     3.6218,    28h49m45s
[ 19800,  0.0003516]     0.5642,     0.7886,     3.5229,    28h45m39s
[ 19900,  0.0003513]     0.5737,     0.7945,     3.3103,    28h41m47s
[ 20000,  0.0003509]     0.5878,     0.8013,     3.2903,    29h11m53s
Validation MACE: 0.998194
[ 20100,  0.0003506]     0.5808,     0.7933,     3.3202,    28h37m52s
[ 20200,  0.0003502]     0.5727,     0.7963,     3.3200,    28h40m10s
[ 20300,  0.0003499]     0.5752,     0.8045,     3.2144,    28h41m33s
[ 20400,  0.0003495]     0.5778,     0.7987,     3.3075,    28h36m46s
[ 20500,  0.0003492]     0.5752,     0.7902,     3.3761,    28h37m14s
[ 20600,  0.0003488]     0.5797,     0.8084,     3.1972,    28h41m06s
[ 20700,  0.0003485]     0.5747,     0.8037,     3.2489,    28h36m07s
[ 20800,  0.0003481]     0.5742,     0.8067,     3.1467,    28h29m04s
[ 20900,  0.0003478]     0.5883,     0.7981,     3.3566,    28h29m19s
[ 21000,  0.0003474]     0.6015,     0.8139,     3.1740,    28h29m10s
[ 21100,  0.0003471]     0.5700,     0.7905,     3.2774,    28h22m47s
[ 21200,  0.0003467]     0.5853,     0.7906,     3.3757,    28h23m48s
[ 21300,  0.0003464]     0.5923,     0.8169,     2.9551,    28h20m00s
[ 21400,  0.0003460]     0.5923,     0.8067,     3.1709,    28h16m08s
[ 21500,  0.0003457]     0.5683,     0.7986,     3.1649,    28h17m37s
[ 21600,  0.0003453]     0.5651,     0.7808,     3.6077,    28h15m31s
[ 21700,  0.0003450]     0.5836,     0.8028,     3.2011,    28h11m43s
[ 21800,  0.0003446]     0.5892,     0.8009,     3.1871,    28h11m02s
[ 21900,  0.0003443]     0.5889,     0.8039,     3.1702,    28h09m12s
[ 22000,  0.0003439]     0.5864,     0.8048,     3.1784,    28h10m24s
[ 22100,  0.0003436]     0.5710,     0.7963,     3.3173,    28h15m32s
[ 22200,  0.0003432]     0.5984,     0.8019,     3.2149,    28h10m59s
[ 22300,  0.0003429]     0.5855,     0.7955,     3.2783,    28h01m43s
[ 22400,  0.0003425]     0.5805,     0.8033,     3.0821,    28h00m11s
[ 22500,  0.0003422]     0.5928,     0.8091,     3.0747,    27h58m29s
[ 22600,  0.0003418]     0.5873,     0.8039,     3.1990,    27h55m53s
[ 22700,  0.0003415]     0.5962,     0.8124,     3.0752,    27h57m38s
[ 22800,  0.0003411]     0.5855,     0.8061,     3.2329,    27h59m21s
[ 22900,  0.0003408]     0.6014,     0.8202,     2.9361,    27h58m27s
[ 23000,  0.0003404]     0.5817,     0.7909,     3.4639,    27h57m21s
[ 23100,  0.0003401]     0.5880,     0.8005,     3.3805,    27h50m47s
[ 23200,  0.0003397]     0.6078,     0.8124,     3.0585,    27h44m49s
[ 23300,  0.0003394]     0.5998,     0.8072,     3.1592,    27h58m38s
[ 23400,  0.0003390]     0.5755,     0.8008,     3.0999,    27h47m31s
[ 23500,  0.0003387]     0.6233,     0.8164,     3.0418,    27h49m34s
[ 23600,  0.0003383]     0.5959,     0.8105,     3.2656,    28h00m53s
[ 23700,  0.0003380]     0.5908,     0.8011,     3.2537,    27h45m53s
[ 23800,  0.0003376]     0.6224,     0.8206,     2.9920,    27h48m17s
[ 23900,  0.0003373]     0.6139,     0.8095,     3.0972,    27h39m29s
[ 24000,  0.0003369]     0.5822,     0.8000,     3.1604,    27h36m18s
[ 24100,  0.0003366]     0.6111,     0.8103,     3.0286,    27h32m31s
[ 24200,  0.0003362]     0.5905,     0.8008,     3.3085,    27h31m25s
[ 24300,  0.0003359]     0.5881,     0.8179,     3.0687,    27h22m20s
[ 24400,  0.0003355]     0.6191,     0.8122,     3.2527,    27h26m07s
[ 24500,  0.0003352]     0.5953,     0.8231,     2.8340,    27h23m26s
[ 24600,  0.0003348]     0.5961,     0.7970,     3.2757,    27h22m35s
[ 24700,  0.0003345]     0.6159,     0.8208,     2.9565,    27h19m52s
[ 24800,  0.0003341]     0.6094,     0.8045,     3.4217,    27h19m23s
[ 24900,  0.0003338]     0.6036,     0.8131,     3.0929,    27h18m11s
[ 25000,  0.0003334]     0.6011,     0.8164,     2.9793,    27h32m15s
[ 25100,  0.0003331]     0.6092,     0.8120,     3.1022,    27h14m03s
[ 25200,  0.0003327]     0.6041,     0.8155,     3.0897,    27h47m43s
[ 25300,  0.0003324]     0.6042,     0.8094,     3.0506,    27h12m59s
[ 25400,  0.0003320]     0.6071,     0.8106,     3.0043,    27h13m17s
[ 25500,  0.0003317]     0.6181,     0.8180,     3.0806,    27h13m03s
[ 25600,  0.0003313]     0.6342,     0.8273,     2.8736,    27h07m22s
[ 25700,  0.0003310]     0.6042,     0.8019,     3.2912,    27h04m23s
[ 25800,  0.0003306]     0.6167,     0.8186,     3.0346,    27h03m17s
[ 25900,  0.0003303]     0.6120,     0.8130,     3.1160,    26h59m56s
[ 26000,  0.0003299]     0.6093,     0.8096,     3.0759,    26h53m23s
[ 26100,  0.0003296]     0.5989,     0.8080,     3.1423,    27h06m29s
[ 26200,  0.0003292]     0.6214,     0.8170,     2.9474,    27h00m44s
[ 26300,  0.0003288]     0.6086,     0.8145,     3.0730,    26h54m24s
[ 26400,  0.0003285]     0.6141,     0.8127,     3.0340,    26h48m49s
[ 26500,  0.0003281]     0.6217,     0.8183,     2.9694,    26h44m48s
[ 26600,  0.0003278]     0.6039,     0.8069,     3.2713,    26h50m46s
[ 26700,  0.0003274]     0.6130,     0.8080,     3.1671,    26h48m46s
[ 26800,  0.0003271]     0.6198,     0.8252,     2.8723,    26h46m09s
[ 26900,  0.0003267]     0.6269,     0.8250,     3.0078,    26h48m51s
[ 27000,  0.0003264]     0.6303,     0.8203,     3.0162,    26h42m33s
[ 27100,  0.0003260]     0.6155,     0.8097,     3.0983,    26h43m31s
[ 27200,  0.0003257]     0.6145,     0.8253,     2.9515,    26h52m19s
[ 27300,  0.0003253]     0.6200,     0.8181,     2.9991,    26h41m26s
[ 27400,  0.0003250]     0.6262,     0.8259,     2.9025,    26h44m59s
[ 27500,  0.0003246]     0.6250,     0.8184,     2.9557,    26h36m17s
[ 27600,  0.0003243]     0.6098,     0.8147,     3.1806,    26h31m15s
[ 27700,  0.0003239]     0.6204,     0.8233,     2.9597,    26h25m24s
[ 27800,  0.0003236]     0.6300,     0.8192,     3.1206,    26h31m23s
[ 27900,  0.0003232]     0.6102,     0.8072,     3.1841,    26h30m28s
[ 28000,  0.0003229]     0.6217,     0.8200,     2.9346,    26h26m04s
[ 28100,  0.0003225]     0.6364,     0.8253,     2.9123,    26h23m11s
[ 28200,  0.0003222]     0.6266,     0.8247,     2.9452,    26h24m26s
[ 28300,  0.0003218]     0.6233,     0.8281,     2.8112,    26h20m09s
[ 28400,  0.0003215]     0.6192,     0.8063,     3.2337,    26h16m00s
[ 28500,  0.0003211]     0.6505,     0.8383,     2.7123,    26h14m04s
[ 28600,  0.0003208]     0.6047,     0.8045,     3.2183,    26h18m10s
[ 28700,  0.0003204]     0.6373,     0.8252,     2.9599,    26h11m56s
[ 28800,  0.0003201]     0.6221,     0.8194,     3.0168,    26h22m34s
[ 28900,  0.0003197]     0.6203,     0.8136,     3.0975,    26h09m27s
[ 29000,  0.0003194]     0.6311,     0.8309,     2.6723,    26h06m34s
[ 29100,  0.0003190]     0.6253,     0.8205,     3.0700,    26h05m45s
[ 29200,  0.0003187]     0.6208,     0.8211,     2.9350,    26h06m30s
[ 29300,  0.0003183]     0.6377,     0.8330,     2.8713,    26h13m17s
[ 29400,  0.0003180]     0.6217,     0.8230,     2.8973,    26h06m05s
[ 29500,  0.0003176]     0.6144,     0.8150,     3.0081,    25h58m33s
[ 29600,  0.0003173]     0.6300,     0.8284,     2.7735,    26h00m52s
[ 29700,  0.0003169]     0.6294,     0.8222,     2.9682,    25h54m03s
[ 29800,  0.0003166]     0.6430,     0.8325,     2.8094,    25h54m12s
[ 29900,  0.0003162]     0.6395,     0.8317,     2.8287,    25h47m38s
[ 30000,  0.0003159]     0.6242,     0.8203,     2.9269,    25h51m16s
Validation MACE: 0.875205
[ 30100,  0.0003155]     0.6077,     0.8180,     3.0220,    25h50m41s
[ 30200,  0.0003152]     0.6395,     0.8364,     2.6762,    25h50m20s
[ 30300,  0.0003148]     0.6359,     0.8261,     2.9161,    25h49m54s
[ 30400,  0.0003145]     0.6167,     0.8186,     3.0351,    25h41m30s
[ 30500,  0.0003141]     0.6347,     0.8272,     2.9459,    25h46m48s
[ 30600,  0.0003138]     0.6312,     0.8391,     2.6605,    25h41m11s
[ 30700,  0.0003134]     0.6269,     0.8177,     2.8758,    25h42m36s
[ 30800,  0.0003131]     0.6389,     0.8209,     2.9577,    25h34m49s
[ 30900,  0.0003127]     0.6234,     0.8177,     3.0148,    25h32m13s
[ 31000,  0.0003124]     0.6166,     0.8145,     3.1083,    25h31m19s
[ 31100,  0.0003120]     0.6275,     0.8255,     2.9167,    25h31m26s
[ 31200,  0.0003117]     0.6258,     0.8270,     2.8460,    25h30m32s
[ 31300,  0.0003113]     0.6452,     0.8389,     2.6706,    25h28m13s
[ 31400,  0.0003110]     0.6164,     0.8189,     2.9825,    25h26m42s
[ 31500,  0.0003106]     0.6230,     0.8109,     3.1484,    25h25m12s
[ 31600,  0.0003103]     0.6441,     0.8252,     2.9304,    25h28m31s
[ 31700,  0.0003099]     0.6319,     0.8281,     2.9824,    25h21m53s
[ 31800,  0.0003096]     0.6384,     0.8319,     2.7775,    25h21m46s
[ 31900,  0.0003092]     0.6209,     0.8311,     2.7696,    25h19m35s
[ 32000,  0.0003089]     0.6306,     0.8233,     3.0379,    25h15m34s
[ 32100,  0.0003085]     0.6517,     0.8283,     2.9458,    25h15m49s
[ 32200,  0.0003082]     0.6212,     0.8275,     2.8101,    25h12m33s
[ 32300,  0.0003078]     0.6295,     0.8233,     3.0609,    25h09m55s
[ 32400,  0.0003075]     0.6511,     0.8384,     2.6145,    25h08m40s
[ 32500,  0.0003071]     0.6344,     0.8322,     2.8123,    25h08m09s
[ 32600,  0.0003068]     0.6456,     0.8285,     2.8458,    25h02m43s
[ 32700,  0.0003064]     0.6316,     0.8272,     2.9337,    25h01m36s
[ 32800,  0.0003061]     0.6406,     0.8261,     2.7679,    25h04m11s
[ 32900,  0.0003057]     0.6331,     0.8177,     2.9373,    25h01m36s
[ 33000,  0.0003054]     0.6350,     0.8242,     2.8462,    24h59m19s
[ 33100,  0.0003050]     0.6234,     0.8197,     3.0033,    24h57m25s
[ 33200,  0.0003047]     0.6239,     0.8168,     3.0374,    25h00m29s
[ 33300,  0.0003043]     0.6473,     0.8298,     2.7181,    24h59m55s
[ 33400,  0.0003040]     0.6295,     0.8319,     2.8174,    24h52m24s
[ 33500,  0.0003036]     0.6420,     0.8267,     2.9913,    24h49m43s
[ 33600,  0.0003033]     0.6528,     0.8387,     2.6439,    24h46m29s
[ 33700,  0.0003029]     0.6347,     0.8267,     2.8657,    24h49m56s
[ 33800,  0.0003026]     0.6719,     0.8352,     2.6517,    24h45m33s
[ 33900,  0.0003022]     0.6391,     0.8286,     2.8503,    24h44m03s
[ 34000,  0.0003019]     0.6330,     0.8267,     2.9057,    24h42m39s
[ 34100,  0.0003015]     0.6541,     0.8409,     2.7035,    24h37m28s
[ 34200,  0.0003012]     0.6411,     0.8259,     2.9411,    24h36m07s
[ 34300,  0.0003008]     0.6505,     0.8305,     2.8557,    24h35m25s
[ 34400,  0.0003005]     0.6283,     0.8187,     3.0393,    24h35m36s
[ 34500,  0.0003001]     0.6561,     0.8430,     2.6218,    24h31m10s
[ 34600,  0.0002998]     0.6412,     0.8373,     2.6807,    24h31m58s
[ 34700,  0.0002994]     0.6322,     0.8286,     2.8071,    24h29m00s
[ 34800,  0.0002990]     0.6494,     0.8274,     2.7968,    24h31m46s
[ 34900,  0.0002987]     0.6320,     0.8245,     2.8999,    24h32m09s
[ 35000,  0.0002983]     0.6558,     0.8441,     2.5043,    24h29m14s
[ 35100,  0.0002980]     0.6652,     0.8370,     2.5045,    24h20m15s
[ 35200,  0.0002976]     0.6516,     0.8287,     2.8219,    24h57m35s
[ 35300,  0.0002973]     0.6481,     0.8336,     2.7779,    24h21m52s
[ 35400,  0.0002969]     0.6330,     0.8286,     2.9683,    24h20m42s
[ 35500,  0.0002966]     0.6466,     0.8308,     2.8573,    24h15m12s
[ 35600,  0.0002962]     0.6561,     0.8320,     2.7591,    24h14m21s
[ 35700,  0.0002959]     0.6592,     0.8386,     2.7426,    24h13m49s
[ 35800,  0.0002955]     0.6577,     0.8391,     2.6841,    24h09m06s
[ 35900,  0.0002952]     0.6497,     0.8345,     2.8006,    24h10m41s
[ 36000,  0.0002948]     0.6509,     0.8375,     2.5298,    24h08m51s
[ 36100,  0.0002945]     0.6436,     0.8334,     2.8609,    24h06m41s
[ 36200,  0.0002941]     0.6533,     0.8358,     2.7354,    24h01m51s
[ 36300,  0.0002938]     0.6425,     0.8187,     3.0253,    23h59m38s
[ 36400,  0.0002934]     0.6411,     0.8294,     2.7664,    23h58m15s
[ 36500,  0.0002931]     0.6635,     0.8431,     2.5436,    23h55m11s
[ 36600,  0.0002927]     0.6441,     0.8234,     2.9318,    23h57m07s
[ 36700,  0.0002924]     0.6719,     0.8528,     2.4954,    23h52m38s
[ 36800,  0.0002920]     0.6592,     0.8336,     2.8152,    23h50m35s
[ 36900,  0.0002917]     0.6412,     0.8211,     2.9754,    23h50m04s
[ 37000,  0.0002913]     0.6507,     0.8361,     2.6994,    23h49m29s
[ 37100,  0.0002910]     0.6523,     0.8328,     2.6178,    23h54m54s
[ 37200,  0.0002906]     0.6473,     0.8327,     2.7657,    23h45m48s
[ 37300,  0.0002903]     0.6447,     0.8328,     2.7479,    23h43m16s
[ 37400,  0.0002899]     0.6680,     0.8470,     2.6251,    23h45m12s
[ 37500,  0.0002896]     0.6606,     0.8395,     2.6903,    23h42m10s
[ 37600,  0.0002892]     0.6694,     0.8442,     2.5895,    23h41m30s
[ 37700,  0.0002889]     0.6586,     0.8425,     2.6796,    23h39m44s
[ 37800,  0.0002885]     0.6614,     0.8434,     2.6336,    23h36m52s
[ 37900,  0.0002882]     0.6436,     0.8286,     2.9413,    23h34m35s
[ 38000,  0.0002878]     0.6506,     0.8337,     2.8163,    23h30m56s
[ 38100,  0.0002875]     0.6407,     0.8297,     2.8816,    23h24m23s
[ 38200,  0.0002871]     0.6564,     0.8416,     2.6197,    23h29m23s
[ 38300,  0.0002868]     0.6523,     0.8325,     2.7233,    23h29m50s
[ 38400,  0.0002864]     0.6509,     0.8402,     2.5918,    23h26m52s
[ 38500,  0.0002861]     0.6655,     0.8433,     2.7142,    23h21m19s
[ 38600,  0.0002857]     0.6484,     0.8317,     2.7841,    23h20m22s
[ 38700,  0.0002854]     0.6511,     0.8372,     2.7748,    23h24m13s
[ 38800,  0.0002850]     0.6556,     0.8392,     2.6343,    23h21m00s
[ 38900,  0.0002847]     0.6584,     0.8320,     2.7833,    23h14m24s
[ 39000,  0.0002843]     0.6736,     0.8455,     2.6350,    23h15m26s
[ 39100,  0.0002840]     0.6748,     0.8466,     2.6155,    23h15m05s
[ 39200,  0.0002836]     0.6645,     0.8397,     2.6470,    23h04m52s
[ 39300,  0.0002833]     0.6642,     0.8344,     2.8067,    23h11m28s
[ 39400,  0.0002829]     0.6613,     0.8364,     2.6368,    23h09m14s
[ 39500,  0.0002826]     0.6527,     0.8341,     2.6274,    23h06m43s
[ 39600,  0.0002822]     0.6692,     0.8417,     2.6052,    23h04m34s
[ 39700,  0.0002819]     0.6550,     0.8356,     2.7925,    23h04m00s
[ 39800,  0.0002815]     0.6568,     0.8399,     2.6731,    23h01m31s
[ 39900,  0.0002812]     0.6667,     0.8445,     2.6649,    22h58m29s
[ 40000,  0.0002808]     0.6778,     0.8491,     2.6447,    22h56m52s
Validation MACE: 0.590762
[ 40100,  0.0002805]     0.6578,     0.8364,     2.6546,    22h52m12s
[ 40200,  0.0002801]     0.6506,     0.8336,     2.7818,    22h53m05s
[ 40300,  0.0002798]     0.6743,     0.8531,     2.4499,    22h47m55s
[ 40400,  0.0002794]     0.6488,     0.8294,     2.8987,    22h51m30s
[ 40500,  0.0002791]     0.6552,     0.8330,     2.7146,    22h49m02s
[ 40600,  0.0002787]     0.6697,     0.8453,     2.6691,    22h46m44s
[ 40700,  0.0002784]     0.6486,     0.8448,     2.5550,    22h45m14s
[ 40800,  0.0002780]     0.6534,     0.8287,     2.9377,    22h45m29s
[ 40900,  0.0002777]     0.6699,     0.8471,     2.5733,    22h37m58s
[ 41000,  0.0002773]     0.6562,     0.8381,     2.7108,    22h40m22s
[ 41100,  0.0002770]     0.6648,     0.8408,     2.7075,    22h41m35s
[ 41200,  0.0002766]     0.6720,     0.8545,     2.5104,    22h37m03s
[ 41300,  0.0002763]     0.6552,     0.8381,     2.7582,    22h34m43s
[ 41400,  0.0002759]     0.6664,     0.8438,     2.5829,    22h33m37s
[ 41500,  0.0002756]     0.6768,     0.8456,     2.6549,    22h28m25s
[ 41600,  0.0002752]     0.6659,     0.8420,     2.5548,    22h30m18s
[ 41700,  0.0002749]     0.6625,     0.8462,     2.5780,    22h27m25s
[ 41800,  0.0002745]     0.6647,     0.8433,     2.7480,    22h26m08s
[ 41900,  0.0002742]     0.6697,     0.8459,     2.5840,    22h27m11s
[ 42000,  0.0002738]     0.6598,     0.8398,     2.5380,    22h24m41s
[ 42100,  0.0002735]     0.6750,     0.8480,     2.4963,    22h32m09s
[ 42200,  0.0002731]     0.6683,     0.8425,     2.6932,    22h20m19s
[ 42300,  0.0002728]     0.6583,     0.8359,     2.7980,    22h16m53s
[ 42400,  0.0002724]     0.6695,     0.8422,     2.4839,    22h15m48s
[ 42500,  0.0002721]     0.6564,     0.8356,     2.7752,    22h12m35s
[ 42600,  0.0002717]     0.6573,     0.8348,     2.6277,    22h11m57s
[ 42700,  0.0002714]     0.6708,     0.8395,     2.7152,    22h11m31s
[ 42800,  0.0002710]     0.6698,     0.8433,     2.6268,    22h09m45s
[ 42900,  0.0002707]     0.6614,     0.8469,     2.5725,    22h07m54s
[ 43000,  0.0002703]     0.6737,     0.8452,     2.5906,    22h06m51s
[ 43100,  0.0002700]     0.6535,     0.8269,     2.8315,    22h11m45s
[ 43200,  0.0002696]     0.6936,     0.8478,     2.5889,    22h04m07s
[ 43300,  0.0002692]     0.6527,     0.8395,     2.6781,    22h02m52s
[ 43400,  0.0002689]     0.6719,     0.8378,     2.6808,    21h58m43s
[ 43500,  0.0002685]     0.6858,     0.8542,     2.4299,    21h59m11s
[ 43600,  0.0002682]     0.6567,     0.8355,     2.7042,    21h55m42s
[ 43700,  0.0002678]     0.6710,     0.8410,     2.6092,    21h49m06s
[ 43800,  0.0002675]     0.6659,     0.8416,     2.6242,    21h54m53s
[ 43900,  0.0002671]     0.6727,     0.8470,     2.5999,    21h50m22s
[ 44000,  0.0002668]     0.6734,     0.8428,     2.5263,    21h44m15s
[ 44100,  0.0002664]     0.6750,     0.8445,     2.6016,    21h47m55s
[ 44200,  0.0002661]     0.6846,     0.8512,     2.4293,    21h45m27s
[ 44300,  0.0002657]     0.6942,     0.8614,     2.3539,    21h46m49s
[ 44400,  0.0002654]     0.6717,     0.8439,     2.6370,    21h42m36s
[ 44500,  0.0002650]     0.6519,     0.8309,     2.6720,    21h39m35s
[ 44600,  0.0002647]     0.6723,     0.8420,     2.5264,    21h39m19s
[ 44700,  0.0002643]     0.6630,     0.8336,     2.7637,    21h35m33s
[ 44800,  0.0002640]     0.6829,     0.8499,     2.4565,    21h40m39s
[ 44900,  0.0002636]     0.6745,     0.8492,     2.5334,    21h34m29s
[ 45000,  0.0002633]     0.6723,     0.8473,     2.6326,    21h32m27s
[ 45100,  0.0002629]     0.6702,     0.8392,     2.6621,    21h27m50s
[ 45200,  0.0002626]     0.6698,     0.8491,     2.5214,    21h54m07s
[ 45300,  0.0002622]     0.6784,     0.8453,     2.6056,    21h21m10s
[ 45400,  0.0002619]     0.6742,     0.8536,     2.4539,    21h26m56s
[ 45500,  0.0002615]     0.6772,     0.8500,     2.5337,    21h23m49s
[ 45600,  0.0002612]     0.6794,     0.8516,     2.4555,    21h20m05s
[ 45700,  0.0002608]     0.6869,     0.8494,     2.6974,    21h19m40s
[ 45800,  0.0002605]     0.6678,     0.8389,     2.7414,    21h17m40s
[ 45900,  0.0002601]     0.6811,     0.8500,     2.5914,    21h20m32s
[ 46000,  0.0002598]     0.6816,     0.8478,     2.6395,    21h14m41s
[ 46100,  0.0002594]     0.6837,     0.8533,     2.5135,    21h14m20s
[ 46200,  0.0002591]     0.6709,     0.8406,     2.6480,    21h10m03s
[ 46300,  0.0002587]     0.6630,     0.8383,     2.7614,    21h11m31s
[ 46400,  0.0002584]     0.6887,     0.8577,     2.4590,    21h06m07s
[ 46500,  0.0002580]     0.6773,     0.8459,     2.5491,    21h03m40s
[ 46600,  0.0002577]     0.6856,     0.8522,     2.5120,    21h05m05s
[ 46700,  0.0002573]     0.6770,     0.8450,     2.5825,    21h02m46s
[ 46800,  0.0002570]     0.6839,     0.8528,     2.4948,    21h01m46s
[ 46900,  0.0002566]     0.6875,     0.8531,     2.5042,    20h59m49s
[ 47000,  0.0002563]     0.6828,     0.8439,     2.6711,    20h54m12s
[ 47100,  0.0002559]     0.6961,     0.8730,     2.1807,    20h55m34s
[ 47200,  0.0002556]     0.6906,     0.8406,     2.6589,    20h55m31s
[ 47300,  0.0002552]     0.6931,     0.8498,     2.4809,    20h50m35s
[ 47400,  0.0002549]     0.6741,     0.8452,     2.6902,    20h51m06s
[ 47500,  0.0002545]     0.6715,     0.8430,     2.5551,    20h45m14s
[ 47600,  0.0002542]     0.6808,     0.8461,     2.5464,    20h47m02s
[ 47700,  0.0002538]     0.6823,     0.8527,     2.6194,    20h44m36s
[ 47800,  0.0002535]     0.6934,     0.8630,     2.2103,    20h43m00s
[ 47900,  0.0002531]     0.7011,     0.8592,     2.4444,    20h42m45s
[ 48000,  0.0002528]     0.6714,     0.8416,     2.5530,    20h39m43s
[ 48100,  0.0002524]     0.6646,     0.8441,     2.7301,    20h41m33s
[ 48200,  0.0002521]     0.7061,     0.8645,     2.2900,    20h36m17s
[ 48300,  0.0002517]     0.6684,     0.8427,     2.5984,    20h32m47s
[ 48400,  0.0002514]     0.6798,     0.8452,     2.6775,    20h33m44s
[ 48500,  0.0002510]     0.6956,     0.8627,     2.2542,    20h32m54s
[ 48600,  0.0002507]     0.6737,     0.8450,     2.6486,    20h24m47s
[ 48700,  0.0002503]     0.6750,     0.8445,     2.6762,    20h28m18s
[ 48800,  0.0002500]     0.6839,     0.8488,     2.5532,    20h25m13s
[ 48900,  0.0002496]     0.6883,     0.8553,     2.5581,    20h26m35s
[ 49000,  0.0002493]     0.6817,     0.8483,     2.5933,    20h23m46s
[ 49100,  0.0002489]     0.6913,     0.8555,     2.4544,    20h18m45s
[ 49200,  0.0002486]     0.6922,     0.8591,     2.3464,    20h14m00s
[ 49300,  0.0002482]     0.6959,     0.8614,     2.3991,    20h15m07s
[ 49400,  0.0002479]     0.6813,     0.8539,     2.5284,    20h14m35s
[ 49500,  0.0002475]     0.6775,     0.8506,     2.5657,    20h12m18s
[ 49600,  0.0002472]     0.6817,     0.8520,     2.6095,    20h17m53s
[ 49700,  0.0002468]     0.6865,     0.8452,     2.6054,    20h11m33s
[ 49800,  0.0002465]     0.6809,     0.8531,     2.5406,    20h08m06s
[ 49900,  0.0002461]     0.6713,     0.8364,     2.6756,    20h06m04s
[ 50000,  0.0002458]     0.6833,     0.8578,     2.3724,    20h05m55s
Validation MACE: 0.718956
[ 50100,  0.0002454]     0.7166,     0.8691,     2.4052,    20h02m04s
[ 50200,  0.0002451]     0.7052,     0.8602,     2.3528,    20h02m11s
[ 50300,  0.0002447]     0.6839,     0.8451,     2.6179,    20h07m11s
[ 50400,  0.0002444]     0.6880,     0.8448,     2.5441,    19h59m28s
[ 50500,  0.0002440]     0.7048,     0.8583,     2.3826,    19h57m48s
[ 50600,  0.0002437]     0.6948,     0.8616,     2.4427,    19h55m25s
[ 50700,  0.0002433]     0.6956,     0.8638,     2.3503,    19h53m09s
[ 50800,  0.0002430]     0.6707,     0.8385,     2.6857,    19h45m24s
[ 50900,  0.0002426]     0.6936,     0.8506,     2.4952,    19h50m44s
[ 51000,  0.0002423]     0.6814,     0.8475,     2.6575,    19h49m09s
[ 51100,  0.0002419]     0.6978,     0.8588,     2.3281,    19h47m43s
[ 51200,  0.0002416]     0.7027,     0.8616,     2.4256,    19h45m45s
[ 51300,  0.0002412]     0.6808,     0.8448,     2.6391,    19h41m52s
[ 51400,  0.0002409]     0.6771,     0.8583,     2.3391,    19h45m30s
[ 51500,  0.0002405]     0.7111,     0.8653,     2.2971,    19h39m12s
[ 51600,  0.0002402]     0.6898,     0.8602,     2.4086,    19h38m50s
[ 51700,  0.0002398]     0.6987,     0.8589,     2.3119,    19h37m08s
[ 51800,  0.0002395]     0.6795,     0.8428,     2.6357,    19h33m26s
[ 51900,  0.0002391]     0.6995,     0.8600,     2.4131,    19h29m20s
[ 52000,  0.0002387]     0.6894,     0.8478,     2.5381,    19h34m57s
[ 52100,  0.0002384]     0.6967,     0.8525,     2.4822,    19h29m19s
[ 52200,  0.0002380]     0.6997,     0.8619,     2.4113,    19h27m24s
[ 52300,  0.0002377]     0.7045,     0.8600,     2.5355,    19h27m14s
[ 52400,  0.0002373]     0.6934,     0.8652,     2.2733,    19h27m16s
[ 52500,  0.0002370]     0.6895,     0.8540,     2.4780,    19h24m23s
[ 52600,  0.0002366]     0.7000,     0.8612,     2.4142,    19h19m12s
[ 52700,  0.0002363]     0.6914,     0.8562,     2.4286,    19h18m55s
[ 52800,  0.0002359]     0.7009,     0.8584,     2.3696,    19h17m06s
[ 52900,  0.0002356]     0.7053,     0.8645,     2.4191,    19h17m49s
[ 53000,  0.0002352]     0.6999,     0.8549,     2.4498,    19h09m06s
[ 53100,  0.0002349]     0.6830,     0.8395,     2.6359,    19h18m47s
[ 53200,  0.0002345]     0.7055,     0.8538,     2.5214,    19h09m29s
[ 53300,  0.0002342]     0.6878,     0.8539,     2.5460,    19h09m44s
[ 53400,  0.0002338]     0.6953,     0.8625,     2.4089,    19h08m53s
[ 53500,  0.0002335]     0.7092,     0.8686,     2.2540,    19h07m34s
[ 53600,  0.0002331]     0.6899,     0.8508,     2.6063,    19h07m35s
[ 53700,  0.0002328]     0.7141,     0.8677,     2.2471,    19h10m00s
[ 53800,  0.0002324]     0.6987,     0.8588,     2.4163,    19h00m02s
[ 53900,  0.0002321]     0.6973,     0.8528,     2.5103,    18h59m45s
[ 54000,  0.0002317]     0.6945,     0.8688,     2.1763,    18h57m06s
[ 54100,  0.0002314]     0.7119,     0.8576,     2.3180,    18h50m42s
[ 54200,  0.0002310]     0.7089,     0.8694,     2.3638,    18h59m23s
[ 54300,  0.0002307]     0.6961,     0.8531,     2.6477,    18h53m16s
[ 54400,  0.0002303]     0.7125,     0.8645,     2.2701,    18h50m09s
[ 54500,  0.0002300]     0.7014,     0.8664,     2.1498,    18h49m12s
[ 54600,  0.0002296]     0.6950,     0.8612,     2.4909,    18h44m52s
[ 54700,  0.0002293]     0.6994,     0.8571,     2.4114,    18h41m18s
[ 54800,  0.0002289]     0.6895,     0.8606,     2.3897,    18h42m49s
[ 54900,  0.0002286]     0.6959,     0.8566,     2.3834,    18h43m06s
[ 55000,  0.0002282]     0.6995,     0.8564,     2.5102,    18h40m03s
[ 55100,  0.0002279]     0.7103,     0.8692,     2.2732,    18h39m28s
[ 55200,  0.0002275]     0.7103,     0.8619,     2.2549,    18h52m57s
[ 55300,  0.0002272]     0.6935,     0.8542,     2.5417,    18h39m50s
[ 55400,  0.0002268]     0.7120,     0.8675,     2.2490,    18h34m14s
[ 55500,  0.0002265]     0.6997,     0.8600,     2.4795,    18h34m24s
[ 55600,  0.0002261]     0.7002,     0.8586,     2.3635,    18h30m45s
[ 55700,  0.0002258]     0.7103,     0.8608,     2.3872,    18h28m10s
[ 55800,  0.0002254]     0.7204,     0.8695,     2.2499,    18h24m15s
[ 55900,  0.0002251]     0.7103,     0.8688,     2.2383,    18h25m48s
[ 56000,  0.0002247]     0.7011,     0.8600,     2.4248,    18h23m07s
[ 56100,  0.0002244]     0.6942,     0.8539,     2.4713,    18h20m42s
[ 56200,  0.0002240]     0.7119,     0.8620,     2.3567,    18h21m06s
[ 56300,  0.0002237]     0.7152,     0.8623,     2.3022,    18h17m44s
[ 56400,  0.0002233]     0.7139,     0.8689,     2.3515,    18h14m34s
[ 56500,  0.0002230]     0.7008,     0.8589,     2.3585,    18h16m06s
[ 56600,  0.0002226]     0.6975,     0.8627,     2.2694,    18h13m10s
[ 56700,  0.0002223]     0.7000,     0.8633,     2.3561,    18h12m12s
[ 56800,  0.0002219]     0.7153,     0.8650,     2.3216,    18h09m31s
[ 56900,  0.0002216]     0.6981,     0.8630,     2.3883,    18h06m44s
[ 57000,  0.0002212]     0.7105,     0.8566,     2.4056,    18h12m35s
[ 57100,  0.0002209]     0.7078,     0.8494,     2.5662,    18h05m13s
[ 57200,  0.0002205]     0.6950,     0.8544,     2.5970,    18h03m05s
[ 57300,  0.0002202]     0.7311,     0.8888,     1.8601,    18h02m45s
[ 57400,  0.0002198]     0.7030,     0.8641,     2.2374,    17h58m30s
[ 57500,  0.0002195]     0.7070,     0.8569,     2.4291,    17h59m46s
[ 57600,  0.0002191]     0.7155,     0.8722,     2.3289,    17h55m36s
[ 57700,  0.0002188]     0.7066,     0.8573,     2.5170,    17h52m32s
[ 57800,  0.0002184]     0.7097,     0.8648,     2.3241,    17h53m38s
[ 57900,  0.0002181]     0.7127,     0.8614,     2.3971,    17h50m30s
[ 58000,  0.0002177]     0.7258,     0.8755,     2.1389,    17h48m27s
[ 58100,  0.0002174]     0.6994,     0.8555,     2.5640,    17h46m10s
[ 58200,  0.0002170]     0.7064,     0.8588,     2.3088,    17h44m18s
[ 58300,  0.0002167]     0.7009,     0.8523,     2.5963,    17h45m25s
[ 58400,  0.0002163]     0.6972,     0.8583,     2.4563,    17h42m05s
[ 58500,  0.0002160]     0.7109,     0.8662,     2.2825,    17h38m41s
[ 58600,  0.0002156]     0.7247,     0.8750,     2.2516,    17h35m48s
[ 58700,  0.0002153]     0.7087,     0.8673,     2.3744,    17h37m12s
[ 58800,  0.0002149]     0.7013,     0.8525,     2.5870,    17h36m25s
[ 58900,  0.0002146]     0.7036,     0.8612,     2.4230,    17h32m52s
[ 59000,  0.0002142]     0.7120,     0.8711,     2.2322,    17h31m30s
[ 59100,  0.0002139]     0.7035,     0.8561,     2.4049,    17h29m45s
[ 59200,  0.0002135]     0.7128,     0.8777,     2.1242,    17h31m32s
[ 59300,  0.0002132]     0.7044,     0.8708,     2.2368,    17h28m36s
[ 59400,  0.0002128]     0.7247,     0.8692,     2.4116,    17h24m01s
[ 59500,  0.0002125]     0.7136,     0.8602,     2.3861,    17h22m26s
[ 59600,  0.0002121]     0.6983,     0.8523,     2.5441,    17h21m06s
[ 59700,  0.0002118]     0.7294,     0.8761,     2.1774,    17h22m52s
[ 59800,  0.0002114]     0.7089,     0.8553,     2.3698,    17h24m58s
[ 59900,  0.0002111]     0.7139,     0.8592,     2.4303,    17h17m06s
[ 60000,  0.0002107]     0.7141,     0.8603,     2.4358,    17h13m39s
Validation MACE: 0.783446
[ 60100,  0.0002104]     0.7189,     0.8688,     2.1482,    17h16m53s
[ 60200,  0.0002100]     0.6924,     0.8481,     2.6895,    17h14m00s
[ 60300,  0.0002097]     0.7137,     0.8608,     2.4433,    17h09m52s
[ 60400,  0.0002093]     0.7134,     0.8553,     2.4108,    17h09m33s
[ 60500,  0.0002089]     0.7186,     0.8733,     2.1856,    17h05m56s
[ 60600,  0.0002086]     0.7289,     0.8812,     1.9511,    17h06m14s
[ 60700,  0.0002082]     0.7288,     0.8759,     2.1076,    17h02m36s
[ 60800,  0.0002079]     0.7241,     0.8725,     2.2694,    17h05m06s
[ 60900,  0.0002075]     0.7303,     0.8725,     2.2633,    17h01m06s
[ 61000,  0.0002072]     0.7027,     0.8547,     2.5462,    16h59m06s
[ 61100,  0.0002068]     0.7113,     0.8695,     2.2272,    16h55m46s
[ 61200,  0.0002065]     0.7058,     0.8548,     2.5008,    16h53m43s
[ 61300,  0.0002061]     0.7197,     0.8700,     2.1113,    16h53m45s
[ 61400,  0.0002058]     0.7186,     0.8658,     2.3423,    16h55m54s
[ 61500,  0.0002054]     0.7120,     0.8614,     2.3998,    16h48m48s
[ 61600,  0.0002051]     0.7270,     0.8769,     2.1117,    16h47m07s
[ 61700,  0.0002047]     0.7153,     0.8641,     2.3428,    16h45m27s
[ 61800,  0.0002044]     0.7178,     0.8733,     2.1648,    16h44m17s
[ 61900,  0.0002040]     0.7090,     0.8672,     2.2400,    16h38m35s
[ 62000,  0.0002037]     0.7170,     0.8616,     2.4277,    16h37m46s
[ 62100,  0.0002033]     0.7175,     0.8600,     2.4292,    16h39m02s
[ 62200,  0.0002030]     0.7238,     0.8775,     2.2139,    16h34m59s
[ 62300,  0.0002026]     0.7108,     0.8617,     2.3341,    16h35m52s
[ 62400,  0.0002023]     0.7133,     0.8666,     2.1531,    16h32m21s
[ 62500,  0.0002019]     0.7339,     0.8672,     2.2447,    16h33m02s
[ 62600,  0.0002016]     0.7278,     0.8727,     2.2401,    16h30m47s
[ 62700,  0.0002012]     0.7119,     0.8622,     2.4198,    16h29m01s
[ 62800,  0.0002009]     0.7253,     0.8628,     2.2778,    16h25m21s
[ 62900,  0.0002005]     0.7166,     0.8606,     2.3591,    16h25m17s
[ 63000,  0.0002002]     0.7289,     0.8760,     2.1457,    16h19m50s
[ 63100,  0.0001998]     0.7323,     0.8700,     2.2131,    16h21m57s
[ 63200,  0.0001995]     0.7283,     0.8705,     2.4159,    16h21m10s
[ 63300,  0.0001991]     0.7216,     0.8786,     2.1190,    16h19m13s
[ 63400,  0.0001988]     0.7027,     0.8573,     2.4914,    16h16m19s
[ 63500,  0.0001984]     0.7232,     0.8627,     2.3778,    16h11m54s
[ 63600,  0.0001981]     0.7219,     0.8691,     2.3380,    16h17m06s
[ 63700,  0.0001977]     0.7319,     0.8762,     2.1930,    16h12m47s
[ 63800,  0.0001974]     0.7161,     0.8605,     2.3592,    16h08m01s
[ 63900,  0.0001970]     0.7373,     0.8761,     2.2484,    16h08m08s
[ 64000,  0.0001967]     0.7080,     0.8672,     2.2585,    16h05m27s
[ 64100,  0.0001963]     0.7241,     0.8806,     2.1060,    16h04m26s
[ 64200,  0.0001960]     0.7262,     0.8755,     2.1853,    16h04m49s
[ 64300,  0.0001956]     0.7169,     0.8666,     2.2802,    16h06m47s
[ 64400,  0.0001953]     0.7153,     0.8681,     2.2577,    15h59m37s
[ 64500,  0.0001949]     0.7230,     0.8692,     2.3447,    15h57m58s
[ 64600,  0.0001946]     0.7245,     0.8617,     2.4275,    15h56m36s
[ 64700,  0.0001942]     0.7328,     0.8677,     2.4992,    15h54m58s
[ 64800,  0.0001939]     0.7247,     0.8688,     2.1309,    15h52m47s
[ 64900,  0.0001935]     0.7255,     0.8803,     1.9759,    15h50m35s
[ 65000,  0.0001932]     0.7230,     0.8586,     2.5241,    15h49m17s
[ 65100,  0.0001928]     0.7319,     0.8694,     2.2454,    15h46m41s
[ 65200,  0.0001925]     0.7462,     0.8888,     2.0713,    15h57m13s
[ 65300,  0.0001921]     0.7261,     0.8762,     2.1918,    15h50m43s
[ 65400,  0.0001918]     0.7183,     0.8594,     2.4681,    15h42m32s
[ 65500,  0.0001914]     0.7358,     0.8725,     2.2826,    15h40m27s
[ 65600,  0.0001911]     0.7359,     0.8780,     2.0545,    15h39m14s
[ 65700,  0.0001907]     0.7225,     0.8621,     2.3434,    15h34m05s
[ 65800,  0.0001904]     0.7348,     0.8723,     2.3413,    15h38m20s
[ 65900,  0.0001900]     0.7302,     0.8705,     2.1584,    15h34m07s
[ 66000,  0.0001897]     0.7281,     0.8714,     2.1765,    15h32m11s
[ 66100,  0.0001893]     0.7255,     0.8650,     2.3324,    15h29m02s
[ 66200,  0.0001890]     0.7320,     0.8700,     2.3088,    15h29m05s
[ 66300,  0.0001886]     0.7421,     0.8824,     2.0333,    15h31m16s
[ 66400,  0.0001883]     0.7252,     0.8683,     2.3415,    15h24m16s
[ 66500,  0.0001879]     0.7302,     0.8753,     2.2170,    15h22m36s
[ 66600,  0.0001876]     0.7334,     0.8723,     2.2914,    15h21m04s
[ 66700,  0.0001872]     0.7305,     0.8772,     2.1126,    15h21m46s
[ 66800,  0.0001869]     0.7287,     0.8701,     2.2965,    15h14m13s
[ 66900,  0.0001865]     0.7289,     0.8770,     2.0155,    15h22m20s
[ 67000,  0.0001862]     0.7433,     0.8730,     2.3644,    15h13m06s
[ 67100,  0.0001858]     0.7244,     0.8622,     2.5073,    15h10m58s
[ 67200,  0.0001855]     0.7570,     0.8814,     2.0687,    15h10m17s
[ 67300,  0.0001851]     0.7217,     0.8755,     2.2797,    15h08m16s
[ 67400,  0.0001848]     0.7235,     0.8598,     2.4508,    15h07m45s
[ 67500,  0.0001844]     0.7431,     0.8798,     2.1307,    15h04m06s
[ 67600,  0.0001841]     0.7364,     0.8752,     2.3151,    15h02m35s
[ 67700,  0.0001837]     0.7348,     0.8806,     2.1237,    15h00m46s
[ 67800,  0.0001834]     0.7434,     0.8788,     2.0874,    14h57m47s
[ 67900,  0.0001830]     0.7190,     0.8658,     2.3580,    14h54m56s
[ 68000,  0.0001827]     0.7366,     0.8783,     2.1909,    15h02m34s
[ 68100,  0.0001823]     0.7412,     0.8727,     2.3014,    14h54m18s
[ 68200,  0.0001820]     0.7267,     0.8675,     2.3676,    14h52m04s
[ 68300,  0.0001816]     0.7405,     0.8731,     2.2462,    14h49m23s
[ 68400,  0.0001813]     0.7636,     0.8908,     1.9210,    14h50m11s
[ 68500,  0.0001809]     0.7227,     0.8710,     2.3461,    14h49m40s
[ 68600,  0.0001806]     0.7455,     0.8827,     2.1970,    14h45m52s
[ 68700,  0.0001802]     0.7072,     0.8581,     2.4518,    14h44m05s
[ 68800,  0.0001799]     0.7438,     0.8833,     2.1334,    14h41m56s
[ 68900,  0.0001795]     0.7317,     0.8672,     2.3642,    14h40m41s
[ 69000,  0.0001791]     0.7525,     0.8883,     1.9782,    14h38m21s
[ 69100,  0.0001788]     0.7308,     0.8756,     2.1377,    14h37m41s
[ 69200,  0.0001784]     0.7436,     0.8775,     2.1429,    14h36m37s
[ 69300,  0.0001781]     0.7300,     0.8723,     2.2791,    14h32m16s
[ 69400,  0.0001777]     0.7466,     0.8825,     2.0813,    14h32m17s
[ 69500,  0.0001774]     0.7397,     0.8752,     2.2387,    14h29m28s
[ 69600,  0.0001770]     0.7466,     0.8852,     2.0043,    14h28m17s
[ 69700,  0.0001767]     0.7328,     0.8742,     2.1804,    14h27m02s
[ 69800,  0.0001763]     0.7414,     0.8720,     2.2594,    14h23m27s
[ 69900,  0.0001760]     0.7438,     0.8764,     2.1045,    14h21m28s
[ 70000,  0.0001756]     0.7253,     0.8673,     2.3092,    14h20m10s
Validation MACE: 0.390743
[ 70100,  0.0001753]     0.7384,     0.8808,     2.1636,    14h16m41s
[ 70200,  0.0001749]     0.7570,     0.8946,     1.8833,    14h19m53s
[ 70300,  0.0001746]     0.7325,     0.8719,     2.2815,    14h16m29s
[ 70400,  0.0001742]     0.7264,     0.8725,     2.1674,    14h15m10s
[ 70500,  0.0001739]     0.7442,     0.8814,     2.2146,    14h12m36s
[ 70600,  0.0001735]     0.7355,     0.8753,     2.1988,    14h11m34s
[ 70700,  0.0001732]     0.7383,     0.8744,     2.1824,    14h06m53s
[ 70800,  0.0001728]     0.7411,     0.8803,     2.0713,    14h06m31s
[ 70900,  0.0001725]     0.7534,     0.8764,     2.3016,    14h05m57s
[ 71000,  0.0001721]     0.7408,     0.8747,     2.1883,    14h03m16s
[ 71100,  0.0001718]     0.7414,     0.8752,     2.1247,    14h03m17s
[ 71200,  0.0001714]     0.7370,     0.8766,     2.2041,    14h00m18s
[ 71300,  0.0001711]     0.7544,     0.8869,     1.9872,    14h04m46s
[ 71400,  0.0001707]     0.7336,     0.8781,     2.0707,    13h56m29s
[ 71500,  0.0001704]     0.7220,     0.8703,     2.4291,    13h55m47s
[ 71600,  0.0001700]     0.7338,     0.8700,     2.3119,    13h53m15s
[ 71700,  0.0001697]     0.7597,     0.8884,     2.0052,    13h58m48s
[ 71800,  0.0001693]     0.7479,     0.8886,     1.9224,    13h59m08s
[ 71900,  0.0001690]     0.7480,     0.8817,     2.0840,    13h48m29s
[ 72000,  0.0001686]     0.7314,     0.8667,     2.3654,    13h46m24s
[ 72100,  0.0001683]     0.7486,     0.8814,     2.0974,    13h45m36s
[ 72200,  0.0001679]     0.7359,     0.8717,     2.2574,    13h43m57s
[ 72300,  0.0001676]     0.7522,     0.8873,     2.0452,    13h41m18s
[ 72400,  0.0001672]     0.7612,     0.8865,     2.0637,    13h44m12s
[ 72500,  0.0001669]     0.7328,     0.8730,     2.2605,    13h39m20s
[ 72600,  0.0001665]     0.7433,     0.8734,     2.2555,    13h39m40s
[ 72700,  0.0001662]     0.7338,     0.8709,     2.3449,    14h13m17s
[ 72800,  0.0001658]     0.7488,     0.8811,     2.0858,    13h55m46s
[ 72900,  0.0001655]     0.7571,     0.8913,     1.8905,    15h07m16s
[ 73000,  0.0001651]     0.7428,     0.8814,     2.1196,    15h15m12s
[ 73100,  0.0001648]     0.7372,     0.8688,     2.2134,    14h26m18s
[ 73200,  0.0001644]     0.7638,     0.8862,     2.0449,    13h26m27s
[ 73300,  0.0001641]     0.7423,     0.8708,     2.2898,    13h24m38s
[ 73400,  0.0001637]     0.7383,     0.8830,     2.1374,    13h21m57s
[ 73500,  0.0001634]     0.7355,     0.8711,     2.3354,    13h23m00s
[ 73600,  0.0001630]     0.7486,     0.8789,     2.1174,    13h18m38s
[ 73700,  0.0001627]     0.7470,     0.8791,     2.1808,    13h19m08s
[ 73800,  0.0001623]     0.7634,     0.8916,     1.9340,    13h15m05s
[ 73900,  0.0001620]     0.7553,     0.8841,     1.9992,    13h14m55s
[ 74000,  0.0001616]     0.7419,     0.8735,     2.0573,    13h10m55s
[ 74100,  0.0001613]     0.7534,     0.8880,     1.9867,    13h14m16s
[ 74200,  0.0001609]     0.7441,     0.8847,     2.1361,    13h11m02s
[ 74300,  0.0001606]     0.7597,     0.8864,     2.0272,    13h06m56s
[ 74400,  0.0001602]     0.7505,     0.8823,     2.0465,    13h05m53s
[ 74500,  0.0001599]     0.7373,     0.8741,     2.2871,    13h03m40s
[ 74600,  0.0001595]     0.7622,     0.8912,     1.9410,    13h00m38s
[ 74700,  0.0001592]     0.7491,     0.8797,     2.0864,    13h01m53s
[ 74800,  0.0001588]     0.7561,     0.8827,     2.1358,    12h58m33s
[ 74900,  0.0001585]     0.7569,     0.8853,     2.0357,    12h56m34s
[ 75000,  0.0001581]     0.7533,     0.8923,     1.9788,    12h55m20s
[ 75100,  0.0001578]     0.7349,     0.8729,     2.2676,    12h57m35s
[ 75200,  0.0001574]     0.7509,     0.8820,     2.0633,    12h51m56s
[ 75300,  0.0001571]     0.7400,     0.8744,     2.2264,    13h05m53s
[ 75400,  0.0001567]     0.7477,     0.8809,     2.1632,    12h49m09s
[ 75500,  0.0001564]     0.7377,     0.8769,     2.1631,    12h47m33s
[ 75600,  0.0001560]     0.7420,     0.8895,     1.9236,    12h46m38s
[ 75700,  0.0001557]     0.7390,     0.8679,     2.3242,    12h42m22s
[ 75800,  0.0001553]     0.7436,     0.8808,     2.1454,    12h41m24s
[ 75900,  0.0001550]     0.7666,     0.8917,     1.9493,    12h41m09s
[ 76000,  0.0001546]     0.7459,     0.8788,     2.2044,    12h39m00s
[ 76100,  0.0001543]     0.7698,     0.8859,     2.0706,    12h37m47s
[ 76200,  0.0001539]     0.7666,     0.8976,     2.0275,    12h34m03s
[ 76300,  0.0001536]     0.7473,     0.8805,     2.2310,    12h32m43s
[ 76400,  0.0001532]     0.7522,     0.8814,     2.0480,    12h32m35s
[ 76500,  0.0001529]     0.7547,     0.8933,     1.9571,    12h29m51s
[ 76600,  0.0001525]     0.7586,     0.8861,     2.0253,    12h27m29s
[ 76700,  0.0001522]     0.7386,     0.8759,     2.2550,    12h26m59s
[ 76800,  0.0001518]     0.7447,     0.8878,     2.1355,    12h21m39s
[ 76900,  0.0001515]     0.7545,     0.8777,     2.1938,    12h22m06s
[ 77000,  0.0001511]     0.7577,     0.8805,     2.0921,    12h22m13s
[ 77100,  0.0001508]     0.7630,     0.8900,     2.0091,    12h18m37s
[ 77200,  0.0001504]     0.7544,     0.8834,     2.0845,    12h18m37s
[ 77300,  0.0001501]     0.7558,     0.8879,     2.1030,    12h14m20s
[ 77400,  0.0001497]     0.7552,     0.8820,     2.1232,    12h13m41s
[ 77500,  0.0001494]     0.7555,     0.8794,     2.0938,    12h12m17s
[ 77600,  0.0001490]     0.7619,     0.8952,     1.9226,    12h11m28s
[ 77700,  0.0001486]     0.7594,     0.8911,     2.0526,    12h08m13s
[ 77800,  0.0001483]     0.7559,     0.8819,     2.2016,    12h07m32s
[ 77900,  0.0001479]     0.7412,     0.8728,     2.1571,    12h03m21s
[ 78000,  0.0001476]     0.7745,     0.8969,     1.9019,    12h03m18s
[ 78100,  0.0001472]     0.7523,     0.8823,     2.1575,    12h02m30s
[ 78200,  0.0001469]     0.7595,     0.8905,     2.0093,    12h00m16s
[ 78300,  0.0001465]     0.7642,     0.8909,     2.0677,    11h59m32s
[ 78400,  0.0001462]     0.7601,     0.8874,     2.0083,    11h56m30s
[ 78500,  0.0001458]     0.7573,     0.8833,     2.1558,    11h56m48s
[ 78600,  0.0001455]     0.7577,     0.8973,     2.0457,    11h55m31s
[ 78700,  0.0001451]     0.7656,     0.8852,     2.0305,    11h52m01s
[ 78800,  0.0001448]     0.7655,     0.8855,     2.1351,    11h51m00s
[ 78900,  0.0001444]     0.7736,     0.8975,     1.8279,    11h49m48s
[ 79000,  0.0001441]     0.7660,     0.8963,     1.9434,    11h44m59s
[ 79100,  0.0001437]     0.7536,     0.8825,     2.1020,    11h46m37s
[ 79200,  0.0001434]     0.7684,     0.8923,     1.9738,    11h48m01s
[ 79300,  0.0001430]     0.7472,     0.8786,     2.1979,    11h44m00s
[ 79400,  0.0001427]     0.7720,     0.8962,     1.9067,    11h41m07s
[ 79500,  0.0001423]     0.7676,     0.8933,     1.9514,    11h36m58s
[ 79600,  0.0001420]     0.7691,     0.8966,     1.9416,    11h37m52s
[ 79700,  0.0001416]     0.7486,     0.8903,     1.9487,    11h34m58s
[ 79800,  0.0001413]     0.7450,     0.8750,     2.1804,    11h32m11s
[ 79900,  0.0001409]     0.7622,     0.8855,     2.0638,    11h31m38s
[ 80000,  0.0001406]     0.7719,     0.8927,     1.8779,    11h30m10s
Validation MACE: 0.406726
[ 80100,  0.0001402]     0.7641,     0.8846,     2.1396,    11h23m12s
[ 80200,  0.0001399]     0.7730,     0.8994,     1.9003,    11h28m15s
[ 80300,  0.0001395]     0.7578,     0.8864,     1.9916,    11h24m53s
[ 80400,  0.0001392]     0.7711,     0.8848,     2.0623,    11h22m04s
[ 80500,  0.0001388]     0.7617,     0.8886,     1.9903,    11h21m54s
[ 80600,  0.0001385]     0.7527,     0.8766,     2.2145,    11h17m29s
[ 80700,  0.0001381]     0.7566,     0.8830,     2.2121,    11h16m55s
[ 80800,  0.0001378]     0.7708,     0.8950,     1.8782,    11h17m32s
[ 80900,  0.0001374]     0.7606,     0.8848,     2.0618,    11h14m21s
[ 81000,  0.0001371]     0.7777,     0.9033,     1.7082,    11h12m15s
[ 81100,  0.0001367]     0.7738,     0.8994,     1.8669,    11h10m12s
[ 81200,  0.0001364]     0.7721,     0.8964,     1.8729,    11h09m37s
[ 81300,  0.0001360]     0.7658,     0.8866,     2.0916,    11h08m18s
[ 81400,  0.0001357]     0.7694,     0.8925,     2.0318,    11h06m59s
[ 81500,  0.0001353]     0.7780,     0.8969,     1.8734,    11h03m23s
[ 81600,  0.0001350]     0.7616,     0.8830,     2.0200,    11h01m57s
[ 81700,  0.0001346]     0.7657,     0.8901,     1.9667,    10h58m15s
[ 81800,  0.0001343]     0.7652,     0.8862,     2.1065,    10h58m54s
[ 81900,  0.0001339]     0.7659,     0.8897,     2.0166,    10h57m43s
[ 82000,  0.0001336]     0.7645,     0.8912,     1.9531,    10h55m33s
[ 82100,  0.0001332]     0.7775,     0.8923,     1.9347,    10h53m33s
[ 82200,  0.0001329]     0.7758,     0.8850,     2.0833,    10h52m25s
[ 82300,  0.0001325]     0.7712,     0.8896,     1.9997,    10h49m27s
[ 82400,  0.0001322]     0.7709,     0.8923,     2.0760,    10h49m08s
[ 82500,  0.0001318]     0.7645,     0.8933,     1.9068,    10h49m00s
[ 82600,  0.0001315]     0.7753,     0.9003,     1.7933,    10h45m09s
[ 82700,  0.0001311]     0.7706,     0.8930,     2.0513,    10h42m31s
[ 82800,  0.0001308]     0.7630,     0.8864,     2.0120,    10h39m44s
[ 82900,  0.0001304]     0.7654,     0.8957,     1.9066,    10h42m15s
[ 83000,  0.0001301]     0.7827,     0.9036,     1.8224,    10h38m22s
[ 83100,  0.0001297]     0.7598,     0.8856,     2.1151,    10h37m35s
[ 83200,  0.0001294]     0.7567,     0.8875,     2.0213,    10h34m04s
[ 83300,  0.0001290]     0.7600,     0.8852,     2.1120,    10h32m42s
[ 83400,  0.0001287]     0.7923,     0.9036,     1.8399,    10h30m37s
[ 83500,  0.0001283]     0.7672,     0.8923,     2.0234,    10h30m51s
[ 83600,  0.0001280]     0.7698,     0.8909,     2.0232,    10h27m47s
[ 83700,  0.0001276]     0.7727,     0.8986,     1.9452,    10h26m21s
[ 83800,  0.0001273]     0.7700,     0.8906,     1.9362,    10h24m23s
[ 83900,  0.0001269]     0.7844,     0.9005,     1.8331,    10h23m11s
[ 84000,  0.0001266]     0.7955,     0.9101,     1.7659,    10h19m55s
[ 84100,  0.0001262]     0.7698,     0.8895,     2.0417,    10h18m47s
[ 84200,  0.0001259]     0.7745,     0.8947,     1.9589,    10h17m13s
[ 84300,  0.0001255]     0.7675,     0.8862,     2.0046,    10h15m23s
[ 84400,  0.0001252]     0.7739,     0.8992,     1.7836,    10h13m41s
[ 84500,  0.0001248]     0.7742,     0.8856,     2.0648,    10h10m52s
[ 84600,  0.0001245]     0.7697,     0.8881,     2.0828,    10h10m27s
[ 84700,  0.0001241]     0.7842,     0.9045,     1.8546,    10h08m57s
[ 84800,  0.0001238]     0.7773,     0.8927,     1.9069,    10h07m19s
[ 84900,  0.0001234]     0.7738,     0.8933,     2.0363,    10h05m15s
[ 85000,  0.0001231]     0.7784,     0.8956,     1.8843,    10h03m02s
[ 85100,  0.0001227]     0.7709,     0.8857,     2.0388,    10h08m36s
[ 85200,  0.0001224]     0.7703,     0.8897,     2.0810,    10h00m31s
[ 85300,  0.0001220]     0.7766,     0.8923,     2.0004,    10h07m47s
[ 85400,  0.0001217]     0.7691,     0.8948,     1.9427,    09h57m28s
[ 85500,  0.0001213]     0.7781,     0.8969,     1.9429,    09h55m31s
[ 85600,  0.0001210]     0.7933,     0.9045,     1.8393,    09h54m07s
[ 85700,  0.0001206]     0.7898,     0.9069,     1.7144,    09h52m20s
[ 85800,  0.0001203]     0.7792,     0.8908,     2.0065,    09h50m36s
[ 85900,  0.0001199]     0.7669,     0.8852,     2.0233,    09h48m36s
[ 86000,  0.0001196]     0.7627,     0.8906,     1.9192,    09h46m49s
[ 86100,  0.0001192]     0.7848,     0.8953,     1.9689,    09h43m59s
[ 86200,  0.0001188]     0.7939,     0.9059,     1.7389,    09h44m04s
[ 86300,  0.0001185]     0.7686,     0.8784,     2.3325,    09h40m26s
[ 86400,  0.0001181]     0.7991,     0.9141,     1.5521,    09h39m06s
[ 86500,  0.0001178]     0.7769,     0.8908,     2.1010,    09h36m41s
[ 86600,  0.0001174]     0.7845,     0.8938,     1.9149,    09h38m51s
[ 86700,  0.0001171]     0.7920,     0.9064,     1.7275,    09h35m28s
[ 86800,  0.0001167]     0.7795,     0.8955,     1.9357,    09h34m08s
[ 86900,  0.0001164]     0.7667,     0.8862,     2.0022,    09h30m16s
[ 87000,  0.0001160]     0.7791,     0.8923,     2.0549,    09h28m59s
[ 87100,  0.0001157]     0.7903,     0.9072,     1.8030,    09h27m34s
[ 87200,  0.0001153]     0.7819,     0.9025,     1.8077,    09h25m55s
[ 87300,  0.0001150]     0.7876,     0.8984,     1.9272,    09h25m13s
[ 87400,  0.0001146]     0.7850,     0.9048,     1.7401,    09h24m13s
[ 87500,  0.0001143]     0.7908,     0.9055,     1.7727,    09h19m52s
[ 87600,  0.0001139]     0.7823,     0.8958,     1.9775,    09h18m07s
[ 87700,  0.0001136]     0.7794,     0.8953,     1.9237,    09h17m04s
[ 87800,  0.0001132]     0.7728,     0.8866,     2.0104,    09h13m30s
[ 87900,  0.0001129]     0.7861,     0.9048,     1.7427,    09h14m02s
[ 88000,  0.0001125]     0.7866,     0.9000,     1.9402,    09h12m24s
[ 88100,  0.0001122]     0.7769,     0.8964,     1.8788,    09h09m32s
[ 88200,  0.0001118]     0.7722,     0.8995,     1.8372,    09h08m37s
[ 88300,  0.0001115]     0.7875,     0.8973,     1.9620,    09h05m41s
[ 88400,  0.0001111]     0.7836,     0.9011,     1.9516,    09h06m34s
[ 88500,  0.0001108]     0.7872,     0.9003,     1.7398,    09h03m28s
[ 88600,  0.0001104]     0.7808,     0.8989,     1.9021,    09h00m32s
[ 88700,  0.0001101]     0.7944,     0.9038,     1.7523,    08h59m45s
[ 88800,  0.0001097]     0.7841,     0.9022,     1.9321,    08h57m17s
[ 88900,  0.0001094]     0.7864,     0.9014,     1.8744,    08h56m07s
[ 89000,  0.0001090]     0.7897,     0.9027,     1.7491,    09h01m06s
[ 89100,  0.0001087]     0.7845,     0.8920,     2.0573,    08h53m15s
[ 89200,  0.0001083]     0.7906,     0.9036,     1.8056,    08h51m37s
[ 89300,  0.0001080]     0.7886,     0.9012,     1.8322,    08h49m34s
[ 89400,  0.0001076]     0.7892,     0.9047,     1.6732,    08h47m38s
[ 89500,  0.0001073]     0.7774,     0.8927,     1.9838,    08h46m57s
[ 89600,  0.0001069]     0.7769,     0.8981,     1.8386,    08h44m22s
[ 89700,  0.0001066]     0.7870,     0.9014,     1.8846,    08h42m24s
[ 89800,  0.0001062]     0.7925,     0.8995,     1.8084,    08h40m49s
[ 89900,  0.0001059]     0.7802,     0.9016,     1.8119,    08h38m51s
[ 90000,  0.0001055]     0.7963,     0.9058,     1.7489,    08h36m25s
Validation MACE: 0.664076
[ 90100,  0.0001052]     0.7928,     0.9039,     1.7446,    08h34m07s
[ 90200,  0.0001048]     0.7833,     0.8964,     1.8904,    08h35m12s
[ 90300,  0.0001045]     0.7927,     0.9062,     1.7475,    08h31m13s
[ 90400,  0.0001041]     0.7842,     0.9030,     1.7924,    08h30m58s
[ 90500,  0.0001038]     0.7783,     0.8970,     1.9855,    08h28m30s
[ 90600,  0.0001034]     0.7769,     0.8971,     1.9277,    08h25m34s
[ 90700,  0.0001031]     0.7963,     0.9036,     1.8284,    08h25m27s
[ 90800,  0.0001027]     0.7837,     0.9000,     1.8471,    08h23m18s
[ 90900,  0.0001024]     0.8050,     0.9084,     1.6599,    08h21m14s
[ 91000,  0.0001020]     0.7947,     0.9067,     1.7489,    08h20m23s
[ 91100,  0.0001017]     0.7809,     0.8981,     1.9187,    08h15m54s
[ 91200,  0.0001013]     0.7917,     0.9039,     1.8097,    08h16m27s
[ 91300,  0.0001010]     0.7867,     0.8931,     1.9713,    08h14m15s
[ 91400,  0.0001006]     0.7983,     0.9122,     1.7459,    08h13m57s
[ 91500,  0.0001003]     0.7878,     0.8994,     1.9104,    08h11m25s
[ 91600,  0.0000999]     0.7997,     0.9058,     1.6938,    08h09m12s
[ 91700,  0.0000996]     0.7863,     0.9057,     1.7054,    08h05m53s
[ 91800,  0.0000992]     0.7913,     0.8992,     1.9196,    08h06m11s
[ 91900,  0.0000989]     0.7944,     0.9047,     1.7260,    08h04m13s
[ 92000,  0.0000985]     0.7898,     0.8994,     1.9451,    08h03m03s
[ 92100,  0.0000982]     0.8037,     0.9100,     1.6280,    08h02m16s
[ 92200,  0.0000978]     0.7942,     0.9004,     1.9709,    07h58m11s
[ 92300,  0.0000975]     0.7864,     0.8909,     2.0626,    07h58m37s
[ 92400,  0.0000971]     0.8092,     0.9086,     1.6450,    07h57m02s
[ 92500,  0.0000968]     0.7870,     0.8950,     1.9669,    07h54m46s
[ 92600,  0.0000964]     0.7942,     0.9058,     1.6960,    07h51m58s
[ 92700,  0.0000961]     0.8044,     0.9144,     1.6829,    07h50m18s
[ 92800,  0.0000957]     0.8050,     0.9137,     1.5649,    07h47m31s
[ 92900,  0.0000954]     0.8014,     0.9070,     1.6651,    07h47m33s
[ 93000,  0.0000950]     0.7902,     0.8978,     2.0000,    07h45m06s
[ 93100,  0.0000947]     0.7886,     0.8991,     1.9087,    07h43m40s
[ 93200,  0.0000943]     0.8067,     0.9098,     1.6616,    07h41m28s
[ 93300,  0.0000940]     0.7886,     0.9069,     1.7616,    07h39m10s
[ 93400,  0.0000936]     0.8097,     0.9158,     1.6365,    07h54m43s
[ 93500,  0.0000933]     0.7969,     0.9086,     1.6807,    07h47m11s
[ 93600,  0.0000929]     0.7903,     0.9000,     2.0029,    07h35m12s
[ 93700,  0.0000926]     0.7947,     0.9012,     1.8292,    07h34m30s
[ 93800,  0.0000922]     0.8013,     0.9005,     1.8868,    07h31m44s
[ 93900,  0.0000919]     0.7944,     0.9061,     1.7873,    07h28m52s
[ 94000,  0.0000915]     0.7898,     0.8992,     1.9486,    07h31m21s
[ 94100,  0.0000912]     0.7908,     0.9059,     1.7453,    07h26m38s
[ 94200,  0.0000908]     0.7987,     0.9086,     1.7474,    07h24m27s
[ 94300,  0.0000905]     0.8084,     0.9073,     1.7001,    07h23m16s
[ 94400,  0.0000901]     0.7947,     0.9022,     1.8429,    07h20m16s
[ 94500,  0.0000898]     0.7964,     0.8973,     1.7665,    07h22m17s
[ 94600,  0.0000894]     0.7975,     0.9047,     1.8089,    07h18m16s
[ 94700,  0.0000890]     0.7994,     0.9091,     1.7526,    07h17m47s
[ 94800,  0.0000887]     0.7864,     0.9052,     1.7692,    07h15m57s
[ 94900,  0.0000883]     0.8073,     0.9108,     1.6696,    07h13m38s
[ 95000,  0.0000880]     0.7874,     0.8978,     1.9939,    07h12m42s
[ 95100,  0.0000876]     0.8011,     0.9008,     1.7983,    07h10m08s
[ 95200,  0.0000873]     0.8125,     0.9116,     1.6629,    07h07m18s
[ 95300,  0.0000869]     0.7981,     0.9009,     1.7538,    07h13m59s
[ 95400,  0.0000866]     0.7978,     0.8984,     1.9326,    07h04m03s
[ 95500,  0.0000862]     0.8022,     0.9088,     1.7946,    07h00m38s
[ 95600,  0.0000859]     0.8036,     0.9050,     1.8294,    07h00m32s
[ 95700,  0.0000855]     0.8116,     0.9114,     1.6385,    06h59m50s
[ 95800,  0.0000852]     0.7937,     0.9009,     1.8927,    06h58m32s
[ 95900,  0.0000848]     0.7994,     0.9050,     1.8015,    06h55m25s
[ 96000,  0.0000845]     0.7941,     0.8989,     1.8235,    06h53m29s
[ 96100,  0.0000841]     0.8097,     0.9158,     1.6963,    06h53m45s
[ 96200,  0.0000838]     0.7908,     0.8992,     1.9563,    06h50m34s
[ 96300,  0.0000834]     0.8058,     0.9167,     1.5674,    06h48m53s
[ 96400,  0.0000831]     0.7933,     0.8992,     1.9367,    06h46m45s
[ 96500,  0.0000827]     0.8075,     0.9120,     1.7334,    06h44m49s
[ 96600,  0.0000824]     0.7959,     0.8994,     1.9046,    06h42m27s
[ 96700,  0.0000820]     0.8169,     0.9203,     1.5862,    06h42m35s
[ 96800,  0.0000817]     0.8041,     0.9052,     1.7975,    06h39m45s
[ 96900,  0.0000813]     0.7992,     0.9005,     1.8857,    06h38m50s
[ 97000,  0.0000810]     0.7970,     0.9102,     1.6455,    06h36m49s
[ 97100,  0.0000806]     0.7966,     0.9000,     1.7685,    06h34m11s
[ 97200,  0.0000803]     0.8029,     0.9051,     1.7623,    06h32m27s
[ 97300,  0.0000799]     0.8069,     0.9091,     1.7316,    06h31m18s
[ 97400,  0.0000796]     0.7909,     0.8947,     1.9075,    06h29m42s
[ 97500,  0.0000792]     0.8070,     0.9161,     1.6076,    06h28m03s
[ 97600,  0.0000789]     0.8120,     0.9156,     1.6119,    06h26m13s
[ 97700,  0.0000785]     0.7923,     0.8997,     1.8588,    06h23m47s
[ 97800,  0.0000782]     0.8097,     0.9067,     1.8424,    06h23m05s
[ 97900,  0.0000778]     0.8041,     0.9069,     1.7423,    06h22m21s
[ 98000,  0.0000775]     0.8005,     0.9064,     1.7886,    06h19m37s
[ 98100,  0.0000771]     0.8114,     0.9105,     1.7925,    06h19m19s
[ 98200,  0.0000768]     0.7927,     0.9034,     1.7988,    06h17m33s
[ 98300,  0.0000764]     0.8015,     0.8988,     1.8123,    06h14m42s
[ 98400,  0.0000761]     0.8064,     0.9100,     1.7062,    06h12m54s
[ 98500,  0.0000757]     0.8092,     0.9119,     1.6877,    06h10m12s
[ 98600,  0.0000754]     0.8177,     0.9136,     1.6365,    06h08m32s
[ 98700,  0.0000750]     0.8139,     0.9111,     1.7382,    06h07m31s
[ 98800,  0.0000747]     0.8106,     0.9153,     1.6544,    06h05m10s
[ 98900,  0.0000743]     0.8028,     0.9038,     1.8547,    06h03m12s
[ 99000,  0.0000740]     0.8153,     0.9175,     1.6539,    06h02m08s
[ 99100,  0.0000736]     0.8044,     0.9084,     1.7306,    06h00m26s
[ 99200,  0.0000733]     0.8037,     0.9020,     1.7345,    05h59m05s
[ 99300,  0.0000729]     0.8058,     0.9038,     1.8609,    05h57m36s
[ 99400,  0.0000726]     0.8093,     0.9161,     1.5807,    05h55m13s
[ 99500,  0.0000722]     0.8092,     0.9069,     1.6934,    05h53m02s
[ 99600,  0.0000719]     0.8034,     0.9036,     1.8555,    05h51m39s
[ 99700,  0.0000715]     0.8066,     0.9123,     1.7686,    05h50m12s
[ 99800,  0.0000712]     0.8217,     0.9139,     1.5633,    05h47m45s
[ 99900,  0.0000708]     0.8095,     0.9058,     1.7087,    05h46m08s
[100000,  0.0000705]     0.8012,     0.9054,     1.7002,    05h43m44s
Validation MACE: 0.477831
[100100,  0.0000701]     0.8108,     0.9094,     1.6520,    05h41m48s
[100200,  0.0000698]     0.7977,     0.9025,     1.8732,    05h41m59s
[100300,  0.0000694]     0.8109,     0.9081,     1.6794,    05h40m09s
[100400,  0.0000691]     0.8009,     0.9052,     1.7724,    05h38m02s
[100500,  0.0000687]     0.8132,     0.9197,     1.6067,    05h37m56s
[100600,  0.0000684]     0.8102,     0.9113,     1.7296,    05h34m18s
[100700,  0.0000680]     0.8136,     0.9108,     1.6590,    05h32m17s
[100800,  0.0000677]     0.8131,     0.9127,     1.5985,    05h31m04s
[100900,  0.0000673]     0.8145,     0.9137,     1.6131,    05h29m11s
[101000,  0.0000670]     0.8031,     0.8942,     1.9578,    05h27m13s
[101100,  0.0000666]     0.8163,     0.9145,     1.6999,    05h26m55s
[101200,  0.0000663]     0.8163,     0.9147,     1.5989,    05h23m55s
[101300,  0.0000659]     0.8187,     0.9144,     1.6517,    05h23m03s
[101400,  0.0000656]     0.8078,     0.9075,     1.7278,    05h24m04s
[101500,  0.0000652]     0.8152,     0.9153,     1.5824,    05h18m29s
[101600,  0.0000649]     0.8065,     0.9012,     1.8074,    05h16m15s
[101700,  0.0000645]     0.8120,     0.9108,     1.7564,    05h15m04s
[101800,  0.0000642]     0.8122,     0.9122,     1.6183,    05h13m56s
[101900,  0.0000638]     0.8252,     0.9184,     1.5857,    05h11m51s
[102000,  0.0000635]     0.8114,     0.9086,     1.6499,    05h10m28s
[102100,  0.0000631]     0.8125,     0.9078,     1.7251,    05h08m47s
[102200,  0.0000628]     0.8049,     0.9102,     1.7453,    05h07m37s
[102300,  0.0000624]     0.8033,     0.9086,     1.6992,    05h05m41s
[102400,  0.0000621]     0.8047,     0.9131,     1.6400,    05h03m18s
[102500,  0.0000617]     0.8275,     0.9145,     1.6328,    05h01m26s
[102600,  0.0000614]     0.8116,     0.9103,     1.6586,    05h00m34s
[102700,  0.0000610]     0.8259,     0.9167,     1.6475,    04h58m20s
[102800,  0.0000607]     0.8123,     0.9067,     1.8385,    04h56m20s
[102900,  0.0000603]     0.8123,     0.9106,     1.7198,    04h54m44s
[103000,  0.0000600]     0.8120,     0.9148,     1.5657,    04h52m57s
[103100,  0.0000596]     0.8133,     0.9125,     1.6297,    04h51m25s
[103200,  0.0000593]     0.8133,     0.9131,     1.6319,    04h49m42s
[103300,  0.0000589]     0.8201,     0.9097,     1.6882,    04h48m11s
[103400,  0.0000585]     0.8133,     0.9159,     1.5836,    04h45m47s
[103500,  0.0000582]     0.8077,     0.9059,     1.7764,    04h44m17s
[103600,  0.0000578]     0.8080,     0.9103,     1.7195,    04h42m37s
[103700,  0.0000575]     0.8067,     0.8983,     1.7729,    04h40m55s
[103800,  0.0000571]     0.8138,     0.9063,     1.8477,    04h38m37s
[103900,  0.0000568]     0.8075,     0.9134,     1.6612,    04h37m54s
[104000,  0.0000564]     0.8203,     0.9181,     1.5841,    04h36m13s
[104100,  0.0000561]     0.8098,     0.9125,     1.6840,    04h33m46s
[104200,  0.0000557]     0.8080,     0.9016,     1.8073,    04h32m23s
[104300,  0.0000554]     0.8250,     0.9155,     1.6356,    04h30m34s
[104400,  0.0000550]     0.8067,     0.9044,     1.8094,    04h28m39s
[104500,  0.0000547]     0.7977,     0.8939,     1.8729,    04h28m34s
[104600,  0.0000543]     0.8273,     0.9213,     1.5117,    04h25m41s
[104700,  0.0000540]     0.8270,     0.9263,     1.4283,    04h23m47s
[104800,  0.0000536]     0.8002,     0.8992,     1.9203,    04h22m17s
[104900,  0.0000533]     0.8295,     0.9256,     1.3023,    04h20m03s
[105000,  0.0000529]     0.8039,     0.9030,     1.7957,    04h18m48s
[105100,  0.0000526]     0.8100,     0.9073,     1.7636,    04h16m21s
[105200,  0.0000522]     0.8120,     0.9039,     1.8042,    04h15m05s
[105300,  0.0000519]     0.8298,     0.9237,     1.5630,    04h18m58s
[105400,  0.0000515]     0.8175,     0.9098,     1.5865,    04h12m56s
[105500,  0.0000512]     0.8069,     0.9117,     1.7273,    04h09m53s
[105600,  0.0000508]     0.8214,     0.9125,     1.5591,    04h08m52s
[105700,  0.0000505]     0.8241,     0.9216,     1.4491,    04h06m30s
[105800,  0.0000501]     0.8292,     0.9184,     1.5875,    04h04m22s
[105900,  0.0000498]     0.8220,     0.9161,     1.6211,    04h03m05s
[106000,  0.0000494]     0.8085,     0.9039,     1.7579,    04h00m23s
[106100,  0.0000491]     0.8166,     0.9052,     1.7531,    04h00m10s
[106200,  0.0000487]     0.8097,     0.9155,     1.6579,    03h58m14s
[106300,  0.0000484]     0.8234,     0.9105,     1.7277,    03h56m50s
[106400,  0.0000480]     0.8059,     0.9098,     1.7515,    03h54m30s
[106500,  0.0000477]     0.8198,     0.9219,     1.5424,    03h53m04s
[106600,  0.0000473]     0.8231,     0.9191,     1.5654,    03h51m17s
[106700,  0.0000470]     0.8245,     0.9187,     1.6922,    03h49m33s
[106800,  0.0000466]     0.8116,     0.9103,     1.7346,    03h47m42s
[106900,  0.0000463]     0.8080,     0.9059,     1.7043,    03h45m33s
[107000,  0.0000459]     0.8230,     0.9184,     1.5203,    03h44m20s
[107100,  0.0000456]     0.8076,     0.9058,     1.6884,    03h41m56s
[107200,  0.0000452]     0.8130,     0.9120,     1.6766,    03h40m45s
[107300,  0.0000449]     0.8097,     0.9041,     1.8389,    03h39m01s
[107400,  0.0000445]     0.8139,     0.9106,     1.6983,    03h37m42s
[107500,  0.0000442]     0.8278,     0.9184,     1.5415,    03h35m18s
[107600,  0.0000438]     0.8308,     0.9156,     1.6140,    03h33m32s
[107700,  0.0000435]     0.8310,     0.9180,     1.5418,    03h34m11s
[107800,  0.0000431]     0.8130,     0.9086,     1.6598,    03h31m26s
[107900,  0.0000428]     0.8189,     0.9073,     1.7096,    03h28m47s
[108000,  0.0000424]     0.8402,     0.9289,     1.4749,    03h27m01s
[108100,  0.0000421]     0.7973,     0.8969,     1.8902,    03h25m05s
[108200,  0.0000417]     0.8205,     0.9186,     1.5340,    03h22m46s
[108300,  0.0000414]     0.8161,     0.9131,     1.6224,    03h22m44s
[108400,  0.0000410]     0.8137,     0.9056,     1.7189,    03h20m14s
[108500,  0.0000407]     0.8197,     0.9167,     1.5985,    03h18m20s
[108600,  0.0000403]     0.8208,     0.9120,     1.7913,    03h16m38s
[108700,  0.0000400]     0.8202,     0.9231,     1.4904,    03h15m12s
[108800,  0.0000396]     0.8139,     0.9079,     1.6405,    03h13m56s
[108900,  0.0000393]     0.8192,     0.9197,     1.5459,    03h11m36s
[109000,  0.0000389]     0.8269,     0.9147,     1.4968,    03h10m00s
[109100,  0.0000386]     0.8120,     0.9070,     1.7585,    03h08m08s
[109200,  0.0000382]     0.8078,     0.9098,     1.7791,    03h06m31s
[109300,  0.0000379]     0.8197,     0.9141,     1.5858,    03h15m18s
[109400,  0.0000375]     0.8341,     0.9244,     1.4547,    03h02m50s
[109500,  0.0000372]     0.8133,     0.9059,     1.7272,    03h00m53s
[109600,  0.0000368]     0.8270,     0.9213,     1.5343,    02h59m08s
[109700,  0.0000365]     0.8078,     0.8988,     1.8632,    02h57m43s
[109800,  0.0000361]     0.8195,     0.9128,     1.6072,    02h56m01s
[109900,  0.0000358]     0.8261,     0.9148,     1.6268,    02h53m32s
[110000,  0.0000354]     0.8303,     0.9195,     1.5030,    02h52m27s
Validation MACE: 0.447745
[110100,  0.0000351]     0.8161,     0.9103,     1.7782,    02h50m16s
[110200,  0.0000347]     0.8131,     0.9131,     1.6173,    02h49m05s
[110300,  0.0000344]     0.8267,     0.9191,     1.5025,    02h47m17s
[110400,  0.0000340]     0.8250,     0.9142,     1.5968,    02h45m34s
[110500,  0.0000337]     0.8166,     0.9038,     1.7441,    02h44m59s
[110600,  0.0000333]     0.8386,     0.9267,     1.3686,    02h41m51s
[110700,  0.0000330]     0.8242,     0.9150,     1.7069,    02h40m10s
[110800,  0.0000326]     0.8277,     0.9178,     1.5823,    02h38m41s
[110900,  0.0000323]     0.8208,     0.9098,     1.7635,    02h37m03s
[111000,  0.0000319]     0.8236,     0.9234,     1.4674,    02h35m34s
[111100,  0.0000316]     0.8098,     0.9098,     1.6728,    02h33m31s
[111200,  0.0000312]     0.8167,     0.9073,     1.7131,    02h31m57s
[111300,  0.0000309]     0.8250,     0.9152,     1.5719,    02h29m52s
[111400,  0.0000305]     0.8316,     0.9152,     1.6393,    02h28m27s
[111500,  0.0000302]     0.8255,     0.9119,     1.7404,    02h26m22s
[111600,  0.0000298]     0.8153,     0.9152,     1.6412,    02h24m30s
[111700,  0.0000295]     0.8256,     0.9164,     1.6091,    02h23m07s
[111800,  0.0000291]     0.8213,     0.9087,     1.6626,    02h21m39s
[111900,  0.0000287]     0.8355,     0.9223,     1.5220,    02h19m48s
[112000,  0.0000284]     0.8167,     0.9078,     1.6713,    02h17m59s
[112100,  0.0000280]     0.8184,     0.9141,     1.7197,    02h16m36s
[112200,  0.0000277]     0.8313,     0.9198,     1.5766,    02h14m35s
[112300,  0.0000273]     0.8294,     0.9158,     1.5741,    02h12m49s
[112400,  0.0000270]     0.8133,     0.9177,     1.6264,    02h11m15s
[112500,  0.0000266]     0.8227,     0.9122,     1.6884,    02h09m15s
[112600,  0.0000263]     0.8186,     0.9092,     1.6577,    02h07m14s
[112700,  0.0000259]     0.8288,     0.9168,     1.5414,    02h05m29s
[112800,  0.0000256]     0.8247,     0.9105,     1.7277,    02h04m03s
[112900,  0.0000252]     0.8195,     0.9191,     1.5393,    02h02m15s
[113000,  0.0000249]     0.8291,     0.9195,     1.5032,    02h00m45s
[113100,  0.0000245]     0.8389,     0.9228,     1.5621,    01h59m06s
[113200,  0.0000242]     0.8159,     0.9033,     1.7225,    01h57m08s
[113300,  0.0000238]     0.8291,     0.9227,     1.4362,    01h55m25s
[113400,  0.0000235]     0.8327,     0.9247,     1.4548,    01h54m15s
[113500,  0.0000231]     0.8142,     0.9116,     1.6241,    01h51m54s
[113600,  0.0000228]     0.8217,     0.9080,     1.7543,    01h50m28s
[113700,  0.0000224]     0.8242,     0.9130,     1.5589,    01h48m29s
[113800,  0.0000221]     0.8206,     0.9088,     1.7804,    01h46m59s
[113900,  0.0000217]     0.8153,     0.9083,     1.7461,    01h45m21s
[114000,  0.0000214]     0.8033,     0.9055,     1.6931,    01h43m41s
[114100,  0.0000210]     0.8333,     0.9272,     1.5030,    01h41m48s
[114200,  0.0000207]     0.8297,     0.9213,     1.5144,    01h40m09s
[114300,  0.0000203]     0.8355,     0.9242,     1.5521,    01h38m12s
[114400,  0.0000200]     0.8208,     0.9111,     1.6605,    01h36m33s
[114500,  0.0000196]     0.8230,     0.9181,     1.4982,    01h34m50s
[114600,  0.0000193]     0.8298,     0.9208,     1.5597,    01h33m16s
[114700,  0.0000189]     0.8198,     0.9137,     1.6543,    01h31m21s
[114800,  0.0000186]     0.8294,     0.9184,     1.5541,    01h29m37s
[114900,  0.0000182]     0.8218,     0.9114,     1.6335,    01h28m04s
[115000,  0.0000179]     0.8302,     0.9172,     1.5961,    01h26m18s
[115100,  0.0000175]     0.8306,     0.9181,     1.6128,    01h24m27s
[115200,  0.0000172]     0.8186,     0.9159,     1.4869,    01h22m47s
[115300,  0.0000168]     0.8181,     0.9152,     1.6534,    01h22m54s
[115400,  0.0000165]     0.8327,     0.9213,     1.4752,    01h19m39s
[115500,  0.0000161]     0.8259,     0.9191,     1.5368,    01h17m44s
[115600,  0.0000158]     0.8406,     0.9250,     1.5141,    01h16m03s
[115700,  0.0000154]     0.8169,     0.9131,     1.5496,    01h14m12s
[115800,  0.0000151]     0.8300,     0.9195,     1.5974,    01h12m22s
[115900,  0.0000147]     0.8302,     0.9194,     1.5889,    01h10m41s
[116000,  0.0000144]     0.8124,     0.9089,     1.6670,    01h08m39s
[116100,  0.0000140]     0.8323,     0.9183,     1.5668,    01h07m20s
[116200,  0.0000137]     0.8300,     0.9189,     1.4548,    01h05m53s
[116300,  0.0000133]     0.8272,     0.9122,     1.5911,    01h03m54s
[116400,  0.0000130]     0.8309,     0.9219,     1.5837,    01h02m14s
[116500,  0.0000126]     0.8198,     0.9153,     1.6477,    01h00m37s
[116600,  0.0000123]     0.8205,     0.9097,     1.6681,    00h58m46s
[116700,  0.0000119]     0.8227,     0.9086,     1.6863,    00h56m53s
[116800,  0.0000116]     0.8492,     0.9264,     1.4427,    00h55m07s
[116900,  0.0000112]     0.8309,     0.9194,     1.5159,    00h53m26s
[117000,  0.0000109]     0.8211,     0.9145,     1.6270,    00h51m44s
[117100,  0.0000105]     0.8389,     0.9233,     1.4889,    00h50m09s
[117200,  0.0000102]     0.8289,     0.9175,     1.5593,    00h48m16s
[117300,  0.0000098]     0.8322,     0.9172,     1.6186,    00h46m32s
[117400,  0.0000095]     0.8136,     0.9080,     1.7147,    00h44m50s
[117500,  0.0000091]     0.8292,     0.9269,     1.4644,    00h43m03s
[117600,  0.0000088]     0.8291,     0.9227,     1.5666,    00h41m23s
[117700,  0.0000084]     0.8189,     0.9081,     1.7355,    00h39m36s
[117800,  0.0000081]     0.8255,     0.9144,     1.6032,    00h37m53s
[117900,  0.0000077]     0.8413,     0.9278,     1.4620,    00h36m12s
[118000,  0.0000074]     0.8217,     0.9159,     1.5550,    00h34m26s
[118100,  0.0000070]     0.8320,     0.9195,     1.5900,    00h32m43s
[118200,  0.0000067]     0.8298,     0.9191,     1.5606,    00h30m54s
[118300,  0.0000063]     0.8266,     0.9120,     1.6964,    00h29m20s
[118400,  0.0000060]     0.8272,     0.9203,     1.5687,    00h27m32s
[118500,  0.0000056]     0.8308,     0.9187,     1.4957,    00h25m52s
[118600,  0.0000053]     0.8259,     0.9173,     1.5075,    00h24m08s
[118700,  0.0000049]     0.8156,     0.9137,     1.6382,    00h22m23s
[118800,  0.0000046]     0.8248,     0.9086,     1.8280,    00h20m42s
[118900,  0.0000042]     0.8219,     0.9147,     1.5660,    00h18m58s
[119000,  0.0000039]     0.8356,     0.9278,     1.4293,    00h17m15s
[119100,  0.0000035]     0.8241,     0.9227,     1.5224,    00h15m30s
[119200,  0.0000032]     0.8341,     0.9197,     1.5487,    00h13m46s
[119300,  0.0000028]     0.8279,     0.9186,     1.5387,    00h12m04s
[119400,  0.0000025]     0.8194,     0.9064,     1.7440,    00h10m20s
[119500,  0.0000021]     0.8447,     0.9264,     1.4510,    00h08m37s
[119600,  0.0000018]     0.8214,     0.9122,     1.7321,    00h06m53s
[119700,  0.0000014]     0.8358,     0.9211,     1.4815,    00h05m10s
[119800,  0.0000011]     0.8314,     0.9230,     1.4488,    00h03m26s
[119900,  0.0000007]     0.8227,     0.9141,     1.6298,    00h01m43s
[120000,  0.0000004]     0.8166,     0.9130,     1.6077,    00h00m00s
Validation MACE: 0.297594
