Parameter Count: 930114
Training with 8822 image pairs
[   100,  0.0000223]     0.0017,     0.0076,    24.9765,    13h40m47s
[   200,  0.0000287]     0.0002,     0.0081,    24.7034,    13h34m05s
[   300,  0.0000351]     0.0014,     0.0080,    24.7755,    13h37m29s
[   400,  0.0000415]     0.0005,     0.0072,    24.0250,    13h40m29s
[   500,  0.0000479]     0.0019,     0.0108,    22.9722,    13h41m32s
[   600,  0.0000543]     0.0011,     0.0103,    21.9829,    13h32m19s
[   700,  0.0000607]     0.0009,     0.0125,    21.2591,    13h39m09s
[   800,  0.0000671]     0.0013,     0.0127,    20.5530,    13h39m24s
[   900,  0.0000735]     0.0014,     0.0230,    19.9145,    13h35m57s
[  1000,  0.0000799]     0.0023,     0.0261,    19.1549,    13h39m20s
[  1100,  0.0000863]     0.0027,     0.0325,    17.8838,    13h36m33s
[  1200,  0.0000927]     0.0034,     0.0367,    17.6796,    13h36m27s
[  1300,  0.0000991]     0.0053,     0.0452,    16.8416,    13h33m11s
[  1400,  0.0001055]     0.0064,     0.0558,    16.0075,    13h39m06s
[  1500,  0.0001119]     0.0084,     0.0586,    16.0109,    13h33m55s
[  1600,  0.0001183]     0.0091,     0.0681,    14.9200,    13h34m38s
[  1700,  0.0001247]     0.0111,     0.0757,    14.9048,    13h29m41s
[  1800,  0.0001311]     0.0102,     0.0873,    13.9858,    13h32m48s
[  1900,  0.0001375]     0.0134,     0.0914,    13.8757,    13h33m12s
[  2000,  0.0001439]     0.0139,     0.0959,    13.0262,    13h30m35s
[  2100,  0.0001502]     0.0142,     0.1095,    12.6919,    13h29m58s
[  2200,  0.0001566]     0.0123,     0.1136,    12.5176,    13h26m19s
[  2300,  0.0001630]     0.0159,     0.1175,    12.1175,    13h30m14s
[  2400,  0.0001694]     0.0134,     0.1245,    11.9627,    13h28m44s
[  2500,  0.0001758]     0.0167,     0.1212,    11.5949,    13h26m44s
[  2600,  0.0001822]     0.0152,     0.1447,    11.0156,    13h29m38s
[  2700,  0.0001886]     0.0138,     0.1356,    10.9242,    13h23m11s
[  2800,  0.0001950]     0.0141,     0.1318,    10.9795,    13h18m56s
[  2900,  0.0002014]     0.0173,     0.1541,    10.3211,    13h23m45s
[  3000,  0.0002078]     0.0163,     0.1484,    10.7067,    13h26m30s
[  3100,  0.0002142]     0.0163,     0.1384,    10.6281,    13h22m59s
[  3200,  0.0002206]     0.0180,     0.1503,    10.3534,    13h23m05s
[  3300,  0.0002270]     0.0213,     0.1733,     9.8631,    13h19m21s
[  3400,  0.0002334]     0.0219,     0.1712,     9.9720,    13h19m30s
[  3500,  0.0002398]     0.0239,     0.1947,     9.6178,    13h19m00s
[  3600,  0.0002462]     0.0286,     0.2134,     9.2907,    13h20m29s
[  3700,  0.0002526]     0.0339,     0.2263,     8.9080,    13h18m37s
[  3800,  0.0002590]     0.0341,     0.2545,     8.7269,    13h24m05s
[  3900,  0.0002654]     0.0329,     0.2487,     8.9347,    13h16m58s
[  4000,  0.0002718]     0.0430,     0.2572,     8.9650,    13h17m11s
[  4100,  0.0002782]     0.0442,     0.2722,     8.4143,    13h17m28s
[  4200,  0.0002846]     0.0505,     0.3038,     8.4465,    13h16m29s
[  4300,  0.0002910]     0.0489,     0.3069,     8.1647,    13h17m47s
[  4400,  0.0002973]     0.0542,     0.3055,     8.2223,    13h15m36s
[  4500,  0.0003037]     0.0612,     0.3299,     7.9904,    13h12m45s
[  4600,  0.0003101]     0.0736,     0.3688,     7.5707,    13h12m16s
[  4700,  0.0003165]     0.0706,     0.3625,     7.5617,    13h12m02s
[  4800,  0.0003229]     0.0734,     0.3664,     7.7575,    13h12m03s
[  4900,  0.0003293]     0.0728,     0.3708,     7.4845,    13h11m15s
[  5000,  0.0003357]     0.0714,     0.3721,     7.8199,    13h11m27s
[  5100,  0.0003421]     0.0730,     0.3822,     7.4045,    13h10m54s
[  5200,  0.0003485]     0.0864,     0.4077,     7.2359,    13h10m48s
[  5300,  0.0003549]     0.0872,     0.3947,     7.3918,    13h08m31s
[  5400,  0.0003613]     0.0741,     0.3820,     7.5714,    13h12m08s
[  5500,  0.0003677]     0.0842,     0.4047,     7.2911,    13h04m35s
[  5600,  0.0003741]     0.0878,     0.4240,     6.9912,    13h06m12s
[  5700,  0.0003805]     0.1022,     0.4291,     6.8588,    13h08m46s
[  5800,  0.0003869]     0.0955,     0.4205,     6.9788,    13h11m41s
[  5900,  0.0003933]     0.0995,     0.4509,     6.7764,    13h06m05s
[  6000,  0.0003997]     0.1020,     0.4275,     6.9750,    13h03m40s
[  6100,  0.0003997]     0.1111,     0.4653,     6.8574,    12h58m13s
[  6200,  0.0003993]     0.1167,     0.4639,     6.4971,    12h59m55s
[  6300,  0.0003990]     0.1072,     0.4505,     6.8361,    13h00m23s
[  6400,  0.0003986]     0.1219,     0.4800,     6.5143,    13h03m20s
[  6500,  0.0003983]     0.1138,     0.4556,     6.6688,    12h59m33s
[  6600,  0.0003979]     0.1233,     0.4797,     6.4473,    12h58m49s
[  6700,  0.0003976]     0.1274,     0.4829,     6.4630,    12h57m10s
[  6800,  0.0003972]     0.1237,     0.4913,     6.3664,    13h00m25s
[  6900,  0.0003969]     0.1242,     0.4800,     6.3065,    12h57m02s
[  7000,  0.0003965]     0.1334,     0.5069,     6.1234,    12h55m26s
[  7100,  0.0003962]     0.1447,     0.5127,     6.0642,    13h01m07s
[  7200,  0.0003958]     0.1431,     0.5217,     6.0944,    12h53m30s
[  7300,  0.0003955]     0.1469,     0.5377,     5.8075,    12h51m44s
[  7400,  0.0003951]     0.1470,     0.5350,     5.8488,    12h55m16s
[  7500,  0.0003948]     0.1372,     0.5069,     6.2441,    12h54m06s
[  7600,  0.0003944]     0.1514,     0.5386,     5.8430,    12h52m04s
[  7700,  0.0003941]     0.1452,     0.5175,     6.1876,    12h54m20s
[  7800,  0.0003937]     0.1571,     0.5452,     5.6625,    12h48m14s
[  7900,  0.0003934]     0.1391,     0.5309,     5.7884,    12h49m45s
[  8000,  0.0003930]     0.1537,     0.5448,     5.9883,    12h45m54s
[  8100,  0.0003927]     0.1697,     0.5614,     5.6876,    12h50m43s
[  8200,  0.0003923]     0.1733,     0.5752,     5.5157,    12h46m35s
[  8300,  0.0003920]     0.1674,     0.5592,     5.8320,    12h45m46s
[  8400,  0.0003916]     0.1922,     0.5781,     5.3331,    12h46m02s
[  8500,  0.0003913]     0.1820,     0.5705,     5.4281,    12h48m37s
[  8600,  0.0003909]     0.2006,     0.5834,     5.4891,    12h43m17s
[  8700,  0.0003906]     0.1767,     0.5853,     5.4052,    12h45m14s
[  8800,  0.0003902]     0.2011,     0.5795,     5.5010,    12h43m02s
[  8900,  0.0003899]     0.1855,     0.5807,     5.4881,    12h40m55s
[  9000,  0.0003895]     0.2000,     0.5913,     5.3901,    12h43m04s
[  9100,  0.0003891]     0.1973,     0.5817,     5.3399,    12h41m28s
[  9200,  0.0003888]     0.2170,     0.6020,     5.3066,    12h40m21s
[  9300,  0.0003884]     0.1891,     0.5864,     5.3071,    12h43m17s
[  9400,  0.0003881]     0.1914,     0.5822,     5.6020,    12h33m14s
[  9500,  0.0003877]     0.2108,     0.6011,     5.4449,    12h39m33s
[  9600,  0.0003874]     0.2125,     0.6075,     5.1264,    12h41m30s
[  9700,  0.0003870]     0.2170,     0.6212,     4.9017,    12h41m10s
[  9800,  0.0003867]     0.2022,     0.5972,     5.3980,    12h47m46s
[  9900,  0.0003863]     0.2259,     0.6138,     5.0008,    12h34m13s
[ 10000,  0.0003860]     0.2241,     0.6046,     5.3161,    12h37m27s
Validation MACE: 3.028999
[ 10100,  0.0003856]     0.2125,     0.6036,     5.3347,    12h31m52s
[ 10200,  0.0003853]     0.2108,     0.6098,     5.2147,    12h36m15s
[ 10300,  0.0003849]     0.2186,     0.6098,     5.0018,    12h33m58s
[ 10400,  0.0003846]     0.2278,     0.6252,     5.0313,    12h34m22s
[ 10500,  0.0003842]     0.2386,     0.6228,     4.9682,    12h28m24s
[ 10600,  0.0003839]     0.2295,     0.6170,     5.2014,    12h30m51s
[ 10700,  0.0003835]     0.2389,     0.6381,     4.8587,    12h33m11s
[ 10800,  0.0003832]     0.2280,     0.6203,     4.9582,    12h31m06s
[ 10900,  0.0003828]     0.2397,     0.6341,     4.8873,    12h30m52s
[ 11000,  0.0003825]     0.2177,     0.6197,     4.9982,    12h30m44s
[ 11100,  0.0003821]     0.2698,     0.6472,     4.6527,    12h28m40s
[ 11200,  0.0003818]     0.2405,     0.6333,     4.8621,    12h30m48s
[ 11300,  0.0003814]     0.2405,     0.6375,     4.7612,    12h25m57s
[ 11400,  0.0003811]     0.2392,     0.6406,     4.8385,    12h26m28s
[ 11500,  0.0003807]     0.2653,     0.6564,     4.6179,    12h27m53s
[ 11600,  0.0003804]     0.2375,     0.6222,     4.8240,    12h22m50s
[ 11700,  0.0003800]     0.2437,     0.6378,     4.7129,    12h27m11s
[ 11800,  0.0003797]     0.2658,     0.6525,     4.7491,    12h24m31s
[ 11900,  0.0003793]     0.2584,     0.6564,     4.6387,    12h24m18s
[ 12000,  0.0003790]     0.2620,     0.6477,     4.8405,    12h23m09s
[ 12100,  0.0003786]     0.2631,     0.6550,     4.7098,    12h24m21s
[ 12200,  0.0003783]     0.2611,     0.6429,     4.6352,    12h17m20s
[ 12300,  0.0003779]     0.2856,     0.6727,     4.4726,    12h22m20s
[ 12400,  0.0003776]     0.2712,     0.6417,     4.7560,    12h19m02s
[ 12500,  0.0003772]     0.2647,     0.6636,     4.4424,    12h21m47s
[ 12600,  0.0003769]     0.2717,     0.6583,     4.6609,    12h19m40s
[ 12700,  0.0003765]     0.2606,     0.6506,     4.7360,    12h14m33s
[ 12800,  0.0003762]     0.2628,     0.6389,     4.7416,    12h19m04s
[ 12900,  0.0003758]     0.2842,     0.6709,     4.4509,    12h23m37s
[ 13000,  0.0003755]     0.2939,     0.6713,     4.4174,    12h19m14s
[ 13100,  0.0003751]     0.2833,     0.6658,     4.6733,    12h16m47s
[ 13200,  0.0003748]     0.2983,     0.6717,     4.4906,    12h15m36s
[ 13300,  0.0003744]     0.2947,     0.6798,     4.3268,    12h10m42s
[ 13400,  0.0003741]     0.3011,     0.6672,     4.6659,    12h12m31s
[ 13500,  0.0003737]     0.2725,     0.6478,     4.5779,    12h15m50s
[ 13600,  0.0003734]     0.2913,     0.6664,     4.5239,    12h09m42s
[ 13700,  0.0003730]     0.3245,     0.7000,     4.2335,    12h12m58s
[ 13800,  0.0003727]     0.2903,     0.6658,     4.4983,    12h07m39s
[ 13900,  0.0003723]     0.2942,     0.6749,     4.4743,    12h13m23s
[ 14000,  0.0003720]     0.2905,     0.6848,     4.5162,    12h06m53s
[ 14100,  0.0003716]     0.2878,     0.6678,     4.4057,    12h06m45s
[ 14200,  0.0003713]     0.3088,     0.6773,     4.4078,    12h05m53s
[ 14300,  0.0003709]     0.3125,     0.6986,     4.2642,    12h05m10s
[ 14400,  0.0003706]     0.2926,     0.6679,     4.5879,    12h06m06s
[ 14500,  0.0003702]     0.3059,     0.6803,     4.3942,    12h09m23s
[ 14600,  0.0003699]     0.3242,     0.6869,     4.3485,    12h07m21s
[ 14700,  0.0003695]     0.2988,     0.6770,     4.4013,    12h05m44s
[ 14800,  0.0003692]     0.3006,     0.6789,     4.5556,    11h59m46s
[ 14900,  0.0003688]     0.3194,     0.6936,     4.1615,    11h58m19s
[ 15000,  0.0003685]     0.3099,     0.6953,     4.2228,    12h04m17s
[ 15100,  0.0003681]     0.3123,     0.6820,     4.4245,    12h00m29s
[ 15200,  0.0003678]     0.3064,     0.6770,     4.4835,    12h01m36s
[ 15300,  0.0003674]     0.3275,     0.6952,     4.3390,    12h05m31s
[ 15400,  0.0003671]     0.3234,     0.6947,     4.2303,    11h56m29s
[ 15500,  0.0003667]     0.3112,     0.6910,     4.2666,    11h56m22s
[ 15600,  0.0003664]     0.3045,     0.6889,     4.1874,    11h58m17s
[ 15700,  0.0003660]     0.3077,     0.6784,     4.3359,    11h54m26s
[ 15800,  0.0003657]     0.3389,     0.7139,     3.9172,    11h57m09s
[ 15900,  0.0003653]     0.3180,     0.6958,     4.1700,    11h54m15s
[ 16000,  0.0003650]     0.3281,     0.6855,     4.3139,    11h54m30s
[ 16100,  0.0003646]     0.3362,     0.7096,     4.0248,    11h49m18s
[ 16200,  0.0003643]     0.3244,     0.6972,     4.4219,    11h55m59s
[ 16300,  0.0003639]     0.3228,     0.6898,     4.2124,    11h53m47s
[ 16400,  0.0003636]     0.3169,     0.6858,     4.3186,    11h55m06s
[ 16500,  0.0003632]     0.3269,     0.6900,     4.2835,    11h58m40s
[ 16600,  0.0003629]     0.3351,     0.6979,     4.2438,    11h46m27s
[ 16700,  0.0003625]     0.3337,     0.7044,     3.9714,    11h49m41s
[ 16800,  0.0003622]     0.3527,     0.7084,     4.0247,    11h52m58s
[ 16900,  0.0003618]     0.3395,     0.6897,     4.2680,    11h48m54s
[ 17000,  0.0003615]     0.3045,     0.6795,     4.4922,    11h47m29s
[ 17100,  0.0003611]     0.3212,     0.6936,     4.1081,    11h46m08s
[ 17200,  0.0003608]     0.3348,     0.6977,     4.1101,    11h50m42s
[ 17300,  0.0003604]     0.3641,     0.7214,     3.8553,    11h49m04s
[ 17400,  0.0003601]     0.3442,     0.6948,     4.1933,    11h45m55s
[ 17500,  0.0003597]     0.3281,     0.6787,     4.4678,    11h43m01s
[ 17600,  0.0003593]     0.3544,     0.7055,     4.0838,    11h41m03s
[ 17700,  0.0003590]     0.3306,     0.6932,     4.1531,    11h40m41s
[ 17800,  0.0003586]     0.3252,     0.6952,     4.3175,    11h47m03s
[ 17900,  0.0003583]     0.3553,     0.7103,     4.1079,    11h41m07s
[ 18000,  0.0003579]     0.3505,     0.7030,     4.3315,    11h41m43s
[ 18100,  0.0003576]     0.3250,     0.6983,     4.1461,    11h39m26s
[ 18200,  0.0003572]     0.3472,     0.7134,     3.9823,    11h40m57s
[ 18300,  0.0003569]     0.3458,     0.7228,     3.8333,    11h39m34s
[ 18400,  0.0003565]     0.3398,     0.7089,     4.0574,    11h39m25s
[ 18500,  0.0003562]     0.3272,     0.6980,     4.2328,    11h38m14s
[ 18600,  0.0003558]     0.3545,     0.7144,     3.9770,    11h34m15s
[ 18700,  0.0003555]     0.3655,     0.7194,     3.9620,    11h38m04s
[ 18800,  0.0003551]     0.3569,     0.7101,     4.0162,    11h34m46s
[ 18900,  0.0003548]     0.3470,     0.7127,     4.1212,    11h35m49s
[ 19000,  0.0003544]     0.3447,     0.6964,     4.3084,    11h35m30s
[ 19100,  0.0003541]     0.3431,     0.7041,     4.1848,    11h34m32s
[ 19200,  0.0003537]     0.3645,     0.7300,     3.8171,    11h32m11s
[ 19300,  0.0003534]     0.3581,     0.7202,     3.9822,    11h30m27s
[ 19400,  0.0003530]     0.3701,     0.7235,     3.8652,    11h29m55s
[ 19500,  0.0003527]     0.3650,     0.7053,     4.2054,    11h32m01s
[ 19600,  0.0003523]     0.3588,     0.7130,     4.0656,    11h31m02s
[ 19700,  0.0003520]     0.3720,     0.7308,     3.6759,    11h33m01s
[ 19800,  0.0003516]     0.3391,     0.7095,     3.9562,    11h38m41s
[ 19900,  0.0003513]     0.3645,     0.7145,     3.8603,    11h25m45s
[ 20000,  0.0003509]     0.3533,     0.7184,     3.8907,    11h29m07s
Validation MACE: 1.861014
[ 20100,  0.0003506]     0.3597,     0.7097,     4.0251,    11h20m33s
[ 20200,  0.0003502]     0.3769,     0.7223,     3.8785,    11h28m52s
[ 20300,  0.0003499]     0.3647,     0.7131,     3.9940,    11h29m52s
[ 20400,  0.0003495]     0.3633,     0.7109,     4.1382,    11h24m41s
[ 20500,  0.0003492]     0.3764,     0.7175,     3.9488,    11h24m50s
[ 20600,  0.0003488]     0.3617,     0.7086,     4.0524,    11h24m17s
[ 20700,  0.0003485]     0.3752,     0.7328,     3.7753,    11h24m56s
[ 20800,  0.0003481]     0.3759,     0.7209,     3.8672,    11h22m22s
[ 20900,  0.0003478]     0.3814,     0.7314,     3.9342,    11h22m56s
[ 21000,  0.0003474]     0.3794,     0.7334,     3.7369,    11h17m55s
[ 21100,  0.0003471]     0.3642,     0.7177,     3.9720,    11h20m30s
[ 21200,  0.0003467]     0.3619,     0.7198,     3.7637,    11h23m37s
[ 21300,  0.0003464]     0.3577,     0.7095,     4.0240,    11h20m47s
[ 21400,  0.0003460]     0.3827,     0.7359,     3.7919,    11h25m37s
[ 21500,  0.0003457]     0.3784,     0.7344,     3.8496,    11h15m50s
[ 21600,  0.0003453]     0.3935,     0.7353,     3.6951,    11h13m47s
[ 21700,  0.0003450]     0.3734,     0.7167,     4.0405,    11h17m19s
[ 21800,  0.0003446]     0.3839,     0.7247,     3.9456,    11h15m19s
[ 21900,  0.0003443]     0.3912,     0.7498,     3.4265,    11h16m15s
[ 22000,  0.0003439]     0.3875,     0.7228,     3.8531,    11h17m22s
[ 22100,  0.0003436]     0.3771,     0.7178,     4.0260,    11h10m22s
[ 22200,  0.0003432]     0.3937,     0.7400,     3.9308,    11h12m23s
[ 22300,  0.0003429]     0.3981,     0.7473,     3.6690,    11h12m24s
[ 22400,  0.0003425]     0.3761,     0.7169,     3.9176,    11h09m22s
[ 22500,  0.0003422]     0.3878,     0.7394,     3.5869,    11h14m24s
[ 22600,  0.0003418]     0.3719,     0.7205,     3.7690,    11h07m03s
[ 22700,  0.0003415]     0.3939,     0.7448,     3.5941,    11h10m38s
[ 22800,  0.0003411]     0.3722,     0.7256,     3.7667,    11h19m26s
[ 22900,  0.0003408]     0.3931,     0.7409,     3.7187,    11h07m20s
[ 23000,  0.0003404]     0.3656,     0.7200,     3.8188,    11h06m20s
[ 23100,  0.0003401]     0.3789,     0.7238,     3.9538,    11h07m03s
[ 23200,  0.0003397]     0.3868,     0.7255,     3.9570,    11h02m12s
[ 23300,  0.0003394]     0.4027,     0.7341,     3.8682,    11h03m56s
[ 23400,  0.0003390]     0.3855,     0.7386,     3.7331,    11h06m46s
[ 23500,  0.0003387]     0.3959,     0.7411,     3.5342,    11h09m18s
[ 23600,  0.0003383]     0.3927,     0.7316,     3.7808,    11h04m02s
[ 23700,  0.0003380]     0.3759,     0.7278,     3.8196,    11h02m04s
[ 23800,  0.0003376]     0.4068,     0.7408,     3.5114,    10h56m34s
[ 23900,  0.0003373]     0.3981,     0.7414,     3.6490,    11h06m31s
[ 24000,  0.0003369]     0.3834,     0.7386,     3.7548,    11h02m59s
[ 24100,  0.0003366]     0.3905,     0.7350,     3.8286,    11h00m49s
[ 24200,  0.0003362]     0.3998,     0.7442,     3.6236,    10h57m05s
[ 24300,  0.0003359]     0.3963,     0.7411,     3.6199,    10h59m21s
[ 24400,  0.0003355]     0.3997,     0.7455,     3.4834,    10h55m30s
[ 24500,  0.0003352]     0.3936,     0.7381,     3.8870,    10h55m01s
[ 24600,  0.0003348]     0.3836,     0.7327,     3.8161,    10h57m34s
[ 24700,  0.0003345]     0.3981,     0.7338,     3.9204,    10h56m11s
[ 24800,  0.0003341]     0.3859,     0.7278,     4.0490,    10h53m34s
[ 24900,  0.0003338]     0.4031,     0.7421,     3.7229,    10h50m04s
[ 25000,  0.0003334]     0.3967,     0.7444,     3.5477,    10h54m00s
[ 25100,  0.0003331]     0.4011,     0.7483,     3.5966,    10h51m54s
[ 25200,  0.0003327]     0.3984,     0.7423,     3.7186,    10h48m51s
[ 25300,  0.0003324]     0.3947,     0.7297,     3.7455,    10h50m08s
[ 25400,  0.0003320]     0.4040,     0.7418,     3.7471,    10h45m50s
[ 25500,  0.0003317]     0.4220,     0.7612,     3.6253,    10h53m38s
[ 25600,  0.0003313]     0.3862,     0.7289,     3.6681,    10h50m05s
[ 25700,  0.0003310]     0.4259,     0.7500,     3.6608,    10h46m44s
[ 25800,  0.0003306]     0.4083,     0.7406,     3.6388,    10h50m36s
[ 25900,  0.0003303]     0.4000,     0.7481,     3.7674,    10h46m41s
[ 26000,  0.0003299]     0.4232,     0.7488,     3.8112,    10h45m56s
[ 26100,  0.0003296]     0.4117,     0.7495,     3.6345,    10h47m31s
[ 26200,  0.0003292]     0.4042,     0.7384,     3.6661,    10h47m10s
[ 26300,  0.0003288]     0.4281,     0.7458,     3.6650,    10h44m26s
[ 26400,  0.0003285]     0.3955,     0.7436,     3.7861,    10h45m58s
[ 26500,  0.0003281]     0.4204,     0.7641,     3.3946,    10h40m11s
[ 26600,  0.0003278]     0.4105,     0.7438,     3.7076,    10h42m38s
[ 26700,  0.0003274]     0.4103,     0.7416,     3.7596,    10h44m23s
[ 26800,  0.0003271]     0.4164,     0.7498,     3.6902,    10h41m13s
[ 26900,  0.0003267]     0.4111,     0.7531,     3.4468,    10h42m16s
[ 27000,  0.0003264]     0.4225,     0.7561,     3.4571,    10h36m30s
[ 27100,  0.0003260]     0.4184,     0.7549,     3.5023,    10h32m09s
[ 27200,  0.0003257]     0.3922,     0.7475,     3.6316,    10h39m17s
[ 27300,  0.0003253]     0.4069,     0.7506,     3.5517,    10h37m08s
[ 27400,  0.0003250]     0.4350,     0.7594,     3.4227,    10h36m43s
[ 27500,  0.0003246]     0.4077,     0.7477,     3.6073,    10h37m25s
[ 27600,  0.0003243]     0.4106,     0.7386,     3.8021,    10h30m11s
[ 27700,  0.0003239]     0.4103,     0.7476,     3.6727,    10h36m08s
[ 27800,  0.0003236]     0.3998,     0.7478,     3.5853,    10h32m08s
[ 27900,  0.0003232]     0.4083,     0.7358,     3.8363,    10h34m38s
[ 28000,  0.0003229]     0.4278,     0.7641,     3.3426,    10h30m30s
[ 28100,  0.0003225]     0.4231,     0.7598,     3.5631,    10h30m25s
[ 28200,  0.0003222]     0.4142,     0.7513,     3.4641,    10h25m59s
[ 28300,  0.0003218]     0.4142,     0.7486,     3.8351,    10h29m15s
[ 28400,  0.0003215]     0.4281,     0.7711,     3.2783,    10h30m17s
[ 28500,  0.0003211]     0.4092,     0.7461,     3.7504,    10h31m44s
[ 28600,  0.0003208]     0.4325,     0.7631,     3.3645,    10h26m55s
[ 28700,  0.0003204]     0.4216,     0.7514,     3.6862,    10h23m53s
[ 28800,  0.0003201]     0.4341,     0.7560,     3.5303,    10h30m09s
[ 28900,  0.0003197]     0.4130,     0.7386,     3.7775,    10h28m18s
[ 29000,  0.0003194]     0.4322,     0.7591,     3.5569,    10h23m50s
[ 29100,  0.0003190]     0.4105,     0.7548,     3.5098,    10h27m48s
[ 29200,  0.0003187]     0.4381,     0.7614,     3.3767,    10h21m57s
[ 29300,  0.0003183]     0.4242,     0.7625,     3.4402,    10h23m05s
[ 29400,  0.0003180]     0.4230,     0.7514,     3.5962,    10h21m34s
[ 29500,  0.0003176]     0.4098,     0.7566,     3.5250,    10h22m33s
[ 29600,  0.0003173]     0.4455,     0.7594,     3.4246,    10h21m26s
[ 29700,  0.0003169]     0.4230,     0.7659,     3.3757,    10h30m28s
[ 29800,  0.0003166]     0.4406,     0.7481,     3.6513,    10h17m25s
[ 29900,  0.0003162]     0.4190,     0.7495,     3.5041,    10h17m29s
[ 30000,  0.0003159]     0.4311,     0.7620,     3.4893,    10h21m52s
Validation MACE: 1.360626
[ 30100,  0.0003155]     0.4111,     0.7531,     3.6912,    10h19m42s
[ 30200,  0.0003152]     0.4431,     0.7633,     3.3125,    10h17m09s
[ 30300,  0.0003148]     0.4319,     0.7567,     3.4757,    10h13m45s
[ 30400,  0.0003145]     0.4497,     0.7763,     3.3451,    10h12m01s
[ 30500,  0.0003141]     0.4191,     0.7488,     3.7303,    10h15m46s
[ 30600,  0.0003138]     0.4459,     0.7692,     3.4494,    10h15m09s
[ 30700,  0.0003134]     0.4427,     0.7514,     3.6969,    10h16m27s
[ 30800,  0.0003131]     0.4578,     0.7648,     3.3858,    10h13m01s
[ 30900,  0.0003127]     0.4336,     0.7578,     3.4402,    10h11m52s
[ 31000,  0.0003124]     0.4243,     0.7520,     3.6226,    10h11m50s
[ 31100,  0.0003120]     0.4289,     0.7755,     3.3081,    10h12m46s
[ 31200,  0.0003117]     0.4466,     0.7719,     3.4123,    10h11m47s
[ 31300,  0.0003113]     0.4334,     0.7583,     3.5280,    10h15m21s
[ 31400,  0.0003110]     0.4342,     0.7577,     3.4674,    10h08m19s
[ 31500,  0.0003106]     0.4607,     0.7765,     3.1731,    10h09m31s
[ 31600,  0.0003103]     0.4381,     0.7688,     3.4510,    10h09m02s
[ 31700,  0.0003099]     0.4402,     0.7633,     3.4472,    10h07m30s
[ 31800,  0.0003096]     0.4344,     0.7566,     3.5578,    10h06m26s
[ 31900,  0.0003092]     0.4273,     0.7592,     3.5985,    10h06m33s
[ 32000,  0.0003089]     0.4505,     0.7727,     3.2222,    10h02m40s
[ 32100,  0.0003085]     0.4455,     0.7642,     3.4680,    10h04m15s
[ 32200,  0.0003082]     0.4492,     0.7686,     3.3551,    10h05m33s
[ 32300,  0.0003078]     0.4503,     0.7677,     3.3667,    10h04m45s
[ 32400,  0.0003075]     0.4411,     0.7672,     3.3587,    10h03m09s
[ 32500,  0.0003071]     0.4366,     0.7484,     3.7712,    10h03m59s
[ 32600,  0.0003068]     0.4518,     0.7738,     3.2643,    09h58m44s
[ 32700,  0.0003064]     0.4481,     0.7761,     3.1940,    10h01m10s
[ 32800,  0.0003061]     0.4317,     0.7483,     3.7473,    10h01m05s
[ 32900,  0.0003057]     0.4298,     0.7689,     3.4374,    09h58m41s
[ 33000,  0.0003054]     0.4589,     0.7738,     3.2547,    10h00m39s
[ 33100,  0.0003050]     0.4369,     0.7722,     3.2299,    09h56m07s
[ 33200,  0.0003047]     0.4587,     0.7758,     3.4030,    09h56m18s
[ 33300,  0.0003043]     0.4481,     0.7664,     3.4248,    09h54m03s
[ 33400,  0.0003040]     0.4319,     0.7645,     3.3339,    09h52m45s
[ 33500,  0.0003036]     0.4459,     0.7667,     3.4478,    09h53m22s
[ 33600,  0.0003033]     0.4395,     0.7653,     3.3534,    09h53m40s
[ 33700,  0.0003029]     0.4587,     0.7856,     3.0910,    09h51m28s
[ 33800,  0.0003026]     0.4467,     0.7620,     3.4954,    09h51m59s
[ 33900,  0.0003022]     0.4492,     0.7595,     3.6038,    09h51m31s
[ 34000,  0.0003019]     0.4472,     0.7609,     3.4396,    09h51m30s
[ 34100,  0.0003015]     0.4583,     0.7730,     3.3565,    09h47m59s
[ 34200,  0.0003012]     0.4591,     0.7747,     3.2991,    09h47m09s
[ 34300,  0.0003008]     0.4601,     0.7745,     3.4062,    09h50m04s
[ 34400,  0.0003005]     0.4622,     0.7753,     3.3228,    09h50m06s
[ 34500,  0.0003001]     0.4542,     0.7797,     3.3504,    09h47m15s
[ 34600,  0.0002998]     0.4437,     0.7641,     3.5141,    09h47m18s
[ 34700,  0.0002994]     0.4527,     0.7767,     3.3098,    09h45m06s
[ 34800,  0.0002990]     0.4343,     0.7581,     3.4397,    09h47m21s
[ 34900,  0.0002987]     0.4556,     0.7772,     3.2688,    09h43m48s
[ 35000,  0.0002983]     0.4680,     0.7827,     3.3277,    09h46m25s
[ 35100,  0.0002980]     0.4597,     0.7781,     3.2431,    09h44m48s
[ 35200,  0.0002976]     0.4753,     0.7834,     3.1086,    09h42m41s
[ 35300,  0.0002973]     0.4714,     0.7805,     3.2509,    09h41m52s
[ 35400,  0.0002969]     0.4642,     0.7626,     3.5337,    09h39m53s
[ 35500,  0.0002966]     0.4531,     0.7669,     3.5430,    09h39m46s
[ 35600,  0.0002962]     0.4688,     0.7759,     3.2983,    09h42m43s
[ 35700,  0.0002959]     0.4611,     0.7809,     3.2172,    09h39m46s
[ 35800,  0.0002955]     0.4642,     0.7834,     3.3142,    09h41m34s
[ 35900,  0.0002952]     0.4572,     0.7707,     3.3478,    09h38m23s
[ 36000,  0.0002948]     0.4597,     0.7700,     3.5030,    09h34m34s
[ 36100,  0.0002945]     0.4770,     0.7812,     3.2504,    09h37m05s
[ 36200,  0.0002941]     0.4594,     0.7734,     3.1683,    09h37m40s
[ 36300,  0.0002938]     0.4619,     0.7784,     3.2319,    09h39m13s
[ 36400,  0.0002934]     0.4456,     0.7684,     3.5080,    09h38m06s
[ 36500,  0.0002931]     0.4526,     0.7663,     3.4392,    09h33m06s
[ 36600,  0.0002927]     0.4752,     0.7955,     3.0126,    09h28m09s
[ 36700,  0.0002924]     0.4680,     0.7689,     3.4640,    09h43m18s
[ 36800,  0.0002920]     0.4623,     0.7755,     3.2720,    09h30m48s
[ 36900,  0.0002917]     0.4758,     0.7758,     3.4206,    09h29m29s
[ 37000,  0.0002913]     0.4663,     0.7750,     3.3709,    09h29m02s
[ 37100,  0.0002910]     0.4611,     0.7777,     3.1737,    09h27m35s
[ 37200,  0.0002906]     0.4630,     0.7803,     3.2772,    09h27m19s
[ 37300,  0.0002903]     0.4553,     0.7603,     3.4974,    09h28m28s
[ 37400,  0.0002899]     0.4678,     0.7820,     3.1593,    09h25m53s
[ 37500,  0.0002896]     0.4819,     0.7814,     3.1287,    09h27m31s
[ 37600,  0.0002892]     0.4738,     0.7727,     3.3118,    09h25m33s
[ 37700,  0.0002889]     0.4581,     0.7708,     3.2592,    09h25m58s
[ 37800,  0.0002885]     0.4564,     0.7747,     3.4790,    09h25m31s
[ 37900,  0.0002882]     0.4653,     0.7717,     3.3650,    09h21m38s
[ 38000,  0.0002878]     0.4709,     0.7883,     3.1244,    09h25m15s
[ 38100,  0.0002875]     0.4669,     0.7791,     3.2813,    09h20m13s
[ 38200,  0.0002871]     0.4688,     0.7778,     3.2371,    09h22m46s
[ 38300,  0.0002868]     0.4714,     0.7794,     3.3360,    09h20m01s
[ 38400,  0.0002864]     0.4777,     0.7738,     3.2688,    09h21m37s
[ 38500,  0.0002861]     0.4661,     0.7742,     3.1892,    09h21m32s
[ 38600,  0.0002857]     0.4691,     0.7828,     3.3567,    09h19m47s
[ 38700,  0.0002854]     0.4598,     0.7852,     3.1751,    09h15m58s
[ 38800,  0.0002850]     0.4836,     0.7887,     3.2095,    09h18m34s
[ 38900,  0.0002847]     0.4834,     0.7863,     3.3194,    09h17m29s
[ 39000,  0.0002843]     0.4738,     0.7842,     3.1621,    09h20m32s
[ 39100,  0.0002840]     0.4577,     0.7766,     3.3097,    09h15m31s
[ 39200,  0.0002836]     0.4660,     0.7744,     3.1725,    09h14m26s
[ 39300,  0.0002833]     0.4825,     0.7859,     3.2520,    09h16m40s
[ 39400,  0.0002829]     0.4670,     0.7739,     3.3477,    09h14m07s
[ 39500,  0.0002826]     0.4778,     0.7856,     3.1516,    09h14m22s
[ 39600,  0.0002822]     0.4817,     0.7870,     3.1287,    09h11m44s
[ 39700,  0.0002819]     0.4780,     0.7905,     3.1758,    09h19m59s
[ 39800,  0.0002815]     0.4718,     0.7920,     3.1261,    09h05m48s
[ 39900,  0.0002812]     0.4717,     0.7772,     3.3228,    09h09m42s
[ 40000,  0.0002808]     0.4759,     0.7809,     3.3938,    09h14m56s
Validation MACE: 1.192674
[ 40100,  0.0002805]     0.4994,     0.8009,     2.9316,    09h10m26s
[ 40200,  0.0002801]     0.4831,     0.7877,     3.2005,    09h09m38s
[ 40300,  0.0002798]     0.4779,     0.7788,     3.2747,    09h09m14s
[ 40400,  0.0002794]     0.4864,     0.7963,     2.9467,    09h08m48s
[ 40500,  0.0002791]     0.4878,     0.7867,     3.1621,    09h05m26s
[ 40600,  0.0002787]     0.4920,     0.7883,     3.2041,    09h04m12s
[ 40700,  0.0002784]     0.4883,     0.7825,     3.2584,    09h04m51s
[ 40800,  0.0002780]     0.4788,     0.7842,     3.2854,    09h07m14s
[ 40900,  0.0002777]     0.4630,     0.7714,     3.3079,    09h02m23s
[ 41000,  0.0002773]     0.5016,     0.7936,     3.0803,    09h04m24s
[ 41100,  0.0002770]     0.4742,     0.7823,     3.1319,    09h01m54s
[ 41200,  0.0002766]     0.4797,     0.7744,     3.3759,    08h58m05s
[ 41300,  0.0002763]     0.4908,     0.7859,     3.2659,    09h00m40s
[ 41400,  0.0002759]     0.4820,     0.7817,     3.1027,    08h56m27s
[ 41500,  0.0002756]     0.4993,     0.7939,     3.1603,    09h01m23s
[ 41600,  0.0002752]     0.4789,     0.7747,     3.3752,    09h01m53s
[ 41700,  0.0002749]     0.4764,     0.7886,     3.1358,    08h58m47s
[ 41800,  0.0002745]     0.4839,     0.7858,     3.1814,    08h58m40s
[ 41900,  0.0002742]     0.4802,     0.7845,     3.1591,    09h01m09s
[ 42000,  0.0002738]     0.4753,     0.7866,     3.2105,    08h53m50s
[ 42100,  0.0002735]     0.4817,     0.7898,     3.0136,    08h54m24s
[ 42200,  0.0002731]     0.4847,     0.7786,     3.2978,    08h54m31s
[ 42300,  0.0002728]     0.4822,     0.7756,     3.3257,    08h56m20s
[ 42400,  0.0002724]     0.4939,     0.7978,     3.0357,    08h52m05s
[ 42500,  0.0002721]     0.4914,     0.7889,     3.1529,    08h48m18s
[ 42600,  0.0002717]     0.4895,     0.7870,     3.2265,    08h53m07s
[ 42700,  0.0002714]     0.4931,     0.7845,     3.2067,    08h49m41s
[ 42800,  0.0002710]     0.4772,     0.7889,     3.0630,    08h49m43s
[ 42900,  0.0002707]     0.4905,     0.7970,     2.9796,    08h51m55s
[ 43000,  0.0002703]     0.4869,     0.7859,     3.1434,    08h49m40s
[ 43100,  0.0002700]     0.4919,     0.7814,     3.2960,    08h45m20s
[ 43200,  0.0002696]     0.4947,     0.7941,     3.0091,    08h47m34s
[ 43300,  0.0002692]     0.4875,     0.7961,     3.0747,    08h46m55s
[ 43400,  0.0002689]     0.4763,     0.7853,     3.2369,    08h47m32s
[ 43500,  0.0002685]     0.4845,     0.7833,     3.2448,    08h46m29s
[ 43600,  0.0002682]     0.4991,     0.7981,     3.0745,    08h41m19s
[ 43700,  0.0002678]     0.4826,     0.7864,     3.1938,    08h42m18s
[ 43800,  0.0002675]     0.4956,     0.7994,     2.9378,    08h45m39s
[ 43900,  0.0002671]     0.4809,     0.7897,     3.0507,    08h42m18s
[ 44000,  0.0002668]     0.4891,     0.7983,     2.9819,    08h45m34s
[ 44100,  0.0002664]     0.4970,     0.7837,     3.1491,    08h42m18s
[ 44200,  0.0002661]     0.4817,     0.7795,     3.2185,    08h37m44s
[ 44300,  0.0002657]     0.4852,     0.7819,     3.2614,    08h39m09s
[ 44400,  0.0002654]     0.4953,     0.8036,     2.9391,    08h39m23s
[ 44500,  0.0002650]     0.4744,     0.7861,     3.0004,    08h40m12s
[ 44600,  0.0002647]     0.4858,     0.7861,     3.2148,    08h40m22s
[ 44700,  0.0002643]     0.5155,     0.8044,     2.9631,    08h35m19s
[ 44800,  0.0002640]     0.4821,     0.7951,     3.0207,    08h39m20s
[ 44900,  0.0002636]     0.4950,     0.7952,     3.2026,    08h38m27s
[ 45000,  0.0002633]     0.5031,     0.8069,     2.9620,    08h37m50s
[ 45100,  0.0002629]     0.4897,     0.7828,     3.2929,    08h33m53s
[ 45200,  0.0002626]     0.4927,     0.7933,     3.0896,    08h35m30s
[ 45300,  0.0002622]     0.4816,     0.7972,     2.9921,    08h32m49s
[ 45400,  0.0002619]     0.4995,     0.7980,     3.0162,    08h31m27s
[ 45500,  0.0002615]     0.4928,     0.7964,     3.1635,    08h34m14s
[ 45600,  0.0002612]     0.4959,     0.7900,     3.1149,    08h31m47s
[ 45700,  0.0002608]     0.4922,     0.7845,     3.2274,    08h32m58s
[ 45800,  0.0002605]     0.4873,     0.7845,     3.2050,    08h26m35s
[ 45900,  0.0002601]     0.4903,     0.7933,     3.0840,    08h32m56s
[ 46000,  0.0002598]     0.5027,     0.7937,     3.1238,    08h28m37s
[ 46100,  0.0002594]     0.5067,     0.7937,     3.1073,    08h26m42s
[ 46200,  0.0002591]     0.5067,     0.8008,     3.0061,    08h28m41s
[ 46300,  0.0002587]     0.4905,     0.7788,     3.3041,    08h26m35s
[ 46400,  0.0002584]     0.5186,     0.8152,     2.7489,    08h23m51s
[ 46500,  0.0002580]     0.5134,     0.8047,     2.9437,    08h23m47s
[ 46600,  0.0002577]     0.5056,     0.7997,     3.1343,    08h24m13s
[ 46700,  0.0002573]     0.5055,     0.7966,     3.0942,    08h24m04s
[ 46800,  0.0002570]     0.4905,     0.7825,     3.3405,    08h21m41s
[ 46900,  0.0002566]     0.4997,     0.7947,     2.8974,    08h23m31s
[ 47000,  0.0002563]     0.5054,     0.7912,     3.2596,    08h21m42s
[ 47100,  0.0002559]     0.5025,     0.8008,     2.9843,    08h23m27s
[ 47200,  0.0002556]     0.4995,     0.7900,     3.2194,    08h22m25s
[ 47300,  0.0002552]     0.5011,     0.8084,     2.8762,    08h19m00s
[ 47400,  0.0002549]     0.4994,     0.7877,     3.0836,    08h18m34s
[ 47500,  0.0002545]     0.4948,     0.7997,     2.9859,    08h15m41s
[ 47600,  0.0002542]     0.4948,     0.7914,     3.0961,    08h18m44s
[ 47700,  0.0002538]     0.4956,     0.7997,     2.9900,    08h16m07s
[ 47800,  0.0002535]     0.5077,     0.7955,     3.0063,    08h17m37s
[ 47900,  0.0002531]     0.4977,     0.7934,     3.1456,    08h14m30s
[ 48000,  0.0002528]     0.5139,     0.8006,     3.1941,    08h17m48s
[ 48100,  0.0002524]     0.4985,     0.7893,     3.0671,    08h16m26s
[ 48200,  0.0002521]     0.5183,     0.8078,     2.9362,    08h14m05s
[ 48300,  0.0002517]     0.5091,     0.7986,     3.0850,    08h12m24s
[ 48400,  0.0002514]     0.5016,     0.7975,     3.1002,    08h14m15s
[ 48500,  0.0002510]     0.4938,     0.7914,     3.1380,    08h12m56s
[ 48600,  0.0002507]     0.5021,     0.7897,     3.0961,    08h06m55s
[ 48700,  0.0002503]     0.5147,     0.7995,     3.0978,    08h10m14s
[ 48800,  0.0002500]     0.5064,     0.7913,     3.0915,    08h08m57s
[ 48900,  0.0002496]     0.5080,     0.7983,     2.8981,    08h08m56s
[ 49000,  0.0002493]     0.4980,     0.7972,     3.0769,    08h06m08s
[ 49100,  0.0002489]     0.5041,     0.7977,     2.9847,    08h10m48s
[ 49200,  0.0002486]     0.5029,     0.7942,     3.1295,    08h07m55s
[ 49300,  0.0002482]     0.4964,     0.7928,     3.1040,    08h06m59s
[ 49400,  0.0002479]     0.5100,     0.7991,     3.0195,    08h06m05s
[ 49500,  0.0002475]     0.5120,     0.8031,     3.0489,    08h04m21s
[ 49600,  0.0002472]     0.5091,     0.8005,     2.9843,    08h04m41s
[ 49700,  0.0002468]     0.5160,     0.8077,     2.8837,    08h12m42s
[ 49800,  0.0002465]     0.5281,     0.8084,     2.9127,    08h01m02s
[ 49900,  0.0002461]     0.5220,     0.8106,     2.8468,    08h02m02s
[ 50000,  0.0002458]     0.5031,     0.7931,     3.0753,    08h01m11s
Validation MACE: 1.122970
[ 50100,  0.0002454]     0.5169,     0.8023,     2.9592,    07h55m26s
[ 50200,  0.0002451]     0.5061,     0.7966,     3.1897,    07h59m57s
[ 50300,  0.0002447]     0.5155,     0.8055,     3.0234,    07h58m22s
[ 50400,  0.0002444]     0.5317,     0.8081,     2.8484,    07h59m15s
[ 50500,  0.0002440]     0.5084,     0.7941,     3.1170,    08h00m47s
[ 50600,  0.0002437]     0.5133,     0.8087,     2.7543,    07h58m40s
[ 50700,  0.0002433]     0.5164,     0.7958,     3.1810,    07h57m28s
[ 50800,  0.0002430]     0.4991,     0.7901,     3.0918,    07h55m47s
[ 50900,  0.0002426]     0.5030,     0.7994,     3.0342,    07h54m46s
[ 51000,  0.0002423]     0.4828,     0.7778,     3.3552,    07h56m14s
[ 51100,  0.0002419]     0.5138,     0.8014,     3.0240,    07h55m01s
[ 51200,  0.0002416]     0.5273,     0.8117,     2.8938,    07h51m24s
[ 51300,  0.0002412]     0.5239,     0.8111,     2.7313,    07h51m10s
[ 51400,  0.0002409]     0.5136,     0.7960,     3.0494,    07h53m11s
[ 51500,  0.0002405]     0.5155,     0.8055,     2.9448,    07h51m07s
[ 51600,  0.0002402]     0.5161,     0.8014,     3.0573,    07h51m12s
[ 51700,  0.0002398]     0.5133,     0.7873,     3.2207,    07h51m40s
[ 51800,  0.0002395]     0.5244,     0.8144,     2.8932,    07h50m17s
[ 51900,  0.0002391]     0.5244,     0.8030,     2.9116,    07h45m07s
[ 52000,  0.0002387]     0.5203,     0.7919,     3.1751,    07h46m59s
[ 52100,  0.0002384]     0.5166,     0.8031,     2.8874,    07h48m07s
[ 52200,  0.0002380]     0.5270,     0.8100,     2.8811,    07h45m14s
[ 52300,  0.0002377]     0.5103,     0.8087,     2.8722,    07h45m37s
[ 52400,  0.0002373]     0.5181,     0.8097,     2.7577,    07h44m29s
[ 52500,  0.0002370]     0.5076,     0.7931,     3.2305,    07h42m08s
[ 52600,  0.0002366]     0.5136,     0.7994,     2.9196,    07h44m42s
[ 52700,  0.0002363]     0.5119,     0.8041,     2.9498,    07h41m25s
[ 52800,  0.0002359]     0.5200,     0.8009,     2.9966,    07h41m31s
[ 52900,  0.0002356]     0.5322,     0.8072,     2.9081,    07h41m16s
[ 53000,  0.0002352]     0.5210,     0.8172,     2.8383,    07h36m56s
[ 53100,  0.0002349]     0.5206,     0.8011,     2.9394,    07h37m50s
[ 53200,  0.0002345]     0.5202,     0.8048,     3.0018,    07h41m59s
[ 53300,  0.0002342]     0.5128,     0.8153,     2.8772,    07h39m46s
[ 53400,  0.0002338]     0.5203,     0.8048,     2.8551,    07h39m31s
[ 53500,  0.0002335]     0.5303,     0.8108,     2.8701,    07h35m34s
[ 53600,  0.0002331]     0.5054,     0.7876,     3.1746,    07h36m59s
[ 53700,  0.0002328]     0.5308,     0.8103,     2.8825,    07h39m14s
[ 53800,  0.0002324]     0.5327,     0.8150,     2.8546,    07h34m35s
[ 53900,  0.0002321]     0.5203,     0.8003,     2.9823,    07h33m27s
[ 54000,  0.0002317]     0.5242,     0.8178,     2.7043,    07h31m38s
[ 54100,  0.0002314]     0.5039,     0.7956,     3.1492,    07h31m31s
[ 54200,  0.0002310]     0.5209,     0.8023,     3.0339,    07h34m59s
[ 54300,  0.0002307]     0.5205,     0.8091,     3.0004,    07h31m39s
[ 54400,  0.0002303]     0.5375,     0.8144,     2.9363,    07h30m51s
[ 54500,  0.0002300]     0.5158,     0.8087,     2.9916,    07h30m24s
[ 54600,  0.0002296]     0.5358,     0.8241,     2.5345,    07h31m52s
[ 54700,  0.0002293]     0.5283,     0.8095,     2.8054,    07h26m23s
[ 54800,  0.0002289]     0.5247,     0.8013,     3.0564,    07h30m02s
[ 54900,  0.0002286]     0.5309,     0.8077,     2.9256,    07h30m04s
[ 55000,  0.0002282]     0.5194,     0.8002,     2.9548,    07h27m27s
[ 55100,  0.0002279]     0.5233,     0.8098,     2.9324,    07h31m09s
[ 55200,  0.0002275]     0.5133,     0.8037,     2.8292,    07h21m49s
[ 55300,  0.0002272]     0.5273,     0.8086,     2.8988,    07h27m25s
[ 55400,  0.0002268]     0.5269,     0.8050,     2.9259,    07h22m49s
[ 55500,  0.0002265]     0.5391,     0.8161,     2.7305,    07h23m32s
[ 55600,  0.0002261]     0.5169,     0.8023,     3.0862,    07h23m39s
[ 55700,  0.0002258]     0.5278,     0.8139,     2.7388,    07h22m24s
[ 55800,  0.0002254]     0.5351,     0.8156,     2.9238,    07h17m23s
[ 55900,  0.0002251]     0.5277,     0.8013,     2.9799,    07h19m57s
[ 56000,  0.0002247]     0.5234,     0.8008,     2.9589,    07h21m57s
[ 56100,  0.0002244]     0.5277,     0.8077,     2.9418,    07h18m33s
[ 56200,  0.0002240]     0.5317,     0.8141,     2.7334,    07h18m03s
[ 56300,  0.0002237]     0.5233,     0.8050,     2.8459,    07h15m41s
[ 56400,  0.0002233]     0.5337,     0.8191,     2.7123,    07h15m15s
[ 56500,  0.0002230]     0.5136,     0.7833,     3.2274,    07h16m16s
[ 56600,  0.0002226]     0.5280,     0.8064,     2.9312,    07h17m52s
[ 56700,  0.0002223]     0.5266,     0.8069,     2.9150,    07h15m50s
[ 56800,  0.0002219]     0.5361,     0.8100,     2.8522,    07h15m36s
[ 56900,  0.0002216]     0.5445,     0.8211,     2.7707,    07h10m03s
[ 57000,  0.0002212]     0.5241,     0.8102,     2.8593,    07h15m24s
[ 57100,  0.0002209]     0.5392,     0.8211,     2.6248,    07h08m50s
[ 57200,  0.0002205]     0.5294,     0.8161,     2.8826,    07h11m26s
[ 57300,  0.0002202]     0.5323,     0.8058,     2.8711,    07h10m29s
[ 57400,  0.0002198]     0.5305,     0.8083,     2.9018,    07h08m22s
[ 57500,  0.0002195]     0.5384,     0.8161,     2.7764,    07h12m46s
[ 57600,  0.0002191]     0.5325,     0.8084,     2.8607,    07h08m21s
[ 57700,  0.0002188]     0.5300,     0.8075,     3.0171,    07h07m51s
[ 57800,  0.0002184]     0.5159,     0.7995,     3.0081,    07h06m41s
[ 57900,  0.0002181]     0.5247,     0.8086,     2.9097,    07h07m16s
[ 58000,  0.0002177]     0.5210,     0.8136,     2.8446,    07h05m54s
[ 58100,  0.0002174]     0.5427,     0.8113,     2.9552,    07h06m16s
[ 58200,  0.0002170]     0.5387,     0.8130,     2.9361,    07h05m44s
[ 58300,  0.0002167]     0.5328,     0.8150,     2.8710,    07h05m30s
[ 58400,  0.0002163]     0.5369,     0.8125,     2.7430,    07h02m37s
[ 58500,  0.0002160]     0.5314,     0.8113,     2.7937,    07h00m43s
[ 58600,  0.0002156]     0.5387,     0.7987,     2.9550,    07h03m16s
[ 58700,  0.0002153]     0.5217,     0.8047,     2.9313,    07h02m07s
[ 58800,  0.0002149]     0.5188,     0.8039,     2.9710,    07h02m47s
[ 58900,  0.0002146]     0.5534,     0.8166,     2.8277,    07h00m16s
[ 59000,  0.0002142]     0.5544,     0.8303,     2.6420,    06h59m50s
[ 59100,  0.0002139]     0.5375,     0.8094,     2.8046,    06h56m19s
[ 59200,  0.0002135]     0.5398,     0.8084,     2.9290,    06h58m22s
[ 59300,  0.0002132]     0.5292,     0.7981,     3.0892,    06h57m02s
[ 59400,  0.0002128]     0.5256,     0.8136,     2.9050,    06h57m22s
[ 59500,  0.0002125]     0.5345,     0.8203,     2.8045,    06h54m47s
[ 59600,  0.0002121]     0.5369,     0.8159,     2.7986,    06h54m50s
[ 59700,  0.0002118]     0.5216,     0.8025,     2.9821,    06h57m29s
[ 59800,  0.0002114]     0.5427,     0.8084,     2.8708,    06h54m44s
[ 59900,  0.0002111]     0.5359,     0.8123,     2.8976,    06h52m48s
[ 60000,  0.0002107]     0.5211,     0.8103,     2.7739,    06h52m44s
Validation MACE: 1.032353
[ 60100,  0.0002104]     0.5428,     0.8219,     2.7349,    06h52m31s
[ 60200,  0.0002100]     0.5411,     0.8144,     2.7998,    06h46m33s
[ 60300,  0.0002097]     0.5289,     0.7911,     3.1894,    06h49m22s
[ 60400,  0.0002093]     0.5286,     0.8017,     2.8158,    06h50m07s
[ 60500,  0.0002089]     0.5353,     0.8077,     2.8176,    06h48m48s
[ 60600,  0.0002086]     0.5427,     0.8311,     2.6363,    06h47m59s
[ 60700,  0.0002082]     0.5303,     0.8100,     2.8696,    06h47m21s
[ 60800,  0.0002079]     0.5208,     0.8039,     2.8534,    06h44m59s
[ 60900,  0.0002075]     0.5547,     0.8122,     2.9571,    06h46m39s
[ 61000,  0.0002072]     0.5433,     0.8081,     2.9178,    06h43m32s
[ 61100,  0.0002068]     0.5494,     0.8159,     2.7338,    06h43m35s
[ 61200,  0.0002065]     0.5328,     0.8142,     2.7723,    06h42m49s
[ 61300,  0.0002061]     0.5305,     0.8026,     3.1371,    06h41m33s
[ 61400,  0.0002058]     0.5456,     0.8245,     2.6744,    06h42m04s
[ 61500,  0.0002054]     0.5355,     0.8086,     2.8138,    06h41m52s
[ 61600,  0.0002051]     0.5502,     0.8144,     2.7915,    06h42m05s
[ 61700,  0.0002047]     0.5453,     0.8172,     2.9265,    06h42m29s
[ 61800,  0.0002044]     0.5405,     0.8142,     2.7896,    06h37m44s
[ 61900,  0.0002040]     0.5370,     0.8164,     2.8664,    06h37m47s
[ 62000,  0.0002037]     0.5306,     0.8103,     2.8003,    06h37m23s
[ 62100,  0.0002033]     0.5472,     0.8103,     2.9578,    06h36m50s
[ 62200,  0.0002030]     0.5298,     0.8027,     3.0165,    06h42m59s
[ 62300,  0.0002026]     0.5584,     0.8242,     2.6740,    06h36m05s
[ 62400,  0.0002023]     0.5520,     0.8227,     2.6999,    06h33m14s
[ 62500,  0.0002019]     0.5359,     0.8141,     2.8080,    06h35m39s
[ 62600,  0.0002016]     0.5555,     0.8327,     2.5725,    06h33m19s
[ 62700,  0.0002012]     0.5444,     0.8103,     2.8824,    06h33m54s
[ 62800,  0.0002009]     0.5478,     0.8094,     2.8987,    06h33m22s
[ 62900,  0.0002005]     0.5413,     0.8136,     2.8780,    06h32m36s
[ 63000,  0.0002002]     0.5387,     0.8164,     2.7523,    06h32m21s
[ 63100,  0.0001998]     0.5430,     0.8153,     2.7952,    06h31m49s
[ 63200,  0.0001995]     0.5359,     0.8100,     2.8231,    06h30m01s
[ 63300,  0.0001991]     0.5441,     0.8161,     2.7829,    06h30m04s
[ 63400,  0.0001988]     0.5487,     0.8159,     2.8817,    06h29m37s
[ 63500,  0.0001984]     0.5484,     0.8252,     2.6684,    06h28m03s
[ 63600,  0.0001981]     0.5448,     0.8119,     2.8161,    06h30m41s
[ 63700,  0.0001977]     0.5283,     0.8134,     2.7397,    06h34m45s
[ 63800,  0.0001974]     0.5544,     0.8150,     2.9014,    06h26m20s
[ 63900,  0.0001970]     0.5548,     0.8216,     2.8418,    06h26m07s
[ 64000,  0.0001967]     0.5495,     0.8197,     2.7967,    06h24m07s
[ 64100,  0.0001963]     0.5568,     0.8164,     2.8640,    06h23m04s
[ 64200,  0.0001960]     0.5441,     0.8108,     2.9058,    06h23m15s
[ 64300,  0.0001956]     0.5450,     0.8109,     2.7639,    06h23m11s
[ 64400,  0.0001953]     0.5466,     0.8098,     3.0048,    06h21m45s
[ 64500,  0.0001949]     0.5369,     0.8198,     2.6711,    06h21m37s
[ 64600,  0.0001946]     0.5616,     0.8168,     2.8413,    06h19m11s
[ 64700,  0.0001942]     0.5409,     0.8192,     2.7715,    06h20m30s
[ 64800,  0.0001939]     0.5531,     0.8148,     2.8370,    06h20m03s
[ 64900,  0.0001935]     0.5581,     0.8216,     2.6844,    06h19m12s
[ 65000,  0.0001932]     0.5416,     0.8213,     2.7065,    06h18m12s
[ 65100,  0.0001928]     0.5400,     0.8092,     2.9075,    06h17m06s
[ 65200,  0.0001925]     0.5554,     0.8185,     2.7927,    06h16m29s
[ 65300,  0.0001921]     0.5394,     0.8206,     2.7006,    06h16m08s
[ 65400,  0.0001918]     0.5469,     0.8239,     2.6508,    06h14m22s
[ 65500,  0.0001914]     0.5533,     0.8122,     2.8713,    06h17m26s
[ 65600,  0.0001911]     0.5503,     0.8228,     2.6603,    06h14m19s
[ 65700,  0.0001907]     0.5398,     0.8155,     2.7478,    06h11m17s
[ 65800,  0.0001904]     0.5569,     0.8256,     2.6513,    06h15m56s
[ 65900,  0.0001900]     0.5609,     0.8198,     2.6554,    06h12m37s
[ 66000,  0.0001897]     0.5417,     0.8092,     2.7834,    06h11m20s
[ 66100,  0.0001893]     0.5487,     0.8186,     2.8433,    06h07m50s
[ 66200,  0.0001890]     0.5481,     0.8137,     2.8650,    06h15m48s
[ 66300,  0.0001886]     0.5521,     0.8313,     2.6340,    06h07m52s
[ 66400,  0.0001883]     0.5397,     0.8058,     2.9847,    06h08m52s
[ 66500,  0.0001879]     0.5531,     0.8150,     2.7966,    06h07m54s
[ 66600,  0.0001876]     0.5522,     0.8095,     2.7975,    06h07m31s
[ 66700,  0.0001872]     0.5644,     0.8292,     2.6924,    06h07m35s
[ 66800,  0.0001869]     0.5466,     0.8156,     2.7218,    06h03m25s
[ 66900,  0.0001865]     0.5678,     0.8286,     2.5775,    06h05m51s
[ 67000,  0.0001862]     0.5509,     0.8167,     2.7604,    06h05m02s
[ 67100,  0.0001858]     0.5498,     0.8150,     2.8021,    06h04m07s
[ 67200,  0.0001855]     0.5469,     0.8205,     2.7369,    06h03m55s
[ 67300,  0.0001851]     0.5536,     0.8313,     2.6889,    06h04m21s
[ 67400,  0.0001848]     0.5572,     0.8192,     2.8406,    06h00m02s
[ 67500,  0.0001844]     0.5650,     0.8325,     2.6690,    05h59m04s
[ 67600,  0.0001841]     0.5642,     0.8327,     2.5805,    06h00m16s
[ 67700,  0.0001837]     0.5583,     0.8086,     2.9914,    05h59m01s
[ 67800,  0.0001834]     0.5542,     0.8189,     2.6999,    05h59m25s
[ 67900,  0.0001830]     0.5541,     0.8182,     2.5993,    05h57m16s
[ 68000,  0.0001827]     0.5475,     0.8267,     2.7405,    05h56m04s
[ 68100,  0.0001823]     0.5642,     0.8377,     2.4965,    05h56m15s
[ 68200,  0.0001820]     0.5548,     0.8225,     2.8330,    05h56m12s
[ 68300,  0.0001816]     0.5406,     0.8178,     2.7913,    05h55m22s
[ 68400,  0.0001813]     0.5603,     0.8291,     2.6055,    05h55m11s
[ 68500,  0.0001809]     0.5765,     0.8318,     2.5923,    05h54m44s
[ 68600,  0.0001806]     0.5523,     0.8145,     2.7858,    05h53m09s
[ 68700,  0.0001802]     0.5434,     0.8095,     2.8983,    05h55m28s
[ 68800,  0.0001799]     0.5605,     0.8309,     2.6513,    05h52m42s
[ 68900,  0.0001795]     0.5472,     0.8116,     2.8541,    05h51m32s
[ 69000,  0.0001791]     0.5539,     0.8292,     2.6457,    05h48m05s
[ 69100,  0.0001788]     0.5693,     0.8229,     2.8701,    05h50m37s
[ 69200,  0.0001784]     0.5563,     0.8172,     2.8333,    05h49m06s
[ 69300,  0.0001781]     0.5666,     0.8294,     2.5997,    05h48m23s
[ 69400,  0.0001777]     0.5559,     0.8211,     2.6780,    05h48m13s
[ 69500,  0.0001774]     0.5680,     0.8298,     2.5236,    05h48m55s
[ 69600,  0.0001770]     0.5507,     0.8178,     2.8382,    05h48m59s
[ 69700,  0.0001767]     0.5531,     0.8086,     2.9993,    05h46m28s
[ 69800,  0.0001763]     0.5763,     0.8298,     2.6689,    05h45m16s
[ 69900,  0.0001760]     0.5548,     0.8198,     2.7778,    05h43m48s
[ 70000,  0.0001756]     0.5741,     0.8377,     2.4818,    05h45m22s
Validation MACE: 0.924972
[ 70100,  0.0001753]     0.5509,     0.8183,     2.7330,    05h40m20s
[ 70200,  0.0001749]     0.5558,     0.8211,     2.6762,    05h42m56s
[ 70300,  0.0001746]     0.5431,     0.8078,     2.9067,    05h41m55s
[ 70400,  0.0001742]     0.5606,     0.8281,     2.7496,    05h42m24s
[ 70500,  0.0001739]     0.5756,     0.8295,     2.5224,    05h42m31s
[ 70600,  0.0001735]     0.5736,     0.8222,     2.7093,    05h41m12s
[ 70700,  0.0001732]     0.5661,     0.8303,     2.7017,    05h40m09s
[ 70800,  0.0001728]     0.5664,     0.8253,     2.7305,    05h39m00s
[ 70900,  0.0001725]     0.5675,     0.8220,     2.7793,    05h38m57s
[ 71000,  0.0001721]     0.5469,     0.8198,     2.7488,    05h38m10s
[ 71100,  0.0001718]     0.5586,     0.8278,     2.5750,    05h36m41s
[ 71200,  0.0001714]     0.5459,     0.8091,     2.9226,    05h33m59s
[ 71300,  0.0001711]     0.5736,     0.8471,     2.5003,    05h36m08s
[ 71400,  0.0001707]     0.5614,     0.8178,     2.7458,    05h34m06s
[ 71500,  0.0001704]     0.5606,     0.8209,     2.7787,    05h34m29s
[ 71600,  0.0001700]     0.5573,     0.8244,     2.7031,    05h34m29s
[ 71700,  0.0001697]     0.5642,     0.8236,     2.6020,    05h32m25s
[ 71800,  0.0001693]     0.5481,     0.8132,     2.8931,    05h29m43s
[ 71900,  0.0001690]     0.5627,     0.8250,     2.7268,    05h31m05s
[ 72000,  0.0001686]     0.5650,     0.8348,     2.4830,    05h30m24s
[ 72100,  0.0001683]     0.5547,     0.8256,     2.7180,    05h30m44s
[ 72200,  0.0001679]     0.5689,     0.8305,     2.4688,    05h29m45s
[ 72300,  0.0001676]     0.5600,     0.8277,     2.6332,    05h26m13s
[ 72400,  0.0001672]     0.5519,     0.8189,     2.7495,    05h28m49s
[ 72500,  0.0001669]     0.5587,     0.8139,     2.9134,    05h28m31s
[ 72600,  0.0001665]     0.5645,     0.8252,     2.5785,    05h24m18s
[ 72700,  0.0001662]     0.5667,     0.8306,     2.6280,    05h26m48s
[ 72800,  0.0001658]     0.5519,     0.8252,     2.6888,    05h25m36s
[ 72900,  0.0001655]     0.5635,     0.8328,     2.5906,    05h22m29s
[ 73000,  0.0001651]     0.5573,     0.8234,     2.7676,    05h23m06s
[ 73100,  0.0001648]     0.5492,     0.8227,     2.7502,    05h22m12s
[ 73200,  0.0001644]     0.5653,     0.8263,     2.6806,    05h23m18s
[ 73300,  0.0001641]     0.5811,     0.8305,     2.6106,    05h20m48s
[ 73400,  0.0001637]     0.5489,     0.8214,     2.6681,    05h19m58s
[ 73500,  0.0001634]     0.5643,     0.8173,     2.7448,    05h21m57s
[ 73600,  0.0001630]     0.5614,     0.8258,     2.5701,    05h18m36s
[ 73700,  0.0001627]     0.5761,     0.8431,     2.4824,    05h18m38s
[ 73800,  0.0001623]     0.5677,     0.8223,     2.7017,    05h16m15s
[ 73900,  0.0001620]     0.5616,     0.8217,     2.6123,    05h17m01s
[ 74000,  0.0001616]     0.5644,     0.8205,     2.6908,    05h15m51s
[ 74100,  0.0001613]     0.5586,     0.8273,     2.7022,    05h16m17s
[ 74200,  0.0001609]     0.5470,     0.8192,     2.6258,    05h15m04s
[ 74300,  0.0001606]     0.5620,     0.8292,     2.6509,    05h14m19s
[ 74400,  0.0001602]     0.5897,     0.8380,     2.5766,    05h13m48s
[ 74500,  0.0001599]     0.5563,     0.8159,     2.7533,    05h12m23s
[ 74600,  0.0001595]     0.5620,     0.8234,     2.7368,    05h13m03s
[ 74700,  0.0001592]     0.5744,     0.8261,     2.6836,    05h10m23s
[ 74800,  0.0001588]     0.5783,     0.8456,     2.5169,    05h11m10s
[ 74900,  0.0001585]     0.5791,     0.8422,     2.3498,    05h10m09s
[ 75000,  0.0001581]     0.5672,     0.8353,     2.5613,    05h09m34s
[ 75100,  0.0001578]     0.5609,     0.8175,     2.7029,    05h06m43s
[ 75200,  0.0001574]     0.5761,     0.8294,     2.6154,    05h08m05s
[ 75300,  0.0001571]     0.5617,     0.8275,     2.6748,    05h06m38s
[ 75400,  0.0001567]     0.5684,     0.8292,     2.6073,    05h07m20s
[ 75500,  0.0001564]     0.5705,     0.8227,     2.7449,    05h05m26s
[ 75600,  0.0001560]     0.5603,     0.8233,     2.6185,    05h06m29s
[ 75700,  0.0001557]     0.5704,     0.8320,     2.6322,    05h05m02s
[ 75800,  0.0001553]     0.5727,     0.8300,     2.4830,    05h03m57s
[ 75900,  0.0001550]     0.5722,     0.8308,     2.6650,    05h02m57s
[ 76000,  0.0001546]     0.5761,     0.8392,     2.6031,    05h03m32s
[ 76100,  0.0001543]     0.5809,     0.8359,     2.4801,    05h03m09s
[ 76200,  0.0001539]     0.5874,     0.8336,     2.5928,    04h59m19s
[ 76300,  0.0001536]     0.5748,     0.8370,     2.3992,    05h00m23s
[ 76400,  0.0001532]     0.5766,     0.8377,     2.5477,    05h00m09s
[ 76500,  0.0001529]     0.5727,     0.8333,     2.5333,    04h58m06s
[ 76600,  0.0001525]     0.5444,     0.8137,     2.9268,    04h57m08s
[ 76700,  0.0001522]     0.5586,     0.8222,     2.7080,    04h57m26s
[ 76800,  0.0001518]     0.5784,     0.8413,     2.4935,    04h58m15s
[ 76900,  0.0001515]     0.5731,     0.8334,     2.6680,    04h57m16s
[ 77000,  0.0001511]     0.5672,     0.8319,     2.6278,    04h54m57s
[ 77100,  0.0001508]     0.5586,     0.8211,     2.6497,    04h54m11s
[ 77200,  0.0001504]     0.5702,     0.8209,     2.6999,    04h53m10s
[ 77300,  0.0001501]     0.5743,     0.8346,     2.5373,    04h51m38s
[ 77400,  0.0001497]     0.5675,     0.8250,     2.6398,    04h51m36s
[ 77500,  0.0001494]     0.5733,     0.8302,     2.5675,    04h51m52s
[ 77600,  0.0001490]     0.5730,     0.8292,     2.6031,    04h51m57s
[ 77700,  0.0001486]     0.5805,     0.8364,     2.6338,    04h50m56s
[ 77800,  0.0001483]     0.5706,     0.8270,     2.6358,    04h50m38s
[ 77900,  0.0001479]     0.5718,     0.8293,     2.4995,    04h47m10s
[ 78000,  0.0001476]     0.5659,     0.8263,     2.7519,    04h51m08s
[ 78100,  0.0001472]     0.5770,     0.8378,     2.5323,    04h48m46s
[ 78200,  0.0001469]     0.5669,     0.8280,     2.5953,    04h47m34s
[ 78300,  0.0001465]     0.5822,     0.8302,     2.7646,    04h48m04s
[ 78400,  0.0001462]     0.5811,     0.8369,     2.3852,    04h44m12s
[ 78500,  0.0001458]     0.5847,     0.8350,     2.6878,    04h45m33s
[ 78600,  0.0001455]     0.5642,     0.8292,     2.6961,    04h44m27s
[ 78700,  0.0001451]     0.5786,     0.8311,     2.5735,    04h44m48s
[ 78800,  0.0001448]     0.5803,     0.8325,     2.4666,    04h43m49s
[ 78900,  0.0001444]     0.5695,     0.8225,     2.7210,    04h42m33s
[ 79000,  0.0001441]     0.5608,     0.8256,     2.7082,    04h41m51s
[ 79100,  0.0001437]     0.5819,     0.8375,     2.4505,    04h40m50s
[ 79200,  0.0001434]     0.5653,     0.8284,     2.6539,    04h40m51s
[ 79300,  0.0001430]     0.5703,     0.8247,     2.4982,    04h40m47s
[ 79400,  0.0001427]     0.5866,     0.8320,     2.6388,    04h40m04s
[ 79500,  0.0001423]     0.5815,     0.8299,     2.6304,    04h37m46s
[ 79600,  0.0001420]     0.5898,     0.8427,     2.4477,    04h42m59s
[ 79700,  0.0001416]     0.5708,     0.8277,     2.7215,    04h36m33s
[ 79800,  0.0001413]     0.5722,     0.8255,     2.6052,    04h36m06s
[ 79900,  0.0001409]     0.5903,     0.8292,     2.6636,    04h35m16s
[ 80000,  0.0001406]     0.5652,     0.8250,     2.7460,    04h34m58s
Validation MACE: 0.811366
[ 80100,  0.0001402]     0.5768,     0.8440,     2.5275,    04h32m46s
[ 80200,  0.0001399]     0.5817,     0.8330,     2.4794,    04h34m23s
[ 80300,  0.0001395]     0.5786,     0.8309,     2.5433,    04h32m46s
[ 80400,  0.0001392]     0.5783,     0.8280,     2.6232,    04h32m33s
[ 80500,  0.0001388]     0.5828,     0.8295,     2.5903,    04h30m31s
[ 80600,  0.0001385]     0.5891,     0.8265,     2.6757,    04h29m01s
[ 80700,  0.0001381]     0.5702,     0.8245,     2.7311,    04h30m23s
[ 80800,  0.0001378]     0.5942,     0.8456,     2.3603,    04h29m41s
[ 80900,  0.0001374]     0.5772,     0.8225,     2.7091,    04h29m57s
[ 81000,  0.0001371]     0.5748,     0.8327,     2.5386,    04h28m19s
[ 81100,  0.0001367]     0.5714,     0.8219,     2.6216,    04h27m13s
[ 81200,  0.0001364]     0.5817,     0.8473,     2.4256,    04h28m03s
[ 81300,  0.0001360]     0.5705,     0.8234,     2.6201,    04h27m04s
[ 81400,  0.0001357]     0.5827,     0.8328,     2.3951,    04h26m06s
[ 81500,  0.0001353]     0.5855,     0.8361,     2.4549,    04h25m30s
[ 81600,  0.0001350]     0.5652,     0.8155,     2.7432,    04h24m11s
[ 81700,  0.0001346]     0.6002,     0.8446,     2.4492,    04h22m27s
[ 81800,  0.0001343]     0.5839,     0.8300,     2.5799,    04h23m31s
[ 81900,  0.0001339]     0.5756,     0.8278,     2.7366,    04h22m37s
[ 82000,  0.0001336]     0.5781,     0.8420,     2.5125,    04h20m51s
[ 82100,  0.0001332]     0.5705,     0.8292,     2.6187,    04h20m30s
[ 82200,  0.0001329]     0.5817,     0.8319,     2.5332,    04h20m02s
[ 82300,  0.0001325]     0.5855,     0.8421,     2.4752,    04h18m17s
[ 82400,  0.0001322]     0.5852,     0.8322,     2.6556,    04h19m15s
[ 82500,  0.0001318]     0.5842,     0.8381,     2.5741,    04h18m06s
[ 82600,  0.0001315]     0.5681,     0.8339,     2.5464,    04h17m46s
[ 82700,  0.0001311]     0.5911,     0.8350,     2.5629,    04h16m27s
[ 82800,  0.0001308]     0.5756,     0.8266,     2.6682,    04h15m04s
[ 82900,  0.0001304]     0.5875,     0.8314,     2.5754,    04h14m56s
[ 83000,  0.0001301]     0.5903,     0.8367,     2.5475,    04h15m19s
[ 83100,  0.0001297]     0.5870,     0.8402,     2.4258,    04h13m43s
[ 83200,  0.0001294]     0.5827,     0.8428,     2.3793,    04h13m06s
[ 83300,  0.0001290]     0.5719,     0.8283,     2.7281,    04h12m54s
[ 83400,  0.0001287]     0.5733,     0.8343,     2.6350,    04h10m04s
[ 83500,  0.0001283]     0.5839,     0.8341,     2.5983,    04h11m54s
[ 83600,  0.0001280]     0.5916,     0.8377,     2.6316,    04h09m42s
[ 83700,  0.0001276]     0.5973,     0.8352,     2.5109,    04h09m25s
[ 83800,  0.0001273]     0.5717,     0.8413,     2.4117,    04h09m19s
[ 83900,  0.0001269]     0.5856,     0.8284,     2.5336,    04h06m51s
[ 84000,  0.0001266]     0.5818,     0.8357,     2.5392,    04h08m54s
[ 84100,  0.0001262]     0.5994,     0.8367,     2.5119,    04h07m53s
[ 84200,  0.0001259]     0.5794,     0.8345,     2.6171,    04h06m02s
[ 84300,  0.0001255]     0.5845,     0.8445,     2.3071,    04h06m32s
[ 84400,  0.0001252]     0.5837,     0.8227,     2.7308,    04h04m45s
[ 84500,  0.0001248]     0.5886,     0.8431,     2.4634,    04h03m32s
[ 84600,  0.0001245]     0.5680,     0.8314,     2.5281,    04h02m38s
[ 84700,  0.0001241]     0.5775,     0.8159,     2.7642,    04h03m56s
[ 84800,  0.0001238]     0.5863,     0.8323,     2.5151,    04h02m52s
[ 84900,  0.0001234]     0.5880,     0.8336,     2.5430,    04h01m15s
[ 85000,  0.0001231]     0.5872,     0.8428,     2.3674,    03h59m02s
[ 85100,  0.0001227]     0.5744,     0.8306,     2.6623,    03h58m59s
[ 85200,  0.0001224]     0.5841,     0.8348,     2.5831,    03h58m12s
[ 85300,  0.0001220]     0.5833,     0.8317,     2.6970,    03h58m57s
[ 85400,  0.0001217]     0.6045,     0.8506,     2.3077,    03h58m47s
[ 85500,  0.0001213]     0.5833,     0.8294,     2.5036,    03h57m20s
[ 85600,  0.0001210]     0.5729,     0.8268,     2.6605,    03h54m54s
[ 85700,  0.0001206]     0.5853,     0.8419,     2.4688,    03h55m42s
[ 85800,  0.0001203]     0.5986,     0.8452,     2.3731,    03h55m15s
[ 85900,  0.0001199]     0.5850,     0.8303,     2.5739,    03h55m49s
[ 86000,  0.0001196]     0.5872,     0.8336,     2.6106,    03h54m45s
[ 86100,  0.0001192]     0.5870,     0.8314,     2.5519,    03h53m31s
[ 86200,  0.0001188]     0.5747,     0.8293,     2.6049,    03h53m17s
[ 86300,  0.0001185]     0.5881,     0.8367,     2.5567,    03h51m01s
[ 86400,  0.0001181]     0.5969,     0.8414,     2.3425,    03h50m35s
[ 86500,  0.0001178]     0.5864,     0.8375,     2.4823,    03h50m06s
[ 86600,  0.0001174]     0.5905,     0.8361,     2.5294,    03h50m24s
[ 86700,  0.0001171]     0.5918,     0.8468,     2.4217,    03h48m27s
[ 86800,  0.0001167]     0.5942,     0.8348,     2.6669,    03h48m38s
[ 86900,  0.0001164]     0.5817,     0.8352,     2.4473,    03h47m41s
[ 87000,  0.0001160]     0.5887,     0.8342,     2.5879,    03h47m14s
[ 87100,  0.0001157]     0.5784,     0.8366,     2.3641,    03h45m11s
[ 87200,  0.0001153]     0.5875,     0.8363,     2.5485,    03h44m17s
[ 87300,  0.0001150]     0.5893,     0.8324,     2.7283,    03h44m12s
[ 87400,  0.0001146]     0.5833,     0.8405,     2.3367,    03h43m48s
[ 87500,  0.0001143]     0.5792,     0.8375,     2.4907,    03h43m06s
[ 87600,  0.0001139]     0.5802,     0.8337,     2.6269,    03h42m55s
[ 87700,  0.0001136]     0.5994,     0.8508,     2.3472,    03h42m44s
[ 87800,  0.0001132]     0.5864,     0.8444,     2.3990,    03h40m36s
[ 87900,  0.0001129]     0.5962,     0.8322,     2.5917,    03h42m10s
[ 88000,  0.0001125]     0.6036,     0.8455,     2.4756,    03h41m34s
[ 88100,  0.0001122]     0.5817,     0.8334,     2.5664,    03h39m55s
[ 88200,  0.0001118]     0.5970,     0.8438,     2.4896,    03h37m57s
[ 88300,  0.0001115]     0.5784,     0.8472,     2.4113,    03h38m49s
[ 88400,  0.0001111]     0.5974,     0.8482,     2.3453,    03h36m53s
[ 88500,  0.0001108]     0.5842,     0.8467,     2.3830,    03h37m37s
[ 88600,  0.0001104]     0.5803,     0.8309,     2.6253,    03h35m49s
[ 88700,  0.0001101]     0.5948,     0.8445,     2.3544,    03h35m52s
[ 88800,  0.0001097]     0.5789,     0.8275,     2.5949,    03h35m12s
[ 88900,  0.0001094]     0.5953,     0.8422,     2.5081,    03h32m59s
[ 89000,  0.0001090]     0.5905,     0.8344,     2.5560,    03h33m42s
[ 89100,  0.0001087]     0.5922,     0.8361,     2.5522,    03h32m37s
[ 89200,  0.0001083]     0.5897,     0.8470,     2.3516,    03h31m29s
[ 89300,  0.0001080]     0.5714,     0.8287,     2.6921,    03h30m05s
[ 89400,  0.0001076]     0.5903,     0.8347,     2.4360,    03h29m45s
[ 89500,  0.0001073]     0.5981,     0.8454,     2.4482,    03h30m04s
[ 89600,  0.0001069]     0.5911,     0.8428,     2.4338,    03h33m07s
[ 89700,  0.0001066]     0.5866,     0.8391,     2.4763,    03h27m26s
[ 89800,  0.0001062]     0.6019,     0.8413,     2.3865,    03h27m50s
[ 89900,  0.0001059]     0.5791,     0.8241,     2.7311,    03h27m01s
[ 90000,  0.0001055]     0.5959,     0.8398,     2.4198,    03h25m50s
Validation MACE: 0.899628
[ 90100,  0.0001052]     0.5950,     0.8481,     2.4547,    03h26m10s
[ 90200,  0.0001048]     0.5914,     0.8422,     2.3718,    03h27m26s
[ 90300,  0.0001045]     0.5852,     0.8355,     2.5568,    03h25m42s
[ 90400,  0.0001041]     0.6016,     0.8377,     2.5455,    03h24m33s
[ 90500,  0.0001038]     0.5875,     0.8450,     2.4355,    03h23m02s
[ 90600,  0.0001034]     0.5868,     0.8265,     2.6604,    03h21m41s
[ 90700,  0.0001031]     0.5923,     0.8391,     2.4085,    03h21m19s
[ 90800,  0.0001027]     0.5920,     0.8403,     2.3808,    03h19m59s
[ 90900,  0.0001024]     0.5886,     0.8395,     2.5028,    03h20m25s
[ 91000,  0.0001020]     0.5995,     0.8389,     2.4569,    03h19m28s
[ 91100,  0.0001017]     0.5946,     0.8504,     2.2473,    03h16m50s
[ 91200,  0.0001013]     0.6167,     0.8516,     2.2960,    03h17m37s
[ 91300,  0.0001010]     0.5723,     0.8194,     2.7374,    03h18m32s
[ 91400,  0.0001006]     0.5962,     0.8483,     2.3984,    03h16m51s
[ 91500,  0.0001003]     0.5841,     0.8306,     2.6606,    03h15m36s
[ 91600,  0.0000999]     0.5855,     0.8425,     2.4860,    03h16m08s
[ 91700,  0.0000996]     0.5860,     0.8331,     2.6548,    03h13m34s
[ 91800,  0.0000992]     0.5797,     0.8286,     2.6243,    03h14m00s
[ 91900,  0.0000989]     0.5964,     0.8417,     2.4499,    03h13m46s
[ 92000,  0.0000985]     0.6080,     0.8595,     2.2851,    03h13m04s
[ 92100,  0.0000982]     0.5972,     0.8353,     2.5042,    03h12m31s
[ 92200,  0.0000978]     0.6044,     0.8474,     2.3468,    03h10m25s
[ 92300,  0.0000975]     0.5880,     0.8417,     2.5210,    03h10m47s
[ 92400,  0.0000971]     0.5911,     0.8355,     2.5315,    03h10m27s
[ 92500,  0.0000968]     0.5817,     0.8345,     2.5453,    03h09m01s
[ 92600,  0.0000964]     0.5958,     0.8464,     2.3798,    03h09m28s
[ 92700,  0.0000961]     0.6011,     0.8506,     2.2152,    03h07m30s
[ 92800,  0.0000957]     0.5931,     0.8426,     2.3755,    03h05m58s
[ 92900,  0.0000954]     0.5928,     0.8352,     2.5136,    03h07m06s
[ 93000,  0.0000950]     0.6011,     0.8516,     2.3093,    03h05m54s
[ 93100,  0.0000947]     0.5834,     0.8270,     2.6414,    03h04m58s
[ 93200,  0.0000943]     0.6133,     0.8539,     2.3708,    03h03m41s
[ 93300,  0.0000940]     0.5778,     0.8434,     2.5225,    03h02m33s
[ 93400,  0.0000936]     0.6111,     0.8450,     2.3997,    03h03m03s
[ 93500,  0.0000933]     0.5936,     0.8414,     2.5180,    03h03m12s
[ 93600,  0.0000929]     0.5934,     0.8420,     2.3897,    03h01m13s
[ 93700,  0.0000926]     0.6011,     0.8403,     2.4125,    03h01m57s
[ 93800,  0.0000922]     0.5977,     0.8425,     2.4312,    03h01m05s
[ 93900,  0.0000919]     0.5898,     0.8256,     2.6390,    02h58m44s
[ 94000,  0.0000915]     0.6003,     0.8555,     2.2589,    02h58m28s
[ 94100,  0.0000912]     0.6075,     0.8398,     2.4960,    02h58m21s
[ 94200,  0.0000908]     0.5922,     0.8373,     2.5138,    02h57m00s
[ 94300,  0.0000905]     0.5978,     0.8453,     2.3330,    02h57m05s
[ 94400,  0.0000901]     0.6097,     0.8547,     2.2627,    02h55m23s
[ 94500,  0.0000898]     0.5991,     0.8461,     2.3451,    02h55m52s
[ 94600,  0.0000894]     0.6030,     0.8434,     2.4611,    02h54m16s
[ 94700,  0.0000890]     0.5936,     0.8408,     2.4844,    02h53m34s
[ 94800,  0.0000887]     0.6078,     0.8452,     2.4380,    02h54m03s
[ 94900,  0.0000883]     0.5955,     0.8464,     2.4107,    02h53m02s
[ 95000,  0.0000880]     0.5957,     0.8351,     2.5844,    02h51m18s
[ 95100,  0.0000876]     0.5956,     0.8488,     2.4299,    02h51m32s
[ 95200,  0.0000873]     0.6039,     0.8492,     2.4216,    02h51m25s
[ 95300,  0.0000869]     0.5967,     0.8375,     2.5672,    02h50m00s
[ 95400,  0.0000866]     0.6038,     0.8492,     2.3194,    02h49m10s
[ 95500,  0.0000862]     0.6013,     0.8310,     2.6102,    02h47m57s
[ 95600,  0.0000859]     0.5886,     0.8350,     2.5933,    02h46m44s
[ 95700,  0.0000855]     0.6094,     0.8544,     2.1834,    02h50m05s
[ 95800,  0.0000852]     0.5988,     0.8444,     2.4979,    02h47m08s
[ 95900,  0.0000848]     0.5977,     0.8367,     2.4947,    02h45m17s
[ 96000,  0.0000845]     0.5977,     0.8448,     2.2974,    02h44m33s
[ 96100,  0.0000841]     0.5921,     0.8321,     2.5109,    02h43m30s
[ 96200,  0.0000838]     0.6133,     0.8605,     2.2555,    02h43m50s
[ 96300,  0.0000834]     0.6142,     0.8444,     2.4270,    02h43m01s
[ 96400,  0.0000831]     0.5895,     0.8375,     2.5629,    02h43m07s
[ 96500,  0.0000827]     0.5836,     0.8323,     2.4666,    02h41m53s
[ 96600,  0.0000824]     0.5889,     0.8381,     2.3670,    02h39m19s
[ 96700,  0.0000820]     0.5967,     0.8452,     2.3630,    02h40m36s
[ 96800,  0.0000817]     0.6033,     0.8395,     2.4722,    02h39m17s
[ 96900,  0.0000813]     0.6020,     0.8377,     2.5610,    02h39m23s
[ 97000,  0.0000810]     0.5939,     0.8341,     2.3400,    02h38m15s
[ 97100,  0.0000806]     0.5931,     0.8375,     2.5593,    02h38m08s
[ 97200,  0.0000803]     0.6145,     0.8605,     2.1967,    02h35m16s
[ 97300,  0.0000799]     0.6061,     0.8408,     2.5129,    02h35m42s
[ 97400,  0.0000796]     0.5902,     0.8462,     2.4207,    02h35m19s
[ 97500,  0.0000792]     0.6097,     0.8466,     2.4732,    02h34m25s
[ 97600,  0.0000789]     0.6019,     0.8420,     2.4476,    02h34m02s
[ 97700,  0.0000785]     0.6081,     0.8423,     2.4826,    02h32m45s
[ 97800,  0.0000782]     0.6220,     0.8535,     2.2664,    02h33m10s
[ 97900,  0.0000778]     0.5823,     0.8330,     2.5184,    02h32m52s
[ 98000,  0.0000775]     0.6200,     0.8600,     2.1404,    02h31m45s
[ 98100,  0.0000771]     0.5983,     0.8370,     2.6122,    02h30m30s
[ 98200,  0.0000768]     0.5919,     0.8413,     2.4145,    02h29m48s
[ 98300,  0.0000764]     0.6105,     0.8541,     2.3496,    02h28m48s
[ 98400,  0.0000761]     0.6038,     0.8408,     2.3989,    02h29m21s
[ 98500,  0.0000757]     0.6017,     0.8394,     2.4629,    02h28m37s
[ 98600,  0.0000754]     0.6116,     0.8428,     2.4103,    02h27m40s
[ 98700,  0.0000750]     0.6122,     0.8492,     2.4542,    02h27m08s
[ 98800,  0.0000747]     0.6056,     0.8516,     2.2664,    02h25m17s
[ 98900,  0.0000743]     0.5990,     0.8408,     2.4673,    02h24m48s
[ 99000,  0.0000740]     0.6158,     0.8495,     2.2732,    02h24m34s
[ 99100,  0.0000736]     0.6039,     0.8481,     2.4340,    02h23m46s
[ 99200,  0.0000733]     0.5950,     0.8377,     2.4733,    02h23m20s
[ 99300,  0.0000729]     0.6092,     0.8455,     2.4586,    02h22m59s
[ 99400,  0.0000726]     0.6006,     0.8477,     2.4345,    02h20m53s
[ 99500,  0.0000722]     0.6084,     0.8497,     2.2747,    02h21m48s
[ 99600,  0.0000719]     0.6088,     0.8355,     2.5450,    02h22m02s
[ 99700,  0.0000715]     0.6083,     0.8441,     2.5663,    02h18m46s
[ 99800,  0.0000712]     0.5995,     0.8409,     2.3943,    02h18m28s
[ 99900,  0.0000708]     0.6192,     0.8608,     2.2126,    02h18m01s
[100000,  0.0000705]     0.6069,     0.8532,     2.2235,    02h17m18s
Validation MACE: 0.789339
[100100,  0.0000701]     0.5980,     0.8461,     2.3557,    02h16m32s
[100200,  0.0000698]     0.6055,     0.8461,     2.4568,    02h16m33s
[100300,  0.0000694]     0.6111,     0.8564,     2.2787,    02h15m38s
[100400,  0.0000691]     0.5959,     0.8341,     2.6565,    02h15m02s
[100500,  0.0000687]     0.6059,     0.8517,     2.3730,    02h13m50s
[100600,  0.0000684]     0.6148,     0.8531,     2.3089,    02h14m18s
[100700,  0.0000680]     0.5886,     0.8337,     2.6078,    02h14m44s
[100800,  0.0000677]     0.6059,     0.8505,     2.3023,    02h12m49s
[100900,  0.0000673]     0.6117,     0.8444,     2.3864,    02h10m52s
[101000,  0.0000670]     0.6203,     0.8411,     2.4856,    02h10m15s
[101100,  0.0000666]     0.5882,     0.8396,     2.4254,    02h10m42s
[101200,  0.0000663]     0.6145,     0.8455,     2.3978,    02h09m29s
[101300,  0.0000659]     0.6027,     0.8375,     2.5329,    02h08m37s
[101400,  0.0000656]     0.6195,     0.8445,     2.3021,    02h07m42s
[101500,  0.0000652]     0.6203,     0.8603,     2.1971,    02h07m05s
[101600,  0.0000649]     0.6123,     0.8509,     2.3163,    02h06m21s
[101700,  0.0000645]     0.6181,     0.8481,     2.4160,    02h06m13s
[101800,  0.0000642]     0.6055,     0.8427,     2.4158,    02h05m25s
[101900,  0.0000638]     0.6158,     0.8519,     2.3355,    02h04m30s
[102000,  0.0000635]     0.5966,     0.8419,     2.4029,    02h04m22s
[102100,  0.0000631]     0.6011,     0.8434,     2.4280,    02h02m06s
[102200,  0.0000628]     0.6149,     0.8521,     2.2484,    02h01m38s
[102300,  0.0000624]     0.6077,     0.8450,     2.3658,    02h01m40s
[102400,  0.0000621]     0.6045,     0.8458,     2.5239,    02h01m16s
[102500,  0.0000617]     0.6073,     0.8391,     2.5354,    02h00m36s
[102600,  0.0000614]     0.6125,     0.8497,     2.2348,    02h00m10s
[102700,  0.0000610]     0.6202,     0.8583,     2.1688,    01h58m05s
[102800,  0.0000607]     0.6055,     0.8434,     2.2977,    01h58m16s
[102900,  0.0000603]     0.6080,     0.8509,     2.3950,    01h57m48s
[103000,  0.0000600]     0.6148,     0.8413,     2.4518,    01h57m17s
[103100,  0.0000596]     0.6012,     0.8314,     2.6148,    01h56m31s
[103200,  0.0000593]     0.6128,     0.8467,     2.3509,    01h55m47s
[103300,  0.0000589]     0.5939,     0.8488,     2.4009,    01h54m53s
[103400,  0.0000585]     0.6036,     0.8425,     2.3521,    01h54m06s
[103500,  0.0000582]     0.5966,     0.8428,     2.3676,    01h53m43s
[103600,  0.0000578]     0.6050,     0.8478,     2.3330,    01h52m56s
[103700,  0.0000575]     0.6292,     0.8573,     2.1379,    01h52m23s
[103800,  0.0000571]     0.6134,     0.8533,     2.4751,    01h51m19s
[103900,  0.0000568]     0.6112,     0.8444,     2.2893,    01h50m49s
[104000,  0.0000564]     0.6144,     0.8578,     2.3350,    01h50m12s
[104100,  0.0000561]     0.6078,     0.8484,     2.3036,    01h49m04s
[104200,  0.0000557]     0.6038,     0.8361,     2.4405,    01h48m44s
[104300,  0.0000554]     0.6066,     0.8358,     2.5402,    01h48m01s
[104400,  0.0000550]     0.6108,     0.8497,     2.3877,    01h46m55s
[104500,  0.0000547]     0.6242,     0.8478,     2.3417,    01h46m29s
[104600,  0.0000543]     0.6178,     0.8456,     2.2477,    01h45m52s
[104700,  0.0000540]     0.6077,     0.8458,     2.3714,    01h45m28s
[104800,  0.0000536]     0.6130,     0.8552,     2.2685,    01h44m31s
[104900,  0.0000533]     0.5980,     0.8297,     2.6256,    01h43m17s
[105000,  0.0000529]     0.5850,     0.8283,     2.6699,    01h42m55s
[105100,  0.0000526]     0.6180,     0.8567,     2.2337,    01h42m00s
[105200,  0.0000522]     0.5955,     0.8436,     2.3248,    01h41m43s
[105300,  0.0000519]     0.6081,     0.8386,     2.4172,    01h40m59s
[105400,  0.0000515]     0.6161,     0.8491,     2.3973,    01h40m22s
[105500,  0.0000512]     0.6207,     0.8454,     2.3613,    01h39m00s
[105600,  0.0000508]     0.5948,     0.8461,     2.3374,    01h39m09s
[105700,  0.0000505]     0.6056,     0.8353,     2.5095,    01h38m10s
[105800,  0.0000501]     0.6175,     0.8534,     2.1948,    01h37m10s
[105900,  0.0000498]     0.6308,     0.8591,     2.2619,    01h37m06s
[106000,  0.0000494]     0.6131,     0.8499,     2.3408,    01h35m56s
[106100,  0.0000491]     0.6233,     0.8467,     2.4798,    01h36m02s
[106200,  0.0000487]     0.6191,     0.8617,     2.2197,    01h34m43s
[106300,  0.0000484]     0.6092,     0.8445,     2.3775,    01h34m17s
[106400,  0.0000480]     0.6031,     0.8452,     2.4192,    01h33m38s
[106500,  0.0000477]     0.6105,     0.8503,     2.2340,    01h33m10s
[106600,  0.0000473]     0.6057,     0.8461,     2.4543,    01h31m20s
[106700,  0.0000470]     0.6066,     0.8511,     2.2477,    01h31m31s
[106800,  0.0000466]     0.6030,     0.8509,     2.3782,    01h31m02s
[106900,  0.0000463]     0.5931,     0.8370,     2.2908,    01h30m07s
[107000,  0.0000459]     0.6311,     0.8544,     2.2784,    01h29m23s
[107100,  0.0000456]     0.6259,     0.8499,     2.3714,    01h28m24s
[107200,  0.0000452]     0.6142,     0.8505,     2.3702,    01h28m01s
[107300,  0.0000449]     0.6177,     0.8461,     2.3753,    01h27m16s
[107400,  0.0000445]     0.6022,     0.8417,     2.4078,    01h26m35s
[107500,  0.0000442]     0.6142,     0.8533,     2.2651,    01h26m04s
[107600,  0.0000438]     0.6248,     0.8458,     2.4204,    01h25m19s
[107700,  0.0000435]     0.6184,     0.8538,     2.2627,    01h24m13s
[107800,  0.0000431]     0.6056,     0.8450,     2.4839,    01h23m45s
[107900,  0.0000428]     0.6136,     0.8492,     2.2957,    01h23m33s
[108000,  0.0000424]     0.6206,     0.8538,     2.2605,    01h22m45s
[108100,  0.0000421]     0.5970,     0.8436,     2.4565,    01h22m14s
[108200,  0.0000417]     0.6224,     0.8649,     2.0691,    01h20m47s
[108300,  0.0000414]     0.6175,     0.8559,     2.2148,    01h20m52s
[108400,  0.0000410]     0.6156,     0.8438,     2.5173,    01h19m56s
[108500,  0.0000407]     0.6070,     0.8481,     2.2556,    01h19m16s
[108600,  0.0000403]     0.5953,     0.8327,     2.5928,    01h18m11s
[108700,  0.0000400]     0.6309,     0.8645,     2.1725,    01h17m54s
[108800,  0.0000396]     0.6121,     0.8476,     2.4153,    01h16m56s
[108900,  0.0000393]     0.6194,     0.8500,     2.2774,    01h16m12s
[109000,  0.0000389]     0.6109,     0.8459,     2.4285,    01h15m38s
[109100,  0.0000386]     0.6255,     0.8503,     2.2957,    01h14m57s
[109200,  0.0000382]     0.6055,     0.8498,     2.2526,    01h14m28s
[109300,  0.0000379]     0.6189,     0.8577,     2.2260,    01h13m34s
[109400,  0.0000375]     0.6162,     0.8500,     2.2629,    01h13m10s
[109500,  0.0000372]     0.6239,     0.8527,     2.2947,    01h13m20s
[109600,  0.0000368]     0.6138,     0.8562,     2.2537,    01h11m49s
[109700,  0.0000365]     0.6164,     0.8466,     2.3049,    01h10m56s
[109800,  0.0000361]     0.6183,     0.8517,     2.4349,    01h09m54s
[109900,  0.0000358]     0.6110,     0.8548,     2.1857,    01h08m51s
[110000,  0.0000354]     0.6189,     0.8572,     2.3244,    01h08m46s
Validation MACE: 0.799220
[110100,  0.0000351]     0.6108,     0.8467,     2.3093,    01h07m57s
[110200,  0.0000347]     0.6222,     0.8542,     2.3150,    01h07m12s
[110300,  0.0000344]     0.6291,     0.8588,     2.2122,    01h06m46s
[110400,  0.0000340]     0.6006,     0.8387,     2.4482,    01h06m11s
[110500,  0.0000337]     0.6118,     0.8534,     2.2463,    01h05m32s
[110600,  0.0000333]     0.6019,     0.8459,     2.3741,    01h04m31s
[110700,  0.0000330]     0.6183,     0.8464,     2.3575,    01h04m04s
[110800,  0.0000326]     0.6255,     0.8542,     2.1743,    01h03m02s
[110900,  0.0000323]     0.6119,     0.8508,     2.3699,    01h02m43s
[111000,  0.0000319]     0.6226,     0.8469,     2.3508,    01h01m27s
[111100,  0.0000316]     0.6244,     0.8478,     2.3326,    01h01m39s
[111200,  0.0000312]     0.6220,     0.8498,     2.3907,    01h00m20s
[111300,  0.0000309]     0.6231,     0.8522,     2.2930,    00h59m55s
[111400,  0.0000305]     0.6238,     0.8592,     2.1724,    00h58m57s
[111500,  0.0000302]     0.6150,     0.8509,     2.3176,    00h58m17s
[111600,  0.0000298]     0.6268,     0.8572,     2.1783,    00h58m04s
[111700,  0.0000295]     0.5986,     0.8398,     2.4865,    00h57m01s
[111800,  0.0000291]     0.6214,     0.8464,     2.3713,    00h56m31s
[111900,  0.0000287]     0.6147,     0.8481,     2.3438,    00h55m38s
[112000,  0.0000284]     0.6202,     0.8555,     2.2373,    00h55m01s
[112100,  0.0000280]     0.6121,     0.8557,     2.2138,    00h54m26s
[112200,  0.0000277]     0.6186,     0.8483,     2.3069,    00h53m52s
[112300,  0.0000273]     0.6109,     0.8509,     2.2664,    00h53m07s
[112400,  0.0000270]     0.6145,     0.8502,     2.3337,    00h52m15s
[112500,  0.0000266]     0.6258,     0.8581,     2.1824,    00h51m53s
[112600,  0.0000263]     0.6234,     0.8559,     2.2491,    00h50m58s
[112700,  0.0000259]     0.6236,     0.8545,     2.2514,    00h50m17s
[112800,  0.0000256]     0.6148,     0.8423,     2.4841,    00h49m33s
[112900,  0.0000252]     0.6141,     0.8491,     2.3382,    00h48m50s
[113000,  0.0000249]     0.6202,     0.8491,     2.3530,    00h48m01s
[113100,  0.0000245]     0.6288,     0.8548,     2.2197,    00h47m29s
[113200,  0.0000242]     0.6182,     0.8494,     2.3691,    00h46m19s
[113300,  0.0000238]     0.6061,     0.8387,     2.4885,    00h46m11s
[113400,  0.0000235]     0.6458,     0.8680,     2.0825,    00h45m42s
[113500,  0.0000231]     0.6070,     0.8386,     2.4594,    00h44m39s
[113600,  0.0000228]     0.6156,     0.8600,     2.1177,    00h44m00s
[113700,  0.0000224]     0.6253,     0.8562,     2.3757,    00h43m13s
[113800,  0.0000221]     0.6186,     0.8527,     2.2541,    00h42m40s
[113900,  0.0000217]     0.6225,     0.8489,     2.3161,    00h41m57s
[114000,  0.0000214]     0.6206,     0.8556,     2.2577,    00h41m09s
[114100,  0.0000210]     0.6273,     0.8722,     1.8994,    00h40m33s
[114200,  0.0000207]     0.6066,     0.8425,     2.5173,    00h39m52s
[114300,  0.0000203]     0.6205,     0.8587,     2.3185,    00h38m59s
[114400,  0.0000200]     0.6036,     0.8400,     2.4720,    00h38m32s
[114500,  0.0000196]     0.6264,     0.8598,     2.0869,    00h38m03s
[114600,  0.0000193]     0.6248,     0.8662,     2.0884,    00h37m11s
[114700,  0.0000189]     0.6144,     0.8494,     2.3387,    00h36m14s
[114800,  0.0000186]     0.6281,     0.8616,     2.1367,    00h35m42s
[114900,  0.0000182]     0.5996,     0.8420,     2.4051,    00h35m12s
[115000,  0.0000179]     0.6266,     0.8553,     2.2398,    00h34m19s
[115100,  0.0000175]     0.6228,     0.8484,     2.3478,    00h33m36s
[115200,  0.0000172]     0.6144,     0.8542,     2.3106,    00h33m02s
[115300,  0.0000168]     0.6136,     0.8608,     2.2181,    00h32m22s
[115400,  0.0000165]     0.6382,     0.8656,     2.1262,    00h31m26s
[115500,  0.0000161]     0.6223,     0.8538,     2.3526,    00h31m05s
[115600,  0.0000158]     0.6323,     0.8542,     2.2183,    00h30m15s
[115700,  0.0000154]     0.6259,     0.8533,     2.3177,    00h29m40s
[115800,  0.0000151]     0.6012,     0.8547,     2.2416,    00h28m50s
[115900,  0.0000147]     0.6239,     0.8548,     2.2580,    00h28m10s
[116000,  0.0000144]     0.6202,     0.8568,     2.2380,    00h27m28s
[116100,  0.0000140]     0.6109,     0.8511,     2.3085,    00h26m54s
[116200,  0.0000137]     0.6222,     0.8530,     2.2759,    00h26m19s
[116300,  0.0000133]     0.6312,     0.8562,     2.2443,    00h25m30s
[116400,  0.0000130]     0.6314,     0.8552,     2.2165,    00h24m45s
[116500,  0.0000126]     0.6300,     0.8504,     2.2732,    00h23m59s
[116600,  0.0000123]     0.6247,     0.8573,     2.2337,    00h23m24s
[116700,  0.0000119]     0.6166,     0.8533,     2.3352,    00h22m48s
[116800,  0.0000116]     0.6170,     0.8512,     2.2932,    00h22m02s
[116900,  0.0000112]     0.6105,     0.8477,     2.2880,    00h21m20s
[117000,  0.0000109]     0.6297,     0.8584,     2.2771,    00h20m35s
[117100,  0.0000105]     0.6261,     0.8521,     2.2876,    00h19m47s
[117200,  0.0000102]     0.6234,     0.8598,     2.2677,    00h19m17s
[117300,  0.0000098]     0.6441,     0.8677,     2.0989,    00h18m37s
[117400,  0.0000095]     0.6144,     0.8448,     2.3990,    00h17m52s
[117500,  0.0000091]     0.6152,     0.8441,     2.2491,    00h17m13s
[117600,  0.0000088]     0.6191,     0.8546,     2.2342,    00h16m26s
[117700,  0.0000084]     0.6333,     0.8642,     2.1638,    00h15m48s
[117800,  0.0000081]     0.6178,     0.8578,     2.1961,    00h15m14s
[117900,  0.0000077]     0.6258,     0.8488,     2.3316,    00h14m27s
[118000,  0.0000074]     0.6211,     0.8458,     2.4380,    00h13m42s
[118100,  0.0000070]     0.6322,     0.8669,     2.0443,    00h13m05s
[118200,  0.0000067]     0.6167,     0.8435,     2.3335,    00h12m20s
[118300,  0.0000063]     0.6223,     0.8547,     2.3734,    00h11m42s
[118400,  0.0000060]     0.6303,     0.8552,     2.2862,    00h10m59s
[118500,  0.0000056]     0.6153,     0.8455,     2.1909,    00h10m18s
[118600,  0.0000053]     0.6305,     0.8559,     2.2414,    00h09m37s
[118700,  0.0000049]     0.6259,     0.8616,     2.2307,    00h08m52s
[118800,  0.0000046]     0.6452,     0.8597,     2.1476,    00h08m15s
[118900,  0.0000042]     0.6250,     0.8541,     2.3070,    00h07m34s
[119000,  0.0000039]     0.6189,     0.8452,     2.3869,    00h06m52s
[119100,  0.0000035]     0.6144,     0.8544,     2.3190,    00h06m11s
[119200,  0.0000032]     0.6347,     0.8591,     2.2263,    00h05m29s
[119300,  0.0000028]     0.6185,     0.8562,     2.2992,    00h04m48s
[119400,  0.0000025]     0.6367,     0.8556,     2.2543,    00h04m06s
[119500,  0.0000021]     0.6361,     0.8627,     2.1931,    00h03m28s
[119600,  0.0000018]     0.6139,     0.8542,     2.2468,    00h02m37s
[119700,  0.0000014]     0.6202,     0.8472,     2.2954,    00h01m57s
[119800,  0.0000011]     0.6230,     0.8483,     2.3006,    00h01m18s
[119900,  0.0000007]     0.6222,     0.8594,     2.2176,    00h00m39s
[120000,  0.0000004]     0.6123,     0.8564,     2.1935,    00h00m00s
Validation MACE: 0.726017
