Parameter Count: 1292868
8750
Training with 8750 image pairs
[   100,  0.0000223]     0.0008,     0.0077,    24.4933,    34h23m34s
[   200,  0.0000287]     0.0003,     0.0041,    24.6474,    34h51m35s
[   300,  0.0000351]     0.0013,     0.0067,    24.5276,    35h00m25s
[   400,  0.0000415]     0.0008,     0.0083,    24.2166,    35h02m57s
[   500,  0.0000479]     0.0006,     0.0086,    22.7069,    35h02m01s
[   600,  0.0000543]     0.0014,     0.0166,    20.6319,    34h55m21s
[   700,  0.0000607]     0.0031,     0.0311,    17.5826,    34h52m27s
[   800,  0.0000671]     0.0084,     0.0592,    14.8362,    34h56m58s
[   900,  0.0000735]     0.0186,     0.1206,    11.8205,    34h53m49s
[  1000,  0.0000799]     0.0306,     0.1844,    10.2888,    34h52m30s
[  1100,  0.0000863]     0.0397,     0.2420,     9.6818,    34h49m20s
[  1200,  0.0000927]     0.0600,     0.3244,     8.1576,    34h48m19s
[  1300,  0.0000991]     0.0645,     0.3584,     8.2026,    34h43m57s
[  1400,  0.0001055]     0.0802,     0.4122,     7.0837,    34h46m27s
[  1500,  0.0001119]     0.0925,     0.4681,     6.5594,    34h42m47s
[  1600,  0.0001183]     0.0877,     0.4864,     6.4626,    34h37m33s
[  1700,  0.0001247]     0.1044,     0.5324,     5.8965,    34h35m42s
[  1800,  0.0001311]     0.1234,     0.5659,     5.6391,    34h34m55s
[  1900,  0.0001375]     0.1145,     0.5791,     5.4974,    34h36m03s
[  2000,  0.0001439]     0.1223,     0.6091,     5.1376,    34h32m32s
[  2100,  0.0001502]     0.1253,     0.6250,     5.0638,    34h29m33s
[  2200,  0.0001566]     0.1365,     0.6369,     4.9565,    34h26m59s
[  2300,  0.0001630]     0.1408,     0.6416,     4.8626,    34h22m50s
[  2400,  0.0001694]     0.1531,     0.6695,     4.6048,    34h25m38s
[  2500,  0.0001758]     0.1569,     0.6872,     4.3611,    34h24m25s
[  2600,  0.0001822]     0.1695,     0.7114,     4.0386,    34h21m56s
[  2700,  0.0001886]     0.1808,     0.6966,     4.1792,    34h19m12s
[  2800,  0.0001950]     0.1865,     0.7192,     4.0200,    34h18m31s
[  2900,  0.0002014]     0.2166,     0.7458,     3.5504,    34h17m14s
[  3000,  0.0002078]     0.2023,     0.7444,     3.8126,    34h15m22s
[  3100,  0.0002142]     0.2106,     0.7534,     3.7198,    34h13m06s
[  3200,  0.0002206]     0.2520,     0.7708,     3.4269,    34h10m45s
[  3300,  0.0002270]     0.2617,     0.7758,     3.3966,    34h06m02s
[  3400,  0.0002334]     0.3013,     0.7963,     3.0215,    34h07m31s
[  3500,  0.0002398]     0.2936,     0.7911,     3.1918,    34h12m23s
[  3600,  0.0002462]     0.2941,     0.7738,     3.2835,    34h06m21s
[  3700,  0.0002526]     0.2975,     0.8025,     3.2022,    34h00m40s
[  3800,  0.0002590]     0.3120,     0.8189,     2.8230,    33h59m46s
[  3900,  0.0002654]     0.3856,     0.8239,     2.7518,    33h54m11s
[  4000,  0.0002718]     0.3316,     0.8113,     2.7468,    33h56m41s
[  4100,  0.0002782]     0.3211,     0.7755,     3.6396,    33h59m36s
[  4200,  0.0002846]     0.3803,     0.8289,     2.6851,    33h53m35s
[  4300,  0.0002910]     0.4066,     0.8420,     2.5946,    33h47m51s
[  4400,  0.0002973]     0.3968,     0.8173,     3.0414,    33h49m54s
[  4500,  0.0003037]     0.4570,     0.8497,     2.4124,    33h51m03s
[  4600,  0.0003101]     0.4439,     0.8489,     2.5309,    33h47m57s
[  4700,  0.0003165]     0.4491,     0.8447,     2.4914,    33h46m03s
[  4800,  0.0003229]     0.4377,     0.8242,     2.8085,    33h41m30s
[  4900,  0.0003293]     0.4334,     0.8458,     2.5695,    33h41m43s
[  5000,  0.0003357]     0.4668,     0.8510,     2.4347,    33h38m37s
[  5100,  0.0003421]     0.4942,     0.8698,     2.1419,    33h37m01s
[  5200,  0.0003485]     0.4752,     0.8489,     2.3874,    33h36m32s
[  5300,  0.0003549]     0.4945,     0.8552,     2.3555,    33h31m00s
[  5400,  0.0003613]     0.4853,     0.8630,     2.3709,    33h33m09s
[  5500,  0.0003677]     0.5224,     0.8732,     2.2162,    33h31m58s
[  5600,  0.0003741]     0.5252,     0.8748,     2.2061,    33h29m35s
[  5700,  0.0003805]     0.5367,     0.8798,     2.0213,    33h33m50s
[  5800,  0.0003869]     0.5080,     0.8488,     2.3990,    33h30m07s
[  5900,  0.0003933]     0.4894,     0.8473,     2.4525,    33h28m59s
[  6000,  0.0003997]     0.5152,     0.8686,     2.1801,    33h23m36s
[  6100,  0.0003997]     0.5586,     0.8766,     2.0407,    33h22m22s
[  6200,  0.0003993]     0.5513,     0.8880,     1.9665,    33h23m38s
[  6300,  0.0003990]     0.5541,     0.8823,     2.1146,    33h23m03s
[  6400,  0.0003986]     0.5384,     0.8575,     2.3717,    33h19m01s
[  6500,  0.0003983]     0.5736,     0.8836,     1.9362,    33h17m42s
[  6600,  0.0003979]     0.5758,     0.8782,     2.0003,    33h16m35s
[  6700,  0.0003976]     0.5813,     0.8850,     2.0382,    33h11m47s
[  6800,  0.0003972]     0.5819,     0.8920,     1.9098,    33h11m17s
[  6900,  0.0003969]     0.6067,     0.8988,     1.7651,    33h11m07s
[  7000,  0.0003965]     0.5628,     0.8883,     1.9325,    33h08m50s
[  7100,  0.0003962]     0.5878,     0.8873,     2.0194,    33h08m27s
[  7200,  0.0003958]     0.6015,     0.9005,     1.6979,    33h05m37s
[  7300,  0.0003955]     0.6278,     0.8972,     1.7428,    33h07m31s
[  7400,  0.0003951]     0.6289,     0.9020,     1.8111,    33h13m29s
[  7500,  0.0003948]     0.6159,     0.8936,     1.8295,    33h06m31s
[  7600,  0.0003944]     0.6242,     0.8872,     2.0466,    33h05m31s
[  7700,  0.0003941]     0.6200,     0.8895,     1.9718,    32h57m21s
[  7800,  0.0003937]     0.6423,     0.8995,     1.7201,    32h59m58s
[  7900,  0.0003934]     0.6606,     0.9133,     1.5335,    32h55m05s
[  8000,  0.0003930]     0.6172,     0.9066,     1.5749,    32h59m54s
[  8100,  0.0003927]     0.6308,     0.8902,     1.9381,    32h54m35s
[  8200,  0.0003923]     0.6458,     0.9031,     1.7808,    32h52m46s
[  8300,  0.0003920]     0.6798,     0.9211,     1.4904,    32h49m57s
[  8400,  0.0003916]     0.6675,     0.9117,     1.5421,    32h48m52s
[  8500,  0.0003913]     0.6567,     0.9128,     1.4950,    32h51m23s
[  8600,  0.0003909]     0.6666,     0.9087,     1.6180,    32h48m21s
[  8700,  0.0003906]     0.6591,     0.9058,     1.6406,    32h45m58s
[  8800,  0.0003902]     0.6804,     0.9193,     1.5245,    32h38m07s
[  8900,  0.0003899]     0.6858,     0.9169,     1.4558,    32h38m26s
[  9000,  0.0003895]     0.6745,     0.9172,     1.4424,    32h38m17s
[  9100,  0.0003891]     0.6733,     0.9078,     1.6149,    32h32m09s
[  9200,  0.0003888]     0.6711,     0.9147,     1.4729,    32h32m25s
[  9300,  0.0003884]     0.6544,     0.9154,     1.5516,    32h21m32s
[  9400,  0.0003881]     0.6928,     0.9173,     1.4710,    32h24m14s
[  9500,  0.0003877]     0.6902,     0.9231,     1.4238,    32h23m53s
[  9600,  0.0003874]     0.7228,     0.9297,     1.3475,    32h23m38s
[  9700,  0.0003870]     0.6931,     0.9181,     1.5034,    32h18m31s
[  9800,  0.0003867]     0.7167,     0.9286,     1.3174,    32h15m24s
[  9900,  0.0003863]     0.6895,     0.9195,     1.4827,    32h12m45s
[ 10000,  0.0003860]     0.7156,     0.9345,     1.2716,    32h11m57s
org_dataset
850
Training with 850 image pairs
Validation MACE: 1.328947
[ 10100,  0.0003856]     0.7037,     0.9236,     1.4192,    31h58m45s
[ 10200,  0.0003853]     0.7225,     0.9269,     1.4401,    32h09m39s
[ 10300,  0.0003849]     0.7173,     0.9298,     1.2801,    32h08m40s
[ 10400,  0.0003846]     0.7215,     0.9216,     1.3980,    32h04m22s
[ 10500,  0.0003842]     0.7391,     0.9331,     1.2443,    32h02m33s
[ 10600,  0.0003839]     0.7308,     0.9325,     1.3131,    31h59m09s
[ 10700,  0.0003835]     0.7181,     0.9300,     1.3146,    31h59m02s
[ 10800,  0.0003832]     0.7180,     0.9317,     1.3079,    31h55m15s
[ 10900,  0.0003828]     0.7184,     0.9266,     1.3778,    31h56m55s
[ 11000,  0.0003825]     0.7394,     0.9370,     1.1644,    31h50m11s
[ 11100,  0.0003821]     0.7316,     0.9270,     1.2951,    31h52m06s
[ 11200,  0.0003818]     0.7234,     0.9320,     1.2390,    31h47m32s
[ 11300,  0.0003814]     0.7338,     0.9289,     1.2354,    31h45m28s
[ 11400,  0.0003811]     0.7367,     0.9411,     1.2134,    31h50m29s
[ 11500,  0.0003807]     0.7398,     0.9408,     1.1418,    31h44m23s
[ 11600,  0.0003804]     0.7444,     0.9345,     1.2342,    31h47m11s
[ 11700,  0.0003800]     0.7386,     0.9377,     1.2119,    31h43m09s
[ 11800,  0.0003797]     0.7380,     0.9423,     1.1757,    31h40m32s
[ 11900,  0.0003793]     0.7503,     0.9341,     1.1984,    31h38m18s
[ 12000,  0.0003790]     0.7600,     0.9408,     1.0948,    31h38m37s
[ 12100,  0.0003786]     0.7669,     0.9503,     1.0256,    31h33m42s
[ 12200,  0.0003783]     0.7509,     0.9387,     1.2028,    31h32m34s
[ 12300,  0.0003779]     0.7655,     0.9408,     1.1970,    31h30m37s
[ 12400,  0.0003776]     0.7600,     0.9413,     1.1517,    31h29m57s
[ 12500,  0.0003772]     0.7511,     0.9436,     1.0617,    31h30m58s
[ 12600,  0.0003769]     0.7452,     0.9370,     1.2557,    31h21m32s
[ 12700,  0.0003765]     0.7697,     0.9519,     0.9760,    31h23m57s
[ 12800,  0.0003762]     0.7723,     0.9453,     1.1207,    31h26m15s
[ 12900,  0.0003758]     0.7642,     0.9387,     1.1111,    31h22m45s
[ 13000,  0.0003755]     0.7588,     0.9459,     1.1422,    31h20m13s
[ 13100,  0.0003751]     0.7619,     0.9414,     1.1439,    31h15m29s
[ 13200,  0.0003748]     0.7532,     0.9445,     1.1198,    31h11m58s
[ 13300,  0.0003744]     0.7739,     0.9486,     0.9988,    31h11m54s
[ 13400,  0.0003741]     0.7794,     0.9508,     1.0411,    31h12m24s
[ 13500,  0.0003737]     0.7738,     0.9456,     1.0300,    31h08m24s
[ 13600,  0.0003734]     0.7675,     0.9473,     1.1064,    31h07m45s
[ 13700,  0.0003730]     0.7681,     0.9428,     1.0906,    31h02m04s
[ 13800,  0.0003727]     0.7902,     0.9567,     0.9367,    31h04m02s
[ 13900,  0.0003723]     0.7847,     0.9450,     1.0943,    31h03m26s
[ 14000,  0.0003720]     0.7605,     0.9430,     1.1069,    31h04m47s
[ 14100,  0.0003716]     0.7709,     0.9478,     1.0156,    31h00m12s
[ 14200,  0.0003713]     0.7617,     0.9413,     1.1096,    30h55m50s
[ 14300,  0.0003709]     0.7726,     0.9451,     1.1056,    30h50m40s
[ 14400,  0.0003706]     0.7820,     0.9487,     1.0702,    30h55m44s
[ 14500,  0.0003702]     0.7914,     0.9505,     0.9789,    30h51m50s
[ 14600,  0.0003699]     0.7883,     0.9487,     0.9701,    30h50m56s
[ 14700,  0.0003695]     0.7741,     0.9498,     1.0384,    30h47m44s
[ 14800,  0.0003692]     0.7744,     0.9445,     1.0627,    30h43m57s
[ 14900,  0.0003688]     0.7984,     0.9548,     0.9096,    30h44m03s
[ 15000,  0.0003685]     0.7889,     0.9450,     1.0511,    30h43m42s
[ 15100,  0.0003681]     0.7775,     0.9527,     0.9592,    30h41m08s
[ 15200,  0.0003678]     0.7769,     0.9508,     1.0363,    30h40m29s
[ 15300,  0.0003674]     0.7750,     0.9519,     1.0428,    30h40m19s
[ 15400,  0.0003671]     0.7923,     0.9460,     0.9969,    30h35m27s
[ 15500,  0.0003667]     0.7902,     0.9528,     0.9662,    30h35m44s
[ 15600,  0.0003664]     0.7811,     0.9547,     0.9442,    30h32m27s
[ 15700,  0.0003660]     0.7794,     0.9564,     0.9737,    30h30m07s
[ 15800,  0.0003657]     0.7947,     0.9586,     0.9335,    30h27m04s
[ 15900,  0.0003653]     0.7982,     0.9535,     0.9961,    30h26m43s
[ 16000,  0.0003650]     0.7987,     0.9587,     0.9005,    30h28m39s
[ 16100,  0.0003646]     0.7908,     0.9531,     0.9992,    30h28m24s
[ 16200,  0.0003643]     0.7933,     0.9531,     0.9261,    30h21m08s
[ 16300,  0.0003639]     0.7916,     0.9547,     0.9537,    30h22m52s
[ 16400,  0.0003636]     0.8031,     0.9530,     0.9886,    30h16m31s
[ 16500,  0.0003632]     0.8082,     0.9603,     0.9285,    30h15m12s
[ 16600,  0.0003629]     0.7955,     0.9539,     0.9148,    30h12m59s
[ 16700,  0.0003625]     0.7875,     0.9492,     1.0122,    30h16m23s
[ 16800,  0.0003622]     0.7939,     0.9506,     0.9735,    30h10m42s
[ 16900,  0.0003618]     0.7827,     0.9519,     0.9926,    30h11m29s
[ 17000,  0.0003615]     0.8193,     0.9616,     0.8515,    30h05m17s
[ 17100,  0.0003611]     0.8013,     0.9495,     0.9511,    30h08m28s
[ 17200,  0.0003608]     0.8052,     0.9583,     0.9112,    30h03m29s
[ 17300,  0.0003604]     0.8016,     0.9661,     0.8363,    30h04m51s
[ 17400,  0.0003601]     0.8030,     0.9592,     0.8935,    30h02m27s
[ 17500,  0.0003597]     0.7934,     0.9542,     0.9641,    30h02m16s
[ 17600,  0.0003593]     0.8206,     0.9576,     0.8780,    29h58m02s
[ 17700,  0.0003590]     0.8056,     0.9586,     0.8846,    29h57m01s
[ 17800,  0.0003586]     0.8131,     0.9589,     0.9173,    29h54m39s
[ 17900,  0.0003583]     0.8030,     0.9581,     0.9210,    29h52m43s
[ 18000,  0.0003579]     0.8100,     0.9611,     0.8970,    29h51m10s
[ 18100,  0.0003576]     0.8051,     0.9550,     0.9166,    29h45m21s
[ 18200,  0.0003572]     0.8302,     0.9695,     0.7804,    29h48m52s
[ 18300,  0.0003569]     0.8000,     0.9627,     0.8814,    29h45m22s
[ 18400,  0.0003565]     0.8122,     0.9611,     0.8669,    29h48m03s
[ 18500,  0.0003562]     0.8072,     0.9602,     0.8948,    29h43m29s
[ 18600,  0.0003558]     0.8133,     0.9577,     0.8961,    29h40m42s
[ 18700,  0.0003555]     0.8302,     0.9645,     0.8087,    29h40m28s
[ 18800,  0.0003551]     0.8219,     0.9647,     0.7804,    29h38m02s
[ 18900,  0.0003548]     0.8172,     0.9563,     0.8802,    29h32m57s
[ 19000,  0.0003544]     0.8089,     0.9606,     0.8349,    29h38m54s
[ 19100,  0.0003541]     0.8059,     0.9614,     0.8467,    29h31m19s
[ 19200,  0.0003537]     0.8170,     0.9613,     0.8226,    29h27m20s
[ 19300,  0.0003534]     0.8300,     0.9669,     0.7837,    29h26m48s
[ 19400,  0.0003530]     0.8234,     0.9605,     0.8650,    29h27m04s
[ 19500,  0.0003527]     0.8192,     0.9669,     0.7913,    29h25m46s
[ 19600,  0.0003523]     0.8306,     0.9644,     0.8195,    29h23m12s
[ 19700,  0.0003520]     0.8082,     0.9603,     0.8783,    29h18m06s
[ 19800,  0.0003516]     0.8180,     0.9637,     0.8698,    29h21m05s
[ 19900,  0.0003513]     0.8328,     0.9652,     0.8008,    29h15m26s
[ 20000,  0.0003509]     0.8287,     0.9666,     0.7905,    29h17m47s
org_dataset
850
Training with 850 image pairs
Validation MACE: 1.065659
[ 20100,  0.0003506]     0.8191,     0.9639,     0.8353,    29h08m41s
[ 20200,  0.0003502]     0.8267,     0.9602,     0.8372,    29h15m32s
[ 20300,  0.0003499]     0.8368,     0.9658,     0.7920,    29h11m22s
[ 20400,  0.0003495]     0.8395,     0.9683,     0.7446,    29h14m29s
[ 20500,  0.0003492]     0.8234,     0.9614,     0.8227,    29h08m41s
[ 20600,  0.0003488]     0.8259,     0.9661,     0.8158,    29h10m38s
[ 20700,  0.0003485]     0.8291,     0.9709,     0.7966,    29h08m06s
[ 20800,  0.0003481]     0.8372,     0.9695,     0.7410,    29h04m34s
[ 20900,  0.0003478]     0.8433,     0.9705,     0.7717,    29h01m10s
[ 21000,  0.0003474]     0.8339,     0.9647,     0.7863,    29h01m41s
[ 21100,  0.0003471]     0.8286,     0.9656,     0.8080,    29h00m32s
[ 21200,  0.0003467]     0.8333,     0.9669,     0.7847,    28h56m03s
[ 21300,  0.0003464]     0.8263,     0.9622,     0.8020,    28h55m13s
[ 21400,  0.0003460]     0.8223,     0.9653,     0.8094,    28h53m27s
[ 21500,  0.0003457]     0.8392,     0.9730,     0.7481,    28h51m40s
[ 21600,  0.0003453]     0.8458,     0.9703,     0.7538,    28h48m41s
[ 21700,  0.0003450]     0.8292,     0.9642,     0.8022,    28h53m12s
[ 21800,  0.0003446]     0.8395,     0.9652,     0.7598,    28h47m32s
[ 21900,  0.0003443]     0.8499,     0.9698,     0.7587,    28h42m27s
[ 22000,  0.0003439]     0.8413,     0.9652,     0.7831,    28h56m38s
[ 22100,  0.0003436]     0.8595,     0.9720,     0.7241,    28h59m12s
[ 22200,  0.0003432]     0.8327,     0.9698,     0.7454,    28h46m25s
[ 22300,  0.0003429]     0.8350,     0.9677,     0.7516,    28h37m47s
[ 22400,  0.0003425]     0.8381,     0.9675,     0.7785,    28h36m39s
[ 22500,  0.0003422]     0.8475,     0.9684,     0.7396,    28h34m53s
[ 22600,  0.0003418]     0.8591,     0.9723,     0.7220,    28h33m58s
[ 22700,  0.0003415]     0.8384,     0.9694,     0.7625,    28h31m17s
[ 22800,  0.0003411]     0.8367,     0.9661,     0.7735,    28h34m27s
[ 22900,  0.0003408]     0.8333,     0.9659,     0.7826,    28h28m41s
[ 23000,  0.0003404]     0.8443,     0.9725,     0.7039,    28h22m31s
[ 23100,  0.0003401]     0.8406,     0.9686,     0.7612,    29h21m59s
[ 23200,  0.0003397]     0.8506,     0.9727,     0.7056,    29h56m38s
[ 23300,  0.0003394]     0.8355,     0.9677,     0.7736,    28h43m55s
[ 23400,  0.0003390]     0.8459,     0.9730,     0.7337,    29h03m21s
[ 23500,  0.0003387]     0.8561,     0.9700,     0.6978,    28h31m48s
[ 23600,  0.0003383]     0.8420,     0.9722,     0.7272,    28h27m40s
[ 23700,  0.0003380]     0.8480,     0.9719,     0.7390,    28h20m02s
[ 23800,  0.0003376]     0.8500,     0.9725,     0.6944,    28h12m48s
[ 23900,  0.0003373]     0.8531,     0.9714,     0.7295,    28h10m56s
[ 24000,  0.0003369]     0.8441,     0.9670,     0.7697,    28h08m43s
[ 24100,  0.0003366]     0.8570,     0.9784,     0.6652,    28h17m21s
[ 24200,  0.0003362]     0.8466,     0.9683,     0.7174,    28h03m56s
[ 24300,  0.0003359]     0.8622,     0.9759,     0.6713,    28h00m49s
[ 24400,  0.0003355]     0.8561,     0.9742,     0.6791,    28h02m32s
[ 24500,  0.0003352]     0.8580,     0.9766,     0.6732,    28h01m38s
[ 24600,  0.0003348]     0.8512,     0.9711,     0.7179,    27h59m11s
[ 24700,  0.0003345]     0.8567,     0.9750,     0.6999,    27h55m24s
[ 24800,  0.0003341]     0.8531,     0.9681,     0.7120,    27h53m14s
[ 24900,  0.0003338]     0.8559,     0.9733,     0.6956,    27h50m18s
[ 25000,  0.0003334]     0.8531,     0.9700,     0.7357,    27h50m28s
[ 25100,  0.0003331]     0.8569,     0.9745,     0.6805,    27h44m57s
[ 25200,  0.0003327]     0.8501,     0.9748,     0.6854,    27h43m26s
[ 25300,  0.0003324]     0.8614,     0.9758,     0.6409,    27h46m32s
[ 25400,  0.0003320]     0.8634,     0.9761,     0.6607,    27h40m45s
[ 25500,  0.0003317]     0.8516,     0.9719,     0.7114,    27h42m35s
[ 25600,  0.0003313]     0.8514,     0.9727,     0.7083,    27h43m05s
[ 25700,  0.0003310]     0.8519,     0.9697,     0.7052,    27h39m15s
[ 25800,  0.0003306]     0.8585,     0.9746,     0.6907,    27h36m44s
[ 25900,  0.0003303]     0.8580,     0.9750,     0.6679,    27h35m36s
[ 26000,  0.0003299]     0.8675,     0.9781,     0.6412,    27h34m59s
[ 26100,  0.0003296]     0.8534,     0.9744,     0.6903,    27h30m23s
[ 26200,  0.0003292]     0.8473,     0.9705,     0.7112,    27h27m03s
[ 26300,  0.0003288]     0.8591,     0.9739,     0.6880,    27h25m40s
[ 26400,  0.0003285]     0.8669,     0.9759,     0.6408,    27h27m08s
[ 26500,  0.0003281]     0.8605,     0.9684,     0.7121,    27h22m44s
[ 26600,  0.0003278]     0.8627,     0.9733,     0.6563,    27h20m57s
[ 26700,  0.0003274]     0.8642,     0.9803,     0.6188,    27h18m42s
[ 26800,  0.0003271]     0.8638,     0.9761,     0.6449,    27h16m17s
[ 26900,  0.0003267]     0.8748,     0.9773,     0.6296,    27h17m19s
[ 27000,  0.0003264]     0.8681,     0.9789,     0.6383,    27h18m07s
[ 27100,  0.0003260]     0.8648,     0.9758,     0.6686,    27h11m56s
[ 27200,  0.0003257]     0.8602,     0.9741,     0.6852,    27h11m05s
[ 27300,  0.0003253]     0.8688,     0.9759,     0.6476,    27h16m07s
[ 27400,  0.0003250]     0.8633,     0.9734,     0.6541,    27h08m24s
[ 27500,  0.0003246]     0.8722,     0.9789,     0.6463,    27h06m54s
[ 27600,  0.0003243]     0.8650,     0.9756,     0.6562,    27h05m41s
[ 27700,  0.0003239]     0.8591,     0.9752,     0.6497,    27h04m50s
[ 27800,  0.0003236]     0.8756,     0.9769,     0.6191,    26h59m38s
[ 27900,  0.0003232]     0.8762,     0.9776,     0.6411,    26h57m47s
[ 28000,  0.0003229]     0.8691,     0.9750,     0.6572,    27h00m55s
[ 28100,  0.0003225]     0.8738,     0.9788,     0.6204,    26h57m38s
[ 28200,  0.0003222]     0.8688,     0.9752,     0.6610,    26h54m29s
[ 28300,  0.0003218]     0.8666,     0.9794,     0.6382,    26h54m21s
[ 28400,  0.0003215]     0.8645,     0.9755,     0.6533,    26h52m10s
[ 28500,  0.0003211]     0.8843,     0.9829,     0.5928,    26h47m07s
[ 28600,  0.0003208]     0.8717,     0.9770,     0.6239,    26h46m19s
[ 28700,  0.0003204]     0.8739,     0.9758,     0.6499,    26h48m23s
[ 28800,  0.0003201]     0.8733,     0.9811,     0.5976,    26h47m02s
[ 28900,  0.0003197]     0.8766,     0.9786,     0.6243,    26h40m22s
[ 29000,  0.0003194]     0.8783,     0.9789,     0.6144,    26h40m04s
[ 29100,  0.0003190]     0.8722,     0.9783,     0.6158,    26h40m33s
[ 29200,  0.0003187]     0.8891,     0.9834,     0.5737,    26h37m22s
[ 29300,  0.0003183]     0.8791,     0.9759,     0.6376,    26h35m02s
[ 29400,  0.0003180]     0.8734,     0.9769,     0.6413,    26h35m23s
[ 29500,  0.0003176]     0.8753,     0.9794,     0.6088,    26h29m46s
[ 29600,  0.0003173]     0.8805,     0.9770,     0.6395,    26h29m56s
[ 29700,  0.0003169]     0.8717,     0.9797,     0.6059,    26h29m14s
[ 29800,  0.0003166]     0.8894,     0.9811,     0.6023,    26h24m08s
[ 29900,  0.0003162]     0.8772,     0.9800,     0.6101,    26h23m03s
[ 30000,  0.0003159]     0.8719,     0.9786,     0.6370,    26h23m53s
org_dataset
850
Training with 850 image pairs
Validation MACE: 1.039770
[ 30100,  0.0003155]     0.8789,     0.9798,     0.6065,    26h05m58s
[ 30200,  0.0003152]     0.8881,     0.9811,     0.5859,    26h21m18s
[ 30300,  0.0003148]     0.8788,     0.9794,     0.6042,    26h20m47s
[ 30400,  0.0003145]     0.8748,     0.9766,     0.6441,    26h13m17s
[ 30500,  0.0003141]     0.8717,     0.9767,     0.6266,    26h14m29s
[ 30600,  0.0003138]     0.8823,     0.9816,     0.5968,    26h10m36s
[ 30700,  0.0003134]     0.8750,     0.9771,     0.6117,    26h08m53s
[ 30800,  0.0003131]     0.8945,     0.9841,     0.5506,    26h08m25s
[ 30900,  0.0003127]     0.8752,     0.9761,     0.6330,    26h06m11s
[ 31000,  0.0003124]     0.8880,     0.9828,     0.5803,    26h02m54s
[ 31100,  0.0003120]     0.8700,     0.9764,     0.6521,    26h04m08s
[ 31200,  0.0003117]     0.8739,     0.9777,     0.6324,    25h58m28s
[ 31300,  0.0003113]     0.8844,     0.9792,     0.5941,    26h01m53s
[ 31400,  0.0003110]     0.8853,     0.9798,     0.5996,    25h55m42s
[ 31500,  0.0003106]     0.8794,     0.9795,     0.6032,    25h52m12s
[ 31600,  0.0003103]     0.8902,     0.9825,     0.5651,    25h52m17s
[ 31700,  0.0003099]     0.8795,     0.9812,     0.5942,    25h53m29s
[ 31800,  0.0003096]     0.8942,     0.9850,     0.5578,    25h47m05s
[ 31900,  0.0003092]     0.8953,     0.9838,     0.5571,    25h48m22s
[ 32000,  0.0003089]     0.8833,     0.9802,     0.6008,    25h47m46s
[ 32100,  0.0003085]     0.8833,     0.9756,     0.6335,    25h42m38s
[ 32200,  0.0003082]     0.8852,     0.9870,     0.5495,    25h42m13s
[ 32300,  0.0003078]     0.8873,     0.9833,     0.5780,    25h43m23s
[ 32400,  0.0003075]     0.8931,     0.9833,     0.5605,    25h39m11s
[ 32500,  0.0003071]     0.8977,     0.9877,     0.5436,    25h38m08s
[ 32600,  0.0003068]     0.8853,     0.9789,     0.5880,    25h35m11s
[ 32700,  0.0003064]     0.8895,     0.9806,     0.5893,    25h33m26s
[ 32800,  0.0003061]     0.8814,     0.9781,     0.6061,    25h31m37s
[ 32900,  0.0003057]     0.9008,     0.9795,     0.5805,    25h27m10s
[ 33000,  0.0003054]     0.8966,     0.9870,     0.5448,    25h28m40s
[ 33100,  0.0003050]     0.8925,     0.9828,     0.5748,    25h25m56s
[ 33200,  0.0003047]     0.8959,     0.9819,     0.5577,    25h23m06s
[ 33300,  0.0003043]     0.8862,     0.9789,     0.6002,    25h23m17s
[ 33400,  0.0003040]     0.8996,     0.9842,     0.5517,    25h19m36s
[ 33500,  0.0003036]     0.8933,     0.9806,     0.5715,    25h23m05s
[ 33600,  0.0003033]     0.9002,     0.9836,     0.5470,    25h17m11s
[ 33700,  0.0003029]     0.8848,     0.9822,     0.5815,    25h15m44s
[ 33800,  0.0003026]     0.8909,     0.9797,     0.5903,    25h14m43s
[ 33900,  0.0003022]     0.8905,     0.9834,     0.5586,    25h12m28s
[ 34000,  0.0003019]     0.9070,     0.9841,     0.5585,    25h11m20s
[ 34100,  0.0003015]     0.9062,     0.9850,     0.5439,    25h10m29s
[ 34200,  0.0003012]     0.8959,     0.9823,     0.5487,    25h07m27s
[ 34300,  0.0003008]     0.8909,     0.9806,     0.5853,    25h05m34s
[ 34400,  0.0003005]     0.8820,     0.9808,     0.5831,    25h07m25s
[ 34500,  0.0003001]     0.8924,     0.9808,     0.5686,    25h02m20s
[ 34600,  0.0002998]     0.9017,     0.9853,     0.5274,    24h57m27s
[ 34700,  0.0002994]     0.9022,     0.9845,     0.5311,    24h58m04s
[ 34800,  0.0002990]     0.9017,     0.9859,     0.5304,    24h57m32s
[ 34900,  0.0002987]     0.8866,     0.9795,     0.5806,    24h52m25s
[ 35000,  0.0002983]     0.8862,     0.9822,     0.5756,    24h54m46s
[ 35100,  0.0002980]     0.8997,     0.9834,     0.5329,    24h49m42s
[ 35200,  0.0002976]     0.9052,     0.9834,     0.5409,    24h48m02s
[ 35300,  0.0002973]     0.9006,     0.9866,     0.5309,    24h47m20s
[ 35400,  0.0002969]     0.8975,     0.9848,     0.5553,    24h45m11s
[ 35500,  0.0002966]     0.8973,     0.9831,     0.5433,    24h44m03s
[ 35600,  0.0002962]     0.8970,     0.9803,     0.5558,    24h38m57s
[ 35700,  0.0002959]     0.9072,     0.9822,     0.5450,    24h41m53s
[ 35800,  0.0002955]     0.9036,     0.9862,     0.5300,    24h42m20s
[ 35900,  0.0002952]     0.8981,     0.9830,     0.5459,    24h36m38s
[ 36000,  0.0002948]     0.8939,     0.9820,     0.5629,    24h38m08s
[ 36100,  0.0002945]     0.9019,     0.9869,     0.5179,    24h33m31s
[ 36200,  0.0002941]     0.9001,     0.9839,     0.5262,    24h30m11s
[ 36300,  0.0002938]     0.9002,     0.9805,     0.5493,    24h28m04s
[ 36400,  0.0002934]     0.9064,     0.9866,     0.5167,    24h31m55s
[ 36500,  0.0002931]     0.9016,     0.9839,     0.5391,    24h28m02s
[ 36600,  0.0002927]     0.9025,     0.9809,     0.5554,    24h22m38s
[ 36700,  0.0002924]     0.9046,     0.9830,     0.5329,    24h21m11s
[ 36800,  0.0002920]     0.9039,     0.9844,     0.5380,    24h19m53s
[ 36900,  0.0002917]     0.9098,     0.9866,     0.5062,    24h21m07s
[ 37000,  0.0002913]     0.8938,     0.9759,     0.5675,    24h16m51s
[ 37100,  0.0002910]     0.9119,     0.9880,     0.5093,    24h17m50s
[ 37200,  0.0002906]     0.9006,     0.9879,     0.5216,    24h13m19s
[ 37300,  0.0002903]     0.9052,     0.9842,     0.5239,    24h11m13s
[ 37400,  0.0002899]     0.9122,     0.9855,     0.5162,    24h08m18s
[ 37500,  0.0002896]     0.9034,     0.9830,     0.5352,    24h07m59s
[ 37600,  0.0002892]     0.9109,     0.9873,     0.5180,    24h06m03s
[ 37700,  0.0002889]     0.9117,     0.9858,     0.5203,    24h02m57s
[ 37800,  0.0002885]     0.9018,     0.9838,     0.5384,    24h05m30s
[ 37900,  0.0002882]     0.9073,     0.9841,     0.5296,    24h02m50s
[ 38000,  0.0002878]     0.9103,     0.9892,     0.4960,    24h03m01s
[ 38100,  0.0002875]     0.9055,     0.9861,     0.5217,    34h57m25s
[ 38200,  0.0002871]     0.9094,     0.9889,     0.4964,    23h56m29s
[ 38300,  0.0002868]     0.9076,     0.9837,     0.5239,    23h54m15s
[ 38400,  0.0002864]     0.9120,     0.9859,     0.5153,    41h48m35s
[ 38500,  0.0002861]     0.9152,     0.9858,     0.5180,    26h20m00s
[ 38600,  0.0002857]     0.8944,     0.9855,     0.5371,    23h52m55s
[ 38700,  0.0002854]     0.9128,     0.9895,     0.4811,    23h50m01s
[ 38800,  0.0002850]     0.9098,     0.9855,     0.5126,    23h45m21s
[ 38900,  0.0002847]     0.9044,     0.9853,     0.5148,    23h40m22s
[ 39000,  0.0002843]     0.9245,     0.9888,     0.4851,    23h41m39s
[ 39100,  0.0002840]     0.9020,     0.9819,     0.5284,    23h46m54s
[ 39200,  0.0002836]     0.9084,     0.9861,     0.5038,    23h38m42s
[ 39300,  0.0002833]     0.9033,     0.9841,     0.5342,    23h55m03s
[ 39400,  0.0002829]     0.9069,     0.9869,     0.4999,    24h08m03s
[ 39500,  0.0002826]     0.9197,     0.9875,     0.4815,    23h56m48s
[ 39600,  0.0002822]     0.9178,     0.9873,     0.4990,    24h10m48s
[ 39700,  0.0002819]     0.9072,     0.9866,     0.5157,    24h08m37s
[ 39800,  0.0002815]     0.9113,     0.9845,     0.5001,    23h54m35s
[ 39900,  0.0002812]     0.9091,     0.9884,     0.4967,    23h59m34s
[ 40000,  0.0002808]     0.9084,     0.9869,     0.5090,    23h52m10s
org_dataset
850
Training with 850 image pairs
Validation MACE: 1.019321
[ 40100,  0.0002805]     0.9109,     0.9845,     0.5154,    23h45m03s
[ 40200,  0.0002801]     0.9217,     0.9889,     0.4750,    23h50m17s
[ 40300,  0.0002798]     0.9130,     0.9864,     0.4949,    23h52m44s
[ 40400,  0.0002794]     0.9144,     0.9870,     0.4988,    23h52m10s
[ 40500,  0.0002791]     0.9196,     0.9903,     0.4711,    23h46m30s
[ 40600,  0.0002787]     0.9214,     0.9848,     0.4947,    23h54m01s
[ 40700,  0.0002784]     0.9145,     0.9878,     0.4877,    23h46m37s
[ 40800,  0.0002780]     0.9106,     0.9852,     0.5130,    23h48m03s
[ 40900,  0.0002777]     0.9066,     0.9883,     0.5022,    23h45m33s
[ 41000,  0.0002773]     0.9211,     0.9889,     0.4757,    23h42m15s
[ 41100,  0.0002770]     0.9118,     0.9852,     0.5019,    23h37m51s
[ 41200,  0.0002766]     0.9233,     0.9903,     0.4627,    23h43m39s
[ 41300,  0.0002763]     0.9123,     0.9875,     0.4960,    23h44m35s
[ 41400,  0.0002759]     0.9277,     0.9864,     0.4836,    23h30m43s
[ 41500,  0.0002756]     0.9184,     0.9867,     0.4907,    23h29m44s
[ 41600,  0.0002752]     0.9082,     0.9875,     0.5020,    23h23m48s
[ 41700,  0.0002749]     0.9306,     0.9884,     0.4571,    23h35m14s
[ 41800,  0.0002745]     0.9170,     0.9875,     0.4838,    23h21m47s
[ 41900,  0.0002742]     0.9255,     0.9881,     0.4759,    23h18m45s
[ 42000,  0.0002738]     0.9070,     0.9831,     0.5241,    23h27m49s
[ 42100,  0.0002735]     0.9200,     0.9872,     0.4833,    23h24m49s
[ 42200,  0.0002731]     0.9230,     0.9866,     0.4742,    23h18m09s
[ 42300,  0.0002728]     0.9222,     0.9870,     0.4797,    23h14m38s
[ 42400,  0.0002724]     0.9237,     0.9866,     0.4837,    23h13m05s
[ 42500,  0.0002721]     0.9236,     0.9892,     0.4564,    23h13m49s
[ 42600,  0.0002717]     0.9180,     0.9853,     0.4923,    23h14m26s
[ 42700,  0.0002714]     0.9190,     0.9925,     0.4618,    23h08m15s
[ 42800,  0.0002710]     0.9217,     0.9870,     0.4684,    23h05m55s
[ 42900,  0.0002707]     0.9264,     0.9894,     0.4572,    23h07m12s
[ 43000,  0.0002703]     0.9225,     0.9895,     0.4638,    23h05m52s
[ 43100,  0.0002700]     0.9150,     0.9881,     0.4884,    23h01m54s
[ 43200,  0.0002696]     0.9181,     0.9864,     0.4883,    22h56m33s
[ 43300,  0.0002692]     0.9205,     0.9878,     0.4773,    23h01m01s
[ 43400,  0.0002689]     0.9209,     0.9873,     0.4755,    22h53m55s
[ 43500,  0.0002685]     0.9228,     0.9880,     0.4741,    22h55m42s
[ 43600,  0.0002682]     0.9166,     0.9875,     0.4870,    22h54m52s
[ 43700,  0.0002678]     0.9325,     0.9911,     0.4394,    22h53m31s
[ 43800,  0.0002675]     0.9255,     0.9872,     0.4582,    22h46m22s
[ 43900,  0.0002671]     0.9253,     0.9895,     0.4634,    22h55m30s
[ 44000,  0.0002668]     0.9195,     0.9834,     0.4899,    22h46m25s
[ 44100,  0.0002664]     0.9228,     0.9908,     0.4589,    22h45m45s
[ 44200,  0.0002661]     0.9306,     0.9902,     0.4552,    22h43m24s
[ 44300,  0.0002657]     0.9255,     0.9891,     0.4679,    22h38m50s
[ 44400,  0.0002654]     0.9243,     0.9883,     0.4701,    22h46m13s
[ 44500,  0.0002650]     0.9273,     0.9889,     0.4563,    22h42m41s
[ 44600,  0.0002647]     0.9219,     0.9888,     0.4665,    22h40m20s
[ 44700,  0.0002643]     0.9277,     0.9906,     0.4486,    23h48m13s
[ 44800,  0.0002640]     0.9245,     0.9898,     0.4566,    24h29m11s
[ 44900,  0.0002636]     0.9259,     0.9888,     0.4622,    22h26m34s
[ 45000,  0.0002633]     0.9300,     0.9894,     0.4389,    22h34m16s
[ 45100,  0.0002629]     0.9172,     0.9867,     0.4828,    23h08m33s
[ 45200,  0.0002626]     0.9273,     0.9889,     0.4584,    23h58m57s
[ 45300,  0.0002622]     0.9298,     0.9894,     0.4539,    22h20m50s
[ 45400,  0.0002619]     0.9227,     0.9870,     0.4738,    22h24m37s
[ 45500,  0.0002615]     0.9228,     0.9861,     0.4768,    22h20m59s
[ 45600,  0.0002612]     0.9316,     0.9898,     0.4488,    22h17m01s
[ 45700,  0.0002608]     0.9277,     0.9872,     0.4719,    22h17m48s
[ 45800,  0.0002605]     0.9275,     0.9884,     0.4564,    22h18m43s
[ 45900,  0.0002601]     0.9322,     0.9919,     0.4411,    21h49m50s
[ 46000,  0.0002598]     0.9269,     0.9871,     0.4466,    21h40m04s
[ 46100,  0.0002594]     0.9261,     0.9905,     0.4378,    21h45m42s
[ 46200,  0.0002591]     0.9309,     0.9903,     0.4439,    21h37m17s
[ 46300,  0.0002587]     0.9330,     0.9897,     0.4482,    21h38m26s
[ 46400,  0.0002584]     0.9273,     0.9892,     0.4624,    21h32m28s
[ 46500,  0.0002580]     0.9341,     0.9886,     0.4438,    21h56m15s
[ 46600,  0.0002577]     0.9311,     0.9861,     0.4490,    22h00m56s
[ 46700,  0.0002573]     0.9330,     0.9920,     0.4390,    22h03m44s
[ 46800,  0.0002570]     0.9406,     0.9922,     0.4146,    22h01m50s
[ 46900,  0.0002566]     0.9273,     0.9905,     0.4539,    21h57m25s
[ 47000,  0.0002563]     0.9291,     0.9895,     0.4478,    21h54m58s
[ 47100,  0.0002559]     0.9335,     0.9888,     0.4405,    21h54m06s
[ 47200,  0.0002556]     0.9239,     0.9866,     0.4579,    21h53m31s
[ 47300,  0.0002552]     0.9339,     0.9917,     0.4268,    21h59m56s
[ 47400,  0.0002549]     0.9253,     0.9888,     0.4506,    21h43m56s
[ 47500,  0.0002545]     0.9309,     0.9908,     0.4459,    21h49m59s
[ 47600,  0.0002542]     0.9329,     0.9902,     0.4335,    21h44m05s
[ 47700,  0.0002538]     0.9358,     0.9908,     0.4267,    21h43m23s
[ 47800,  0.0002535]     0.9398,     0.9920,     0.4174,    21h39m42s
[ 47900,  0.0002531]     0.9273,     0.9856,     0.4592,    21h40m36s
[ 48000,  0.0002528]     0.9406,     0.9920,     0.4218,    21h36m37s
[ 48100,  0.0002524]     0.9248,     0.9888,     0.4577,    21h34m15s
[ 48200,  0.0002521]     0.9267,     0.9906,     0.4417,    21h29m01s
[ 48300,  0.0002517]     0.9389,     0.9914,     0.4152,    21h31m05s
[ 48400,  0.0002514]     0.9319,     0.9914,     0.4305,    21h27m17s
[ 48500,  0.0002510]     0.9303,     0.9894,     0.4465,    21h26m14s
[ 48600,  0.0002507]     0.9348,     0.9903,     0.4376,    21h25m00s
[ 48700,  0.0002503]     0.9315,     0.9888,     0.4468,    21h22m54s
[ 48800,  0.0002500]     0.9266,     0.9853,     0.4675,    21h22m46s
[ 48900,  0.0002496]     0.9391,     0.9883,     0.4331,    21h21m25s
[ 49000,  0.0002493]     0.9353,     0.9919,     0.4200,    21h16m57s
[ 49100,  0.0002489]     0.9417,     0.9923,     0.4147,    21h13m10s
[ 49200,  0.0002486]     0.9419,     0.9938,     0.4068,    21h13m40s
[ 49300,  0.0002482]     0.9362,     0.9928,     0.4130,    21h11m59s
[ 49400,  0.0002479]     0.9266,     0.9875,     0.4521,    21h09m40s
[ 49500,  0.0002475]     0.9389,     0.9934,     0.4143,    21h12m12s
[ 49600,  0.0002472]     0.9439,     0.9936,     0.3993,    21h07m29s
[ 49700,  0.0002468]     0.9344,     0.9925,     0.4177,    21h02m04s
[ 49800,  0.0002465]     0.9282,     0.9909,     0.4439,    20h58m02s
[ 49900,  0.0002461]     0.9405,     0.9897,     0.4253,    21h03m11s
[ 50000,  0.0002458]     0.9384,     0.9911,     0.4158,    20h54m02s
org_dataset
850
Training with 850 image pairs
Validation MACE: 0.939011
[ 50100,  0.0002454]     0.9352,     0.9911,     0.4170,    20h48m02s
[ 50200,  0.0002451]     0.9373,     0.9912,     0.4284,    20h57m19s
[ 50300,  0.0002447]     0.9447,     0.9934,     0.4026,    20h54m54s
[ 50400,  0.0002444]     0.9449,     0.9922,     0.4091,    20h55m43s
[ 50500,  0.0002440]     0.9403,     0.9944,     0.4037,    20h48m05s
[ 50600,  0.0002437]     0.9358,     0.9889,     0.4314,    20h52m04s
[ 50700,  0.0002433]     0.9300,     0.9877,     0.4449,    20h53m58s
[ 50800,  0.0002430]     0.9350,     0.9895,     0.4434,    20h46m12s
[ 50900,  0.0002426]     0.9449,     0.9921,     0.4028,    20h40m50s
[ 51000,  0.0002423]     0.9356,     0.9909,     0.4202,    20h32m33s
[ 51100,  0.0002419]     0.9447,     0.9911,     0.4143,    20h33m51s
[ 51200,  0.0002416]     0.9405,     0.9936,     0.4004,    20h38m48s
[ 51300,  0.0002412]     0.9369,     0.9931,     0.4207,    20h35m39s
[ 51400,  0.0002409]     0.9395,     0.9927,     0.4117,    20h35m52s
[ 51500,  0.0002405]     0.9412,     0.9925,     0.4062,    20h34m17s
[ 51600,  0.0002402]     0.9416,     0.9930,     0.4060,    20h30m31s
[ 51700,  0.0002398]     0.9389,     0.9912,     0.4180,    20h27m13s
[ 51800,  0.0002395]     0.9363,     0.9920,     0.4121,    20h29m53s
[ 51900,  0.0002391]     0.9400,     0.9923,     0.4020,    20h25m47s
[ 52000,  0.0002387]     0.9362,     0.9902,     0.4229,    20h14m07s
[ 52100,  0.0002384]     0.9423,     0.9905,     0.4048,    20h28m22s
[ 52200,  0.0002380]     0.9428,     0.9930,     0.3970,    20h25m12s
[ 52300,  0.0002377]     0.9464,     0.9925,     0.3980,    20h22m52s
[ 52400,  0.0002373]     0.9406,     0.9916,     0.4099,    20h09m11s
[ 52500,  0.0002370]     0.9392,     0.9914,     0.4218,    20h14m36s
[ 52600,  0.0002366]     0.9372,     0.9912,     0.4128,    20h13m49s
[ 52700,  0.0002363]     0.9491,     0.9942,     0.3814,    20h12m39s
[ 52800,  0.0002359]     0.9453,     0.9927,     0.4001,    20h15m09s
[ 52900,  0.0002356]     0.9417,     0.9914,     0.4042,    19h59m03s
[ 53000,  0.0002352]     0.9408,     0.9908,     0.4173,    19h40m27s
[ 53100,  0.0002349]     0.9377,     0.9895,     0.4289,    19h33m36s
[ 53200,  0.0002345]     0.9433,     0.9928,     0.3975,    19h34m39s
[ 53300,  0.0002342]     0.9497,     0.9930,     0.3851,    19h17m50s
[ 53400,  0.0002338]     0.9453,     0.9933,     0.3952,    18h59m07s
[ 53500,  0.0002335]     0.9470,     0.9936,     0.3916,    18h56m42s
[ 53600,  0.0002331]     0.9387,     0.9898,     0.4200,    18h54m03s
[ 53700,  0.0002328]     0.9430,     0.9919,     0.3932,    18h50m49s
[ 53800,  0.0002324]     0.9500,     0.9939,     0.3835,    18h49m39s
[ 53900,  0.0002321]     0.9439,     0.9908,     0.4074,    18h47m53s
[ 54000,  0.0002317]     0.9495,     0.9947,     0.3722,    18h46m07s
[ 54100,  0.0002314]     0.9441,     0.9931,     0.3962,    18h44m14s
[ 54200,  0.0002310]     0.9465,     0.9927,     0.3931,    18h41m23s
[ 54300,  0.0002307]     0.9491,     0.9945,     0.3831,    18h40m55s
[ 54400,  0.0002303]     0.9450,     0.9922,     0.3952,    18h39m01s
[ 54500,  0.0002300]     0.9477,     0.9916,     0.4006,    18h37m45s
[ 54600,  0.0002296]     0.9431,     0.9925,     0.4016,    18h35m47s
[ 54700,  0.0002293]     0.9450,     0.9917,     0.3941,    18h33m21s
[ 54800,  0.0002289]     0.9518,     0.9950,     0.3670,    18h30m53s
[ 54900,  0.0002286]     0.9445,     0.9933,     0.3879,    18h30m51s
[ 55000,  0.0002282]     0.9470,     0.9914,     0.3935,    18h28m05s
[ 55100,  0.0002279]     0.9475,     0.9917,     0.3962,    18h25m59s
[ 55200,  0.0002275]     0.9480,     0.9927,     0.3925,    18h24m08s
[ 55300,  0.0002272]     0.9488,     0.9945,     0.3762,    18h22m03s
[ 55400,  0.0002268]     0.9534,     0.9925,     0.3834,    18h21m58s
[ 55500,  0.0002265]     0.9427,     0.9941,     0.3896,    18h20m36s
[ 55600,  0.0002261]     0.9417,     0.9909,     0.4070,    18h19m15s
[ 55700,  0.0002258]     0.9487,     0.9948,     0.3890,    18h17m56s
[ 55800,  0.0002254]     0.9443,     0.9920,     0.3926,    18h14m25s
[ 55900,  0.0002251]     0.9483,     0.9923,     0.3858,    18h13m24s
[ 56000,  0.0002247]     0.9502,     0.9919,     0.3780,    18h12m50s
[ 56100,  0.0002244]     0.9480,     0.9920,     0.3862,    18h10m41s
[ 56200,  0.0002240]     0.9520,     0.9953,     0.3676,    18h08m15s
[ 56300,  0.0002237]     0.9459,     0.9928,     0.3950,    18h06m08s
[ 56400,  0.0002233]     0.9476,     0.9914,     0.4002,    18h03m46s
[ 56500,  0.0002230]     0.9461,     0.9900,     0.3937,    18h02m33s
[ 56600,  0.0002226]     0.9580,     0.9950,     0.3573,    18h02m02s
[ 56700,  0.0002223]     0.9484,     0.9939,     0.3810,    18h00m05s
[ 56800,  0.0002219]     0.9481,     0.9923,     0.3908,    17h58m38s
[ 56900,  0.0002216]     0.9556,     0.9950,     0.3638,    17h54m44s
[ 57000,  0.0002212]     0.9561,     0.9931,     0.3703,    17h53m44s
[ 57100,  0.0002209]     0.9472,     0.9922,     0.3805,    17h52m40s
[ 57200,  0.0002205]     0.9489,     0.9939,     0.3806,    17h50m11s
[ 57300,  0.0002202]     0.9477,     0.9920,     0.3898,    17h48m19s
[ 57400,  0.0002198]     0.9547,     0.9931,     0.3758,    17h46m22s
[ 57500,  0.0002195]     0.9591,     0.9956,     0.3538,    17h43m56s
[ 57600,  0.0002191]     0.9531,     0.9956,     0.3551,    17h43m15s
[ 57700,  0.0002188]     0.9433,     0.9902,     0.3939,    17h43m54s
[ 57800,  0.0002184]     0.9453,     0.9931,     0.3803,    17h41m06s
[ 57900,  0.0002181]     0.9481,     0.9947,     0.3765,    17h38m57s
[ 58000,  0.0002177]     0.9502,     0.9939,     0.3770,    17h36m14s
[ 58100,  0.0002174]     0.9494,     0.9941,     0.3742,    17h35m33s
[ 58200,  0.0002170]     0.9448,     0.9923,     0.3858,    17h34m05s
[ 58300,  0.0002167]     0.9530,     0.9955,     0.3641,    17h32m07s
[ 58400,  0.0002163]     0.9517,     0.9934,     0.3707,    17h30m43s
[ 58500,  0.0002160]     0.9594,     0.9964,     0.3542,    17h29m09s
[ 58600,  0.0002156]     0.9588,     0.9956,     0.3499,    17h25m20s
[ 58700,  0.0002153]     0.9520,     0.9936,     0.3657,    17h24m26s
[ 58800,  0.0002149]     0.9553,     0.9934,     0.3612,    17h22m15s
[ 58900,  0.0002146]     0.9552,     0.9942,     0.3542,    17h21m14s
[ 59000,  0.0002142]     0.9556,     0.9947,     0.3629,    17h20m47s
[ 59100,  0.0002139]     0.9571,     0.9955,     0.3577,    17h17m57s
[ 59200,  0.0002135]     0.9542,     0.9947,     0.3589,    17h15m48s
[ 59300,  0.0002132]     0.9492,     0.9930,     0.3801,    17h13m46s
[ 59400,  0.0002128]     0.9623,     0.9950,     0.3432,    17h12m11s
[ 59500,  0.0002125]     0.9537,     0.9955,     0.3588,    17h10m09s
[ 59600,  0.0002121]     0.9545,     0.9944,     0.3619,    17h08m15s
[ 59700,  0.0002118]     0.9502,     0.9940,     0.3714,    17h06m33s
[ 59800,  0.0002114]     0.9558,     0.9938,     0.3540,    17h05m58s
[ 59900,  0.0002111]     0.9595,     0.9958,     0.3555,    17h04m36s
[ 60000,  0.0002107]     0.9531,     0.9931,     0.3659,    17h02m24s
org_dataset
850
Training with 850 image pairs
Validation MACE: 0.852236
[ 60100,  0.0002104]     0.9541,     0.9952,     0.3558,    16h54m05s
[ 60200,  0.0002100]     0.9580,     0.9966,     0.3477,    16h56m43s
[ 60300,  0.0002097]     0.9541,     0.9941,     0.3613,    16h55m42s
[ 60400,  0.0002093]     0.9569,     0.9939,     0.3596,    16h55m31s
[ 60500,  0.0002089]     0.9572,     0.9941,     0.3567,    16h52m05s
[ 60600,  0.0002086]     0.9547,     0.9952,     0.3458,    16h49m46s
[ 60700,  0.0002082]     0.9534,     0.9964,     0.3576,    16h47m21s
[ 60800,  0.0002079]     0.9545,     0.9938,     0.3609,    16h46m01s
[ 60900,  0.0002075]     0.9605,     0.9962,     0.3369,    16h45m00s
[ 61000,  0.0002072]     0.9577,     0.9939,     0.3461,    16h43m09s
[ 61100,  0.0002068]     0.9556,     0.9962,     0.3449,    16h41m07s
[ 61200,  0.0002065]     0.9584,     0.9942,     0.3522,    16h40m01s
[ 61300,  0.0002061]     0.9513,     0.9939,     0.3650,    16h38m09s
[ 61400,  0.0002058]     0.9598,     0.9952,     0.3419,    16h37m04s
[ 61500,  0.0002054]     0.9669,     0.9966,     0.3292,    16h35m01s
[ 61600,  0.0002051]     0.9525,     0.9936,     0.3591,    16h33m07s
[ 61700,  0.0002047]     0.9545,     0.9955,     0.3559,    16h30m26s
[ 61800,  0.0002044]     0.9550,     0.9930,     0.3604,    16h29m01s
[ 61900,  0.0002040]     0.9570,     0.9939,     0.3531,    16h28m42s
[ 62000,  0.0002037]     0.9581,     0.9941,     0.3463,    16h26m01s
[ 62100,  0.0002033]     0.9594,     0.9947,     0.3479,    16h24m24s
[ 62200,  0.0002030]     0.9639,     0.9973,     0.3272,    16h23m02s
[ 62300,  0.0002026]     0.9589,     0.9936,     0.3465,    16h21m11s
[ 62400,  0.0002023]     0.9608,     0.9936,     0.3486,    16h20m15s
[ 62500,  0.0002019]     0.9558,     0.9939,     0.3468,    16h17m25s
[ 62600,  0.0002016]     0.9528,     0.9947,     0.3506,    16h17m04s
[ 62700,  0.0002012]     0.9587,     0.9922,     0.3591,    16h14m15s
[ 62800,  0.0002009]     0.9616,     0.9964,     0.3361,    16h12m44s
[ 62900,  0.0002005]     0.9561,     0.9952,     0.3451,    16h10m56s
[ 63000,  0.0002002]     0.9567,     0.9953,     0.3452,    16h09m47s
[ 63100,  0.0001998]     0.9680,     0.9984,     0.3190,    16h08m05s
[ 63200,  0.0001995]     0.9564,     0.9952,     0.3458,    16h05m50s
[ 63300,  0.0001991]     0.9609,     0.9970,     0.3380,    16h03m45s
[ 63400,  0.0001988]     0.9563,     0.9936,     0.3520,    16h02m23s
[ 63500,  0.0001984]     0.9483,     0.9938,     0.3656,    15h59m39s
[ 63600,  0.0001981]     0.9622,     0.9945,     0.3366,    15h58m10s
[ 63700,  0.0001977]     0.9586,     0.9939,     0.3452,    15h57m30s
[ 63800,  0.0001974]     0.9672,     0.9952,     0.3341,    15h56m31s
[ 63900,  0.0001970]     0.9622,     0.9958,     0.3321,    15h53m32s
[ 64000,  0.0001967]     0.9619,     0.9953,     0.3359,    15h50m16s
[ 64100,  0.0001963]     0.9584,     0.9953,     0.3384,    15h52m46s
[ 64200,  0.0001960]     0.9673,     0.9977,     0.3207,    15h49m35s
[ 64300,  0.0001956]     0.9637,     0.9967,     0.3183,    15h46m49s
[ 64400,  0.0001953]     0.9639,     0.9959,     0.3335,    15h45m06s
[ 64500,  0.0001949]     0.9594,     0.9958,     0.3354,    15h43m32s
[ 64600,  0.0001946]     0.9645,     0.9948,     0.3308,    15h41m49s
[ 64700,  0.0001942]     0.9592,     0.9956,     0.3300,    15h40m50s
[ 64800,  0.0001939]     0.9617,     0.9969,     0.3309,    15h39m09s
[ 64900,  0.0001935]     0.9630,     0.9948,     0.3334,    15h37m48s
[ 65000,  0.0001932]     0.9594,     0.9961,     0.3403,    15h34m31s
[ 65100,  0.0001928]     0.9573,     0.9938,     0.3464,    15h32m15s
[ 65200,  0.0001925]     0.9616,     0.9953,     0.3389,    15h32m08s
[ 65300,  0.0001921]     0.9644,     0.9967,     0.3246,    15h30m13s
[ 65400,  0.0001918]     0.9614,     0.9958,     0.3297,    15h29m46s
[ 65500,  0.0001914]     0.9617,     0.9966,     0.3311,    15h28m04s
[ 65600,  0.0001911]     0.9608,     0.9925,     0.3500,    15h26m15s
[ 65700,  0.0001907]     0.9572,     0.9958,     0.3319,    15h23m08s
[ 65800,  0.0001904]     0.9663,     0.9964,     0.3136,    15h22m48s
[ 65900,  0.0001900]     0.9664,     0.9964,     0.3200,    15h20m25s
[ 66000,  0.0001897]     0.9644,     0.9959,     0.3257,    15h18m38s
[ 66100,  0.0001893]     0.9658,     0.9959,     0.3277,    15h19m38s
[ 66200,  0.0001890]     0.9597,     0.9939,     0.3363,    15h14m47s
[ 66300,  0.0001886]     0.9619,     0.9945,     0.3355,    15h13m16s
[ 66400,  0.0001883]     0.9636,     0.9962,     0.3224,    15h11m38s
[ 66500,  0.0001879]     0.9677,     0.9964,     0.3099,    15h10m24s
[ 66600,  0.0001876]     0.9675,     0.9941,     0.3302,    15h08m30s
[ 66700,  0.0001872]     0.9573,     0.9981,     0.3302,    15h06m55s
[ 66800,  0.0001869]     0.9661,     0.9962,     0.3183,    15h04m20s
[ 66900,  0.0001865]     0.9688,     0.9956,     0.3167,    15h03m58s
[ 67000,  0.0001862]     0.9656,     0.9973,     0.3181,    15h03m32s
[ 67100,  0.0001858]     0.9669,     0.9962,     0.3170,    15h01m03s
[ 67200,  0.0001855]     0.9648,     0.9945,     0.3320,    14h59m00s
[ 67300,  0.0001851]     0.9658,     0.9973,     0.3140,    14h56m07s
[ 67400,  0.0001848]     0.9641,     0.9953,     0.3267,    14h54m08s
[ 67500,  0.0001844]     0.9631,     0.9966,     0.3181,    14h52m42s
[ 67600,  0.0001841]     0.9611,     0.9964,     0.3237,    14h51m19s
[ 67700,  0.0001837]     0.9625,     0.9953,     0.3232,    14h49m54s
[ 67800,  0.0001834]     0.9653,     0.9952,     0.3159,    14h48m04s
[ 67900,  0.0001830]     0.9701,     0.9973,     0.2991,    14h45m26s
[ 68000,  0.0001827]     0.9625,     0.9972,     0.3173,    14h44m30s
[ 68100,  0.0001823]     0.9644,     0.9955,     0.3203,    14h43m30s
[ 68200,  0.0001820]     0.9625,     0.9961,     0.3213,    14h41m42s
[ 68300,  0.0001816]     0.9700,     0.9972,     0.3036,    14h40m06s
[ 68400,  0.0001813]     0.9652,     0.9962,     0.3213,    14h37m28s
[ 68500,  0.0001809]     0.9675,     0.9955,     0.3112,    14h36m36s
[ 68600,  0.0001806]     0.9658,     0.9973,     0.3123,    14h33m18s
[ 68700,  0.0001802]     0.9691,     0.9973,     0.3060,    14h31m48s
[ 68800,  0.0001799]     0.9659,     0.9975,     0.3112,    14h31m32s
[ 68900,  0.0001795]     0.9700,     0.9953,     0.3133,    14h29m28s
[ 69000,  0.0001791]     0.9629,     0.9948,     0.3225,    14h27m33s
[ 69100,  0.0001788]     0.9642,     0.9961,     0.3168,    14h26m05s
[ 69200,  0.0001784]     0.9686,     0.9956,     0.3174,    14h23m48s
[ 69300,  0.0001781]     0.9684,     0.9961,     0.3134,    14h22m18s
[ 69400,  0.0001777]     0.9684,     0.9983,     0.3015,    14h21m36s
[ 69500,  0.0001774]     0.9630,     0.9961,     0.3194,    14h19m05s
[ 69600,  0.0001770]     0.9697,     0.9961,     0.3067,    14h17m34s
[ 69700,  0.0001767]     0.9602,     0.9948,     0.3277,    14h14m54s
[ 69800,  0.0001763]     0.9700,     0.9972,     0.3047,    14h13m53s
[ 69900,  0.0001760]     0.9675,     0.9977,     0.3079,    14h12m30s
[ 70000,  0.0001756]     0.9709,     0.9975,     0.2966,    14h11m21s
org_dataset
850
Training with 850 image pairs
Validation MACE: 0.912511
[ 70100,  0.0001753]     0.9686,     0.9966,     0.2984,    14h04m18s
[ 70200,  0.0001749]     0.9663,     0.9959,     0.3120,    14h07m57s
[ 70300,  0.0001746]     0.9681,     0.9958,     0.3084,    14h06m50s
[ 70400,  0.0001742]     0.9706,     0.9973,     0.3013,    14h05m31s
[ 70500,  0.0001739]     0.9762,     0.9970,     0.2932,    14h03m35s
[ 70600,  0.0001735]     0.9693,     0.9955,     0.3109,    14h01m08s
[ 70700,  0.0001732]     0.9722,     0.9983,     0.2894,    13h59m01s
[ 70800,  0.0001728]     0.9692,     0.9972,     0.3034,    13h56m44s
[ 70900,  0.0001725]     0.9666,     0.9972,     0.3032,    13h54m57s
[ 71000,  0.0001721]     0.9734,     0.9984,     0.2907,    13h53m42s
[ 71100,  0.0001718]     0.9658,     0.9947,     0.3191,    13h52m12s
[ 71200,  0.0001714]     0.9694,     0.9975,     0.2982,    13h50m22s
[ 71300,  0.0001711]     0.9659,     0.9969,     0.3032,    13h48m58s
[ 71400,  0.0001707]     0.9705,     0.9945,     0.3022,    13h46m45s
[ 71500,  0.0001704]     0.9697,     0.9970,     0.3025,    13h44m57s
[ 71600,  0.0001700]     0.9723,     0.9958,     0.3033,    13h42m57s
[ 71700,  0.0001697]     0.9702,     0.9969,     0.2967,    13h40m54s
[ 71800,  0.0001693]     0.9747,     0.9952,     0.2922,    13h39m48s
[ 71900,  0.0001690]     0.9689,     0.9962,     0.3034,    13h40m29s
[ 72000,  0.0001686]     0.9716,     0.9961,     0.3035,    13h38m43s
[ 72100,  0.0001683]     0.9717,     0.9975,     0.2876,    13h36m59s
[ 72200,  0.0001679]     0.9698,     0.9977,     0.2921,    13h32m50s
[ 72300,  0.0001676]     0.9719,     0.9955,     0.2986,    13h30m34s
[ 72400,  0.0001672]     0.9731,     0.9973,     0.2874,    13h29m29s
[ 72500,  0.0001669]     0.9767,     0.9973,     0.2888,    13h27m38s
[ 72600,  0.0001665]     0.9706,     0.9973,     0.2954,    13h26m02s
[ 72700,  0.0001662]     0.9695,     0.9980,     0.2982,    13h24m13s
[ 72800,  0.0001658]     0.9710,     0.9983,     0.2926,    13h25m49s
[ 72900,  0.0001655]     0.9750,     0.9973,     0.2863,    13h23m51s
[ 73000,  0.0001651]     0.9698,     0.9980,     0.2909,    13h37m38s
[ 73100,  0.0001648]     0.9716,     0.9962,     0.2937,    13h19m00s
[ 73200,  0.0001644]     0.9720,     0.9983,     0.2877,    13h17m00s
[ 73300,  0.0001641]     0.9712,     0.9956,     0.2939,    13h15m08s
[ 73400,  0.0001637]     0.9742,     0.9986,     0.2782,    13h13m53s
[ 73500,  0.0001634]     0.9703,     0.9956,     0.2934,    13h12m37s
[ 73600,  0.0001630]     0.9725,     0.9977,     0.2842,    13h10m39s
[ 73700,  0.0001627]     0.9727,     0.9980,     0.2850,    13h09m24s
[ 73800,  0.0001623]     0.9716,     0.9975,     0.2887,    13h07m16s
[ 73900,  0.0001620]     0.9739,     0.9955,     0.2905,    13h03m48s
[ 74000,  0.0001616]     0.9716,     0.9980,     0.2821,    13h02m35s
[ 74100,  0.0001613]     0.9759,     0.9991,     0.2725,    13h01m01s
[ 74200,  0.0001609]     0.9708,     0.9961,     0.2962,    12h58m59s
[ 74300,  0.0001606]     0.9767,     0.9978,     0.2775,    12h57m07s
[ 74400,  0.0001602]     0.9740,     0.9965,     0.2931,    12h55m11s
[ 74500,  0.0001599]     0.9775,     0.9966,     0.2757,    12h54m24s
[ 74600,  0.0001595]     0.9727,     0.9966,     0.2858,    12h52m57s
[ 74700,  0.0001592]     0.9741,     0.9984,     0.2787,    12h51m02s
[ 74800,  0.0001588]     0.9750,     0.9977,     0.2814,    12h49m15s
[ 74900,  0.0001585]     0.9716,     0.9966,     0.2913,    12h47m18s
[ 75000,  0.0001581]     0.9717,     0.9977,     0.2850,    12h45m27s
[ 75100,  0.0001578]     0.9709,     0.9981,     0.2839,    12h45m00s
[ 75200,  0.0001574]     0.9666,     0.9938,     0.3006,    12h42m27s
[ 75300,  0.0001571]     0.9755,     0.9980,     0.2792,    12h40m09s
[ 75400,  0.0001567]     0.9759,     0.9984,     0.2748,    12h38m50s
[ 75500,  0.0001564]     0.9779,     0.9978,     0.2743,    12h37m27s
[ 75600,  0.0001560]     0.9762,     0.9964,     0.2806,    12h36m25s
[ 75700,  0.0001557]     0.9753,     0.9977,     0.2763,    12h34m15s
[ 75800,  0.0001553]     0.9802,     0.9986,     0.2667,    12h32m06s
[ 75900,  0.0001550]     0.9719,     0.9988,     0.2808,    12h30m14s
[ 76000,  0.0001546]     0.9738,     0.9973,     0.2810,    12h28m39s
[ 76100,  0.0001543]     0.9744,     0.9988,     0.2773,    12h26m13s
[ 76200,  0.0001539]     0.9788,     0.9970,     0.2691,    12h24m57s
[ 76300,  0.0001536]     0.9761,     0.9989,     0.2689,    12h23m29s
[ 76400,  0.0001532]     0.9752,     0.9984,     0.2755,    12h22m27s
[ 76500,  0.0001529]     0.9798,     0.9984,     0.2677,    12h21m04s
[ 76600,  0.0001525]     0.9645,     0.9970,     0.2978,    12h18m51s
[ 76700,  0.0001522]     0.9761,     0.9970,     0.2775,    12h17m46s
[ 76800,  0.0001518]     0.9730,     0.9964,     0.2830,    12h15m29s
[ 76900,  0.0001515]     0.9758,     0.9966,     0.2786,    12h13m15s
[ 77000,  0.0001511]     0.9730,     0.9973,     0.2741,    12h11m02s
[ 77100,  0.0001508]     0.9788,     0.9983,     0.2718,    12h09m28s
[ 77200,  0.0001504]     0.9759,     0.9989,     0.2758,    12h07m47s
[ 77300,  0.0001501]     0.9744,     0.9947,     0.2854,    12h06m14s
[ 77400,  0.0001497]     0.9784,     0.9972,     0.2676,    12h04m32s
[ 77500,  0.0001494]     0.9797,     0.9978,     0.2685,    12h03m09s
[ 77600,  0.0001490]     0.9789,     0.9994,     0.2688,    12h01m23s
[ 77700,  0.0001486]     0.9753,     0.9977,     0.2777,    11h59m06s
[ 77800,  0.0001483]     0.9797,     0.9984,     0.2558,    11h58m23s
[ 77900,  0.0001479]     0.9756,     0.9984,     0.2732,    11h57m04s
[ 78000,  0.0001476]     0.9739,     0.9981,     0.2682,    11h55m09s
[ 78100,  0.0001472]     0.9758,     0.9980,     0.2706,    11h53m01s
[ 78200,  0.0001469]     0.9755,     0.9981,     0.2703,    11h51m19s
[ 78300,  0.0001465]     0.9773,     0.9984,     0.2610,    11h49m00s
[ 78400,  0.0001462]     0.9759,     0.9977,     0.2615,    11h48m01s
[ 78500,  0.0001458]     0.9789,     0.9980,     0.2591,    11h46m33s
[ 78600,  0.0001455]     0.9767,     0.9984,     0.2657,    11h44m41s
[ 78700,  0.0001451]     0.9748,     0.9973,     0.2773,    11h42m58s
[ 78800,  0.0001448]     0.9814,     0.9978,     0.2590,    11h40m35s
[ 78900,  0.0001444]     0.9739,     0.9988,     0.2687,    11h39m51s
[ 79000,  0.0001441]     0.9798,     0.9981,     0.2523,    11h38m10s
[ 79100,  0.0001437]     0.9788,     0.9973,     0.2658,    11h36m09s
[ 79200,  0.0001434]     0.9803,     0.9988,     0.2627,    11h34m35s
[ 79300,  0.0001430]     0.9784,     0.9983,     0.2595,    11h32m33s
[ 79400,  0.0001427]     0.9783,     0.9986,     0.2592,    11h30m32s
[ 79500,  0.0001423]     0.9772,     0.9975,     0.2657,    11h29m25s
[ 79600,  0.0001420]     0.9770,     0.9967,     0.2684,    11h27m22s
[ 79700,  0.0001416]     0.9800,     0.9984,     0.2548,    11h25m27s
[ 79800,  0.0001413]     0.9836,     0.9991,     0.2487,    11h23m34s
[ 79900,  0.0001409]     0.9790,     0.9983,     0.2587,    11h21m41s
[ 80000,  0.0001406]     0.9755,     0.9973,     0.2654,    11h20m23s
org_dataset
850
Training with 850 image pairs
Validation MACE: 0.941701
[ 80100,  0.0001402]     0.9817,     0.9991,     0.2488,    11h15m31s
[ 80200,  0.0001399]     0.9828,     0.9991,     0.2471,    11h17m56s
[ 80300,  0.0001395]     0.9778,     0.9983,     0.2597,    11h15m36s
[ 80400,  0.0001392]     0.9791,     0.9980,     0.2584,    11h13m49s
[ 80500,  0.0001388]     0.9803,     0.9983,     0.2546,    11h12m51s
[ 80600,  0.0001385]     0.9719,     0.9977,     0.2757,    11h11m29s
[ 80700,  0.0001381]     0.9794,     0.9977,     0.2519,    11h09m10s
[ 80800,  0.0001378]     0.9820,     0.9983,     0.2536,    11h06m46s
[ 80900,  0.0001374]     0.9769,     0.9989,     0.2596,    11h05m01s
[ 81000,  0.0001371]     0.9804,     0.9981,     0.2557,    11h03m15s
[ 81100,  0.0001367]     0.9842,     0.9998,     0.2415,    11h02m00s
[ 81200,  0.0001364]     0.9802,     0.9984,     0.2561,    11h00m21s
[ 81300,  0.0001360]     0.9778,     0.9988,     0.2582,    10h59m10s
[ 81400,  0.0001357]     0.9825,     0.9984,     0.2463,    10h57m45s
[ 81500,  0.0001353]     0.9797,     0.9995,     0.2504,    10h55m04s
[ 81600,  0.0001350]     0.9778,     0.9973,     0.2588,    10h53m02s
[ 81700,  0.0001346]     0.9814,     0.9986,     0.2480,    10h52m12s
[ 81800,  0.0001343]     0.9814,     0.9981,     0.2507,    10h51m09s
[ 81900,  0.0001339]     0.9783,     0.9989,     0.2508,    10h49m36s
[ 82000,  0.0001336]     0.9827,     0.9991,     0.2508,    10h47m46s
[ 82100,  0.0001332]     0.9810,     0.9977,     0.2476,    10h44m25s
[ 82200,  0.0001329]     0.9802,     0.9986,     0.2471,    10h43m24s
[ 82300,  0.0001325]     0.9841,     0.9984,     0.2408,    10h41m12s
[ 82400,  0.0001322]     0.9789,     0.9986,     0.2512,    10h39m54s
[ 82500,  0.0001318]     0.9744,     0.9975,     0.2664,    10h38m13s
[ 82600,  0.0001315]     0.9811,     0.9991,     0.2516,    10h35m45s
[ 82700,  0.0001311]     0.9783,     0.9972,     0.2500,    10h34m28s
[ 82800,  0.0001308]     0.9841,     0.9998,     0.2367,    10h32m23s
[ 82900,  0.0001304]     0.9841,     0.9995,     0.2411,    10h31m21s
[ 83000,  0.0001301]     0.9852,     0.9989,     0.2397,    10h29m37s
[ 83100,  0.0001297]     0.9792,     0.9977,     0.2503,    10h27m43s
[ 83200,  0.0001294]     0.9759,     0.9981,     0.2572,    10h25m36s
[ 83300,  0.0001290]     0.9872,     0.9992,     0.2335,    10h24m10s
[ 83400,  0.0001287]     0.9802,     0.9983,     0.2495,    10h22m24s
[ 83500,  0.0001283]     0.9834,     0.9984,     0.2365,    10h22m15s
[ 83600,  0.0001280]     0.9797,     0.9975,     0.2517,    10h20m10s
[ 83700,  0.0001276]     0.9788,     0.9981,     0.2497,    10h17m51s
[ 83800,  0.0001273]     0.9816,     0.9983,     0.2418,    10h15m43s
[ 83900,  0.0001269]     0.9819,     0.9988,     0.2411,    10h14m21s
[ 84000,  0.0001266]     0.9803,     0.9991,     0.2410,    10h12m52s
[ 84100,  0.0001262]     0.9845,     0.9991,     0.2368,    10h11m00s
[ 84200,  0.0001259]     0.9836,     0.9988,     0.2419,    10h09m43s
[ 84300,  0.0001255]     0.9847,     0.9994,     0.2344,    10h07m03s
[ 84400,  0.0001252]     0.9797,     0.9977,     0.2420,    10h05m38s
[ 84500,  0.0001248]     0.9839,     0.9989,     0.2357,    10h04m16s
[ 84600,  0.0001245]     0.9812,     0.9986,     0.2418,    10h02m40s
[ 84700,  0.0001241]     0.9828,     0.9992,     0.2347,    10h01m22s
[ 84800,  0.0001238]     0.9848,     0.9989,     0.2353,    09h58m51s
[ 84900,  0.0001234]     0.9858,     0.9991,     0.2317,    09h57m26s
[ 85000,  0.0001231]     0.9852,     0.9992,     0.2347,    09h55m41s
[ 85100,  0.0001227]     0.9798,     0.9988,     0.2402,    09h54m03s
[ 85200,  0.0001224]     0.9888,     0.9989,     0.2250,    09h52m09s
[ 85300,  0.0001220]     0.9816,     0.9983,     0.2460,    09h50m29s
[ 85400,  0.0001217]     0.9806,     0.9979,     0.2396,    09h48m04s
[ 85500,  0.0001213]     0.9848,     0.9997,     0.2259,    09h46m26s
[ 85600,  0.0001210]     0.9814,     0.9984,     0.2353,    09h45m37s
[ 85700,  0.0001206]     0.9816,     0.9977,     0.2426,    09h44m08s
[ 85800,  0.0001203]     0.9852,     0.9995,     0.2285,    09h42m55s
[ 85900,  0.0001199]     0.9800,     0.9981,     0.2440,    09h39m27s
[ 86000,  0.0001196]     0.9861,     0.9988,     0.2250,    09h38m16s
[ 86100,  0.0001192]     0.9822,     0.9981,     0.2348,    09h36m53s
[ 86200,  0.0001188]     0.9825,     0.9994,     0.2338,    09h35m32s
[ 86300,  0.0001185]     0.9847,     0.9991,     0.2292,    09h34m15s
[ 86400,  0.0001181]     0.9873,     0.9983,     0.2271,    09h32m16s
[ 86500,  0.0001178]     0.9811,     0.9991,     0.2392,    09h29m19s
[ 86600,  0.0001174]     0.9820,     0.9984,     0.2328,    09h28m11s
[ 86700,  0.0001171]     0.9839,     0.9988,     0.2344,    09h26m56s
[ 86800,  0.0001167]     0.9870,     0.9995,     0.2209,    09h25m12s
[ 86900,  0.0001164]     0.9842,     0.9992,     0.2352,    09h23m12s
[ 87000,  0.0001160]     0.9838,     0.9988,     0.2306,    09h20m56s
[ 87100,  0.0001157]     0.9845,     0.9988,     0.2233,    09h19m31s
[ 87200,  0.0001153]     0.9853,     0.9988,     0.2256,    09h17m43s
[ 87300,  0.0001150]     0.9781,     0.9984,     0.2411,    09h16m19s
[ 87400,  0.0001146]     0.9898,     0.9997,     0.2174,    09h14m50s
[ 87500,  0.0001143]     0.9830,     0.9989,     0.2249,    09h13m05s
[ 87600,  0.0001139]     0.9890,     0.9992,     0.2186,    09h14m14s
[ 87700,  0.0001136]     0.9797,     0.9989,     0.2373,    09h11m06s
[ 87800,  0.0001132]     0.9848,     0.9989,     0.2210,    09h16m16s
[ 87900,  0.0001129]     0.9856,     0.9995,     0.2243,    09h07m35s
[ 88000,  0.0001125]     0.9862,     0.9994,     0.2239,    09h09m55s
[ 88100,  0.0001122]     0.9869,     0.9991,     0.2183,    09h08m25s
[ 88200,  0.0001118]     0.9859,     0.9992,     0.2237,    09h06m48s
[ 88300,  0.0001115]     0.9817,     0.9986,     0.2293,    09h02m36s
[ 88400,  0.0001111]     0.9872,     1.0000,     0.2155,    08h58m05s
[ 88500,  0.0001108]     0.9873,     0.9994,     0.2180,    08h57m18s
[ 88600,  0.0001104]     0.9839,     0.9986,     0.2277,    08h55m37s
[ 88700,  0.0001101]     0.9870,     0.9992,     0.2135,    08h52m28s
[ 88800,  0.0001097]     0.9905,     0.9992,     0.2088,    08h51m06s
[ 88900,  0.0001094]     0.9858,     0.9995,     0.2217,    08h49m25s
[ 89000,  0.0001090]     0.9869,     0.9992,     0.2190,    08h48m50s
[ 89100,  0.0001087]     0.9844,     0.9986,     0.2255,    08h46m03s
[ 89200,  0.0001083]     0.9819,     0.9989,     0.2299,    08h44m08s
[ 89300,  0.0001080]     0.9861,     0.9986,     0.2178,    08h42m54s
[ 89400,  0.0001076]     0.9878,     0.9995,     0.2063,    08h40m46s
[ 89500,  0.0001073]     0.9844,     0.9986,     0.2235,    08h39m42s
[ 89600,  0.0001069]     0.9848,     0.9995,     0.2213,    08h37m38s
[ 89700,  0.0001066]     0.9877,     0.9992,     0.2150,    08h35m53s
[ 89800,  0.0001062]     0.9865,     0.9991,     0.2077,    08h33m49s
[ 89900,  0.0001059]     0.9858,     0.9991,     0.2158,    08h32m13s
[ 90000,  0.0001055]     0.9872,     0.9989,     0.2182,    08h30m28s
org_dataset
850
Training with 850 image pairs
Validation MACE: 1.086133
[ 90100,  0.0001052]     0.9827,     0.9991,     0.2215,    08h25m53s
[ 90200,  0.0001048]     0.9867,     0.9998,     0.2091,    08h27m29s
[ 90300,  0.0001045]     0.9853,     0.9994,     0.2144,    08h25m33s
[ 90400,  0.0001041]     0.9850,     0.9992,     0.2196,    08h24m01s
[ 90500,  0.0001038]     0.9880,     0.9989,     0.2127,    08h22m18s
[ 90600,  0.0001034]     0.9891,     0.9997,     0.2060,    08h19m58s
[ 90700,  0.0001031]     0.9889,     0.9992,     0.2095,    08h18m30s
[ 90800,  0.0001027]     0.9872,     0.9994,     0.2163,    08h16m44s
[ 90900,  0.0001024]     0.9880,     0.9992,     0.2053,    08h15m01s
[ 91000,  0.0001020]     0.9906,     0.9992,     0.2041,    08h14m00s
[ 91100,  0.0001017]     0.9880,     0.9992,     0.2113,    08h11m32s
[ 91200,  0.0001013]     0.9872,     0.9994,     0.2101,    08h09m49s
[ 91300,  0.0001010]     0.9888,     0.9992,     0.2117,    08h08m17s
[ 91400,  0.0001006]     0.9870,     0.9995,     0.2136,    08h06m22s
[ 91500,  0.0001003]     0.9919,     0.9992,     0.2029,    08h05m02s
[ 91600,  0.0000999]     0.9875,     0.9995,     0.2063,    08h04m07s
[ 91700,  0.0000996]     0.9858,     0.9997,     0.2144,    08h02m44s
[ 91800,  0.0000992]     0.9845,     0.9989,     0.2168,    07h59m54s
[ 91900,  0.0000989]     0.9904,     0.9992,     0.2016,    07h58m10s
[ 92000,  0.0000985]     0.9883,     0.9992,     0.2060,    07h56m25s
[ 92100,  0.0000982]     0.9883,     0.9992,     0.2028,    07h54m29s
[ 92200,  0.0000978]     0.9888,     0.9992,     0.2037,    07h52m52s
[ 92300,  0.0000975]     0.9906,     0.9994,     0.1994,    07h50m44s
[ 92400,  0.0000971]     0.9873,     0.9997,     0.2106,    07h49m18s
[ 92500,  0.0000968]     0.9886,     0.9997,     0.2006,    07h47m14s
[ 92600,  0.0000964]     0.9878,     0.9989,     0.2051,    07h46m00s
[ 92700,  0.0000961]     0.9869,     0.9992,     0.2027,    07h45m19s
[ 92800,  0.0000957]     0.9892,     0.9995,     0.2020,    07h42m48s
[ 92900,  0.0000954]     0.9886,     0.9989,     0.2042,    07h40m53s
[ 93000,  0.0000950]     0.9902,     0.9998,     0.1989,    07h39m06s
[ 93100,  0.0000947]     0.9873,     0.9994,     0.2011,    07h37m33s
[ 93200,  0.0000943]     0.9884,     0.9998,     0.1988,    07h36m17s
[ 93300,  0.0000940]     0.9895,     0.9994,     0.2020,    07h34m29s
[ 93400,  0.0000936]     0.9897,     0.9998,     0.2013,    07h32m30s
[ 93500,  0.0000933]     0.9928,     0.9997,     0.1953,    07h30m38s
[ 93600,  0.0000929]     0.9848,     0.9994,     0.2063,    07h28m49s
[ 93700,  0.0000926]     0.9875,     0.9997,     0.2031,    07h27m52s
[ 93800,  0.0000922]     0.9875,     0.9994,     0.2001,    07h25m53s
[ 93900,  0.0000919]     0.9911,     1.0000,     0.1928,    07h24m23s
[ 94000,  0.0000915]     0.9888,     0.9997,     0.1958,    07h22m35s
[ 94100,  0.0000912]     0.9897,     0.9997,     0.1931,    07h20m26s
[ 94200,  0.0000908]     0.9895,     0.9997,     0.2002,    07h19m17s
[ 94300,  0.0000905]     0.9877,     0.9991,     0.2018,    07h17m04s
[ 94400,  0.0000901]     0.9916,     1.0000,     0.1866,    07h15m16s
[ 94500,  0.0000898]     0.9875,     0.9992,     0.1997,    07h14m12s
[ 94600,  0.0000894]     0.9903,     0.9995,     0.1957,    07h12m26s
[ 94700,  0.0000890]     0.9900,     0.9997,     0.1871,    07h10m14s
[ 94800,  0.0000887]     0.9916,     0.9995,     0.1905,    07h08m51s
[ 94900,  0.0000883]     0.9906,     0.9997,     0.1950,    07h07m49s
[ 95000,  0.0000880]     0.9875,     0.9997,     0.1951,    07h06m02s
[ 95100,  0.0000876]     0.9902,     0.9995,     0.1923,    07h04m21s
[ 95200,  0.0000873]     0.9911,     0.9998,     0.1927,    07h02m02s
[ 95300,  0.0000869]     0.9925,     1.0000,     0.1826,    06h59m54s
[ 95400,  0.0000866]     0.9912,     1.0000,     0.1930,    06h58m21s
[ 95500,  0.0000862]     0.9889,     0.9997,     0.1945,    06h57m55s
[ 95600,  0.0000859]     0.9880,     0.9995,     0.1971,    06h55m50s
[ 95700,  0.0000855]     0.9923,     1.0000,     0.1850,    06h54m25s
[ 95800,  0.0000852]     0.9916,     0.9994,     0.1887,    06h52m37s
[ 95900,  0.0000848]     0.9898,     0.9995,     0.1901,    06h50m45s
[ 96000,  0.0000845]     0.9897,     0.9998,     0.1862,    06h49m00s
[ 96100,  0.0000841]     0.9898,     0.9995,     0.1965,    06h47m17s
[ 96200,  0.0000838]     0.9909,     1.0000,     0.1862,    06h45m21s
[ 96300,  0.0000834]     0.9908,     1.0000,     0.1836,    06h43m21s
[ 96400,  0.0000831]     0.9909,     0.9998,     0.1831,    06h42m00s
[ 96500,  0.0000827]     0.9917,     0.9998,     0.1840,    06h40m18s
[ 96600,  0.0000824]     0.9886,     0.9994,     0.1948,    06h38m41s
[ 96700,  0.0000820]     0.9906,     0.9998,     0.1815,    06h36m44s
[ 96800,  0.0000817]     0.9909,     0.9997,     0.1827,    06h35m14s
[ 96900,  0.0000813]     0.9917,     0.9995,     0.1799,    06h33m41s
[ 97000,  0.0000810]     0.9905,     0.9997,     0.1873,    06h32m10s
[ 97100,  0.0000806]     0.9922,     0.9997,     0.1832,    06h30m16s
[ 97200,  0.0000803]     0.9908,     0.9994,     0.1830,    06h28m07s
[ 97300,  0.0000799]     0.9909,     0.9994,     0.1816,    06h26m23s
[ 97400,  0.0000796]     0.9922,     0.9997,     0.1788,    06h24m31s
[ 97500,  0.0000792]     0.9920,     0.9992,     0.1843,    06h23m41s
[ 97600,  0.0000789]     0.9920,     0.9997,     0.1829,    06h22m21s
[ 97700,  0.0000785]     0.9911,     0.9998,     0.1836,    06h20m22s
[ 97800,  0.0000782]     0.9917,     1.0000,     0.1826,    06h18m54s
[ 97900,  0.0000778]     0.9917,     0.9997,     0.1756,    06h18m41s
[ 98000,  0.0000775]     0.9903,     0.9997,     0.1790,    06h14m36s
[ 98100,  0.0000771]     0.9908,     0.9998,     0.1811,    06h12m47s
[ 98200,  0.0000768]     0.9925,     0.9998,     0.1802,    06h11m05s
[ 98300,  0.0000764]     0.9919,     0.9998,     0.1839,    06h08m51s
[ 98400,  0.0000761]     0.9934,     0.9998,     0.1757,    06h07m47s
[ 98500,  0.0000757]     0.9925,     0.9998,     0.1749,    06h05m40s
[ 98600,  0.0000754]     0.9909,     0.9998,     0.1803,    06h04m34s
[ 98700,  0.0000750]     0.9927,     1.0000,     0.1742,    06h02m24s
[ 98800,  0.0000747]     0.9933,     1.0000,     0.1741,    06h00m29s
[ 98900,  0.0000743]     0.9919,     1.0000,     0.1720,    05h58m58s
[ 99000,  0.0000740]     0.9950,     0.9997,     0.1715,    05h57m15s
[ 99100,  0.0000736]     0.9962,     1.0000,     0.1670,    05h55m17s
[ 99200,  0.0000733]     0.9925,     0.9998,     0.1684,    05h53m58s
[ 99300,  0.0000729]     0.9936,     1.0000,     0.1715,    05h52m07s
[ 99400,  0.0000726]     0.9927,     1.0000,     0.1751,    05h50m40s
[ 99500,  0.0000722]     0.9930,     1.0000,     0.1711,    05h48m48s
[ 99600,  0.0000719]     0.9931,     0.9998,     0.1737,    05h46m48s
[ 99700,  0.0000715]     0.9922,     0.9994,     0.1742,    05h45m28s
[ 99800,  0.0000712]     0.9933,     1.0000,     0.1720,    05h43m32s
[ 99900,  0.0000708]     0.9959,     1.0000,     0.1645,    05h41m49s
[100000,  0.0000705]     0.9923,     0.9997,     0.1694,    05h40m04s
org_dataset
850
Training with 850 image pairs
Validation MACE: 1.021178
[100100,  0.0000701]     0.9922,     0.9997,     0.1734,    05h37m08s
[100200,  0.0000698]     0.9925,     0.9998,     0.1685,    05h37m46s
[100300,  0.0000694]     0.9930,     0.9997,     0.1678,    05h36m04s
[100400,  0.0000691]     0.9905,     0.9998,     0.1742,    05h33m54s
[100500,  0.0000687]     0.9917,     0.9998,     0.1703,    05h32m11s
[100600,  0.0000684]     0.9938,     0.9998,     0.1656,    05h30m22s
[100700,  0.0000680]     0.9931,     1.0000,     0.1655,    05h28m39s
[100800,  0.0000677]     0.9933,     0.9998,     0.1645,    05h27m04s
[100900,  0.0000673]     0.9948,     1.0000,     0.1651,    05h25m18s
[101000,  0.0000670]     0.9936,     1.0000,     0.1667,    05h23m40s
[101100,  0.0000666]     0.9934,     0.9995,     0.1624,    05h22m10s
[101200,  0.0000663]     0.9950,     1.0000,     0.1634,    05h20m18s
[101300,  0.0000659]     0.9923,     0.9995,     0.1621,    05h18m53s
[101400,  0.0000656]     0.9947,     0.9997,     0.1645,    05h17m14s
[101500,  0.0000652]     0.9925,     0.9998,     0.1648,    05h14m48s
[101600,  0.0000649]     0.9938,     0.9998,     0.1624,    05h13m05s
[101700,  0.0000645]     0.9948,     1.0000,     0.1628,    05h11m28s
[101800,  0.0000642]     0.9955,     1.0000,     0.1584,    05h09m58s
[101900,  0.0000638]     0.9947,     1.0000,     0.1603,    05h08m26s
[102000,  0.0000635]     0.9930,     0.9998,     0.1653,    05h06m53s
[102100,  0.0000631]     0.9955,     1.0000,     0.1587,    05h05m28s
[102200,  0.0000628]     0.9953,     1.0000,     0.1595,    05h03m26s
[102300,  0.0000624]     0.9945,     0.9998,     0.1559,    05h01m30s
[102400,  0.0000621]     0.9953,     1.0000,     0.1570,    04h59m46s
[102500,  0.0000617]     0.9938,     0.9997,     0.1587,    04h57m51s
[102600,  0.0000614]     0.9939,     1.0000,     0.1574,    04h56m13s
[102700,  0.0000610]     0.9952,     0.9998,     0.1556,    04h54m28s
[102800,  0.0000607]     0.9938,     0.9997,     0.1555,    04h53m01s
[102900,  0.0000603]     0.9941,     1.0000,     0.1579,    04h51m13s
[103000,  0.0000600]     0.9944,     1.0000,     0.1545,    04h49m42s
[103100,  0.0000596]     0.9934,     0.9998,     0.1597,    04h47m47s
[103200,  0.0000593]     0.9956,     1.0000,     0.1527,    04h46m03s
[103300,  0.0000589]     0.9942,     0.9995,     0.1549,    04h44m44s
[103400,  0.0000585]     0.9959,     1.0000,     0.1511,    04h42m53s
[103500,  0.0000582]     0.9931,     0.9995,     0.1561,    04h41m28s
[103600,  0.0000578]     0.9948,     1.0000,     0.1471,    04h39m36s
[103700,  0.0000575]     0.9955,     0.9998,     0.1521,    04h37m51s
[103800,  0.0000571]     0.9964,     1.0000,     0.1481,    04h35m54s
[103900,  0.0000568]     0.9970,     1.0000,     0.1507,    04h34m37s
[104000,  0.0000564]     0.9938,     1.0000,     0.1546,    04h32m20s
[104100,  0.0000561]     0.9970,     1.0000,     0.1478,    04h30m50s
[104200,  0.0000557]     0.9950,     0.9998,     0.1499,    04h28m50s
[104300,  0.0000554]     0.9944,     1.0000,     0.1518,    04h28m10s
[104400,  0.0000550]     0.9952,     0.9998,     0.1486,    04h25m46s
[104500,  0.0000547]     0.9947,     1.0000,     0.1489,    04h24m00s
[104600,  0.0000543]     0.9947,     1.0000,     0.1520,    04h22m28s
[104700,  0.0000540]     0.9977,     1.0000,     0.1430,    04h20m40s
[104800,  0.0000536]     0.9970,     1.0000,     0.1436,    04h18m39s
[104900,  0.0000533]     0.9958,     1.0000,     0.1490,    04h16m58s
[105000,  0.0000529]     0.9950,     1.0000,     0.1455,    04h15m27s
[105100,  0.0000526]     0.9955,     1.0000,     0.1471,    04h13m46s
[105200,  0.0000522]     0.9938,     0.9998,     0.1445,    04h12m12s
[105300,  0.0000519]     0.9948,     0.9998,     0.1463,    04h10m27s
[105400,  0.0000515]     0.9962,     1.0000,     0.1455,    04h08m48s
[105500,  0.0000512]     0.9959,     1.0000,     0.1439,    04h07m12s
[105600,  0.0000508]     0.9962,     0.9998,     0.1425,    04h05m26s
[105700,  0.0000505]     0.9967,     0.9997,     0.1425,    04h03m33s
[105800,  0.0000501]     0.9959,     1.0000,     0.1438,    04h01m46s
[105900,  0.0000498]     0.9962,     0.9998,     0.1396,    04h00m08s
[106000,  0.0000494]     0.9950,     1.0000,     0.1445,    03h58m33s
[106100,  0.0000491]     0.9944,     0.9998,     0.1451,    03h56m52s
[106200,  0.0000487]     0.9969,     1.0000,     0.1358,    03h54m41s
[106300,  0.0000484]     0.9975,     0.9998,     0.1384,    03h53m19s
[106400,  0.0000480]     0.9964,     1.0000,     0.1406,    03h51m35s
[106500,  0.0000477]     0.9959,     0.9998,     0.1400,    03h50m02s
[106600,  0.0000473]     0.9964,     1.0000,     0.1374,    03h48m13s
[106700,  0.0000470]     0.9958,     1.0000,     0.1383,    03h46m18s
[106800,  0.0000466]     0.9972,     0.9998,     0.1361,    03h44m50s
[106900,  0.0000463]     0.9978,     1.0000,     0.1370,    03h42m54s
[107000,  0.0000459]     0.9969,     0.9998,     0.1392,    03h41m22s
[107100,  0.0000456]     0.9948,     1.0000,     0.1371,    03h39m40s
[107200,  0.0000452]     0.9955,     1.0000,     0.1373,    03h38m02s
[107300,  0.0000449]     0.9972,     1.0000,     0.1306,    03h36m14s
[107400,  0.0000445]     0.9966,     1.0000,     0.1369,    03h34m27s
[107500,  0.0000442]     0.9972,     1.0000,     0.1336,    03h32m43s
[107600,  0.0000438]     0.9972,     1.0000,     0.1334,    03h31m20s
[107700,  0.0000435]     0.9959,     1.0000,     0.1389,    03h29m29s
[107800,  0.0000431]     0.9978,     1.0000,     0.1291,    03h27m45s
[107900,  0.0000428]     0.9977,     1.0000,     0.1331,    03h26m08s
[108000,  0.0000424]     0.9966,     0.9998,     0.1289,    03h24m12s
[108100,  0.0000421]     0.9969,     1.0000,     0.1301,    03h22m58s
[108200,  0.0000417]     0.9980,     1.0000,     0.1299,    03h21m30s
[108300,  0.0000414]     0.9967,     1.0000,     0.1315,    03h19m20s
[108400,  0.0000410]     0.9964,     1.0000,     0.1311,    03h17m44s
[108500,  0.0000407]     0.9967,     1.0000,     0.1292,    03h15m40s
[108600,  0.0000403]     0.9961,     1.0000,     0.1324,    03h14m08s
[108700,  0.0000400]     0.9980,     1.0000,     0.1259,    03h12m24s
[108800,  0.0000396]     0.9983,     1.0000,     0.1255,    03h10m46s
[108900,  0.0000393]     0.9977,     1.0000,     0.1267,    03h08m48s
[109000,  0.0000389]     0.9986,     1.0000,     0.1199,    03h07m11s
[109100,  0.0000386]     0.9981,     1.0000,     0.1254,    03h05m42s
[109200,  0.0000382]     0.9975,     1.0000,     0.1261,    03h04m01s
[109300,  0.0000379]     0.9972,     1.0000,     0.1269,    03h02m09s
[109400,  0.0000375]     0.9970,     0.9998,     0.1292,    03h00m24s
[109500,  0.0000372]     0.9975,     1.0000,     0.1238,    02h58m57s
[109600,  0.0000368]     0.9975,     1.0000,     0.1215,    02h57m10s
[109700,  0.0000365]     0.9967,     1.0000,     0.1262,    02h55m32s
[109800,  0.0000361]     0.9981,     1.0000,     0.1197,    02h53m50s
[109900,  0.0000358]     0.9986,     1.0000,     0.1224,    02h52m05s
[110000,  0.0000354]     0.9989,     1.0000,     0.1212,    02h50m08s
org_dataset
850
Training with 850 image pairs
Validation MACE: 1.263502
[110100,  0.0000351]     0.9981,     1.0000,     0.1171,    02h47m44s
[110200,  0.0000347]     0.9975,     1.0000,     0.1224,    02h47m12s
[110300,  0.0000344]     0.9986,     1.0000,     0.1190,    02h45m28s
[110400,  0.0000340]     0.9991,     1.0000,     0.1190,    02h43m23s
[110500,  0.0000337]     0.9984,     1.0000,     0.1148,    02h41m34s
[110600,  0.0000333]     0.9986,     1.0000,     0.1148,    02h40m02s
[110700,  0.0000330]     0.9983,     1.0000,     0.1173,    02h38m19s
[110800,  0.0000326]     0.9970,     1.0000,     0.1177,    02h36m50s
[110900,  0.0000323]     0.9988,     1.0000,     0.1142,    02h35m17s
[111000,  0.0000319]     0.9977,     1.0000,     0.1162,    02h33m19s
[111100,  0.0000316]     0.9984,     1.0000,     0.1172,    02h31m31s
[111200,  0.0000312]     0.9975,     1.0000,     0.1136,    02h29m49s
[111300,  0.0000309]     0.9986,     1.0000,     0.1129,    02h28m05s
[111400,  0.0000305]     0.9977,     1.0000,     0.1144,    02h26m25s
[111500,  0.0000302]     0.9988,     1.0000,     0.1146,    02h24m47s
[111600,  0.0000298]     0.9986,     1.0000,     0.1108,    02h23m02s
[111700,  0.0000295]     0.9988,     1.0000,     0.1101,    02h21m27s
[111800,  0.0000291]     0.9988,     1.0000,     0.1082,    02h19m47s
[111900,  0.0000287]     0.9989,     1.0000,     0.1098,    02h18m06s
[112000,  0.0000284]     0.9975,     1.0000,     0.1128,    02h16m19s
[112100,  0.0000280]     0.9980,     1.0000,     0.1121,    02h14m36s
[112200,  0.0000277]     0.9981,     1.0000,     0.1079,    02h12m39s
[112300,  0.0000273]     0.9994,     1.0000,     0.1039,    02h11m13s
[112400,  0.0000270]     0.9983,     1.0000,     0.1095,    02h09m26s
[112500,  0.0000266]     0.9989,     1.0000,     0.1086,    02h07m42s
[112600,  0.0000263]     0.9981,     1.0000,     0.1064,    02h05m59s
[112700,  0.0000259]     0.9991,     1.0000,     0.1087,    02h04m11s
[112800,  0.0000256]     0.9983,     1.0000,     0.1061,    02h02m39s
[112900,  0.0000252]     0.9989,     1.0000,     0.1024,    02h01m03s
[113000,  0.0000249]     0.9994,     1.0000,     0.1027,    01h59m15s
[113100,  0.0000245]     0.9978,     1.0000,     0.1056,    01h57m26s
[113200,  0.0000242]     0.9988,     1.0000,     0.1050,    01h55m45s
[113300,  0.0000238]     0.9986,     1.0000,     0.0999,    01h54m09s
[113400,  0.0000235]     0.9989,     1.0000,     0.1010,    01h52m29s
[113500,  0.0000231]     0.9994,     1.0000,     0.1011,    01h50m41s
[113600,  0.0000228]     0.9998,     1.0000,     0.1002,    01h49m01s
[113700,  0.0000224]     0.9992,     1.0000,     0.1000,    01h47m11s
[113800,  0.0000221]     0.9994,     1.0000,     0.0998,    01h45m29s
[113900,  0.0000217]     1.0000,     1.0000,     0.0958,    01h43m54s
[114000,  0.0000214]     0.9988,     0.9998,     0.0987,    01h42m17s
[114100,  0.0000210]     0.9989,     1.0000,     0.1011,    01h40m27s
[114200,  0.0000207]     0.9995,     1.0000,     0.0944,    01h38m43s
[114300,  0.0000203]     0.9989,     1.0000,     0.0974,    01h37m03s
[114400,  0.0000200]     0.9994,     1.0000,     0.0946,    01h35m22s
[114500,  0.0000196]     0.9992,     1.0000,     0.0940,    01h33m42s
[114600,  0.0000193]     0.9998,     1.0000,     0.0943,    01h31m59s
[114700,  0.0000189]     0.9992,     1.0000,     0.0965,    01h30m17s
[114800,  0.0000186]     0.9994,     1.0000,     0.0940,    01h28m27s
[114900,  0.0000182]     0.9995,     1.0000,     0.0924,    01h26m45s
[115000,  0.0000179]     0.9995,     1.0000,     0.0914,    01h25m09s
[115100,  0.0000175]     0.9995,     1.0000,     0.0912,    01h23m27s
[115200,  0.0000172]     1.0000,     1.0000,     0.0904,    01h21m40s
[115300,  0.0000168]     0.9998,     1.0000,     0.0898,    01h20m02s
[115400,  0.0000165]     0.9997,     1.0000,     0.0909,    01h18m19s
[115500,  0.0000161]     0.9997,     1.0000,     0.0910,    01h16m34s
[115600,  0.0000158]     0.9995,     1.0000,     0.0879,    01h14m53s
[115700,  0.0000154]     0.9997,     1.0000,     0.0865,    01h13m13s
[115800,  0.0000151]     1.0000,     1.0000,     0.0860,    01h11m33s
[115900,  0.0000147]     1.0000,     1.0000,     0.0865,    01h09m52s
[116000,  0.0000144]     0.9995,     1.0000,     0.0851,    01h08m05s
[116100,  0.0000140]     0.9992,     1.0000,     0.0846,    01h06m22s
[116200,  0.0000137]     0.9997,     1.0000,     0.0844,    01h04m38s
[116300,  0.0000133]     0.9997,     1.0000,     0.0856,    01h02m56s
[116400,  0.0000130]     0.9997,     1.0000,     0.0818,    01h01m23s
[116500,  0.0000126]     0.9997,     1.0000,     0.0830,    00h59m36s
[116600,  0.0000123]     0.9994,     1.0000,     0.0824,    00h57m53s
[116700,  0.0000119]     0.9989,     1.0000,     0.0816,    00h56m12s
[116800,  0.0000116]     1.0000,     1.0000,     0.0802,    00h54m28s
[116900,  0.0000112]     0.9997,     1.0000,     0.0808,    00h52m43s
[117000,  0.0000109]     0.9994,     1.0000,     0.0788,    00h51m03s
[117100,  0.0000105]     0.9997,     1.0000,     0.0772,    00h49m19s
[117200,  0.0000102]     0.9995,     1.0000,     0.0774,    00h47m45s
[117300,  0.0000098]     0.9998,     1.0000,     0.0755,    00h46m03s
[117400,  0.0000095]     0.9998,     1.0000,     0.0761,    00h44m21s
[117500,  0.0000091]     0.9998,     1.0000,     0.0776,    00h42m36s
[117600,  0.0000088]     0.9997,     1.0000,     0.0771,    00h40m55s
[117700,  0.0000084]     0.9998,     1.0000,     0.0748,    00h39m19s
[117800,  0.0000081]     0.9995,     1.0000,     0.0733,    00h37m30s
[117900,  0.0000077]     1.0000,     1.0000,     0.0728,    00h35m49s
[118000,  0.0000074]     1.0000,     1.0000,     0.0718,    00h34m01s
[118100,  0.0000070]     0.9997,     1.0000,     0.0736,    00h32m18s
[118200,  0.0000067]     1.0000,     1.0000,     0.0719,    00h30m36s
[118300,  0.0000063]     1.0000,     1.0000,     0.0713,    00h28m56s
[118400,  0.0000060]     0.9998,     1.0000,     0.0681,    00h27m15s
[118500,  0.0000056]     1.0000,     1.0000,     0.0706,    00h25m32s
[118600,  0.0000053]     1.0000,     1.0000,     0.0689,    00h23m48s
[118700,  0.0000049]     1.0000,     1.0000,     0.0704,    00h22m04s
[118800,  0.0000046]     1.0000,     1.0000,     0.0682,    00h20m27s
[118900,  0.0000042]     1.0000,     1.0000,     0.0667,    00h18m43s
[119000,  0.0000039]     0.9998,     1.0000,     0.0646,    00h17m00s
[119100,  0.0000035]     1.0000,     1.0000,     0.0665,    00h15m17s
[119200,  0.0000032]     0.9998,     1.0000,     0.0656,    00h13m36s
[119300,  0.0000028]     1.0000,     1.0000,     0.0652,    00h11m55s
[119400,  0.0000025]     1.0000,     1.0000,     0.0629,    00h10m13s
[119500,  0.0000021]     1.0000,     1.0000,     0.0637,    00h08m31s
[119600,  0.0000018]     1.0000,     1.0000,     0.0647,    00h06m48s
[119700,  0.0000014]     0.9998,     1.0000,     0.0635,    00h05m06s
[119800,  0.0000011]     1.0000,     1.0000,     0.0637,    00h03m24s
[119900,  0.0000007]     1.0000,     1.0000,     0.0605,    00h01m42s
[120000,  0.0000004]     1.0000,     1.0000,     0.0615,    00h00m00s
org_dataset
850
Training with 850 image pairs
Validation MACE: 1.191832
