Parameter Count: 1292868
Training with 118287 image pairs
[   100,  0.0000223]     0.0009,     0.0057,    24.9003,    33h44m19s
[   200,  0.0000287]     0.0006,     0.0075,    24.4509,    34h12m11s
[   300,  0.0000351]     0.0013,     0.0127,    21.6976,    34h22m58s
[   400,  0.0000415]     0.0022,     0.0206,    18.7038,    34h24m53s
[   500,  0.0000479]     0.0041,     0.0441,    15.4281,    34h25m14s
[   600,  0.0000543]     0.0109,     0.0778,    13.0860,    34h24m11s
[   700,  0.0000607]     0.0211,     0.1480,    10.7685,    34h22m44s
[   800,  0.0000671]     0.0427,     0.2280,     9.6095,    34h23m30s
[   900,  0.0000735]     0.0722,     0.3252,     8.1590,    34h18m47s
[  1000,  0.0000799]     0.1006,     0.4420,     6.7586,    34h16m33s
[  1100,  0.0000863]     0.1286,     0.5184,     5.8990,    34h14m01s
[  1200,  0.0000927]     0.1248,     0.5250,     6.2263,    34h17m09s
[  1300,  0.0000991]     0.1545,     0.6041,     5.1636,    34h14m27s
[  1400,  0.0001055]     0.1691,     0.6703,     4.2776,    34h11m19s
[  1500,  0.0001119]     0.1773,     0.7002,     4.1022,    34h07m02s
[  1600,  0.0001183]     0.2053,     0.7481,     3.3984,    34h08m13s
[  1700,  0.0001247]     0.1981,     0.7448,     3.7121,    34h05m40s
[  1800,  0.0001311]     0.2069,     0.7602,     3.6468,    34h01m05s
[  1900,  0.0001375]     0.2333,     0.7930,     3.2118,    34h01m12s
[  2000,  0.0001439]     0.2223,     0.7647,     3.7465,    34h02m52s
[  2100,  0.0001502]     0.2402,     0.8014,     3.1319,    33h57m26s
[  2200,  0.0001566]     0.2734,     0.8344,     2.6563,    33h54m07s
[  2300,  0.0001630]     0.2891,     0.8395,     3.0897,    33h56m30s
[  2400,  0.0001694]     0.3347,     0.8672,     2.4913,    33h51m53s
[  2500,  0.0001758]     0.3362,     0.8633,     2.4265,    33h50m03s
[  2600,  0.0001822]     0.3953,     0.8870,     2.2319,    33h49m32s
[  2700,  0.0001886]     0.3950,     0.8794,     2.3121,    33h47m56s
[  2800,  0.0001950]     0.3836,     0.8788,     2.2661,    33h44m12s
[  2900,  0.0002014]     0.4339,     0.8956,     2.2038,    33h41m44s
[  3000,  0.0002078]     0.4595,     0.8947,     2.1052,    33h43m04s
[  3100,  0.0002142]     0.4927,     0.9223,     1.7965,    33h38m20s
[  3200,  0.0002206]     0.4836,     0.9114,     2.0521,    33h38m19s
[  3300,  0.0002270]     0.5180,     0.9180,     1.8390,    33h36m05s
[  3400,  0.0002334]     0.5120,     0.9116,     1.9051,    33h32m59s
[  3500,  0.0002398]     0.4963,     0.9158,     1.8170,    33h31m40s
[  3600,  0.0002462]     0.5394,     0.9228,     1.7742,    33h34m07s
[  3700,  0.0002526]     0.6027,     0.9373,     1.5283,    33h29m45s
[  3800,  0.0002590]     0.5481,     0.9270,     1.7370,    33h24m40s
[  3900,  0.0002654]     0.5769,     0.9273,     1.8012,    33h26m11s
[  4000,  0.0002718]     0.5725,     0.9345,     1.7938,    33h22m50s
[  4100,  0.0002782]     0.6105,     0.9378,     1.6068,    33h24m08s
[  4200,  0.0002846]     0.5603,     0.9381,     1.5050,    33h20m53s
[  4300,  0.0002910]     0.6155,     0.9375,     1.5348,    33h15m53s
[  4400,  0.0002973]     0.6352,     0.9455,     1.5415,    33h16m58s
[  4500,  0.0003037]     0.6741,     0.9502,     1.3699,    33h17m42s
[  4600,  0.0003101]     0.6375,     0.9459,     1.3866,    33h10m06s
[  4700,  0.0003165]     0.6630,     0.9525,     1.2999,    33h11m25s
[  4800,  0.0003229]     0.6188,     0.9380,     1.5802,    33h14m32s
[  4900,  0.0003293]     0.6452,     0.9472,     1.5835,    33h11m15s
[  5000,  0.0003357]     0.6611,     0.9508,     1.3571,    33h08m13s
[  5100,  0.0003421]     0.6741,     0.9548,     1.2940,    33h06m00s
[  5200,  0.0003485]     0.6781,     0.9527,     1.2574,    33h02m07s
[  5300,  0.0003549]     0.6758,     0.9534,     1.3059,    33h02m58s
[  5400,  0.0003613]     0.6630,     0.9522,     1.3479,    33h00m45s
[  5500,  0.0003677]     0.6000,     0.9298,     1.8113,    32h59m54s
[  5600,  0.0003741]     0.6787,     0.9542,     1.2438,    32h56m53s
[  5700,  0.0003805]     0.7016,     0.9606,     1.1991,    33h01m16s
[  5800,  0.0003869]     0.6997,     0.9642,     1.2569,    32h53m04s
[  5900,  0.0003933]     0.6733,     0.9480,     1.3656,    32h54m41s
[  6000,  0.0003997]     0.7163,     0.9613,     1.2881,    32h49m33s
[  6100,  0.0003997]     0.6203,     0.9436,     1.5656,    32h49m29s
[  6200,  0.0003993]     0.7208,     0.9583,     1.3296,    32h45m24s
[  6300,  0.0003990]     0.7400,     0.9617,     1.3448,    32h45m35s
[  6400,  0.0003986]     0.7461,     0.9677,     1.1785,    32h43m37s
[  6500,  0.0003983]     0.7308,     0.9581,     1.3688,    32h41m01s
[  6600,  0.0003979]     0.7208,     0.9605,     1.2065,    32h44m56s
[  6700,  0.0003976]     0.7373,     0.9702,     1.1203,    32h39m07s
[  6800,  0.0003972]     0.7622,     0.9677,     1.1258,    32h36m42s
[  6900,  0.0003969]     0.7556,     0.9678,     1.1405,    32h34m17s
[  7000,  0.0003965]     0.7745,     0.9775,     0.9920,    32h32m13s
[  7100,  0.0003962]     0.7639,     0.9709,     1.0073,    32h32m10s
[  7200,  0.0003958]     0.7723,     0.9714,     1.0002,    32h29m06s
[  7300,  0.0003955]     0.7653,     0.9733,     0.9905,    32h28m00s
[  7400,  0.0003951]     0.7588,     0.9683,     1.1089,    32h32m48s
[  7500,  0.0003948]     0.8017,     0.9694,     1.0692,    32h29m23s
[  7600,  0.0003944]     0.7788,     0.9711,     1.0453,    32h21m36s
[  7700,  0.0003941]     0.7877,     0.9803,     0.8778,    32h20m34s
[  7800,  0.0003937]     0.7884,     0.9686,     1.0911,    32h16m43s
[  7900,  0.0003934]     0.8098,     0.9781,     0.8679,    32h20m28s
[  8000,  0.0003930]     0.7992,     0.9709,     1.1826,    32h13m10s
[  8100,  0.0003927]     0.7736,     0.9753,     1.0087,    32h16m03s
[  8200,  0.0003923]     0.7909,     0.9659,     1.3730,    32h13m47s
[  8300,  0.0003920]     0.8169,     0.9791,     0.8676,    32h10m33s
[  8400,  0.0003916]     0.8002,     0.9783,     0.9373,    32h10m14s
[  8500,  0.0003913]     0.8128,     0.9817,     0.9136,    32h03m22s
[  8600,  0.0003909]     0.8130,     0.9788,     0.9007,    32h02m17s
[  8700,  0.0003906]     0.8250,     0.9784,     0.8486,    32h04m56s
[  8800,  0.0003902]     0.8142,     0.9803,     0.8798,    32h01m40s
[  8900,  0.0003899]     0.8272,     0.9805,     0.8476,    31h58m50s
[  9000,  0.0003895]     0.8322,     0.9839,     0.7819,    31h59m02s
[  9100,  0.0003891]     0.8175,     0.9769,     0.8768,    31h54m43s
[  9200,  0.0003888]     0.8263,     0.9811,     0.8000,    31h53m02s
[  9300,  0.0003884]     0.8217,     0.9730,     1.0817,    31h53m43s
[  9400,  0.0003881]     0.8186,     0.9791,     0.8672,    31h48m04s
[  9500,  0.0003877]     0.8164,     0.9784,     0.8700,    31h49m35s
[  9600,  0.0003874]     0.8364,     0.9800,     0.8883,    31h51m38s
[  9700,  0.0003870]     0.8445,     0.9830,     0.8773,    31h45m19s
[  9800,  0.0003867]     0.8216,     0.9759,     0.9555,    31h45m19s
[  9900,  0.0003863]     0.8173,     0.9839,     0.8362,    31h41m15s
[ 10000,  0.0003860]     0.8475,     0.9828,     0.8496,    31h41m52s
Validation MACE: 1.002509
[ 10100,  0.0003856]     0.8361,     0.9842,     0.7792,    32h03m07s
[ 10200,  0.0003853]     0.8450,     0.9784,     0.8724,    31h36m33s
[ 10300,  0.0003849]     0.8495,     0.9809,     0.8419,    31h41m31s
[ 10400,  0.0003846]     0.8534,     0.9819,     0.7582,    31h35m08s
[ 10500,  0.0003842]     0.8459,     0.9845,     0.8008,    31h32m39s
[ 10600,  0.0003839]     0.8416,     0.9845,     0.7503,    31h29m58s
[ 10700,  0.0003835]     0.8478,     0.9789,     0.9052,    31h27m29s
[ 10800,  0.0003832]     0.8342,     0.9769,     0.9849,    31h26m25s
[ 10900,  0.0003828]     0.8370,     0.9817,     0.8506,    31h26m26s
[ 11000,  0.0003825]     0.8536,     0.9852,     0.7579,    31h24m13s
[ 11100,  0.0003821]     0.8680,     0.9845,     0.7331,    31h22m56s
[ 11200,  0.0003818]     0.8509,     0.9847,     0.7842,    31h24m36s
[ 11300,  0.0003814]     0.8628,     0.9853,     0.7170,    31h21m00s
[ 11400,  0.0003811]     0.8586,     0.9878,     0.7273,    31h15m53s
[ 11500,  0.0003807]     0.8531,     0.9825,     0.7953,    31h17m44s
[ 11600,  0.0003804]     0.8616,     0.9859,     0.7706,    32h34m36s
[ 11700,  0.0003800]     0.8602,     0.9838,     0.7304,    31h11m41s
[ 11800,  0.0003797]     0.8570,     0.9806,     0.9131,    31h10m43s
[ 11900,  0.0003793]     0.8639,     0.9836,     0.8093,    31h10m28s
[ 12000,  0.0003790]     0.8580,     0.9853,     0.7663,    31h06m08s
[ 12100,  0.0003786]     0.8808,     0.9844,     0.7643,    31h04m39s
[ 12200,  0.0003783]     0.8823,     0.9905,     0.6751,    31h02m43s
[ 12300,  0.0003779]     0.8619,     0.9864,     0.7732,    31h04m03s
[ 12400,  0.0003776]     0.8572,     0.9822,     0.8240,    31h01m46s
[ 12500,  0.0003772]     0.8884,     0.9911,     0.6398,    32h12m55s
[ 12600,  0.0003769]     0.8698,     0.9836,     0.7539,    31h23m49s
[ 12700,  0.0003765]     0.8809,     0.9830,     0.7785,    30h59m20s
[ 12800,  0.0003762]     0.8650,     0.9842,     0.7786,    30h54m14s
[ 12900,  0.0003758]     0.8638,     0.9889,     0.6523,    30h50m38s
[ 13000,  0.0003755]     0.8616,     0.9817,     0.7653,    30h48m23s
[ 13100,  0.0003751]     0.8748,     0.9866,     0.7103,    30h48m54s
[ 13200,  0.0003748]     0.8647,     0.9888,     0.6937,    30h45m33s
[ 13300,  0.0003744]     0.8775,     0.9861,     0.7463,    30h46m34s
[ 13400,  0.0003741]     0.8788,     0.9833,     0.7874,    30h47m13s
[ 13500,  0.0003737]     0.8773,     0.9914,     0.6667,    30h43m31s
[ 13600,  0.0003734]     0.8717,     0.9858,     0.7991,    30h40m23s
[ 13700,  0.0003730]     0.8842,     0.9881,     0.6886,    30h38m07s
[ 13800,  0.0003727]     0.8822,     0.9841,     0.8210,    30h34m16s
[ 13900,  0.0003723]     0.8725,     0.9862,     0.7544,    30h32m32s
[ 14000,  0.0003720]     0.8655,     0.9906,     0.6789,    30h30m27s
[ 14100,  0.0003716]     0.8773,     0.9845,     0.7429,    30h31m59s
[ 14200,  0.0003713]     0.8812,     0.9881,     0.8131,    30h29m12s
[ 14300,  0.0003709]     0.8841,     0.9886,     0.6565,    30h27m20s
[ 14400,  0.0003706]     0.8944,     0.9900,     0.6521,    30h25m54s
[ 14500,  0.0003702]     0.8862,     0.9895,     0.6943,    30h23m01s
[ 14600,  0.0003699]     0.8864,     0.9867,     0.6812,    30h26m34s
[ 14700,  0.0003695]     0.8866,     0.9923,     0.6546,    30h19m33s
[ 14800,  0.0003692]     0.8953,     0.9903,     0.6479,    30h22m54s
[ 14900,  0.0003688]     0.8869,     0.9894,     0.6447,    30h21m26s
[ 15000,  0.0003685]     0.8706,     0.9870,     0.7069,    30h16m39s
[ 15100,  0.0003681]     0.8739,     0.9848,     0.7692,    30h15m29s
[ 15200,  0.0003678]     0.8794,     0.9881,     0.6519,    30h12m27s
[ 15300,  0.0003674]     0.8850,     0.9923,     0.6054,    30h11m18s
[ 15400,  0.0003671]     0.8980,     0.9917,     0.5998,    30h09m01s
[ 15500,  0.0003667]     0.8853,     0.9883,     0.6912,    30h04m50s
[ 15600,  0.0003664]     0.8817,     0.9905,     0.6668,    30h04m42s
[ 15700,  0.0003660]     0.8891,     0.9930,     0.6113,    30h03m53s
[ 15800,  0.0003657]     0.8900,     0.9919,     0.6042,    30h01m16s
[ 15900,  0.0003653]     0.8852,     0.9866,     0.7807,    30h01m20s
[ 16000,  0.0003650]     0.8973,     0.9959,     0.5460,    29h56m06s
[ 16100,  0.0003646]     0.8952,     0.9902,     0.6420,    29h53m25s
[ 16200,  0.0003643]     0.8995,     0.9919,     0.6225,    29h54m12s
[ 16300,  0.0003639]     0.8905,     0.9933,     0.6000,    29h54m28s
[ 16400,  0.0003636]     0.8886,     0.9903,     0.6609,    29h48m39s
[ 16500,  0.0003632]     0.8878,     0.9897,     0.6558,    29h50m55s
[ 16600,  0.0003629]     0.8838,     0.9891,     0.6574,    29h49m20s
[ 16700,  0.0003625]     0.8873,     0.9858,     0.7111,    29h42m40s
[ 16800,  0.0003622]     0.8998,     0.9903,     0.6152,    29h44m40s
[ 16900,  0.0003618]     0.8959,     0.9877,     0.6662,    29h43m09s
[ 17000,  0.0003615]     0.8912,     0.9881,     0.6630,    29h39m27s
[ 17100,  0.0003611]     0.8798,     0.9886,     0.6851,    29h39m23s
[ 17200,  0.0003608]     0.8956,     0.9858,     0.7045,    29h34m30s
[ 17300,  0.0003604]     0.9002,     0.9941,     0.5642,    29h36m44s
[ 17400,  0.0003601]     0.8877,     0.9888,     0.6530,    29h36m31s
[ 17500,  0.0003597]     0.9023,     0.9916,     0.6188,    29h35m26s
[ 17600,  0.0003593]     0.9044,     0.9942,     0.5614,    29h33m55s
[ 17700,  0.0003590]     0.9017,     0.9895,     0.6612,    29h26m29s
[ 17800,  0.0003586]     0.8984,     0.9936,     0.5584,    29h25m12s
[ 17900,  0.0003583]     0.9053,     0.9933,     0.5858,    29h26m01s
[ 18000,  0.0003579]     0.9072,     0.9923,     0.6440,    29h21m08s
[ 18100,  0.0003576]     0.8889,     0.9908,     0.6773,    29h21m13s
[ 18200,  0.0003572]     0.9003,     0.9955,     0.5679,    29h18m46s
[ 18300,  0.0003569]     0.9091,     0.9928,     0.5678,    29h15m59s
[ 18400,  0.0003565]     0.8995,     0.9886,     0.6917,    29h17m00s
[ 18500,  0.0003562]     0.9025,     0.9888,     0.6507,    29h14m30s
[ 18600,  0.0003558]     0.9078,     0.9948,     0.5384,    29h16m34s
[ 18700,  0.0003555]     0.9067,     0.9930,     0.6054,    29h12m12s
[ 18800,  0.0003551]     0.9050,     0.9906,     0.6185,    29h09m20s
[ 18900,  0.0003548]     0.9111,     0.9934,     0.5845,    29h11m07s
[ 19000,  0.0003544]     0.9039,     0.9934,     0.5945,    29h06m34s
[ 19100,  0.0003541]     0.9036,     0.9916,     0.5991,    29h05m52s
[ 19200,  0.0003537]     0.8994,     0.9948,     0.5639,    29h02m23s
[ 19300,  0.0003534]     0.9130,     0.9928,     0.6100,    29h03m27s
[ 19400,  0.0003530]     0.9058,     0.9891,     0.6670,    29h00m26s
[ 19500,  0.0003527]     0.9053,     0.9902,     0.6488,    28h55m52s
[ 19600,  0.0003523]     0.9113,     0.9927,     0.6197,    28h55m05s
[ 19700,  0.0003520]     0.9067,     0.9944,     0.5495,    28h55m39s
[ 19800,  0.0003516]     0.8983,     0.9894,     0.6226,    28h53m44s
[ 19900,  0.0003513]     0.9081,     0.9931,     0.5477,    28h48m35s
[ 20000,  0.0003509]     0.9023,     0.9917,     0.6159,    28h49m07s
Validation MACE: 0.597833
[ 20100,  0.0003506]     0.9098,     0.9927,     0.5751,    29h08m07s
[ 20200,  0.0003502]     0.9163,     0.9962,     0.5263,    28h52m02s
[ 20300,  0.0003499]     0.9066,     0.9928,     0.5821,    28h52m52s
[ 20400,  0.0003495]     0.9100,     0.9922,     0.6165,    28h44m10s
[ 20500,  0.0003492]     0.9155,     0.9933,     0.5773,    28h52m54s
[ 20600,  0.0003488]     0.9073,     0.9905,     0.6194,    28h38m27s
[ 20700,  0.0003485]     0.9117,     0.9936,     0.5457,    28h38m05s
[ 20800,  0.0003481]     0.9058,     0.9912,     0.6362,    28h32m53s
[ 20900,  0.0003478]     0.9152,     0.9931,     0.5620,    28h35m02s
[ 21000,  0.0003474]     0.9125,     0.9939,     0.5318,    28h31m14s
[ 21100,  0.0003471]     0.9156,     0.9930,     0.5652,    28h29m53s
[ 21200,  0.0003467]     0.9178,     0.9945,     0.5785,    28h32m45s
[ 21300,  0.0003464]     0.9127,     0.9955,     0.5310,    28h29m13s
[ 21400,  0.0003460]     0.9131,     0.9922,     0.6158,    28h26m48s
[ 21500,  0.0003457]     0.9145,     0.9911,     0.6080,    28h23m18s
[ 21600,  0.0003453]     0.9236,     0.9964,     0.4939,    28h32m46s
[ 21700,  0.0003450]     0.9055,     0.9908,     0.6820,    28h19m06s
[ 21800,  0.0003446]     0.9134,     0.9934,     0.5460,    28h17m22s
[ 21900,  0.0003443]     0.9155,     0.9953,     0.5254,    28h35m26s
[ 22000,  0.0003439]     0.9273,     0.9961,     0.5288,    28h16m37s
[ 22100,  0.0003436]     0.9045,     0.9934,     0.5567,    28h10m53s
[ 22200,  0.0003432]     0.9180,     0.9909,     0.6017,    28h16m56s
[ 22300,  0.0003429]     0.9244,     0.9958,     0.4889,    28h18m00s
[ 22400,  0.0003425]     0.9222,     0.9936,     0.5871,    28h05m09s
[ 22500,  0.0003422]     0.9227,     0.9942,     0.5267,    28h04m54s
[ 22600,  0.0003418]     0.9169,     0.9916,     0.5864,    28h02m32s
[ 22700,  0.0003415]     0.9180,     0.9933,     0.5765,    28h00m55s
[ 22800,  0.0003411]     0.9155,     0.9933,     0.5549,    27h56m29s
[ 22900,  0.0003408]     0.9167,     0.9927,     0.5581,    27h59m35s
[ 23000,  0.0003404]     0.9180,     0.9917,     0.5667,    27h57m24s
[ 23100,  0.0003401]     0.9167,     0.9964,     0.5139,    27h54m52s
[ 23200,  0.0003397]     0.9103,     0.9905,     0.6303,    27h52m41s
[ 23300,  0.0003394]     0.9223,     0.9931,     0.5372,    27h52m17s
[ 23400,  0.0003390]     0.9216,     0.9934,     0.5443,    27h48m22s
[ 23500,  0.0003387]     0.9231,     0.9934,     0.5980,    27h52m54s
[ 23600,  0.0003383]     0.9128,     0.9925,     0.5974,    27h46m21s
[ 23700,  0.0003380]     0.9300,     0.9966,     0.4747,    27h43m36s
[ 23800,  0.0003376]     0.9167,     0.9956,     0.5681,    27h41m30s
[ 23900,  0.0003373]     0.9308,     0.9966,     0.4851,    27h39m38s
[ 24000,  0.0003369]     0.9258,     0.9962,     0.5243,    27h39m50s
[ 24100,  0.0003366]     0.9294,     0.9955,     0.5439,    27h39m11s
[ 24200,  0.0003362]     0.9270,     0.9950,     0.5602,    27h37m09s
[ 24300,  0.0003359]     0.9200,     0.9939,     0.5117,    27h34m19s
[ 24400,  0.0003355]     0.9269,     0.9962,     0.5210,    27h33m03s
[ 24500,  0.0003352]     0.9313,     0.9942,     0.6004,    27h32m34s
[ 24600,  0.0003348]     0.9275,     0.9938,     0.5432,    27h29m16s
[ 24700,  0.0003345]     0.9289,     0.9969,     0.4854,    27h29m29s
[ 24800,  0.0003341]     0.9230,     0.9939,     0.5628,    27h23m36s
[ 24900,  0.0003338]     0.9280,     0.9955,     0.5396,    27h24m04s
[ 25000,  0.0003334]     0.9177,     0.9928,     0.5951,    27h21m53s
[ 25100,  0.0003331]     0.9245,     0.9920,     0.5810,    27h21m44s
[ 25200,  0.0003327]     0.9187,     0.9959,     0.5611,    27h18m19s
[ 25300,  0.0003324]     0.9258,     0.9928,     0.5453,    27h15m13s
[ 25400,  0.0003320]     0.9250,     0.9945,     0.5180,    27h13m54s
[ 25500,  0.0003317]     0.9228,     0.9939,     0.5504,    27h14m21s
[ 25600,  0.0003313]     0.9266,     0.9961,     0.5091,    27h13m50s
[ 25700,  0.0003310]     0.9306,     0.9956,     0.5081,    27h10m32s
[ 25800,  0.0003306]     0.9216,     0.9952,     0.5057,    27h05m49s
[ 25900,  0.0003303]     0.9278,     0.9944,     0.5337,    27h08m52s
[ 26000,  0.0003299]     0.9264,     0.9961,     0.4906,    27h06m52s
[ 26100,  0.0003296]     0.9256,     0.9947,     0.5073,    27h03m00s
[ 26200,  0.0003292]     0.9287,     0.9958,     0.4905,    27h03m42s
[ 26300,  0.0003288]     0.9256,     0.9939,     0.5022,    26h56m50s
[ 26400,  0.0003285]     0.9317,     0.9952,     0.5355,    26h58m39s
[ 26500,  0.0003281]     0.9298,     0.9941,     0.5610,    26h58m10s
[ 26600,  0.0003278]     0.9334,     0.9952,     0.5147,    26h52m17s
[ 26700,  0.0003274]     0.9258,     0.9953,     0.5169,    26h51m08s
[ 26800,  0.0003271]     0.9313,     0.9941,     0.5501,    26h52m55s
[ 26900,  0.0003267]     0.9259,     0.9939,     0.5168,    26h48m11s
[ 27000,  0.0003264]     0.9316,     0.9936,     0.5514,    26h46m35s
[ 27100,  0.0003260]     0.9313,     0.9941,     0.5539,    26h46m50s
[ 27200,  0.0003257]     0.9323,     0.9953,     0.5150,    26h46m28s
[ 27300,  0.0003253]     0.9195,     0.9925,     0.5769,    26h41m36s
[ 27400,  0.0003250]     0.9250,     0.9941,     0.5466,    26h42m30s
[ 27500,  0.0003246]     0.9220,     0.9952,     0.5066,    26h39m15s
[ 27600,  0.0003243]     0.9337,     0.9964,     0.5117,    26h36m28s
[ 27700,  0.0003239]     0.9305,     0.9930,     0.5454,    26h34m56s
[ 27800,  0.0003236]     0.9314,     0.9950,     0.4837,    26h33m59s
[ 27900,  0.0003232]     0.9402,     0.9942,     0.5026,    26h34m18s
[ 28000,  0.0003229]     0.9355,     0.9948,     0.5496,    26h30m19s
[ 28100,  0.0003225]     0.9334,     0.9962,     0.4682,    26h26m22s
[ 28200,  0.0003222]     0.9286,     0.9944,     0.5473,    26h28m19s
[ 28300,  0.0003218]     0.9355,     0.9966,     0.4979,    26h23m41s
[ 28400,  0.0003215]     0.9370,     0.9948,     0.5006,    26h22m37s
[ 28500,  0.0003211]     0.9316,     0.9952,     0.4933,    26h21m30s
[ 28600,  0.0003208]     0.9323,     0.9972,     0.4527,    26h19m07s
[ 28700,  0.0003204]     0.9373,     0.9936,     0.5410,    26h17m32s
[ 28800,  0.0003201]     0.9327,     0.9934,     0.5698,    26h17m57s
[ 28900,  0.0003197]     0.9431,     0.9964,     0.4829,    26h14m14s
[ 29000,  0.0003194]     0.9286,     0.9950,     0.5079,    26h14m36s
[ 29100,  0.0003190]     0.9344,     0.9958,     0.5148,    26h09m42s
[ 29200,  0.0003187]     0.9358,     0.9972,     0.4793,    26h10m08s
[ 29300,  0.0003183]     0.9377,     0.9948,     0.4987,    26h09m26s
[ 29400,  0.0003180]     0.9253,     0.9903,     0.6269,    26h05m12s
[ 29500,  0.0003176]     0.9355,     0.9973,     0.4761,    26h03m48s
[ 29600,  0.0003173]     0.9323,     0.9955,     0.5189,    26h03m04s
[ 29700,  0.0003169]     0.9320,     0.9955,     0.4962,    26h07m22s
[ 29800,  0.0003166]     0.9395,     0.9941,     0.5116,    26h00m05s
[ 29900,  0.0003162]     0.9363,     0.9953,     0.4897,    25h57m04s
[ 30000,  0.0003159]     0.9292,     0.9953,     0.5233,    25h54m50s
Validation MACE: 0.528448
[ 30100,  0.0003155]     0.9327,     0.9945,     0.5235,    26h24m52s
[ 30200,  0.0003152]     0.9316,     0.9945,     0.5402,    25h50m52s
[ 30300,  0.0003148]     0.9320,     0.9945,     0.4979,    25h51m03s
[ 30400,  0.0003145]     0.9345,     0.9936,     0.5166,    25h52m02s
[ 30500,  0.0003141]     0.9325,     0.9945,     0.5192,    25h46m16s
[ 30600,  0.0003138]     0.9350,     0.9942,     0.5461,    25h44m59s
[ 30700,  0.0003134]     0.9330,     0.9947,     0.5179,    25h45m35s
[ 30800,  0.0003131]     0.9320,     0.9941,     0.5566,    25h41m19s
[ 30900,  0.0003127]     0.9316,     0.9928,     0.5634,    25h40m38s
[ 31000,  0.0003124]     0.9305,     0.9948,     0.5192,    25h39m55s
[ 31100,  0.0003120]     0.9347,     0.9955,     0.4913,    25h34m22s
[ 31200,  0.0003117]     0.9333,     0.9955,     0.5115,    25h36m30s
[ 31300,  0.0003113]     0.9350,     0.9961,     0.4869,    25h33m58s
[ 31400,  0.0003110]     0.9383,     0.9947,     0.5281,    25h30m24s
[ 31500,  0.0003106]     0.9392,     0.9964,     0.4534,    25h32m30s
[ 31600,  0.0003103]     0.9394,     0.9944,     0.5035,    25h25m44s
[ 31700,  0.0003099]     0.9405,     0.9962,     0.4622,    25h28m09s
[ 31800,  0.0003096]     0.9281,     0.9931,     0.5719,    25h25m04s
[ 31900,  0.0003092]     0.9339,     0.9970,     0.4732,    25h23m01s
[ 32000,  0.0003089]     0.9355,     0.9962,     0.4887,    25h18m11s
[ 32100,  0.0003085]     0.9361,     0.9980,     0.4659,    25h21m50s
[ 32200,  0.0003082]     0.9336,     0.9941,     0.5645,    25h19m33s
[ 32300,  0.0003078]     0.9264,     0.9931,     0.5347,    25h15m20s
[ 32400,  0.0003075]     0.9406,     0.9961,     0.4612,    25h16m15s
[ 32500,  0.0003071]     0.9392,     0.9938,     0.5213,    25h14m18s
[ 32600,  0.0003068]     0.9270,     0.9938,     0.5529,    25h12m07s
[ 32700,  0.0003064]     0.9355,     0.9952,     0.5103,    25h08m52s
[ 32800,  0.0003061]     0.9347,     0.9962,     0.4820,    25h04m31s
[ 32900,  0.0003057]     0.9409,     0.9962,     0.4685,    25h04m26s
[ 33000,  0.0003054]     0.9378,     0.9927,     0.6318,    25h02m54s
[ 33100,  0.0003050]     0.9447,     0.9967,     0.4376,    25h01m17s
[ 33200,  0.0003047]     0.9428,     0.9953,     0.4740,    25h01m04s
[ 33300,  0.0003043]     0.9406,     0.9942,     0.5086,    24h59m48s
[ 33400,  0.0003040]     0.9445,     0.9969,     0.4356,    24h57m13s
[ 33500,  0.0003036]     0.9413,     0.9970,     0.4666,    24h54m45s
[ 33600,  0.0003033]     0.9369,     0.9958,     0.4848,    24h53m48s
[ 33700,  0.0003029]     0.9394,     0.9941,     0.5248,    24h50m52s
[ 33800,  0.0003026]     0.9442,     0.9953,     0.4732,    24h51m19s
[ 33900,  0.0003022]     0.9431,     0.9966,     0.4512,    24h48m03s
[ 34000,  0.0003019]     0.9463,     0.9986,     0.4284,    24h46m48s
[ 34100,  0.0003015]     0.9370,     0.9950,     0.4808,    24h44m41s
[ 34200,  0.0003012]     0.9395,     0.9944,     0.5145,    24h45m35s
[ 34300,  0.0003008]     0.9448,     0.9962,     0.4742,    24h41m06s
[ 34400,  0.0003005]     0.9411,     0.9947,     0.4888,    24h39m06s
[ 34500,  0.0003001]     0.9450,     0.9970,     0.4404,    24h37m23s
[ 34600,  0.0002998]     0.9463,     0.9984,     0.4259,    24h35m24s
[ 34700,  0.0002994]     0.9397,     0.9961,     0.5004,    24h34m17s
[ 34800,  0.0002990]     0.9453,     0.9981,     0.4489,    24h33m20s
[ 34900,  0.0002987]     0.9433,     0.9936,     0.5285,    24h31m44s
[ 35000,  0.0002983]     0.9506,     0.9988,     0.4276,    24h31m02s
[ 35100,  0.0002980]     0.9487,     0.9975,     0.4361,    24h33m14s
[ 35200,  0.0002976]     0.9402,     0.9969,     0.4672,    24h22m29s
[ 35300,  0.0002973]     0.9422,     0.9955,     0.4767,    24h24m36s
[ 35400,  0.0002969]     0.9387,     0.9939,     0.5200,    24h22m30s
[ 35500,  0.0002966]     0.9425,     0.9978,     0.4560,    24h19m29s
[ 35600,  0.0002962]     0.9452,     0.9961,     0.4619,    24h18m56s
[ 35700,  0.0002959]     0.9392,     0.9978,     0.4593,    24h17m23s
[ 35800,  0.0002955]     0.9403,     0.9969,     0.4479,    24h15m14s
[ 35900,  0.0002952]     0.9469,     0.9980,     0.4451,    24h14m10s
[ 36000,  0.0002948]     0.9500,     0.9964,     0.4635,    24h14m36s
[ 36100,  0.0002945]     0.9445,     0.9967,     0.4642,    24h11m16s
[ 36200,  0.0002941]     0.9452,     0.9980,     0.4357,    24h09m53s
[ 36300,  0.0002938]     0.9369,     0.9973,     0.4670,    24h04m24s
[ 36400,  0.0002934]     0.9466,     0.9964,     0.4615,    24h06m06s
[ 36500,  0.0002931]     0.9478,     0.9964,     0.4789,    24h01m01s
[ 36600,  0.0002927]     0.9417,     0.9973,     0.4443,    24h04m24s
[ 36700,  0.0002924]     0.9523,     0.9969,     0.4358,    24h01m05s
[ 36800,  0.0002920]     0.9497,     0.9978,     0.4471,    23h59m22s
[ 36900,  0.0002917]     0.9475,     0.9983,     0.4208,    23h56m14s
[ 37000,  0.0002913]     0.9462,     0.9958,     0.4756,    23h55m40s
[ 37100,  0.0002910]     0.9530,     0.9981,     0.4170,    23h59m14s
[ 37200,  0.0002906]     0.9484,     0.9956,     0.4696,    23h50m28s
[ 37300,  0.0002903]     0.9480,     0.9959,     0.4795,    23h48m31s
[ 37400,  0.0002899]     0.9505,     0.9967,     0.4369,    23h46m26s
[ 37500,  0.0002896]     0.9478,     0.9973,     0.4515,    23h46m35s
[ 37600,  0.0002892]     0.9423,     0.9959,     0.4465,    23h44m08s
[ 37700,  0.0002889]     0.9416,     0.9934,     0.5388,    23h40m57s
[ 37800,  0.0002885]     0.9422,     0.9944,     0.4676,    23h41m37s
[ 37900,  0.0002882]     0.9458,     0.9977,     0.4452,    23h39m35s
[ 38000,  0.0002878]     0.9445,     0.9975,     0.4487,    23h37m02s
[ 38100,  0.0002875]     0.9464,     0.9973,     0.4593,    23h36m31s
[ 38200,  0.0002871]     0.9483,     0.9975,     0.4285,    23h33m27s
[ 38300,  0.0002868]     0.9452,     0.9956,     0.4549,    23h32m53s
[ 38400,  0.0002864]     0.9464,     0.9941,     0.4568,    23h29m59s
[ 38500,  0.0002861]     0.9413,     0.9970,     0.4730,    23h27m16s
[ 38600,  0.0002857]     0.9475,     0.9959,     0.4669,    23h30m29s
[ 38700,  0.0002854]     0.9472,     0.9962,     0.4575,    23h25m54s
[ 38800,  0.0002850]     0.9464,     0.9958,     0.4941,    23h25m02s
[ 38900,  0.0002847]     0.9539,     0.9975,     0.4370,    23h21m15s
[ 39000,  0.0002843]     0.9458,     0.9966,     0.4814,    23h21m24s
[ 39100,  0.0002840]     0.9469,     0.9977,     0.4531,    23h16m14s
[ 39200,  0.0002836]     0.9497,     0.9984,     0.4312,    23h18m54s
[ 39300,  0.0002833]     0.9447,     0.9950,     0.5322,    23h14m15s
[ 39400,  0.0002829]     0.9477,     0.9964,     0.4524,    23h13m58s
[ 39500,  0.0002826]     0.9486,     0.9962,     0.4601,    23h11m08s
[ 39600,  0.0002822]     0.9534,     0.9961,     0.4391,    23h07m06s
[ 39700,  0.0002819]     0.9513,     0.9972,     0.4485,    23h07m20s
[ 39800,  0.0002815]     0.9486,     0.9978,     0.4371,    23h06m47s
[ 39900,  0.0002812]     0.9437,     0.9958,     0.4612,    23h05m04s
[ 40000,  0.0002808]     0.9461,     0.9964,     0.4772,    23h03m49s
Validation MACE: 0.688043
[ 40100,  0.0002805]     0.9441,     0.9977,     0.4606,    23h20m58s
[ 40200,  0.0002801]     0.9422,     0.9959,     0.4695,    22h56m08s
[ 40300,  0.0002798]     0.9531,     0.9970,     0.4212,    22h58m12s
[ 40400,  0.0002794]     0.9477,     0.9962,     0.4816,    23h00m37s
[ 40500,  0.0002791]     0.9402,     0.9917,     0.5737,    22h54m06s
[ 40600,  0.0002787]     0.9397,     0.9948,     0.5092,    22h54m58s
[ 40700,  0.0002784]     0.9505,     0.9964,     0.4468,    22h49m32s
[ 40800,  0.0002780]     0.9456,     0.9953,     0.4818,    22h50m46s
[ 40900,  0.0002777]     0.9541,     0.9961,     0.4296,    22h47m46s
[ 41000,  0.0002773]     0.9450,     0.9955,     0.4695,    22h45m14s
[ 41100,  0.0002770]     0.9480,     0.9983,     0.4119,    22h47m44s
[ 41200,  0.0002766]     0.9459,     0.9967,     0.4531,    22h44m29s
[ 41300,  0.0002763]     0.9548,     0.9967,     0.4366,    22h42m19s
[ 41400,  0.0002759]     0.9586,     0.9970,     0.4452,    22h40m54s
[ 41500,  0.0002756]     0.9513,     0.9967,     0.4710,    22h35m59s
[ 41600,  0.0002752]     0.9487,     0.9977,     0.4392,    22h35m18s
[ 41700,  0.0002749]     0.9537,     0.9969,     0.4401,    22h34m28s
[ 41800,  0.0002745]     0.9470,     0.9952,     0.4915,    22h33m56s
[ 41900,  0.0002742]     0.9497,     0.9966,     0.4274,    22h30m28s
[ 42000,  0.0002738]     0.9453,     0.9956,     0.4865,    22h29m13s
[ 42100,  0.0002735]     0.9536,     0.9959,     0.4312,    22h25m27s
[ 42200,  0.0002731]     0.9467,     0.9952,     0.4702,    22h25m04s
[ 42300,  0.0002728]     0.9481,     0.9975,     0.4186,    22h23m20s
[ 42400,  0.0002724]     0.9525,     0.9966,     0.4540,    22h24m12s
[ 42500,  0.0002721]     0.9494,     0.9939,     0.4918,    22h20m47s
[ 42600,  0.0002717]     0.9511,     0.9967,     0.4354,    22h16m09s
[ 42700,  0.0002714]     0.9531,     0.9978,     0.4217,    22h17m48s
[ 42800,  0.0002710]     0.9489,     0.9984,     0.4100,    22h17m52s
[ 42900,  0.0002707]     0.9517,     0.9962,     0.4644,    22h13m43s
[ 43000,  0.0002703]     0.9567,     0.9978,     0.4221,    22h12m05s
[ 43100,  0.0002700]     0.9564,     0.9980,     0.4072,    22h09m13s
[ 43200,  0.0002696]     0.9502,     0.9973,     0.4639,    22h06m15s
[ 43300,  0.0002692]     0.9509,     0.9977,     0.4243,    22h04m37s
[ 43400,  0.0002689]     0.9461,     0.9962,     0.4523,    22h05m16s
[ 43500,  0.0002685]     0.9453,     0.9972,     0.4610,    22h02m55s
[ 43600,  0.0002682]     0.9556,     0.9991,     0.3991,    22h02m02s
[ 43700,  0.0002678]     0.9494,     0.9964,     0.4696,    21h59m00s
[ 43800,  0.0002675]     0.9561,     0.9992,     0.4012,    21h56m41s
[ 43900,  0.0002671]     0.9544,     0.9973,     0.4238,    21h55m22s
[ 44000,  0.0002668]     0.9597,     0.9975,     0.4486,    21h53m54s
[ 44100,  0.0002664]     0.9567,     0.9973,     0.4219,    21h53m00s
[ 44200,  0.0002661]     0.9556,     0.9970,     0.4107,    21h51m12s
[ 44300,  0.0002657]     0.9525,     0.9967,     0.4258,    21h48m09s
[ 44400,  0.0002654]     0.9529,     0.9972,     0.4363,    21h51m02s
[ 44500,  0.0002650]     0.9555,     0.9977,     0.4287,    21h52m04s
[ 44600,  0.0002647]     0.9555,     0.9975,     0.4173,    21h44m42s
[ 44700,  0.0002643]     0.9505,     0.9958,     0.4781,    21h42m27s
[ 44800,  0.0002640]     0.9523,     0.9986,     0.4037,    21h41m56s
[ 44900,  0.0002636]     0.9527,     0.9944,     0.4857,    21h39m42s
[ 45000,  0.0002633]     0.9552,     0.9989,     0.4017,    21h37m47s
[ 45100,  0.0002629]     0.9498,     0.9964,     0.4459,    21h31m56s
[ 45200,  0.0002626]     0.9530,     0.9973,     0.4298,    21h35m36s
[ 45300,  0.0002622]     0.9536,     0.9972,     0.4133,    21h30m51s
[ 45400,  0.0002619]     0.9552,     0.9973,     0.4130,    21h30m29s
[ 45500,  0.0002615]     0.9544,     0.9983,     0.4148,    21h26m27s
[ 45600,  0.0002612]     0.9520,     0.9962,     0.4629,    21h27m34s
[ 45700,  0.0002608]     0.9514,     0.9973,     0.4358,    21h25m37s
[ 45800,  0.0002605]     0.9533,     0.9975,     0.4356,    21h23m02s
[ 45900,  0.0002601]     0.9511,     0.9973,     0.4225,    21h22m34s
[ 46000,  0.0002598]     0.9541,     0.9984,     0.4110,    21h19m30s
[ 46100,  0.0002594]     0.9469,     0.9977,     0.4339,    21h18m48s
[ 46200,  0.0002591]     0.9472,     0.9969,     0.4185,    21h19m30s
[ 46300,  0.0002587]     0.9498,     0.9967,     0.4462,    21h18m25s
[ 46400,  0.0002584]     0.9572,     0.9959,     0.4451,    21h13m38s
[ 46500,  0.0002580]     0.9506,     0.9967,     0.4451,    21h12m57s
[ 46600,  0.0002577]     0.9608,     0.9967,     0.4726,    21h10m22s
[ 46700,  0.0002573]     0.9575,     0.9967,     0.4296,    21h07m11s
[ 46800,  0.0002570]     0.9575,     0.9966,     0.4338,    21h05m34s
[ 46900,  0.0002566]     0.9591,     0.9981,     0.4167,    21h03m11s
[ 47000,  0.0002563]     0.9573,     0.9991,     0.3920,    21h02m39s
[ 47100,  0.0002559]     0.9495,     0.9953,     0.4500,    21h04m00s
[ 47200,  0.0002556]     0.9563,     0.9975,     0.4078,    21h08m16s
[ 47300,  0.0002552]     0.9567,     0.9973,     0.4585,    21h05m00s
[ 47400,  0.0002549]     0.9505,     0.9959,     0.4377,    20h55m25s
[ 47500,  0.0002545]     0.9580,     0.9972,     0.4310,    20h55m04s
[ 47600,  0.0002542]     0.9531,     0.9966,     0.4282,    20h52m32s
[ 47700,  0.0002538]     0.9569,     0.9972,     0.4505,    20h49m30s
[ 47800,  0.0002535]     0.9578,     0.9980,     0.4325,    20h47m42s
[ 47900,  0.0002531]     0.9591,     0.9975,     0.4162,    20h47m04s
[ 48000,  0.0002528]     0.9506,     0.9944,     0.4533,    20h47m04s
[ 48100,  0.0002524]     0.9541,     0.9970,     0.4353,    20h44m14s
[ 48200,  0.0002521]     0.9577,     0.9988,     0.4074,    20h41m26s
[ 48300,  0.0002517]     0.9584,     0.9980,     0.4186,    20h39m42s
[ 48400,  0.0002514]     0.9584,     0.9981,     0.4102,    20h40m49s
[ 48500,  0.0002510]     0.9580,     0.9955,     0.4597,    20h36m21s
[ 48600,  0.0002507]     0.9530,     0.9950,     0.4380,    20h35m06s
[ 48700,  0.0002503]     0.9517,     0.9980,     0.4185,    20h34m15s
[ 48800,  0.0002500]     0.9508,     0.9975,     0.4313,    20h32m28s
[ 48900,  0.0002496]     0.9514,     0.9975,     0.4159,    20h30m55s
[ 49000,  0.0002493]     0.9602,     0.9977,     0.4202,    20h28m15s
[ 49100,  0.0002489]     0.9581,     0.9969,     0.4121,    20h36m37s
[ 49200,  0.0002486]     0.9570,     0.9977,     0.4068,    20h24m20s
[ 49300,  0.0002482]     0.9578,     0.9995,     0.3820,    20h22m37s
[ 49400,  0.0002479]     0.9641,     0.9959,     0.4419,    20h21m14s
[ 49500,  0.0002475]     0.9523,     0.9950,     0.4685,    20h21m04s
[ 49600,  0.0002472]     0.9614,     0.9970,     0.4149,    20h17m00s
[ 49700,  0.0002468]     0.9592,     0.9975,     0.4070,    20h17m09s
[ 49800,  0.0002465]     0.9553,     0.9958,     0.4281,    20h13m06s
[ 49900,  0.0002461]     0.9620,     0.9986,     0.3846,    20h12m29s
[ 50000,  0.0002458]     0.9564,     0.9964,     0.4096,    20h08m16s
Validation MACE: 0.468599
[ 50100,  0.0002454]     0.9584,     0.9975,     0.4152,    20h26m07s
[ 50200,  0.0002451]     0.9592,     0.9997,     0.3844,    20h10m18s
[ 50300,  0.0002447]     0.9484,     0.9966,     0.4576,    20h10m58s
[ 50400,  0.0002444]     0.9570,     0.9964,     0.4484,    20h05m40s
[ 50500,  0.0002440]     0.9630,     0.9978,     0.4040,    20h05m14s
[ 50600,  0.0002437]     0.9559,     0.9962,     0.4289,    20h01m18s
[ 50700,  0.0002433]     0.9541,     0.9967,     0.4406,    19h59m15s
[ 50800,  0.0002430]     0.9613,     0.9988,     0.3833,    19h58m10s
[ 50900,  0.0002426]     0.9498,     0.9944,     0.5107,    19h56m48s
[ 51000,  0.0002423]     0.9584,     0.9966,     0.4314,    19h53m08s
[ 51100,  0.0002419]     0.9575,     0.9961,     0.4114,    19h52m21s
[ 51200,  0.0002416]     0.9620,     0.9972,     0.4011,    19h48m43s
[ 51300,  0.0002412]     0.9592,     0.9978,     0.4228,    19h49m22s
[ 51400,  0.0002409]     0.9583,     0.9970,     0.4210,    20h30m57s
[ 51500,  0.0002405]     0.9589,     0.9958,     0.4285,    19h43m55s
[ 51600,  0.0002402]     0.9608,     0.9969,     0.4168,    19h43m18s
[ 51700,  0.0002398]     0.9581,     0.9988,     0.3864,    19h42m28s
[ 51800,  0.0002395]     0.9584,     0.9975,     0.4066,    19h41m51s
[ 51900,  0.0002391]     0.9564,     0.9955,     0.4628,    19h44m40s
[ 52000,  0.0002387]     0.9598,     0.9988,     0.3863,    19h35m36s
[ 52100,  0.0002384]     0.9619,     0.9986,     0.3861,    19h33m59s
[ 52200,  0.0002380]     0.9589,     0.9969,     0.4229,    19h31m55s
[ 52300,  0.0002377]     0.9595,     0.9978,     0.4039,    19h31m31s
[ 52400,  0.0002373]     0.9597,     0.9998,     0.3853,    19h29m37s
[ 52500,  0.0002370]     0.9495,     0.9936,     0.4866,    19h26m56s
[ 52600,  0.0002366]     0.9598,     0.9969,     0.4095,    19h25m41s
[ 52700,  0.0002363]     0.9547,     0.9962,     0.4482,    19h24m11s
[ 52800,  0.0002359]     0.9566,     0.9973,     0.4030,    19h23m36s
[ 52900,  0.0002356]     0.9625,     0.9988,     0.3751,    19h20m01s
[ 53000,  0.0002352]     0.9620,     0.9983,     0.3935,    19h20m12s
[ 53100,  0.0002349]     0.9584,     0.9961,     0.4092,    19h19m12s
[ 53200,  0.0002345]     0.9608,     0.9983,     0.4115,    19h16m51s
[ 53300,  0.0002342]     0.9598,     0.9966,     0.4215,    19h13m59s
[ 53400,  0.0002338]     0.9581,     0.9973,     0.4041,    19h14m52s
[ 53500,  0.0002335]     0.9555,     0.9967,     0.4194,    19h10m19s
[ 53600,  0.0002331]     0.9555,     0.9977,     0.4138,    19h10m20s
[ 53700,  0.0002328]     0.9602,     0.9967,     0.4128,    19h06m25s
[ 53800,  0.0002324]     0.9567,     0.9939,     0.4954,    19h28m57s
[ 53900,  0.0002321]     0.9616,     0.9981,     0.3923,    19h26m30s
[ 54000,  0.0002317]     0.9645,     0.9988,     0.3767,    19h24m48s
[ 54100,  0.0002314]     0.9603,     0.9975,     0.4164,    19h34m52s
[ 54200,  0.0002310]     0.9611,     0.9975,     0.4055,    19h01m02s
[ 54300,  0.0002307]     0.9616,     0.9978,     0.4088,    18h57m53s
[ 54400,  0.0002303]     0.9639,     0.9983,     0.3900,    18h56m50s
[ 54500,  0.0002300]     0.9642,     0.9995,     0.3736,    18h59m57s
[ 54600,  0.0002296]     0.9583,     0.9983,     0.3969,    18h54m43s
[ 54700,  0.0002293]     0.9619,     0.9983,     0.3931,    18h49m31s
[ 54800,  0.0002289]     0.9555,     0.9973,     0.4676,    18h48m31s
[ 54900,  0.0002286]     0.9566,     0.9970,     0.4253,    18h45m19s
[ 55000,  0.0002282]     0.9575,     0.9955,     0.4867,    18h43m21s
[ 55100,  0.0002279]     0.9597,     0.9972,     0.4105,    18h43m11s
[ 55200,  0.0002275]     0.9611,     0.9973,     0.4429,    18h41m35s
[ 55300,  0.0002272]     0.9605,     0.9964,     0.4169,    18h38m46s
[ 55400,  0.0002268]     0.9567,     0.9959,     0.4542,    18h37m08s
[ 55500,  0.0002265]     0.9627,     0.9972,     0.4375,    18h36m04s
[ 55600,  0.0002261]     0.9602,     0.9958,     0.4307,    18h34m52s
[ 55700,  0.0002258]     0.9594,     0.9977,     0.4026,    18h33m03s
[ 55800,  0.0002254]     0.9620,     0.9944,     0.4393,    18h31m47s
[ 55900,  0.0002251]     0.9613,     0.9988,     0.3813,    18h27m36s
[ 56000,  0.0002247]     0.9592,     0.9970,     0.3977,    18h27m19s
[ 56100,  0.0002244]     0.9567,     0.9969,     0.4403,    18h24m35s
[ 56200,  0.0002240]     0.9619,     0.9973,     0.3952,    18h24m11s
[ 56300,  0.0002237]     0.9641,     0.9983,     0.3854,    18h22m16s
[ 56400,  0.0002233]     0.9655,     0.9988,     0.3756,    18h20m25s
[ 56500,  0.0002230]     0.9636,     0.9977,     0.4099,    18h18m08s
[ 56600,  0.0002226]     0.9675,     0.9988,     0.3796,    18h18m12s
[ 56700,  0.0002223]     0.9664,     0.9977,     0.3749,    18h16m05s
[ 56800,  0.0002219]     0.9633,     0.9991,     0.3717,    18h16m14s
[ 56900,  0.0002216]     0.9620,     0.9969,     0.4277,    18h12m28s
[ 57000,  0.0002212]     0.9641,     0.9964,     0.4088,    18h08m08s
[ 57100,  0.0002209]     0.9637,     0.9973,     0.3954,    18h09m06s
[ 57200,  0.0002205]     0.9620,     0.9978,     0.4122,    18h07m16s
[ 57300,  0.0002202]     0.9656,     0.9959,     0.4268,    18h04m24s
[ 57400,  0.0002198]     0.9675,     0.9989,     0.3813,    18h03m57s
[ 57500,  0.0002195]     0.9609,     0.9964,     0.4108,    18h01m42s
[ 57600,  0.0002191]     0.9630,     0.9973,     0.4135,    17h59m13s
[ 57700,  0.0002188]     0.9616,     0.9966,     0.4176,    17h56m53s
[ 57800,  0.0002184]     0.9625,     0.9991,     0.3944,    17h56m10s
[ 57900,  0.0002181]     0.9608,     0.9983,     0.3895,    17h54m36s
[ 58000,  0.0002177]     0.9634,     0.9983,     0.3990,    17h52m38s
[ 58100,  0.0002174]     0.9600,     0.9983,     0.3858,    17h49m33s
[ 58200,  0.0002170]     0.9600,     0.9984,     0.3898,    17h48m53s
[ 58300,  0.0002167]     0.9616,     0.9983,     0.3847,    17h47m45s
[ 58400,  0.0002163]     0.9644,     0.9988,     0.3900,    17h44m41s
[ 58500,  0.0002160]     0.9614,     0.9962,     0.4455,    17h42m15s
[ 58600,  0.0002156]     0.9591,     0.9972,     0.4010,    17h43m12s
[ 58700,  0.0002153]     0.9631,     0.9961,     0.4112,    17h40m56s
[ 58800,  0.0002149]     0.9698,     0.9984,     0.3822,    17h38m15s
[ 58900,  0.0002146]     0.9656,     0.9980,     0.3861,    17h36m25s
[ 59000,  0.0002142]     0.9625,     0.9980,     0.3961,    17h34m58s
[ 59100,  0.0002139]     0.9611,     0.9936,     0.5002,    17h33m44s
[ 59200,  0.0002135]     0.9600,     0.9966,     0.4270,    17h35m28s
[ 59300,  0.0002132]     0.9666,     0.9983,     0.3922,    17h33m01s
[ 59400,  0.0002128]     0.9605,     0.9983,     0.4014,    17h26m45s
[ 59500,  0.0002125]     0.9623,     0.9980,     0.3797,    17h27m32s
[ 59600,  0.0002121]     0.9703,     0.9980,     0.3704,    17h25m35s
[ 59700,  0.0002118]     0.9672,     0.9981,     0.3774,    17h22m19s
[ 59800,  0.0002114]     0.9659,     0.9973,     0.4054,    17h21m46s
[ 59900,  0.0002111]     0.9606,     0.9958,     0.4384,    17h21m37s
[ 60000,  0.0002107]     0.9614,     0.9977,     0.4004,    17h20m43s
Validation MACE: 0.361305
[ 60100,  0.0002104]     0.9639,     0.9977,     0.3855,    17h34m19s
[ 60200,  0.0002100]     0.9567,     0.9978,     0.4312,    17h10m46s
[ 60300,  0.0002097]     0.9655,     0.9978,     0.3816,    17h12m25s
[ 60400,  0.0002093]     0.9636,     0.9981,     0.3700,    17h10m18s
[ 60500,  0.0002089]     0.9681,     0.9984,     0.3647,    17h09m07s
[ 60600,  0.0002086]     0.9675,     0.9977,     0.4021,    17h08m05s
[ 60700,  0.0002082]     0.9675,     0.9988,     0.3723,    17h05m07s
[ 60800,  0.0002079]     0.9655,     0.9970,     0.4032,    17h04m44s
[ 60900,  0.0002075]     0.9641,     0.9988,     0.3804,    17h00m51s
[ 61000,  0.0002072]     0.9656,     0.9980,     0.3692,    17h00m27s
[ 61100,  0.0002068]     0.9648,     0.9984,     0.3964,    17h00m01s
[ 61200,  0.0002065]     0.9664,     0.9994,     0.3647,    16h58m36s
[ 61300,  0.0002061]     0.9669,     0.9989,     0.3831,    16h55m28s
[ 61400,  0.0002058]     0.9636,     0.9984,     0.3799,    16h55m11s
[ 61500,  0.0002054]     0.9667,     0.9992,     0.3626,    16h50m49s
[ 61600,  0.0002051]     0.9677,     0.9978,     0.3870,    16h50m11s
[ 61700,  0.0002047]     0.9711,     0.9986,     0.3744,    16h48m18s
[ 61800,  0.0002044]     0.9603,     0.9966,     0.3973,    16h48m01s
[ 61900,  0.0002040]     0.9669,     0.9991,     0.3703,    16h45m49s
[ 62000,  0.0002037]     0.9667,     0.9980,     0.3847,    16h45m13s
[ 62100,  0.0002033]     0.9656,     0.9975,     0.4181,    16h43m17s
[ 62200,  0.0002030]     0.9655,     0.9977,     0.3972,    16h41m00s
[ 62300,  0.0002026]     0.9681,     0.9978,     0.3863,    16h37m07s
[ 62400,  0.0002023]     0.9688,     0.9989,     0.3837,    16h38m49s
[ 62500,  0.0002019]     0.9691,     0.9988,     0.3805,    16h34m11s
[ 62600,  0.0002016]     0.9606,     0.9975,     0.3924,    16h33m05s
[ 62700,  0.0002012]     0.9641,     0.9988,     0.3705,    16h30m19s
[ 62800,  0.0002009]     0.9664,     0.9969,     0.4094,    16h28m41s
[ 62900,  0.0002005]     0.9661,     0.9991,     0.3851,    16h26m53s
[ 63000,  0.0002002]     0.9627,     0.9986,     0.3793,    16h27m01s
[ 63100,  0.0001998]     0.9678,     0.9988,     0.3649,    16h25m38s
[ 63200,  0.0001995]     0.9688,     0.9984,     0.3964,    16h23m04s
[ 63300,  0.0001991]     0.9620,     0.9980,     0.3961,    16h21m45s
[ 63400,  0.0001988]     0.9634,     0.9973,     0.4058,    16h16m55s
[ 63500,  0.0001984]     0.9656,     0.9991,     0.3670,    16h20m01s
[ 63600,  0.0001981]     0.9723,     0.9994,     0.3583,    16h14m28s
[ 63700,  0.0001977]     0.9683,     0.9992,     0.3543,    16h14m21s
[ 63800,  0.0001974]     0.9739,     0.9994,     0.3483,    16h11m31s
[ 63900,  0.0001970]     0.9634,     0.9967,     0.3904,    16h11m56s
[ 64000,  0.0001967]     0.9630,     0.9978,     0.3997,    16h06m40s
[ 64100,  0.0001963]     0.9648,     0.9977,     0.4217,    16h08m48s
[ 64200,  0.0001960]     0.9637,     0.9962,     0.4179,    16h05m57s
[ 64300,  0.0001956]     0.9659,     0.9983,     0.3807,    16h01m45s
[ 64400,  0.0001953]     0.9648,     0.9969,     0.4149,    16h00m48s
[ 64500,  0.0001949]     0.9650,     0.9988,     0.3847,    15h59m48s
[ 64600,  0.0001946]     0.9706,     0.9992,     0.3524,    15h56m22s
[ 64700,  0.0001942]     0.9670,     0.9975,     0.4113,    15h55m09s
[ 64800,  0.0001939]     0.9666,     0.9975,     0.4161,    15h55m02s
[ 64900,  0.0001935]     0.9637,     0.9980,     0.3928,    15h53m14s
[ 65000,  0.0001932]     0.9611,     0.9975,     0.3871,    15h51m43s
[ 65100,  0.0001928]     0.9716,     0.9997,     0.3532,    15h49m29s
[ 65200,  0.0001925]     0.9723,     0.9995,     0.3553,    15h50m17s
[ 65300,  0.0001921]     0.9655,     0.9995,     0.3535,    15h46m46s
[ 65400,  0.0001918]     0.9617,     0.9973,     0.3987,    15h45m13s
[ 65500,  0.0001914]     0.9637,     0.9989,     0.3742,    15h44m24s
[ 65600,  0.0001911]     0.9592,     0.9989,     0.3797,    15h39m39s
[ 65700,  0.0001907]     0.9700,     0.9994,     0.3645,    15h39m06s
[ 65800,  0.0001904]     0.9681,     0.9989,     0.3630,    15h36m51s
[ 65900,  0.0001900]     0.9658,     0.9961,     0.4172,    15h35m10s
[ 66000,  0.0001897]     0.9677,     0.9984,     0.3778,    15h32m54s
[ 66100,  0.0001893]     0.9672,     0.9980,     0.3936,    15h32m45s
[ 66200,  0.0001890]     0.9697,     0.9988,     0.3717,    15h29m21s
[ 66300,  0.0001886]     0.9730,     0.9988,     0.3608,    15h29m30s
[ 66400,  0.0001883]     0.9653,     0.9983,     0.3790,    15h27m13s
[ 66500,  0.0001879]     0.9698,     0.9959,     0.4076,    15h25m52s
[ 66600,  0.0001876]     0.9695,     0.9981,     0.3659,    15h25m10s
[ 66700,  0.0001872]     0.9645,     0.9967,     0.4059,    15h27m08s
[ 66800,  0.0001869]     0.9681,     0.9970,     0.3998,    15h19m33s
[ 66900,  0.0001865]     0.9714,     0.9984,     0.3620,    15h18m22s
[ 67000,  0.0001862]     0.9675,     0.9984,     0.3649,    15h15m21s
[ 67100,  0.0001858]     0.9650,     0.9967,     0.3945,    15h14m43s
[ 67200,  0.0001855]     0.9672,     0.9988,     0.3600,    15h12m42s
[ 67300,  0.0001851]     0.9617,     0.9980,     0.3836,    15h11m05s
[ 67400,  0.0001848]     0.9652,     0.9988,     0.3738,    15h09m49s
[ 67500,  0.0001844]     0.9689,     0.9984,     0.3799,    15h08m42s
[ 67600,  0.0001841]     0.9702,     0.9988,     0.3576,    15h06m39s
[ 67700,  0.0001837]     0.9712,     0.9991,     0.3570,    15h04m27s
[ 67800,  0.0001834]     0.9666,     0.9975,     0.3968,    15h03m58s
[ 67900,  0.0001830]     0.9673,     0.9989,     0.3553,    15h01m22s
[ 68000,  0.0001827]     0.9688,     0.9998,     0.3456,    14h59m39s
[ 68100,  0.0001823]     0.9686,     0.9980,     0.3641,    14h56m31s
[ 68200,  0.0001820]     0.9717,     0.9992,     0.3727,    14h55m13s
[ 68300,  0.0001816]     0.9716,     0.9994,     0.3499,    14h53m23s
[ 68400,  0.0001813]     0.9670,     0.9969,     0.3886,    14h53m36s
[ 68500,  0.0001809]     0.9647,     0.9977,     0.3829,    14h50m17s
[ 68600,  0.0001806]     0.9648,     0.9975,     0.3702,    14h47m53s
[ 68700,  0.0001802]     0.9708,     0.9997,     0.3511,    14h46m02s
[ 68800,  0.0001799]     0.9648,     0.9972,     0.3805,    14h45m11s
[ 68900,  0.0001795]     0.9689,     0.9978,     0.3885,    14h43m51s
[ 69000,  0.0001791]     0.9658,     0.9970,     0.4056,    14h42m35s
[ 69100,  0.0001788]     0.9703,     0.9989,     0.3705,    14h39m16s
[ 69200,  0.0001784]     0.9752,     0.9988,     0.3477,    14h37m08s
[ 69300,  0.0001781]     0.9656,     0.9955,     0.4486,    14h36m27s
[ 69400,  0.0001777]     0.9680,     0.9981,     0.3854,    14h33m56s
[ 69500,  0.0001774]     0.9695,     0.9975,     0.3789,    14h34m05s
[ 69600,  0.0001770]     0.9719,     0.9978,     0.3665,    14h30m11s
[ 69700,  0.0001767]     0.9688,     0.9983,     0.3831,    14h29m59s
[ 69800,  0.0001763]     0.9659,     0.9975,     0.3807,    14h27m33s
[ 69900,  0.0001760]     0.9697,     0.9972,     0.3851,    14h25m39s
[ 70000,  0.0001756]     0.9680,     0.9983,     0.3968,    14h24m21s
Validation MACE: 0.339672
[ 70100,  0.0001753]     0.9656,     0.9958,     0.4327,    14h42m19s
[ 70200,  0.0001749]     0.9722,     0.9992,     0.3484,    14h18m49s
[ 70300,  0.0001746]     0.9697,     0.9983,     0.3626,    14h19m18s
[ 70400,  0.0001742]     0.9719,     0.9983,     0.3766,    14h18m13s
[ 70500,  0.0001739]     0.9709,     0.9980,     0.3822,    14h17m10s
[ 70600,  0.0001735]     0.9739,     0.9991,     0.3440,    14h14m58s
[ 70700,  0.0001732]     0.9680,     0.9983,     0.3654,    14h11m43s
[ 70800,  0.0001728]     0.9716,     0.9992,     0.3453,    14h11m25s
[ 70900,  0.0001725]     0.9741,     0.9997,     0.3461,    14h08m08s
[ 71000,  0.0001721]     0.9686,     0.9986,     0.3676,    14h06m44s
[ 71100,  0.0001718]     0.9661,     0.9991,     0.3703,    14h04m32s
[ 71200,  0.0001714]     0.9659,     0.9967,     0.4019,    14h03m02s
[ 71300,  0.0001711]     0.9725,     0.9992,     0.3496,    14h01m25s
[ 71400,  0.0001707]     0.9747,     0.9991,     0.3391,    14h00m29s
[ 71500,  0.0001704]     0.9675,     0.9989,     0.3573,    13h58m31s
[ 71600,  0.0001700]     0.9684,     0.9988,     0.3649,    13h55m30s
[ 71700,  0.0001697]     0.9739,     0.9994,     0.3399,    13h55m20s
[ 71800,  0.0001693]     0.9725,     0.9975,     0.3850,    13h53m32s
[ 71900,  0.0001690]     0.9706,     0.9977,     0.3754,    13h50m57s
[ 72000,  0.0001686]     0.9689,     0.9983,     0.3524,    13h50m00s
[ 72100,  0.0001683]     0.9673,     0.9975,     0.4044,    13h48m10s
[ 72200,  0.0001679]     0.9664,     0.9981,     0.3606,    13h46m32s
[ 72300,  0.0001676]     0.9673,     0.9977,     0.3952,    13h43m00s
[ 72400,  0.0001672]     0.9686,     0.9969,     0.3786,    13h42m56s
[ 72500,  0.0001669]     0.9664,     0.9984,     0.3530,    13h42m01s
[ 72600,  0.0001665]     0.9698,     0.9991,     0.3565,    13h40m00s
[ 72700,  0.0001662]     0.9709,     0.9981,     0.3679,    13h37m57s
[ 72800,  0.0001658]     0.9702,     0.9988,     0.3498,    13h35m36s
[ 72900,  0.0001655]     0.9672,     0.9972,     0.3744,    13h34m40s
[ 73000,  0.0001651]     0.9659,     0.9964,     0.3940,    13h32m32s
[ 73100,  0.0001648]     0.9659,     0.9953,     0.4137,    13h28m54s
[ 73200,  0.0001644]     0.9672,     0.9984,     0.3721,    13h29m27s
[ 73300,  0.0001641]     0.9711,     0.9989,     0.3454,    13h27m33s
[ 73400,  0.0001637]     0.9692,     0.9989,     0.3459,    13h25m18s
[ 73500,  0.0001634]     0.9725,     0.9978,     0.3530,    13h24m38s
[ 73600,  0.0001630]     0.9681,     0.9984,     0.3609,    13h21m37s
[ 73700,  0.0001627]     0.9756,     0.9992,     0.3401,    13h21m30s
[ 73800,  0.0001623]     0.9731,     0.9997,     0.3359,    13h19m23s
[ 73900,  0.0001620]     0.9731,     0.9984,     0.3659,    13h17m16s
[ 74000,  0.0001616]     0.9733,     0.9973,     0.3831,    13h14m46s
[ 74100,  0.0001613]     0.9684,     0.9975,     0.3748,    13h16m23s
[ 74200,  0.0001609]     0.9694,     0.9988,     0.3551,    13h11m16s
[ 74300,  0.0001606]     0.9719,     0.9995,     0.3362,    13h10m16s
[ 74400,  0.0001602]     0.9731,     0.9994,     0.3434,    13h09m40s
[ 74500,  0.0001599]     0.9755,     0.9983,     0.3820,    13h07m12s
[ 74600,  0.0001595]     0.9688,     0.9980,     0.3865,    13h05m05s
[ 74700,  0.0001592]     0.9719,     0.9995,     0.3467,    13h02m02s
[ 74800,  0.0001588]     0.9703,     0.9961,     0.3985,    13h00m17s
[ 74900,  0.0001585]     0.9747,     0.9992,     0.3436,    12h59m38s
[ 75000,  0.0001581]     0.9719,     0.9981,     0.3592,    12h58m40s
[ 75100,  0.0001578]     0.9733,     0.9995,     0.3417,    12h56m23s
[ 75200,  0.0001574]     0.9702,     0.9981,     0.3585,    12h53m32s
[ 75300,  0.0001571]     0.9753,     0.9989,     0.3425,    12h53m02s
[ 75400,  0.0001567]     0.9725,     0.9997,     0.3500,    12h50m56s
[ 75500,  0.0001564]     0.9677,     0.9969,     0.3829,    12h49m19s
[ 75600,  0.0001560]     0.9725,     0.9992,     0.3503,    12h46m53s
[ 75700,  0.0001557]     0.9723,     0.9983,     0.3571,    12h44m59s
[ 75800,  0.0001553]     0.9644,     0.9973,     0.3896,    12h44m04s
[ 75900,  0.0001550]     0.9717,     0.9998,     0.3454,    12h42m36s
[ 76000,  0.0001546]     0.9723,     0.9991,     0.3528,    12h40m01s
[ 76100,  0.0001543]     0.9739,     0.9983,     0.3639,    12h37m56s
[ 76200,  0.0001539]     0.9702,     0.9980,     0.3632,    12h37m09s
[ 76300,  0.0001536]     0.9666,     0.9959,     0.4005,    12h34m49s
[ 76400,  0.0001532]     0.9736,     0.9983,     0.3509,    12h32m44s
[ 76500,  0.0001529]     0.9698,     0.9986,     0.3587,    12h32m51s
[ 76600,  0.0001525]     0.9708,     0.9986,     0.3548,    12h29m53s
[ 76700,  0.0001522]     0.9714,     0.9994,     0.3446,    12h27m22s
[ 76800,  0.0001518]     0.9742,     0.9989,     0.3425,    12h26m40s
[ 76900,  0.0001515]     0.9736,     0.9992,     0.3457,    12h25m14s
[ 77000,  0.0001511]     0.9686,     0.9972,     0.3723,    12h22m47s
[ 77100,  0.0001508]     0.9725,     0.9970,     0.3779,    12h20m54s
[ 77200,  0.0001504]     0.9691,     0.9983,     0.3644,    12h19m21s
[ 77300,  0.0001501]     0.9761,     0.9992,     0.3342,    12h16m54s
[ 77400,  0.0001497]     0.9695,     0.9988,     0.3442,    12h16m01s
[ 77500,  0.0001494]     0.9758,     0.9969,     0.3797,    12h14m13s
[ 77600,  0.0001490]     0.9761,     0.9991,     0.3421,    12h12m34s
[ 77700,  0.0001486]     0.9708,     0.9984,     0.3618,    12h11m23s
[ 77800,  0.0001483]     0.9730,     0.9978,     0.3640,    12h08m50s
[ 77900,  0.0001479]     0.9730,     0.9980,     0.3654,    12h07m03s
[ 78000,  0.0001476]     0.9744,     0.9966,     0.3953,    12h05m57s
[ 78100,  0.0001472]     0.9697,     0.9991,     0.3463,    12h04m15s
[ 78200,  0.0001469]     0.9750,     0.9978,     0.3522,    12h01m56s
[ 78300,  0.0001465]     0.9670,     0.9969,     0.3666,    12h00m06s
[ 78400,  0.0001462]     0.9719,     0.9975,     0.3892,    11h58m49s
[ 78500,  0.0001458]     0.9736,     0.9981,     0.3675,    11h57m13s
[ 78600,  0.0001455]     0.9728,     0.9997,     0.3380,    11h55m35s
[ 78700,  0.0001451]     0.9742,     0.9988,     0.3422,    11h53m39s
[ 78800,  0.0001448]     0.9705,     0.9975,     0.3782,    11h53m25s
[ 78900,  0.0001444]     0.9694,     0.9981,     0.3598,    11h51m55s
[ 79000,  0.0001441]     0.9761,     0.9998,     0.3310,    11h48m19s
[ 79100,  0.0001437]     0.9695,     0.9984,     0.3686,    11h45m49s
[ 79200,  0.0001434]     0.9755,     0.9991,     0.3648,    11h44m56s
[ 79300,  0.0001430]     0.9756,     0.9994,     0.3322,    11h43m03s
[ 79400,  0.0001427]     0.9753,     0.9989,     0.3513,    11h41m17s
[ 79500,  0.0001423]     0.9689,     0.9995,     0.3425,    11h40m06s
[ 79600,  0.0001420]     0.9694,     0.9980,     0.3654,    11h38m51s
[ 79700,  0.0001416]     0.9689,     0.9981,     0.3645,    11h35m38s
[ 79800,  0.0001413]     0.9750,     0.9997,     0.3357,    11h33m54s
[ 79900,  0.0001409]     0.9731,     0.9995,     0.3352,    11h31m48s
[ 80000,  0.0001406]     0.9731,     0.9975,     0.3897,    11h30m26s
Validation MACE: 0.313367
[ 80100,  0.0001402]     0.9709,     0.9975,     0.3837,    11h40m30s
[ 80200,  0.0001399]     0.9752,     0.9981,     0.3632,    11h29m33s
[ 80300,  0.0001395]     0.9748,     0.9991,     0.3422,    11h26m01s
[ 80400,  0.0001392]     0.9719,     0.9988,     0.3392,    11h24m21s
[ 80500,  0.0001388]     0.9684,     0.9973,     0.3828,    11h21m54s
[ 80600,  0.0001385]     0.9677,     0.9988,     0.3590,    11h19m40s
[ 80700,  0.0001381]     0.9700,     0.9964,     0.4157,    11h18m20s
[ 80800,  0.0001378]     0.9717,     0.9981,     0.3669,    11h16m37s
[ 80900,  0.0001374]     0.9734,     0.9986,     0.3559,    11h15m44s
[ 81000,  0.0001371]     0.9784,     0.9994,     0.3287,    11h13m28s
[ 81100,  0.0001367]     0.9747,     0.9994,     0.3425,    11h11m22s
[ 81200,  0.0001364]     0.9759,     0.9992,     0.3575,    11h09m58s
[ 81300,  0.0001360]     0.9745,     0.9994,     0.3367,    11h08m33s
[ 81400,  0.0001357]     0.9776,     0.9992,     0.3354,    11h11m18s
[ 81500,  0.0001353]     0.9752,     0.9981,     0.3555,    11h06m20s
[ 81600,  0.0001350]     0.9753,     0.9991,     0.3410,    11h03m43s
[ 81700,  0.0001346]     0.9753,     0.9978,     0.3620,    11h02m06s
[ 81800,  0.0001343]     0.9747,     0.9995,     0.3365,    10h59m12s
[ 81900,  0.0001339]     0.9722,     0.9988,     0.3438,    10h57m32s
[ 82000,  0.0001336]     0.9694,     0.9986,     0.3536,    10h57m12s
[ 82100,  0.0001332]     0.9730,     0.9983,     0.3641,    10h54m09s
[ 82200,  0.0001329]     0.9753,     0.9992,     0.3315,    10h53m11s
[ 82300,  0.0001325]     0.9744,     0.9984,     0.3567,    10h50m19s
[ 82400,  0.0001322]     0.9727,     0.9988,     0.3446,    10h49m57s
[ 82500,  0.0001318]     0.9728,     0.9992,     0.3488,    10h47m24s
[ 82600,  0.0001315]     0.9767,     0.9994,     0.3315,    10h46m47s
[ 82700,  0.0001311]     0.9731,     0.9983,     0.3670,    10h45m00s
[ 82800,  0.0001308]     0.9762,     0.9992,     0.3354,    10h42m56s
[ 82900,  0.0001304]     0.9755,     0.9992,     0.3327,    10h41m43s
[ 83000,  0.0001301]     0.9750,     0.9988,     0.3550,    10h39m17s
[ 83100,  0.0001297]     0.9697,     0.9964,     0.3867,    10h37m30s
[ 83200,  0.0001294]     0.9755,     0.9984,     0.3538,    10h35m51s
[ 83300,  0.0001290]     0.9758,     0.9988,     0.3514,    10h35m47s
[ 83400,  0.0001287]     0.9780,     0.9995,     0.3283,    10h32m35s
[ 83500,  0.0001283]     0.9775,     0.9986,     0.3356,    10h31m18s
[ 83600,  0.0001280]     0.9731,     0.9992,     0.3473,    10h28m46s
[ 83700,  0.0001276]     0.9745,     0.9978,     0.3588,    10h27m17s
[ 83800,  0.0001273]     0.9719,     0.9984,     0.3452,    10h25m42s
[ 83900,  0.0001269]     0.9712,     0.9997,     0.3379,    10h25m23s
[ 84000,  0.0001266]     0.9759,     0.9984,     0.3498,    10h21m38s
[ 84100,  0.0001262]     0.9775,     0.9997,     0.3272,    10h20m08s
[ 84200,  0.0001259]     0.9752,     0.9991,     0.3363,    10h18m44s
[ 84300,  0.0001255]     0.9767,     0.9991,     0.3404,    10h16m59s
[ 84400,  0.0001252]     0.9738,     0.9962,     0.3645,    10h15m10s
[ 84500,  0.0001248]     0.9794,     0.9992,     0.3350,    10h12m47s
[ 84600,  0.0001245]     0.9738,     0.9988,     0.3422,    10h12m10s
[ 84700,  0.0001241]     0.9755,     0.9981,     0.3469,    10h10m48s
[ 84800,  0.0001238]     0.9767,     1.0000,     0.3257,    10h08m45s
[ 84900,  0.0001234]     0.9744,     0.9989,     0.3544,    10h07m09s
[ 85000,  0.0001231]     0.9741,     0.9975,     0.3737,    10h04m27s
[ 85100,  0.0001227]     0.9766,     0.9984,     0.3711,    10h03m21s
[ 85200,  0.0001224]     0.9744,     0.9998,     0.3376,    10h01m36s
[ 85300,  0.0001220]     0.9769,     0.9988,     0.3394,    10h00m21s
[ 85400,  0.0001217]     0.9748,     1.0000,     0.3277,    09h58m35s
[ 85500,  0.0001213]     0.9720,     0.9980,     0.3472,    09h56m30s
[ 85600,  0.0001210]     0.9738,     0.9981,     0.3553,    09h55m04s
[ 85700,  0.0001206]     0.9752,     0.9991,     0.3328,    09h53m09s
[ 85800,  0.0001203]     0.9781,     0.9983,     0.3354,    09h51m29s
[ 85900,  0.0001199]     0.9761,     0.9986,     0.3673,    09h49m34s
[ 86000,  0.0001196]     0.9739,     0.9981,     0.3581,    09h46m24s
[ 86100,  0.0001192]     0.9730,     0.9978,     0.3797,    09h46m21s
[ 86200,  0.0001188]     0.9780,     0.9989,     0.3444,    09h44m22s
[ 86300,  0.0001185]     0.9733,     0.9998,     0.3314,    09h41m52s
[ 86400,  0.0001181]     0.9762,     0.9986,     0.3348,    09h41m24s
[ 86500,  0.0001178]     0.9777,     1.0000,     0.3283,    09h37m27s
[ 86600,  0.0001174]     0.9788,     0.9995,     0.3230,    09h37m59s
[ 86700,  0.0001171]     0.9764,     0.9984,     0.3510,    09h35m41s
[ 86800,  0.0001167]     0.9747,     0.9989,     0.3326,    09h35m07s
[ 86900,  0.0001164]     0.9745,     0.9984,     0.3458,    09h32m17s
[ 87000,  0.0001160]     0.9717,     0.9986,     0.3430,    09h30m28s
[ 87100,  0.0001157]     0.9777,     0.9984,     0.3444,    09h28m16s
[ 87200,  0.0001153]     0.9741,     0.9973,     0.3909,    09h26m44s
[ 87300,  0.0001150]     0.9769,     0.9988,     0.3362,    09h24m41s
[ 87400,  0.0001146]     0.9723,     0.9972,     0.3749,    09h22m47s
[ 87500,  0.0001143]     0.9712,     0.9981,     0.3874,    09h21m40s
[ 87600,  0.0001139]     0.9770,     0.9995,     0.3234,    09h20m40s
[ 87700,  0.0001136]     0.9758,     0.9994,     0.3324,    09h18m11s
[ 87800,  0.0001132]     0.9764,     0.9995,     0.3280,    09h16m29s
[ 87900,  0.0001129]     0.9730,     0.9975,     0.3497,    09h15m11s
[ 88000,  0.0001125]     0.9758,     0.9977,     0.3487,    09h12m10s
[ 88100,  0.0001122]     0.9738,     0.9994,     0.3380,    09h10m49s
[ 88200,  0.0001118]     0.9766,     0.9984,     0.3499,    09h10m20s
[ 88300,  0.0001115]     0.9716,     0.9973,     0.3707,    09h08m33s
[ 88400,  0.0001111]     0.9742,     0.9981,     0.3650,    09h05m55s
[ 88500,  0.0001108]     0.9752,     0.9991,     0.3527,    09h04m45s
[ 88600,  0.0001104]     0.9755,     0.9998,     0.3268,    09h02m05s
[ 88700,  0.0001101]     0.9741,     0.9983,     0.3403,    08h59m55s
[ 88800,  0.0001097]     0.9789,     0.9988,     0.3293,    09h00m13s
[ 88900,  0.0001094]     0.9722,     0.9977,     0.3596,    09h01m05s
[ 89000,  0.0001090]     0.9725,     0.9986,     0.3395,    08h55m40s
[ 89100,  0.0001087]     0.9723,     0.9984,     0.3495,    08h54m03s
[ 89200,  0.0001083]     0.9766,     0.9997,     0.3234,    08h52m16s
[ 89300,  0.0001080]     0.9702,     0.9988,     0.3377,    08h51m55s
[ 89400,  0.0001076]     0.9761,     0.9989,     0.3507,    08h47m29s
[ 89500,  0.0001073]     0.9708,     0.9991,     0.3437,    08h47m52s
[ 89600,  0.0001069]     0.9733,     0.9995,     0.3342,    08h45m03s
[ 89700,  0.0001066]     0.9803,     0.9988,     0.3340,    08h43m29s
[ 89800,  0.0001062]     0.9742,     0.9997,     0.3258,    08h42m02s
[ 89900,  0.0001059]     0.9789,     0.9997,     0.3298,    08h41m11s
[ 90000,  0.0001055]     0.9720,     0.9988,     0.3495,    08h39m30s
Validation MACE: 0.327200
[ 90100,  0.0001052]     0.9759,     0.9992,     0.3340,    08h45m38s
[ 90200,  0.0001048]     0.9731,     0.9972,     0.3488,    08h33m49s
[ 90300,  0.0001045]     0.9753,     0.9989,     0.3375,    08h33m48s
[ 90400,  0.0001041]     0.9733,     0.9998,     0.3276,    08h32m03s
[ 90500,  0.0001038]     0.9747,     0.9972,     0.3607,    08h29m32s
[ 90600,  0.0001034]     0.9792,     0.9992,     0.3243,    08h29m38s
[ 90700,  0.0001031]     0.9734,     0.9983,     0.3490,    08h26m35s
[ 90800,  0.0001027]     0.9778,     0.9992,     0.3335,    08h24m23s
[ 90900,  0.0001024]     0.9772,     0.9983,     0.3565,    08h22m16s
[ 91000,  0.0001020]     0.9761,     0.9983,     0.3385,    08h21m53s
[ 91100,  0.0001017]     0.9731,     0.9984,     0.3641,    08h19m51s
[ 91200,  0.0001013]     0.9745,     0.9992,     0.3328,    08h17m55s
[ 91300,  0.0001010]     0.9783,     1.0000,     0.3188,    08h17m11s
[ 91400,  0.0001006]     0.9780,     0.9981,     0.3605,    08h14m29s
[ 91500,  0.0001003]     0.9794,     0.9994,     0.3238,    08h13m10s
[ 91600,  0.0000999]     0.9769,     0.9995,     0.3272,    08h11m38s
[ 91700,  0.0000996]     0.9745,     0.9989,     0.3355,    08h09m38s
[ 91800,  0.0000992]     0.9769,     0.9994,     0.3407,    08h08m11s
[ 91900,  0.0000989]     0.9781,     0.9967,     0.3992,    08h06m41s
[ 92000,  0.0000985]     0.9758,     0.9991,     0.3437,    08h04m22s
[ 92100,  0.0000982]     0.9772,     0.9983,     0.3467,    08h01m48s
[ 92200,  0.0000978]     0.9773,     0.9994,     0.3279,    08h00m02s
[ 92300,  0.0000975]     0.9752,     0.9988,     0.3374,    07h58m24s
[ 92400,  0.0000971]     0.9770,     0.9995,     0.3181,    07h57m05s
[ 92500,  0.0000968]     0.9789,     0.9986,     0.3380,    07h56m01s
[ 92600,  0.0000964]     0.9761,     0.9998,     0.3255,    07h53m55s
[ 92700,  0.0000961]     0.9756,     0.9992,     0.3403,    07h51m43s
[ 92800,  0.0000957]     0.9773,     0.9984,     0.3254,    07h50m44s
[ 92900,  0.0000954]     0.9736,     0.9997,     0.3289,    07h48m17s
[ 93000,  0.0000950]     0.9731,     0.9992,     0.3499,    07h46m56s
[ 93100,  0.0000947]     0.9712,     0.9977,     0.3358,    07h45m21s
[ 93200,  0.0000943]     0.9833,     1.0000,     0.3122,    07h43m15s
[ 93300,  0.0000940]     0.9755,     0.9988,     0.3489,    07h40m38s
[ 93400,  0.0000936]     0.9806,     0.9997,     0.3194,    07h39m51s
[ 93500,  0.0000933]     0.9784,     0.9989,     0.3234,    07h38m11s
[ 93600,  0.0000929]     0.9817,     0.9998,     0.3145,    07h37m05s
[ 93700,  0.0000926]     0.9778,     0.9995,     0.3255,    07h34m33s
[ 93800,  0.0000922]     0.9761,     0.9991,     0.3464,    07h33m18s
[ 93900,  0.0000919]     0.9803,     0.9997,     0.3132,    07h31m03s
[ 94000,  0.0000915]     0.9755,     0.9989,     0.3352,    07h29m19s
[ 94100,  0.0000912]     0.9766,     0.9977,     0.3664,    07h28m44s
[ 94200,  0.0000908]     0.9755,     0.9991,     0.3290,    07h26m13s
[ 94300,  0.0000905]     0.9752,     0.9995,     0.3224,    07h24m37s
[ 94400,  0.0000901]     0.9777,     0.9972,     0.3415,    07h27m28s
[ 94500,  0.0000898]     0.9748,     0.9988,     0.3282,    07h23m54s
[ 94600,  0.0000894]     0.9791,     0.9995,     0.3123,    07h22m44s
[ 94700,  0.0000890]     0.9750,     0.9992,     0.3218,    07h18m22s
[ 94800,  0.0000887]     0.9798,     0.9986,     0.3269,    07h16m35s
[ 94900,  0.0000883]     0.9745,     0.9991,     0.3485,    07h14m49s
[ 95000,  0.0000880]     0.9772,     0.9988,     0.3190,    07h15m28s
[ 95100,  0.0000876]     0.9786,     0.9988,     0.3368,    07h14m27s
[ 95200,  0.0000873]     0.9778,     0.9989,     0.3338,    07h14m26s
[ 95300,  0.0000869]     0.9778,     0.9989,     0.3216,    07h10m58s
[ 95400,  0.0000866]     0.9769,     0.9981,     0.3360,    07h06m38s
[ 95500,  0.0000862]     0.9820,     0.9991,     0.3360,    07h04m59s
[ 95600,  0.0000859]     0.9781,     0.9980,     0.3334,    07h02m03s
[ 95700,  0.0000855]     0.9786,     0.9978,     0.3542,    07h00m50s
[ 95800,  0.0000852]     0.9758,     0.9988,     0.3412,    06h59m00s
[ 95900,  0.0000848]     0.9791,     0.9988,     0.3161,    06h57m28s
[ 96000,  0.0000845]     0.9780,     0.9986,     0.3399,    06h54m50s
[ 96100,  0.0000841]     0.9734,     0.9975,     0.3710,    06h52m22s
[ 96200,  0.0000838]     0.9780,     0.9989,     0.3306,    06h53m57s
[ 96300,  0.0000834]     0.9777,     1.0000,     0.3205,    06h54m10s
[ 96400,  0.0000831]     0.9758,     0.9986,     0.3394,    06h52m51s
[ 96500,  0.0000827]     0.9783,     0.9984,     0.3230,    06h50m01s
[ 96600,  0.0000824]     0.9777,     0.9991,     0.3431,    06h48m54s
[ 96700,  0.0000820]     0.9750,     0.9995,     0.3190,    06h44m32s
[ 96800,  0.0000817]     0.9775,     0.9998,     0.3174,    06h42m04s
[ 96900,  0.0000813]     0.9781,     0.9997,     0.3204,    06h40m49s
[ 97000,  0.0000810]     0.9772,     0.9989,     0.3388,    06h37m24s
[ 97100,  0.0000806]     0.9742,     0.9989,     0.3260,    06h36m24s
[ 97200,  0.0000803]     0.9831,     0.9994,     0.3098,    06h34m44s
[ 97300,  0.0000799]     0.9786,     0.9991,     0.3273,    06h32m43s
[ 97400,  0.0000796]     0.9783,     0.9994,     0.3232,    06h31m08s
[ 97500,  0.0000792]     0.9759,     0.9994,     0.3440,    06h29m48s
[ 97600,  0.0000789]     0.9764,     0.9969,     0.3646,    06h27m49s
[ 97700,  0.0000785]     0.9794,     0.9981,     0.3458,    06h25m37s
[ 97800,  0.0000782]     0.9750,     0.9984,     0.3624,    06h23m57s
[ 97900,  0.0000778]     0.9775,     0.9989,     0.3556,    06h22m47s
[ 98000,  0.0000775]     0.9769,     0.9986,     0.3296,    06h20m54s
[ 98100,  0.0000771]     0.9819,     0.9992,     0.3224,    06h18m31s
[ 98200,  0.0000768]     0.9792,     0.9991,     0.3229,    06h18m06s
[ 98300,  0.0000764]     0.9775,     0.9991,     0.3437,    06h15m57s
[ 98400,  0.0000761]     0.9769,     0.9994,     0.3255,    06h13m56s
[ 98500,  0.0000757]     0.9777,     0.9981,     0.3648,    06h12m25s
[ 98600,  0.0000754]     0.9781,     0.9998,     0.3128,    06h09m39s
[ 98700,  0.0000750]     0.9797,     0.9997,     0.3212,    06h09m04s
[ 98800,  0.0000747]     0.9767,     0.9989,     0.3384,    06h10m07s
[ 98900,  0.0000743]     0.9781,     0.9997,     0.3201,    06h05m16s
[ 99000,  0.0000740]     0.9792,     0.9994,     0.3123,    06h05m17s
[ 99100,  0.0000736]     0.9800,     0.9998,     0.3119,    06h01m45s
[ 99200,  0.0000733]     0.9838,     1.0000,     0.3109,    05h59m52s
[ 99300,  0.0000729]     0.9766,     0.9994,     0.3278,    05h57m17s
[ 99400,  0.0000726]     0.9800,     0.9995,     0.3137,    05h55m58s
[ 99500,  0.0000722]     0.9777,     0.9984,     0.3430,    05h54m23s
[ 99600,  0.0000719]     0.9764,     0.9991,     0.3214,    05h53m11s
[ 99700,  0.0000715]     0.9820,     0.9989,     0.3109,    05h51m53s
[ 99800,  0.0000712]     0.9772,     0.9986,     0.3362,    05h49m53s
[ 99900,  0.0000708]     0.9772,     0.9994,     0.3154,    05h47m59s
[100000,  0.0000705]     0.9770,     0.9977,     0.3731,    05h46m48s
Validation MACE: 0.336163
[100100,  0.0000701]     0.9805,     0.9998,     0.3074,    05h47m15s
[100200,  0.0000698]     0.9803,     0.9998,     0.3119,    05h41m28s
[100300,  0.0000694]     0.9827,     0.9998,     0.3110,    05h41m31s
[100400,  0.0000691]     0.9791,     0.9983,     0.3342,    05h39m12s
[100500,  0.0000687]     0.9781,     0.9991,     0.3177,    05h37m29s
[100600,  0.0000684]     0.9812,     0.9998,     0.3157,    05h35m55s
[100700,  0.0000680]     0.9764,     0.9991,     0.3225,    05h34m42s
[100800,  0.0000677]     0.9802,     0.9984,     0.3255,    05h32m22s
[100900,  0.0000673]     0.9784,     0.9998,     0.3170,    05h31m00s
[101000,  0.0000670]     0.9758,     0.9975,     0.3450,    05h28m56s
[101100,  0.0000666]     0.9755,     0.9989,     0.3254,    05h27m18s
[101200,  0.0000663]     0.9831,     0.9998,     0.3084,    05h24m57s
[101300,  0.0000659]     0.9797,     0.9991,     0.3233,    05h23m30s
[101400,  0.0000656]     0.9786,     0.9994,     0.3184,    05h21m51s
[101500,  0.0000652]     0.9778,     0.9981,     0.3605,    05h19m58s
[101600,  0.0000649]     0.9788,     0.9991,     0.3301,    05h18m51s
[101700,  0.0000645]     0.9788,     0.9992,     0.3402,    05h16m59s
[101800,  0.0000642]     0.9820,     0.9984,     0.3355,    05h14m34s
[101900,  0.0000638]     0.9784,     0.9989,     0.3417,    05h12m48s
[102000,  0.0000635]     0.9806,     0.9983,     0.3311,    05h11m40s
[102100,  0.0000631]     0.9817,     0.9998,     0.3130,    05h10m00s
[102200,  0.0000628]     0.9803,     0.9994,     0.3152,    05h08m17s
[102300,  0.0000624]     0.9786,     0.9986,     0.3315,    05h06m24s
[102400,  0.0000621]     0.9812,     0.9994,     0.3204,    05h04m25s
[102500,  0.0000617]     0.9784,     1.0000,     0.3118,    05h03m49s
[102600,  0.0000614]     0.9809,     0.9998,     0.3090,    05h01m04s
[102700,  0.0000610]     0.9797,     0.9994,     0.3133,    05h00m26s
[102800,  0.0000607]     0.9800,     0.9998,     0.3073,    04h59m34s
[102900,  0.0000603]     0.9775,     0.9997,     0.3117,    04h57m52s
[103000,  0.0000600]     0.9806,     0.9997,     0.3099,    04h55m49s
[103100,  0.0000596]     0.9808,     1.0000,     0.3112,    04h53m57s
[103200,  0.0000593]     0.9827,     0.9997,     0.3127,    04h52m30s
[103300,  0.0000589]     0.9778,     0.9998,     0.3116,    05h08m52s
[103400,  0.0000585]     0.9802,     0.9991,     0.3169,    04h51m53s
[103500,  0.0000582]     0.9803,     0.9991,     0.3355,    04h49m08s
[103600,  0.0000578]     0.9861,     0.9997,     0.3060,    04h45m47s
[103700,  0.0000575]     0.9770,     0.9986,     0.3213,    04h42m07s
[103800,  0.0000571]     0.9789,     0.9984,     0.3302,    04h40m20s
[103900,  0.0000568]     0.9814,     0.9998,     0.3049,    04h38m56s
[104000,  0.0000564]     0.9788,     0.9981,     0.3360,    04h37m53s
[104100,  0.0000561]     0.9814,     0.9994,     0.3148,    04h35m12s
[104200,  0.0000557]     0.9806,     0.9978,     0.3171,    04h33m25s
[104300,  0.0000554]     0.9775,     0.9980,     0.3464,    04h31m31s
[104400,  0.0000550]     0.9802,     0.9980,     0.3699,    04h30m05s
[104500,  0.0000547]     0.9816,     0.9998,     0.3073,    04h27m46s
[104600,  0.0000543]     0.9811,     0.9994,     0.3129,    04h26m08s
[104700,  0.0000540]     0.9825,     0.9998,     0.3038,    04h24m33s
[104800,  0.0000536]     0.9820,     0.9995,     0.3106,    04h22m51s
[104900,  0.0000533]     0.9820,     0.9995,     0.3086,    04h20m56s
[105000,  0.0000529]     0.9777,     0.9994,     0.3207,    04h19m19s
[105100,  0.0000526]     0.9767,     0.9991,     0.3208,    04h17m58s
[105200,  0.0000522]     0.9833,     0.9984,     0.3307,    04h16m12s
[105300,  0.0000519]     0.9806,     0.9992,     0.3284,    04h14m22s
[105400,  0.0000515]     0.9812,     0.9998,     0.3078,    04h12m25s
[105500,  0.0000512]     0.9811,     0.9998,     0.3092,    04h11m03s
[105600,  0.0000508]     0.9814,     0.9994,     0.3139,    04h09m10s
[105700,  0.0000505]     0.9830,     0.9994,     0.3082,    04h08m07s
[105800,  0.0000501]     0.9834,     1.0000,     0.3095,    04h06m03s
[105900,  0.0000498]     0.9800,     0.9991,     0.3262,    04h03m59s
[106000,  0.0000494]     0.9806,     0.9997,     0.3122,    04h02m16s
[106100,  0.0000491]     0.9788,     0.9997,     0.3146,    04h00m45s
[106200,  0.0000487]     0.9820,     0.9998,     0.3075,    03h58m47s
[106300,  0.0000484]     0.9831,     1.0000,     0.3063,    03h57m18s
[106400,  0.0000480]     0.9812,     0.9997,     0.3044,    03h55m56s
[106500,  0.0000477]     0.9791,     0.9984,     0.3226,    03h54m58s
[106600,  0.0000473]     0.9831,     0.9991,     0.3270,    03h52m42s
[106700,  0.0000470]     0.9781,     0.9975,     0.3508,    03h50m20s
[106800,  0.0000466]     0.9820,     0.9998,     0.3079,    03h49m00s
[106900,  0.0000463]     0.9773,     0.9989,     0.3268,    03h48m21s
[107000,  0.0000459]     0.9809,     0.9992,     0.3103,    03h46m09s
[107100,  0.0000456]     0.9802,     0.9994,     0.3204,    03h44m22s
[107200,  0.0000452]     0.9822,     0.9997,     0.3066,    03h43m52s
[107300,  0.0000449]     0.9816,     0.9978,     0.3557,    03h41m13s
[107400,  0.0000445]     0.9798,     0.9995,     0.3137,    03h39m54s
[107500,  0.0000442]     0.9806,     0.9983,     0.3615,    03h37m15s
[107600,  0.0000438]     0.9814,     0.9992,     0.3167,    03h34m25s
[107700,  0.0000435]     0.9772,     0.9998,     0.3185,    03h32m49s
[107800,  0.0000431]     0.9784,     0.9998,     0.3073,    03h31m10s
[107900,  0.0000428]     0.9817,     0.9992,     0.3163,    03h29m18s
[108000,  0.0000424]     0.9797,     0.9994,     0.3195,    03h27m35s
[108100,  0.0000421]     0.9814,     0.9995,     0.3086,    03h27m59s
[108200,  0.0000417]     0.9831,     1.0000,     0.3041,    03h25m22s
[108300,  0.0000414]     0.9769,     0.9970,     0.3479,    03h24m06s
[108400,  0.0000410]     0.9808,     0.9998,     0.3077,    03h22m34s
[108500,  0.0000407]     0.9816,     0.9994,     0.3119,    03h20m18s
[108600,  0.0000403]     0.9812,     0.9994,     0.3117,    03h19m06s
[108700,  0.0000400]     0.9827,     0.9988,     0.3176,    03h16m56s
[108800,  0.0000396]     0.9805,     0.9995,     0.3065,    03h14m04s
[108900,  0.0000393]     0.9844,     0.9997,     0.3027,    03h11m59s
[109000,  0.0000389]     0.9831,     0.9994,     0.3109,    03h10m59s
[109100,  0.0000386]     0.9802,     0.9997,     0.3105,    03h09m52s
[109200,  0.0000382]     0.9805,     0.9995,     0.3102,    03h06m46s
[109300,  0.0000379]     0.9823,     0.9995,     0.3076,    03h05m09s
[109400,  0.0000375]     0.9792,     0.9989,     0.3153,    03h03m30s
[109500,  0.0000372]     0.9769,     0.9997,     0.3124,    03h01m25s
[109600,  0.0000368]     0.9802,     0.9998,     0.3062,    02h59m47s
[109700,  0.0000365]     0.9845,     0.9995,     0.3001,    02h58m18s
[109800,  0.0000361]     0.9836,     0.9984,     0.3294,    02h57m21s
[109900,  0.0000358]     0.9822,     0.9989,     0.3279,    02h56m04s
[110000,  0.0000354]     0.9809,     1.0000,     0.3044,    02h54m43s
Validation MACE: 0.307354
[110100,  0.0000351]     0.9828,     1.0000,     0.3022,    02h55m50s
[110200,  0.0000347]     0.9788,     0.9984,     0.3372,    02h55m46s
[110300,  0.0000344]     0.9847,     0.9998,     0.3013,    02h48m29s
[110400,  0.0000340]     0.9795,     0.9977,     0.3333,    02h47m46s
[110500,  0.0000337]     0.9798,     0.9992,     0.3251,    02h46m09s
[110600,  0.0000333]     0.9767,     0.9991,     0.3318,    02h49m51s
[110700,  0.0000330]     0.9812,     0.9991,     0.3072,    02h41m11s
[110800,  0.0000326]     0.9809,     1.0000,     0.3047,    02h40m06s
[110900,  0.0000323]     0.9798,     0.9984,     0.3119,    02h38m23s
[111000,  0.0000319]     0.9830,     0.9994,     0.3071,    02h37m00s
[111100,  0.0000316]     0.9805,     0.9997,     0.3126,    02h36m46s
[111200,  0.0000312]     0.9811,     0.9991,     0.3079,    02h33m58s
[111300,  0.0000309]     0.9853,     0.9989,     0.3124,    02h31m32s
[111400,  0.0000305]     0.9797,     0.9992,     0.3131,    02h39m07s
[111500,  0.0000302]     0.9805,     1.0000,     0.3130,    02h27m58s
[111600,  0.0000298]     0.9792,     0.9978,     0.3482,    02h25m41s
[111700,  0.0000295]     0.9803,     0.9992,     0.3194,    02h24m02s
[111800,  0.0000291]     0.9841,     1.0000,     0.2970,    02h22m08s
[111900,  0.0000287]     0.9830,     0.9998,     0.3022,    02h20m24s
[112000,  0.0000284]     0.9823,     0.9988,     0.3080,    02h18m37s
[112100,  0.0000280]     0.9794,     0.9988,     0.3177,    02h16m53s
[112200,  0.0000277]     0.9816,     0.9994,     0.3113,    02h14m53s
[112300,  0.0000273]     0.9792,     0.9992,     0.3192,    02h13m20s
[112400,  0.0000270]     0.9800,     0.9991,     0.3341,    02h11m29s
[112500,  0.0000266]     0.9808,     0.9991,     0.3099,    02h09m47s
[112600,  0.0000263]     0.9817,     0.9995,     0.3098,    02h08m17s
[112700,  0.0000259]     0.9803,     0.9983,     0.3187,    02h06m12s
[112800,  0.0000256]     0.9830,     0.9995,     0.3049,    02h05m06s
[112900,  0.0000252]     0.9797,     0.9995,     0.3108,    02h02m51s
[113000,  0.0000249]     0.9797,     0.9991,     0.3080,    02h01m03s
[113100,  0.0000245]     0.9823,     0.9984,     0.3295,    01h59m16s
[113200,  0.0000242]     0.9838,     1.0000,     0.2969,    01h57m43s
[113300,  0.0000238]     0.9812,     0.9994,     0.3055,    01h56m19s
[113400,  0.0000235]     0.9833,     0.9998,     0.2981,    01h54m15s
[113500,  0.0000231]     0.9817,     0.9997,     0.3052,    01h52m39s
[113600,  0.0000228]     0.9819,     0.9991,     0.3172,    01h51m25s
[113700,  0.0000224]     0.9812,     0.9981,     0.3211,    01h49m58s
[113800,  0.0000221]     0.9820,     0.9989,     0.3251,    01h48m27s
[113900,  0.0000217]     0.9817,     0.9994,     0.3123,    01h46m28s
[114000,  0.0000214]     0.9819,     0.9998,     0.3041,    01h44m54s
[114100,  0.0000210]     0.9834,     0.9995,     0.3103,    01h43m14s
[114200,  0.0000207]     0.9803,     0.9994,     0.3091,    01h41m30s
[114300,  0.0000203]     0.9798,     0.9994,     0.3216,    01h42m38s
[114400,  0.0000200]     0.9819,     0.9986,     0.3235,    01h37m54s
[114500,  0.0000196]     0.9819,     0.9998,     0.2998,    01h35m42s
[114600,  0.0000193]     0.9867,     0.9994,     0.3114,    01h37m34s
[114700,  0.0000189]     0.9788,     0.9989,     0.3174,    01h32m16s
[114800,  0.0000186]     0.9783,     0.9988,     0.3138,    01h30m12s
[114900,  0.0000182]     0.9848,     0.9994,     0.2979,    01h28m33s
[115000,  0.0000179]     0.9816,     0.9992,     0.3114,    01h27m08s
[115100,  0.0000175]     0.9822,     0.9984,     0.3186,    01h24m59s
[115200,  0.0000172]     0.9800,     0.9989,     0.3221,    01h23m29s
[115300,  0.0000168]     0.9830,     0.9997,     0.2976,    01h22m15s
[115400,  0.0000165]     0.9798,     0.9991,     0.3146,    01h20m26s
[115500,  0.0000161]     0.9803,     0.9994,     0.3155,    01h18m30s
[115600,  0.0000158]     0.9830,     0.9986,     0.3155,    01h16m51s
[115700,  0.0000154]     0.9830,     1.0000,     0.3010,    01h15m01s
[115800,  0.0000151]     0.9812,     0.9995,     0.3079,    01h13m28s
[115900,  0.0000147]     0.9814,     0.9994,     0.3019,    01h14m22s
[116000,  0.0000144]     0.9842,     1.0000,     0.2962,    01h09m38s
[116100,  0.0000140]     0.9839,     1.0000,     0.2994,    01h07m57s
[116200,  0.0000137]     0.9805,     0.9984,     0.3398,    01h06m12s
[116300,  0.0000133]     0.9833,     0.9992,     0.3137,    01h04m36s
[116400,  0.0000130]     0.9812,     0.9989,     0.3156,    01h05m19s
[116500,  0.0000126]     0.9841,     0.9991,     0.3096,    01h01m03s
[116600,  0.0000123]     0.9792,     0.9988,     0.3277,    00h58m53s
[116700,  0.0000119]     0.9833,     0.9994,     0.3052,    00h57m05s
[116800,  0.0000116]     0.9817,     0.9991,     0.3092,    00h55m28s
[116900,  0.0000112]     0.9819,     0.9997,     0.2999,    00h53m41s
[117000,  0.0000109]     0.9834,     1.0000,     0.2986,    00h51m54s
[117100,  0.0000105]     0.9795,     0.9973,     0.3462,    00h50m12s
[117200,  0.0000102]     0.9822,     0.9988,     0.3089,    00h48m26s
[117300,  0.0000098]     0.9798,     0.9988,     0.3178,    00h46m44s
[117400,  0.0000095]     0.9852,     0.9989,     0.3085,    00h44m58s
[117500,  0.0000091]     0.9834,     1.0000,     0.2980,    00h43m15s
[117600,  0.0000088]     0.9809,     0.9988,     0.3203,    00h41m32s
[117700,  0.0000084]     0.9820,     1.0000,     0.3027,    00h39m47s
[117800,  0.0000081]     0.9775,     0.9986,     0.3305,    00h38m05s
[117900,  0.0000077]     0.9866,     0.9997,     0.2965,    00h36m19s
[118000,  0.0000074]     0.9828,     1.0000,     0.2951,    00h34m35s
[118100,  0.0000070]     0.9778,     0.9989,     0.3191,    00h32m53s
[118200,  0.0000067]     0.9836,     0.9995,     0.3019,    00h31m09s
[118300,  0.0000063]     0.9847,     0.9992,     0.3129,    00h29m26s
[118400,  0.0000060]     0.9825,     1.0000,     0.3016,    00h27m56s
[118500,  0.0000056]     0.9828,     0.9983,     0.3129,    00h25m55s
[118600,  0.0000053]     0.9822,     0.9995,     0.3020,    00h24m13s
[118700,  0.0000049]     0.9830,     0.9984,     0.3287,    00h22m31s
[118800,  0.0000046]     0.9847,     0.9994,     0.3012,    00h20m44s
[118900,  0.0000042]     0.9827,     1.0000,     0.2979,    00h19m02s
[119000,  0.0000039]     0.9838,     0.9995,     0.3124,    00h17m19s
[119100,  0.0000035]     0.9836,     0.9992,     0.3112,    00h15m35s
[119200,  0.0000032]     0.9816,     0.9994,     0.3259,    00h13m50s
[119300,  0.0000028]     0.9833,     0.9994,     0.3096,    00h12m05s
[119400,  0.0000025]     0.9825,     0.9992,     0.3031,    00h10m26s
[119500,  0.0000021]     0.9794,     0.9986,     0.3133,    00h08m43s
[119600,  0.0000018]     0.9822,     0.9997,     0.2989,    00h06m59s
[119700,  0.0000014]     0.9808,     0.9998,     0.3015,    00h05m13s
[119800,  0.0000011]     0.9830,     1.0000,     0.3011,    00h03m34s
[119900,  0.0000007]     0.9820,     0.9997,     0.3000,    00h01m44s
[120000,  0.0000004]     0.9845,     0.9988,     0.3169,    00h00m00s
Validation MACE: 0.306651
